2022-11-23 11:22:44,112 INFO [Thread-37] org.springframework.orm.jpa.LocalContainerEntityManagerFactoryBean: Closing JPA EntityManagerFactory for persistence unit 'default'
2022-11-23 11:22:44,117 INFO [Thread-37] com.zaxxer.hikari.HikariDataSource: HikariPool-11 - Shutdown initiated...
2022-11-23 11:22:44,141 INFO [Thread-37] com.zaxxer.hikari.HikariDataSource: HikariPool-11 - Shutdown completed.
2022-11-23 11:22:44,310 INFO [restartedMain] com.exampleMainService.MainServiceApplication: Starting MainServiceApplication using Java 11.0.16 on Desktop-CDN-T480 with PID 1584 (D:\Tasks\MainService\target\classes started by T480 in D:\Tasks\MainService)
2022-11-23 11:22:44,310 INFO [restartedMain] com.exampleMainService.MainServiceApplication: No active profile set, falling back to 1 default profile: "default"
2022-11-23 11:22:44,786 INFO [restartedMain] org.springframework.data.repository.config.RepositoryConfigurationDelegate: Bootstrapping Spring Data JPA repositories in DEFAULT mode.
2022-11-23 11:22:44,827 INFO [restartedMain] org.springframework.data.repository.config.RepositoryConfigurationDelegate: Finished Spring Data repository scanning in 40 ms. Found 4 JPA repository interfaces.
2022-11-23 11:22:45,057 INFO [restartedMain] org.springframework.boot.web.embedded.tomcat.TomcatWebServer: Tomcat initialized with port(s): 8080 (http)
2022-11-23 11:22:45,057 INFO [restartedMain] org.apache.coyote.http11.Http11NioProtocol: Initializing ProtocolHandler ["http-nio-8080"]
2022-11-23 11:22:45,058 INFO [restartedMain] org.apache.catalina.core.StandardService: Starting service [Tomcat]
2022-11-23 11:22:45,058 INFO [restartedMain] org.apache.catalina.core.StandardEngine: Starting Servlet engine: [Apache Tomcat/9.0.65]
2022-11-23 11:22:45,118 INFO [restartedMain] org.apache.catalina.core.ContainerBase.[Tomcat-3].[localhost].[/]: Initializing Spring embedded WebApplicationContext
2022-11-23 11:22:45,118 INFO [restartedMain] org.springframework.boot.web.servlet.context.ServletWebServerApplicationContext: Root WebApplicationContext: initialization completed in 803 ms
2022-11-23 11:22:45,206 INFO [restartedMain] org.hibernate.jpa.internal.util.LogHelper: HHH000204: Processing PersistenceUnitInfo [name: default]
2022-11-23 11:22:45,216 INFO [restartedMain] com.zaxxer.hikari.HikariDataSource: HikariPool-12 - Starting...
2022-11-23 11:22:45,240 INFO [restartedMain] com.zaxxer.hikari.HikariDataSource: HikariPool-12 - Start completed.
2022-11-23 11:22:45,240 INFO [restartedMain] org.hibernate.dialect.Dialect: HHH000400: Using dialect: org.hibernate.dialect.MySQL8Dialect
2022-11-23 11:22:45,365 INFO [restartedMain] org.hibernate.engine.transaction.jta.platform.internal.JtaPlatformInitiator: HHH000490: Using JtaPlatform implementation: [org.hibernate.engine.transaction.jta.platform.internal.NoJtaPlatform]
2022-11-23 11:22:45,366 INFO [restartedMain] org.springframework.orm.jpa.LocalContainerEntityManagerFactoryBean: Initialized JPA EntityManagerFactory for persistence unit 'default'
2022-11-23 11:22:45,552 WARN [restartedMain] org.springframework.boot.autoconfigure.orm.jpa.JpaBaseConfiguration$JpaWebConfiguration: spring.jpa.open-in-view is enabled by default. Therefore, database queries may be performed during view rendering. Explicitly configure spring.jpa.open-in-view to disable this warning
2022-11-23 11:22:45,732 INFO [restartedMain] com.exampleMainService.configurations.SecurityConfiguration: Allowed Roles: ADMIN,USER,MANAGER,SALEPERSON,II,newrole,newrole,newrole
2022-11-23 11:22:45,894 INFO [restartedMain] org.springframework.security.web.DefaultSecurityFilterChain: Will secure any request with [org.springframework.security.web.session.DisableEncodeUrlFilter@22358c9f, org.springframework.security.web.context.request.async.WebAsyncManagerIntegrationFilter@53b8bfd, org.springframework.security.web.context.SecurityContextPersistenceFilter@4380ea82, org.springframework.security.web.header.HeaderWriterFilter@484c4514, org.springframework.web.filter.CorsFilter@5250fcb2, org.springframework.security.web.authentication.logout.LogoutFilter@6e4937f6, org.springframework.security.oauth2.client.web.OAuth2AuthorizationRequestRedirectFilter@5da153a3, org.springframework.security.oauth2.client.web.OAuth2LoginAuthenticationFilter@1ebce736, org.springframework.security.web.authentication.ui.DefaultLoginPageGeneratingFilter@67f92cb2, org.springframework.security.web.authentication.ui.DefaultLogoutPageGeneratingFilter@2bac2499, org.springframework.security.web.authentication.www.BasicAuthenticationFilter@4dfd4a9e, org.springframework.security.web.savedrequest.RequestCacheAwareFilter@18eab0fe, org.springframework.security.web.servletapi.SecurityContextHolderAwareRequestFilter@32242212, org.springframework.security.web.authentication.AnonymousAuthenticationFilter@25f30407, org.springframework.security.web.session.SessionManagementFilter@2c0f20e4, org.springframework.security.web.access.ExceptionTranslationFilter@f6a8b7f, org.springframework.security.web.access.intercept.FilterSecurityInterceptor@2ab17945]
2022-11-23 11:22:45,973 WARN [restartedMain] org.springframework.boot.autoconfigure.thymeleaf.ThymeleafAutoConfiguration$DefaultTemplateResolverConfiguration: Cannot find template location: classpath:/templates/ (please add some templates or check your Thymeleaf configuration)
2022-11-23 11:22:46,065 WARN [restartedMain] org.springframework.boot.devtools.autoconfigure.OptionalLiveReloadServer: Unable to start LiveReload server
2022-11-23 11:22:46,102 INFO [restartedMain] org.apache.coyote.http11.Http11NioProtocol: Starting ProtocolHandler ["http-nio-8080"]
2022-11-23 11:22:46,108 INFO [restartedMain] org.springframework.boot.web.embedded.tomcat.TomcatWebServer: Tomcat started on port(s): 8080 (http) with context path ''
2022-11-23 11:22:46,122 INFO [restartedMain] com.exampleMainService.MainServiceApplication: Started MainServiceApplication in 1.877 seconds (JVM running for 4287.907)
2022-11-23 11:22:46,126 INFO [restartedMain] org.springframework.boot.devtools.autoconfigure.ConditionEvaluationDeltaLoggingListener: Condition evaluation unchanged
2022-11-23 11:22:48,896 INFO [main] org.springframework.boot.test.context.SpringBootTestContextBootstrapper: Neither @ContextConfiguration nor @ContextHierarchy found for test class [DepartmentClientTest], using SpringBootContextLoader
2022-11-23 11:22:48,910 INFO [main] org.springframework.test.context.support.AbstractContextLoader: Could not detect default resource locations for test class [DepartmentClientTest]: no resource found for suffixes {-context.xml, Context.groovy}.
2022-11-23 11:22:49,289 INFO [main] org.springframework.boot.test.context.SpringBootTestContextBootstrapper: Loaded default TestExecutionListener class names from location [META-INF/spring.factories]: [org.springframework.boot.test.mock.mockito.MockitoTestExecutionListener, org.springframework.boot.test.mock.mockito.ResetMocksTestExecutionListener, org.springframework.boot.test.autoconfigure.restdocs.RestDocsTestExecutionListener, org.springframework.boot.test.autoconfigure.web.client.MockRestServiceServerResetTestExecutionListener, org.springframework.boot.test.autoconfigure.web.servlet.MockMvcPrintOnlyOnFailureTestExecutionListener, org.springframework.boot.test.autoconfigure.web.servlet.WebDriverTestExecutionListener, org.springframework.boot.test.autoconfigure.webservices.client.MockWebServiceServerTestExecutionListener, org.springframework.test.context.web.ServletTestExecutionListener, org.springframework.test.context.support.DirtiesContextBeforeModesTestExecutionListener, org.springframework.test.context.event.ApplicationEventsTestExecutionListener, org.springframework.test.context.support.DependencyInjectionTestExecutionListener, org.springframework.test.context.support.DirtiesContextTestExecutionListener, org.springframework.test.context.transaction.TransactionalTestExecutionListener, org.springframework.test.context.jdbc.SqlScriptsTestExecutionListener, org.springframework.test.context.event.EventPublishingTestExecutionListener, org.springframework.security.test.context.support.WithSecurityContextTestExecutionListener, org.springframework.security.test.context.support.ReactorContextTestExecutionListener]
2022-11-23 11:22:49,329 INFO [main] org.springframework.boot.test.context.SpringBootTestContextBootstrapper: Using TestExecutionListeners: [org.springframework.test.context.web.ServletTestExecutionListener@5b6813df, org.springframework.test.context.support.DirtiesContextBeforeModesTestExecutionListener@5f2606b, org.springframework.test.context.event.ApplicationEventsTestExecutionListener@2b58f754, org.springframework.boot.test.mock.mockito.MockitoTestExecutionListener@3ebff828, org.springframework.boot.test.autoconfigure.SpringBootDependencyInjectionTestExecutionListener@2552f2cb, org.springframework.test.context.support.DirtiesContextTestExecutionListener@33352f32, org.springframework.test.context.transaction.TransactionalTestExecutionListener@5f3b9c57, org.springframework.test.context.jdbc.SqlScriptsTestExecutionListener@1e044120, org.springframework.test.context.event.EventPublishingTestExecutionListener@2cf23c81, org.springframework.security.test.context.support.WithSecurityContextTestExecutionListener@3624da92, org.springframework.security.test.context.support.ReactorContextTestExecutionListener@35fe2125, org.springframework.boot.test.mock.mockito.ResetMocksTestExecutionListener@94f6bfb, org.springframework.boot.test.autoconfigure.restdocs.RestDocsTestExecutionListener@34645867, org.springframework.boot.test.autoconfigure.web.client.MockRestServiceServerResetTestExecutionListener@2484f433, org.springframework.boot.test.autoconfigure.web.servlet.MockMvcPrintOnlyOnFailureTestExecutionListener@60b71e8f, org.springframework.boot.test.autoconfigure.web.servlet.WebDriverTestExecutionListener@1255b1d1, org.springframework.boot.test.autoconfigure.webservices.client.MockWebServiceServerTestExecutionListener@464649c]
2022-11-23 11:22:50,385 INFO [main] DepartmentClientTest: Starting DepartmentClientTest using Java 11.0.16 on Desktop-CDN-T480 with PID 20272 (started by T480 in D:\Tasks\MainService)
2022-11-23 11:22:50,387 INFO [main] DepartmentClientTest: No active profile set, falling back to 1 default profile: "default"
2022-11-23 11:22:50,488 INFO [background-preinit] org.hibernate.validator.internal.util.Version: HV000001: Hibernate Validator 6.2.3.Final
2022-11-23 11:22:52,155 INFO [main] org.springframework.data.repository.config.RepositoryConfigurationDelegate: Bootstrapping Spring Data JPA repositories in DEFAULT mode.
2022-11-23 11:22:52,291 INFO [main] org.springframework.data.repository.config.RepositoryConfigurationDelegate: Finished Spring Data repository scanning in 119 ms. Found 4 JPA repository interfaces.
2022-11-23 11:22:53,754 INFO [main] org.hibernate.jpa.internal.util.LogHelper: HHH000204: Processing PersistenceUnitInfo [name: default]
2022-11-23 11:22:53,857 INFO [main] org.hibernate.Version: HHH000412: Hibernate ORM core version 5.6.10.Final
2022-11-23 11:22:54,351 INFO [main] org.hibernate.annotations.common.Version: HCANN000001: Hibernate Commons Annotations {5.1.2.Final}
2022-11-23 11:22:55,359 INFO [main] com.zaxxer.hikari.HikariDataSource: HikariPool-1 - Starting...
2022-11-23 11:22:56,303 INFO [main] com.zaxxer.hikari.HikariDataSource: HikariPool-1 - Start completed.
2022-11-23 11:22:56,388 INFO [main] org.hibernate.dialect.Dialect: HHH000400: Using dialect: org.hibernate.dialect.MySQL8Dialect
2022-11-23 11:22:58,256 INFO [main] org.hibernate.engine.transaction.jta.platform.internal.JtaPlatformInitiator: HHH000490: Using JtaPlatform implementation: [org.hibernate.engine.transaction.jta.platform.internal.NoJtaPlatform]
2022-11-23 11:22:58,274 INFO [main] org.springframework.orm.jpa.LocalContainerEntityManagerFactoryBean: Initialized JPA EntityManagerFactory for persistence unit 'default'
2022-11-23 11:22:59,331 WARN [main] org.springframework.boot.autoconfigure.orm.jpa.JpaBaseConfiguration$JpaWebConfiguration: spring.jpa.open-in-view is enabled by default. Therefore, database queries may be performed during view rendering. Explicitly configure spring.jpa.open-in-view to disable this warning
2022-11-23 11:23:00,248 INFO [main] com.exampleMainService.configurations.SecurityConfiguration: Allowed Roles: ADMIN,USER,MANAGER,SALEPERSON,II,newrole,newrole,newrole
2022-11-23 11:23:01,629 INFO [main] org.springframework.security.web.DefaultSecurityFilterChain: Will secure any request with [org.springframework.security.web.session.DisableEncodeUrlFilter@1f41f259, org.springframework.security.web.context.request.async.WebAsyncManagerIntegrationFilter@648c80cb, org.springframework.security.web.context.SecurityContextPersistenceFilter@7236213e, org.springframework.security.web.header.HeaderWriterFilter@52518ee1, org.springframework.web.filter.CorsFilter@4a9d6eb9, org.springframework.security.web.authentication.logout.LogoutFilter@86e8469, org.springframework.security.oauth2.client.web.OAuth2AuthorizationRequestRedirectFilter@333e01c6, org.springframework.security.oauth2.client.web.OAuth2LoginAuthenticationFilter@73ba3c4b, org.springframework.security.web.authentication.ui.DefaultLoginPageGeneratingFilter@17d837ab, org.springframework.security.web.authentication.ui.DefaultLogoutPageGeneratingFilter@157a2c86, org.springframework.security.web.authentication.www.BasicAuthenticationFilter@2c3d1214, org.springframework.security.web.savedrequest.RequestCacheAwareFilter@6ad4ef13, org.springframework.security.web.servletapi.SecurityContextHolderAwareRequestFilter@16160a37, org.springframework.security.web.authentication.AnonymousAuthenticationFilter@5b9c74a, org.springframework.security.web.session.SessionManagementFilter@157267db, org.springframework.security.web.access.ExceptionTranslationFilter@9120cb5, org.springframework.security.web.access.intercept.FilterSecurityInterceptor@6f9e6a85]
2022-11-23 11:23:02,462 WARN [main] org.springframework.boot.autoconfigure.thymeleaf.ThymeleafAutoConfiguration$DefaultTemplateResolverConfiguration: Cannot find template location: classpath:/templates/ (please add some templates or check your Thymeleaf configuration)
2022-11-23 11:23:03,141 INFO [main] DepartmentClientTest: Started DepartmentClientTest in 13.387 seconds (JVM running for 16.351)
2022-11-23 11:23:03,583 INFO [main] com.exampleMainService.clients.DepartmentClient: {"id":"0", "timestamp":"1669184583447", "username":"admin", "requestURL":"http://localhost:8081/department/save", "responseCode":"200", "message":"Department saved.", "status":"Success", "meta":{"id":0,"name":"newDep"}}
2022-11-23 11:23:03,670 INFO [main] DepartmentClientTest: Logging Response: {"id":181,"name":"newDep"}
2022-11-23 11:23:03,874 INFO [SpringApplicationShutdownHook] org.springframework.orm.jpa.LocalContainerEntityManagerFactoryBean: Closing JPA EntityManagerFactory for persistence unit 'default'
2022-11-23 11:23:03,882 INFO [SpringApplicationShutdownHook] com.zaxxer.hikari.HikariDataSource: HikariPool-1 - Shutdown initiated...
2022-11-23 11:23:03,924 INFO [SpringApplicationShutdownHook] com.zaxxer.hikari.HikariDataSource: HikariPool-1 - Shutdown completed.
