2022-11-23 11:09:35,301 INFO [restartedMain] com.zaxxer.hikari.HikariDataSource: HikariPool-4 - Start completed.
2022-11-23 11:09:35,303 INFO [restartedMain] org.hibernate.dialect.Dialect: HHH000400: Using dialect: org.hibernate.dialect.MySQL8Dialect
2022-11-23 11:09:35,419 INFO [restartedMain] org.hibernate.engine.transaction.jta.platform.internal.JtaPlatformInitiator: HHH000490: Using JtaPlatform implementation: [org.hibernate.engine.transaction.jta.platform.internal.NoJtaPlatform]
2022-11-23 11:09:35,420 INFO [restartedMain] org.springframework.orm.jpa.LocalContainerEntityManagerFactoryBean: Initialized JPA EntityManagerFactory for persistence unit 'default'
2022-11-23 11:09:35,469 INFO [restartedMain] org.springframework.data.repository.config.RepositoryConfigurationDelegate: Bootstrapping Spring Data JPA repositories in DEFAULT mode.
2022-11-23 11:09:35,545 INFO [restartedMain] org.springframework.data.repository.config.RepositoryConfigurationDelegate: Finished Spring Data repository scanning in 36 ms. Found 4 JPA repository interfaces.
2022-11-23 11:09:35,552 WARN [restartedMain] org.springframework.boot.autoconfigure.orm.jpa.JpaBaseConfiguration$JpaWebConfiguration: spring.jpa.open-in-view is enabled by default. Therefore, database queries may be performed during view rendering. Explicitly configure spring.jpa.open-in-view to disable this warning
2022-11-23 11:09:35,725 INFO [restartedMain] com.exampleMainService.configurations.SecurityConfiguration: Allowed Roles: ADMIN,USER,MANAGER,SALEPERSON,II,newrole,newrole,newrole
2022-11-23 11:09:35,791 INFO [restartedMain] org.springframework.boot.web.embedded.tomcat.TomcatWebServer: Tomcat initialized with port(s): 8080 (http)
2022-11-23 11:09:35,793 INFO [restartedMain] org.apache.coyote.http11.Http11NioProtocol: Initializing ProtocolHandler ["http-nio-8080"]
2022-11-23 11:09:35,793 INFO [restartedMain] org.apache.catalina.core.StandardService: Starting service [Tomcat]
2022-11-23 11:09:35,794 INFO [restartedMain] org.apache.catalina.core.StandardEngine: Starting Servlet engine: [Apache Tomcat/9.0.65]
2022-11-23 11:09:35,852 INFO [restartedMain] org.apache.catalina.core.ContainerBase.[Tomcat-1].[localhost].[/]: Initializing Spring embedded WebApplicationContext
2022-11-23 11:09:35,852 INFO [restartedMain] org.springframework.boot.web.servlet.context.ServletWebServerApplicationContext: Root WebApplicationContext: initialization completed in 792 ms
2022-11-23 11:09:35,944 INFO [restartedMain] org.springframework.security.web.DefaultSecurityFilterChain: Will secure any request with [org.springframework.security.web.session.DisableEncodeUrlFilter@389519c1, org.springframework.security.web.context.request.async.WebAsyncManagerIntegrationFilter@6e0b98d7, org.springframework.security.web.context.SecurityContextPersistenceFilter@6afdefa1, org.springframework.security.web.header.HeaderWriterFilter@6201e30b, org.springframework.web.filter.CorsFilter@25e801e5, org.springframework.security.web.authentication.logout.LogoutFilter@73e90094, org.springframework.security.oauth2.client.web.OAuth2AuthorizationRequestRedirectFilter@3d0ed4df, org.springframework.security.oauth2.client.web.OAuth2LoginAuthenticationFilter@6e99fa67, org.springframework.security.web.authentication.ui.DefaultLoginPageGeneratingFilter@733a4261, org.springframework.security.web.authentication.ui.DefaultLogoutPageGeneratingFilter@4039dfd, org.springframework.security.web.authentication.www.BasicAuthenticationFilter@2ba8e5a, org.springframework.security.web.savedrequest.RequestCacheAwareFilter@27a44ef5, org.springframework.security.web.servletapi.SecurityContextHolderAwareRequestFilter@4a50e8b1, org.springframework.security.web.authentication.AnonymousAuthenticationFilter@1448d7ad, org.springframework.security.web.session.SessionManagementFilter@38d0307a, org.springframework.security.web.access.ExceptionTranslationFilter@441120b3, org.springframework.security.web.access.intercept.FilterSecurityInterceptor@14b300fc]
2022-11-23 11:09:35,959 INFO [restartedMain] org.hibernate.jpa.internal.util.LogHelper: HHH000204: Processing PersistenceUnitInfo [name: default]
2022-11-23 11:09:35,971 INFO [restartedMain] com.zaxxer.hikari.HikariDataSource: HikariPool-5 - Starting...
2022-11-23 11:09:35,999 INFO [restartedMain] com.zaxxer.hikari.HikariDataSource: HikariPool-5 - Start completed.
2022-11-23 11:09:35,999 INFO [restartedMain] org.hibernate.dialect.Dialect: HHH000400: Using dialect: org.hibernate.dialect.MySQL8Dialect
2022-11-23 11:09:36,030 WARN [restartedMain] org.springframework.boot.autoconfigure.thymeleaf.ThymeleafAutoConfiguration$DefaultTemplateResolverConfiguration: Cannot find template location: classpath:/templates/ (please add some templates or check your Thymeleaf configuration)
2022-11-23 11:09:36,126 INFO [restartedMain] org.hibernate.engine.transaction.jta.platform.internal.JtaPlatformInitiator: HHH000490: Using JtaPlatform implementation: [org.hibernate.engine.transaction.jta.platform.internal.NoJtaPlatform]
2022-11-23 11:09:36,126 INFO [restartedMain] org.springframework.orm.jpa.LocalContainerEntityManagerFactoryBean: Initialized JPA EntityManagerFactory for persistence unit 'default'
2022-11-23 11:09:36,130 WARN [restartedMain] org.springframework.boot.devtools.autoconfigure.OptionalLiveReloadServer: Unable to start LiveReload server
2022-11-23 11:09:36,175 INFO [restartedMain] org.apache.coyote.http11.Http11NioProtocol: Starting ProtocolHandler ["http-nio-8080"]
2022-11-23 11:09:36,181 INFO [restartedMain] org.springframework.boot.web.embedded.tomcat.TomcatWebServer: Tomcat started on port(s): 8080 (http) with context path ''
2022-11-23 11:09:36,192 INFO [restartedMain] com.exampleMainService.MainServiceApplication: Started MainServiceApplication in 2.004 seconds (JVM running for 3497.977)
2022-11-23 11:09:36,196 INFO [restartedMain] org.springframework.boot.devtools.autoconfigure.ConditionEvaluationDeltaLoggingListener: Condition evaluation delta:


==========================
CONDITION EVALUATION DELTA
==========================


Positive matches:
-----------------

    None


Negative matches:
-----------------

   OAuth2WebSecurityConfiguration.OAuth2SecurityFilterChainConfiguration:
      Did not match:
         - AllNestedConditions 1 matched 1 did not; NestedCondition on DefaultWebSecurityCondition.Beans @ConditionalOnMissingBean (types: org.springframework.security.config.annotation.web.configuration.WebSecurityConfigurerAdapter,org.springframework.security.web.SecurityFilterChain; SearchStrategy: all) found beans of type 'org.springframework.security.config.annotation.web.configuration.WebSecurityConfigurerAdapter' securityConfiguration; NestedCondition on DefaultWebSecurityCondition.Classes @ConditionalOnClass found required classes 'org.springframework.security.web.SecurityFilterChain', 'org.springframework.security.config.annotation.web.builders.HttpSecurity' (DefaultWebSecurityCondition)

   SpringBootWebSecurityConfiguration.WebSecurityEnablerConfiguration:
      Did not match:
         - @ConditionalOnMissingBean (names: springSecurityFilterChain; SearchStrategy: all) found beans named springSecurityFilterChain (OnBeanCondition)
      Matched:
         - @ConditionalOnClass found required class 'org.springframework.security.config.annotation.web.configuration.EnableWebSecurity' (OnClassCondition)


Exclusions:
-----------

    None


Unconditional classes:
----------------------

    None



2022-11-23 11:09:36,270 WARN [restartedMain] org.springframework.boot.autoconfigure.orm.jpa.JpaBaseConfiguration$JpaWebConfiguration: spring.jpa.open-in-view is enabled by default. Therefore, database queries may be performed during view rendering. Explicitly configure spring.jpa.open-in-view to disable this warning
2022-11-23 11:09:36,429 INFO [restartedMain] com.exampleMainService.configurations.SecurityConfiguration: Allowed Roles: ADMIN,USER,MANAGER,SALEPERSON,II,newrole,newrole,newrole
2022-11-23 11:09:36,555 INFO [restartedMain] org.springframework.security.web.DefaultSecurityFilterChain: Will secure any request with [org.springframework.security.web.session.DisableEncodeUrlFilter@3d56353d, org.springframework.security.web.context.request.async.WebAsyncManagerIntegrationFilter@c6d1e8f, org.springframework.security.web.context.SecurityContextPersistenceFilter@302abf24, org.springframework.security.web.header.HeaderWriterFilter@7e5106b7, org.springframework.web.filter.CorsFilter@73b97857, org.springframework.security.web.authentication.logout.LogoutFilter@1daa3970, org.springframework.security.oauth2.client.web.OAuth2AuthorizationRequestRedirectFilter@30f9489, org.springframework.security.oauth2.client.web.OAuth2LoginAuthenticationFilter@61932ded, org.springframework.security.web.authentication.ui.DefaultLoginPageGeneratingFilter@5598cd46, org.springframework.security.web.authentication.ui.DefaultLogoutPageGeneratingFilter@bbddf88, org.springframework.security.web.authentication.www.BasicAuthenticationFilter@6b3b462e, org.springframework.security.web.savedrequest.RequestCacheAwareFilter@844ada6, org.springframework.security.web.servletapi.SecurityContextHolderAwareRequestFilter@7ed666a7, org.springframework.security.web.authentication.AnonymousAuthenticationFilter@74efc1f, org.springframework.security.web.session.SessionManagementFilter@5f6e917a, org.springframework.security.web.access.ExceptionTranslationFilter@1f84ea45, org.springframework.security.web.access.intercept.FilterSecurityInterceptor@6b8405aa]
2022-11-23 11:09:36,616 WARN [restartedMain] org.springframework.boot.autoconfigure.thymeleaf.ThymeleafAutoConfiguration$DefaultTemplateResolverConfiguration: Cannot find template location: classpath:/templates/ (please add some templates or check your Thymeleaf configuration)
2022-11-23 11:09:36,642 WARN [restartedMain] org.springframework.boot.web.servlet.context.AnnotationConfigServletWebServerApplicationContext: Exception encountered during context initialization - cancelling refresh attempt: org.springframework.beans.factory.BeanCreationException: Error creating bean with name 'springApplicationAdminRegistrar' defined in class path resource [org/springframework/boot/autoconfigure/admin/SpringApplicationAdminJmxAutoConfiguration.class]: Invocation of init method failed; nested exception is javax.management.InstanceAlreadyExistsException: org.springframework.boot:type=Admin,name=SpringApplication
