2022-12-22 11:21:13,360 DEBUG [http-nio-8082-exec-5] org.springframework.security.web.FilterChainProxy: Secured PUT /user/save?username=dCPtg3RgmRyv29GHImDNDGmIrwA8zD1N6LQ19W5Ku%2FU%3D&enabled=VLJC3Sc3lp3ZvoQYpRWpjw%3D%3D&password=dCPtg3RgmRyv29GHImDNDGmIrwA8zD1N6LQ19W5Ku%2FU%3D&authority=%2BOp08E6JK%2F%2F34pPHnWYQ4w%3D%3D&email=dCPtg3RgmRyv29GHImDNDGmIrwA8zD1N6LQ19W5Ku%2FU%3D
2022-12-22 11:21:13,361 INFO [http-nio-8082-exec-5] com.exampleMainService.filters.PermissionFilter: Inside doFilter method.
2022-12-22 11:21:13,362 INFO [http-nio-8082-exec-5] com.exampleMainService.filters.PermissionFilter: Request method: PUT
2022-12-22 11:21:13,362 INFO [http-nio-8082-exec-5] com.exampleMainService.filters.PermissionFilter: ROLE_ADMIN
2022-12-22 11:21:13,365 DEBUG [http-nio-8082-exec-6] org.springframework.security.web.FilterChainProxy: Secured GET /role/roles
2022-12-22 11:21:13,400 INFO [http-nio-8082-exec-6] com.exampleMainService.filters.PermissionFilter: Inside doFilter method.
2022-12-22 11:21:13,400 INFO [http-nio-8082-exec-6] com.exampleMainService.filters.PermissionFilter: Request method: GET
2022-12-22 11:21:13,400 INFO [http-nio-8082-exec-6] com.exampleMainService.filters.PermissionFilter: ROLE_USER
2022-12-22 11:21:13,520 INFO [http-nio-8082-exec-5] com.exampleMainService.controllers.AuthenticatorController: {'username':'saadmunirmunir86@gmail.com', 'password':'$2a$10$7VCz2HYKSQW4HwN.HUQig.sqlbp1dE7TGVhQD4K68eB/tYmWlfl8a', 'isEnabled':true, 'email':'saadmunirmunir86@gmail.com', 'isTwoFactorEnabled':'false'}
2022-12-22 11:21:13,521 INFO [http-nio-8082-exec-5] com.exampleMainService.controllers.AuthenticatorController: {'username':'saadmunirmunir86@gmail.com', 'authority':'ROLE_USER'}
2022-12-22 11:21:13,592 DEBUG [http-nio-8082-exec-7] org.springframework.security.web.FilterChainProxy: Securing POST /mail
2022-12-22 11:21:13,596 DEBUG [http-nio-8082-exec-7] org.springframework.security.web.FilterChainProxy: Securing POST /error
2022-12-22 11:21:13,596 DEBUG [http-nio-8082-exec-7] org.springframework.security.web.FilterChainProxy: Secured POST /error
2022-12-22 11:21:13,631 ERROR [http-nio-8082-exec-5] com.exampleMainService.clients.EmailClient: Error: Unexpected response status: 401
2022-12-22 11:21:14,048 DEBUG [http-nio-8082-exec-8] org.springframework.security.web.FilterChainProxy: Securing POST /authenticator/authenticatorString?username=saadmunirmunir86%40gmail.com&email=saadmunirmunir86%40gmail.com
2022-12-22 11:21:14,153 DEBUG [http-nio-8082-exec-8] org.springframework.security.web.FilterChainProxy: Secured POST /authenticator/authenticatorString?username=saadmunirmunir86%40gmail.com&email=saadmunirmunir86%40gmail.com
2022-12-22 11:21:14,153 INFO [http-nio-8082-exec-8] com.exampleMainService.filters.PermissionFilter: Inside doFilter method.
2022-12-22 11:21:14,153 INFO [http-nio-8082-exec-8] com.exampleMainService.filters.PermissionFilter: Request method: POST
2022-12-22 11:21:14,153 INFO [http-nio-8082-exec-8] com.exampleMainService.filters.PermissionFilter: ROLE_USER
2022-12-22 11:21:14,158 INFO [http-nio-8082-exec-8] com.exampleMainService.controllers.AuthenticatorController: Trying to generate the Authenticator String for user with username: saadmunirmunir86@gmail.com
2022-12-22 11:21:20,873 DEBUG [http-nio-8082-exec-9] org.springframework.security.web.FilterChainProxy: Securing OPTIONS /user/getUsers
2022-12-22 11:21:20,878 DEBUG [http-nio-8082-exec-10] org.springframework.security.web.FilterChainProxy: Securing GET /user/getUsers
2022-12-22 11:21:20,968 DEBUG [http-nio-8082-exec-10] org.springframework.security.web.FilterChainProxy: Secured GET /user/getUsers
2022-12-22 11:21:20,968 INFO [http-nio-8082-exec-10] com.exampleMainService.filters.PermissionFilter: Inside doFilter method.
2022-12-22 11:21:20,968 INFO [http-nio-8082-exec-10] com.exampleMainService.filters.PermissionFilter: Request method: GET
2022-12-22 11:21:20,968 INFO [http-nio-8082-exec-10] com.exampleMainService.filters.PermissionFilter: ROLE_ADMIN
2022-12-22 11:21:20,977 INFO [http-nio-8082-exec-10] com.exampleMainService.controllers.AuthenticatorController: [{'username':'admin', 'password':'$2a$10$INYm8.ojdneZCPptupXHsunjde/2JbGR486L3qB2SPlQjS5r0Vsya', 'isEnabled':true, 'email':'admin@gmail.com', 'isTwoFactorEnabled':'true'}, {'username':'saadmunirmunir86@gmail.com', 'password':'$2a$10$7VCz2HYKSQW4HwN.HUQig.sqlbp1dE7TGVhQD4K68eB/tYmWlfl8a', 'isEnabled':true, 'email':'saadmunirmunir86@gmail.com', 'isTwoFactorEnabled':'false'}]
2022-12-22 11:21:20,989 DEBUG [http-nio-8082-exec-1] org.springframework.security.web.FilterChainProxy: Securing OPTIONS /user/authority?username=f%2BRE%2BQs551ZAYxfg5GI30g%3D%3D
2022-12-22 11:21:20,991 DEBUG [http-nio-8082-exec-2] org.springframework.security.web.FilterChainProxy: Securing OPTIONS /user/validate?encodedPassword=H%2F2skjEl3j5cgjvzdIfJIgTasYqNADU10P%2FBFC9ik00RFfjWZKiXM5skibW1m05tjKa99P9t28CXuyxFSTvqkA%3D%3D&password=8zzRUtvOFfEroqP3N4hqGg%3D%3D
2022-12-22 11:21:20,995 DEBUG [http-nio-8082-exec-3] org.springframework.security.web.FilterChainProxy: Securing GET /user/authority?username=f%2BRE%2BQs551ZAYxfg5GI30g%3D%3D
2022-12-22 11:21:20,996 DEBUG [http-nio-8082-exec-4] org.springframework.security.web.FilterChainProxy: Securing GET /user/validate?encodedPassword=H%2F2skjEl3j5cgjvzdIfJIgTasYqNADU10P%2FBFC9ik00RFfjWZKiXM5skibW1m05tjKa99P9t28CXuyxFSTvqkA%3D%3D&password=8zzRUtvOFfEroqP3N4hqGg%3D%3D
2022-12-22 11:21:21,101 DEBUG [http-nio-8082-exec-3] org.springframework.security.web.FilterChainProxy: Secured GET /user/authority?username=f%2BRE%2BQs551ZAYxfg5GI30g%3D%3D
2022-12-22 11:21:21,102 INFO [http-nio-8082-exec-3] com.exampleMainService.filters.PermissionFilter: Inside doFilter method.
2022-12-22 11:21:21,102 INFO [http-nio-8082-exec-3] com.exampleMainService.filters.PermissionFilter: Request method: GET
2022-12-22 11:21:21,102 INFO [http-nio-8082-exec-3] com.exampleMainService.filters.PermissionFilter: ROLE_ADMIN
2022-12-22 11:21:21,108 DEBUG [http-nio-8082-exec-4] org.springframework.security.web.FilterChainProxy: Secured GET /user/validate?encodedPassword=H%2F2skjEl3j5cgjvzdIfJIgTasYqNADU10P%2FBFC9ik00RFfjWZKiXM5skibW1m05tjKa99P9t28CXuyxFSTvqkA%3D%3D&password=8zzRUtvOFfEroqP3N4hqGg%3D%3D
2022-12-22 11:21:21,108 INFO [http-nio-8082-exec-4] com.exampleMainService.filters.PermissionFilter: Inside doFilter method.
2022-12-22 11:21:21,109 INFO [http-nio-8082-exec-4] com.exampleMainService.filters.PermissionFilter: Request method: GET
2022-12-22 11:21:21,109 INFO [http-nio-8082-exec-4] com.exampleMainService.filters.PermissionFilter: ROLE_ADMIN
2022-12-22 11:21:21,257 DEBUG [http-nio-8082-exec-6] org.springframework.security.web.FilterChainProxy: Securing GET /role/roles
2022-12-22 11:21:21,348 DEBUG [http-nio-8082-exec-6] org.springframework.security.web.FilterChainProxy: Secured GET /role/roles
2022-12-22 11:21:21,348 INFO [http-nio-8082-exec-6] com.exampleMainService.filters.PermissionFilter: Inside doFilter method.
2022-12-22 11:21:21,348 INFO [http-nio-8082-exec-6] com.exampleMainService.filters.PermissionFilter: Request method: GET
2022-12-22 11:21:21,348 INFO [http-nio-8082-exec-6] com.exampleMainService.filters.PermissionFilter: ROLE_ADMIN
2022-12-22 11:21:22,500 DEBUG [http-nio-8082-exec-7] org.springframework.security.web.FilterChainProxy: Securing OPTIONS /authenticator/authenticatorString?username=admin&email=admin%40gmail.com
2022-12-22 11:21:22,508 DEBUG [http-nio-8082-exec-5] org.springframework.security.web.FilterChainProxy: Securing POST /authenticator/authenticatorString?username=admin&email=admin%40gmail.com
2022-12-22 11:21:22,616 DEBUG [http-nio-8082-exec-5] org.springframework.security.web.FilterChainProxy: Secured POST /authenticator/authenticatorString?username=admin&email=admin%40gmail.com
2022-12-22 11:21:22,616 INFO [http-nio-8082-exec-5] com.exampleMainService.filters.PermissionFilter: Inside doFilter method.
2022-12-22 11:21:22,616 INFO [http-nio-8082-exec-5] com.exampleMainService.filters.PermissionFilter: Request method: POST
2022-12-22 11:21:22,616 INFO [http-nio-8082-exec-5] com.exampleMainService.filters.PermissionFilter: ROLE_ADMIN
2022-12-22 11:21:22,620 INFO [http-nio-8082-exec-5] com.exampleMainService.controllers.AuthenticatorController: Trying to generate the Authenticator String for user with username: admin
2022-12-22 11:25:55,686 DEBUG [http-nio-8082-exec-1] org.springframework.security.web.FilterChainProxy: Securing POST /authenticator/authenticatorString?username=admin&email=admin%40gmail.com
2022-12-22 11:25:55,734 DEBUG [http-nio-8082-exec-2] org.springframework.security.web.FilterChainProxy: Securing POST /authenticator/authenticatorString?username=admin&email=admin%40gmail.com
2022-12-22 11:25:55,792 DEBUG [http-nio-8082-exec-1] org.springframework.security.web.FilterChainProxy: Secured POST /authenticator/authenticatorString?username=admin&email=admin%40gmail.com
2022-12-22 11:25:55,793 INFO [http-nio-8082-exec-1] com.exampleMainService.filters.PermissionFilter: Inside doFilter method.
2022-12-22 11:25:55,793 INFO [http-nio-8082-exec-1] com.exampleMainService.filters.PermissionFilter: Request method: POST
2022-12-22 11:25:55,793 INFO [http-nio-8082-exec-1] com.exampleMainService.filters.PermissionFilter: ROLE_ADMIN
2022-12-22 11:25:55,799 INFO [http-nio-8082-exec-1] com.exampleMainService.controllers.AuthenticatorController: Trying to generate the Authenticator String for user with username: admin
2022-12-22 11:25:55,837 DEBUG [http-nio-8082-exec-2] org.springframework.security.web.FilterChainProxy: Secured POST /authenticator/authenticatorString?username=admin&email=admin%40gmail.com
2022-12-22 11:25:55,838 INFO [http-nio-8082-exec-2] com.exampleMainService.filters.PermissionFilter: Inside doFilter method.
2022-12-22 11:25:55,838 INFO [http-nio-8082-exec-2] com.exampleMainService.filters.PermissionFilter: Request method: POST
2022-12-22 11:25:55,838 INFO [http-nio-8082-exec-2] com.exampleMainService.filters.PermissionFilter: ROLE_ADMIN
2022-12-22 11:25:55,842 INFO [http-nio-8082-exec-2] com.exampleMainService.controllers.AuthenticatorController: Trying to generate the Authenticator String for user with username: admin
