2022-11-21 12:16:24,390 DEBUG [http-nio-8080-exec-4] org.springframework.security.web.FilterChainProxy: Secured GET /user/authority?username=cDSewy6iB%2BmGbnL7FJ6Qyw%3D%3D
2022-11-21 12:16:24,392 INFO [http-nio-8080-exec-4] filters.com.exampleMainService.PermissionFilter: Inside doFilter method.
2022-11-21 12:16:24,392 INFO [http-nio-8080-exec-4] filters.com.exampleMainService.PermissionFilter: Request method: GET
2022-11-21 12:16:24,393 INFO [http-nio-8080-exec-4] filters.com.exampleMainService.PermissionFilter: ROLE_USER
2022-11-21 12:16:24,394 DEBUG [http-nio-8080-exec-5] org.springframework.security.web.FilterChainProxy: Secured GET /user/validate?encodedPassword=TWUYKtycYjLgpUnfHsnLsEyiwcQmaZQgqGj%2F5NdS4IlSIVDJI%2BPbhslwT64AH%2BG8OLFdT1UuOy%2FMr3oZ5BvKTw%3D%3D&password=O4JIgWmSKo2gW78maUoLhg%3D%3D
2022-11-21 12:16:24,434 INFO [http-nio-8080-exec-5] filters.com.exampleMainService.PermissionFilter: Inside doFilter method.
2022-11-21 12:16:24,434 INFO [http-nio-8080-exec-5] filters.com.exampleMainService.PermissionFilter: Request method: GET
2022-11-21 12:16:24,434 INFO [http-nio-8080-exec-5] filters.com.exampleMainService.PermissionFilter: ROLE_ADMIN
2022-11-21 12:16:24,553 DEBUG [http-nio-8080-exec-6] org.springframework.security.web.FilterChainProxy: Securing GET /role/roles
2022-11-21 12:16:24,650 DEBUG [http-nio-8080-exec-6] org.springframework.security.web.FilterChainProxy: Secured GET /role/roles
2022-11-21 12:16:24,650 INFO [http-nio-8080-exec-6] filters.com.exampleMainService.PermissionFilter: Inside doFilter method.
2022-11-21 12:16:24,650 INFO [http-nio-8080-exec-6] filters.com.exampleMainService.PermissionFilter: Request method: GET
2022-11-21 12:16:24,650 INFO [http-nio-8080-exec-6] filters.com.exampleMainService.PermissionFilter: ROLE_USER
2022-11-21 12:16:25,960 DEBUG [http-nio-8080-exec-7] org.springframework.security.web.FilterChainProxy: Securing GET /role/roles
2022-11-21 12:16:25,965 DEBUG [http-nio-8080-exec-8] org.springframework.security.web.FilterChainProxy: Securing OPTIONS /employee/get
2022-11-21 12:16:25,968 DEBUG [http-nio-8080-exec-9] org.springframework.security.web.FilterChainProxy: Securing OPTIONS /department/get
2022-11-21 12:16:25,969 DEBUG [http-nio-8080-exec-9] org.springframework.security.web.FilterChainProxy: Securing GET /employee/get
2022-11-21 12:16:25,972 DEBUG [http-nio-8080-exec-2] org.springframework.security.web.FilterChainProxy: Securing GET /department/get
2022-11-21 12:16:26,078 DEBUG [http-nio-8080-exec-7] org.springframework.security.web.FilterChainProxy: Secured GET /role/roles
2022-11-21 12:16:26,078 INFO [http-nio-8080-exec-7] filters.com.exampleMainService.PermissionFilter: Inside doFilter method.
2022-11-21 12:16:26,078 INFO [http-nio-8080-exec-7] filters.com.exampleMainService.PermissionFilter: Request method: GET
2022-11-21 12:16:26,078 INFO [http-nio-8080-exec-7] filters.com.exampleMainService.PermissionFilter: ROLE_USER
2022-11-21 12:16:26,095 DEBUG [http-nio-8080-exec-9] org.springframework.security.web.FilterChainProxy: Secured GET /employee/get
2022-11-21 12:16:26,095 INFO [http-nio-8080-exec-9] filters.com.exampleMainService.PermissionFilter: Inside doFilter method.
2022-11-21 12:16:26,095 INFO [http-nio-8080-exec-9] filters.com.exampleMainService.PermissionFilter: Request method: GET
2022-11-21 12:16:26,095 INFO [http-nio-8080-exec-9] filters.com.exampleMainService.PermissionFilter: ROLE_USER
2022-11-21 12:16:26,108 DEBUG [http-nio-8080-exec-2] org.springframework.security.web.FilterChainProxy: Secured GET /department/get
2022-11-21 12:16:26,108 INFO [http-nio-8080-exec-2] filters.com.exampleMainService.PermissionFilter: Inside doFilter method.
2022-11-21 12:16:26,108 INFO [http-nio-8080-exec-2] filters.com.exampleMainService.PermissionFilter: Request method: GET
2022-11-21 12:16:26,109 INFO [http-nio-8080-exec-2] filters.com.exampleMainService.PermissionFilter: ROLE_USER
2022-11-21 12:16:26,530 INFO [http-nio-8080-exec-2] clients.com.exampleMainService.DepartmentClient: {"id":"0", "timestamp":"1669014986114", "username":"user", "requestURL":"http://localhost:8081/department/get", "responseCode":"200", "message":"List of Departments received.", "status":"Success", "meta":}
2022-11-21 12:16:26,530 INFO [http-nio-8080-exec-9] clients.com.exampleMainService.EmployeeClient: {"id":"0", "timestamp":"1669014986100", "username":"user", "requestURL":"http://localhost:8081/employee/get", "responseCode":"200", "message":"List of Employees received.", "status":"Success", "meta":}
2022-11-21 12:16:34,922 DEBUG [http-nio-8080-exec-1] org.springframework.security.web.FilterChainProxy: Securing GET /assets/vendors/css/vendor.bundle.base.css
2022-11-21 12:16:34,923 DEBUG [http-nio-8080-exec-1] org.springframework.security.web.FilterChainProxy: Secured GET /assets/vendors/css/vendor.bundle.base.css
2022-11-21 12:16:34,923 INFO [http-nio-8080-exec-1] filters.com.exampleMainService.PermissionFilter: Inside doFilter method.
2022-11-21 12:16:34,923 INFO [http-nio-8080-exec-1] filters.com.exampleMainService.PermissionFilter: Request method: GET
2022-11-21 12:16:34,923 INFO [http-nio-8080-exec-1] filters.com.exampleMainService.PermissionFilter: ROLE_ADMIN
2022-11-21 12:16:34,931 DEBUG [http-nio-8080-exec-1] org.springframework.security.web.FilterChainProxy: Securing GET /error
2022-11-21 12:16:34,931 DEBUG [http-nio-8080-exec-1] org.springframework.security.web.FilterChainProxy: Secured GET /error
2022-11-21 12:16:47,377 DEBUG [http-nio-8080-exec-3] org.springframework.security.web.FilterChainProxy: Securing OPTIONS /employee/delete?id=8pTjlnUmGmo8tIA%2BXikUkQ%3D%3D
2022-11-21 12:16:47,381 DEBUG [http-nio-8080-exec-4] org.springframework.security.web.FilterChainProxy: Securing POST /employee/delete?id=8pTjlnUmGmo8tIA%2BXikUkQ%3D%3D
2022-11-21 12:16:47,492 DEBUG [http-nio-8080-exec-4] org.springframework.security.web.FilterChainProxy: Secured POST /employee/delete?id=8pTjlnUmGmo8tIA%2BXikUkQ%3D%3D
2022-11-21 12:16:47,492 INFO [http-nio-8080-exec-4] filters.com.exampleMainService.PermissionFilter: Inside doFilter method.
2022-11-21 12:16:47,492 INFO [http-nio-8080-exec-4] filters.com.exampleMainService.PermissionFilter: Request method: POST
2022-11-21 12:16:47,492 INFO [http-nio-8080-exec-4] filters.com.exampleMainService.PermissionFilter: ROLE_USER
2022-11-21 12:16:47,497 DEBUG [http-nio-8080-exec-4] org.springframework.security.web.FilterChainProxy: Securing POST /error?id=8pTjlnUmGmo8tIA%2BXikUkQ%3D%3D
2022-11-21 12:16:47,497 DEBUG [http-nio-8080-exec-4] org.springframework.security.web.FilterChainProxy: Secured POST /error?id=8pTjlnUmGmo8tIA%2BXikUkQ%3D%3D
2022-11-21 12:17:03,720 DEBUG [http-nio-8080-exec-6] org.springframework.security.web.FilterChainProxy: Securing OPTIONS /role/update?id=aBd8FAzECkMTHdMw4TecsA%3D%3D&role=7p2hjuuB0xobcC%2FWSCKjOA%3D%3D&permissions=4p693UME2IJ8cnP%2FULzT2g%3D%3D
2022-11-21 12:17:03,726 DEBUG [http-nio-8080-exec-8] org.springframework.security.web.FilterChainProxy: Securing PUT /role/update?id=aBd8FAzECkMTHdMw4TecsA%3D%3D&role=7p2hjuuB0xobcC%2FWSCKjOA%3D%3D&permissions=4p693UME2IJ8cnP%2FULzT2g%3D%3D
2022-11-21 12:17:03,822 DEBUG [http-nio-8080-exec-8] org.springframework.security.web.FilterChainProxy: Secured PUT /role/update?id=aBd8FAzECkMTHdMw4TecsA%3D%3D&role=7p2hjuuB0xobcC%2FWSCKjOA%3D%3D&permissions=4p693UME2IJ8cnP%2FULzT2g%3D%3D
2022-11-21 12:17:03,822 INFO [http-nio-8080-exec-8] filters.com.exampleMainService.PermissionFilter: Inside doFilter method.
2022-11-21 12:17:03,822 INFO [http-nio-8080-exec-8] filters.com.exampleMainService.PermissionFilter: Request method: PUT
2022-11-21 12:17:03,822 INFO [http-nio-8080-exec-8] filters.com.exampleMainService.PermissionFilter: ROLE_ADMIN
2022-11-21 12:17:03,862 DEBUG [http-nio-8080-exec-10] org.springframework.security.web.FilterChainProxy: Securing GET /role/roles
2022-11-21 12:17:03,964 DEBUG [http-nio-8080-exec-10] org.springframework.security.web.FilterChainProxy: Secured GET /role/roles
2022-11-21 12:17:03,964 INFO [http-nio-8080-exec-10] filters.com.exampleMainService.PermissionFilter: Inside doFilter method.
2022-11-21 12:17:03,965 INFO [http-nio-8080-exec-10] filters.com.exampleMainService.PermissionFilter: Request method: GET
2022-11-21 12:17:03,965 INFO [http-nio-8080-exec-10] filters.com.exampleMainService.PermissionFilter: ROLE_ADMIN
2022-11-21 12:17:10,953 DEBUG [http-nio-8080-exec-7] org.springframework.security.web.FilterChainProxy: Securing POST /employee/delete?id=8pTjlnUmGmo8tIA%2BXikUkQ%3D%3D
2022-11-21 12:17:11,054 DEBUG [http-nio-8080-exec-7] org.springframework.security.web.FilterChainProxy: Secured POST /employee/delete?id=8pTjlnUmGmo8tIA%2BXikUkQ%3D%3D
2022-11-21 12:17:11,054 INFO [http-nio-8080-exec-7] filters.com.exampleMainService.PermissionFilter: Inside doFilter method.
2022-11-21 12:17:11,054 INFO [http-nio-8080-exec-7] filters.com.exampleMainService.PermissionFilter: Request method: POST
2022-11-21 12:17:11,054 INFO [http-nio-8080-exec-7] filters.com.exampleMainService.PermissionFilter: ROLE_USER
2022-11-21 12:17:11,169 INFO [http-nio-8080-exec-7] clients.com.exampleMainService.EmployeeClient: {"id":"0", "timestamp":"1669015031060", "username":"user", "requestURL":"http://localhost:8081/employee/delete/81", "responseCode":"200", "message":"Employee is successfully deleted against id '81'", "status":"Success", "meta":"id=81"}
2022-11-21 12:17:11,186 DEBUG [http-nio-8080-exec-2] org.springframework.security.web.FilterChainProxy: Securing GET /employee/get
2022-11-21 12:17:11,321 DEBUG [http-nio-8080-exec-2] org.springframework.security.web.FilterChainProxy: Secured GET /employee/get
2022-11-21 12:17:11,321 INFO [http-nio-8080-exec-2] filters.com.exampleMainService.PermissionFilter: Inside doFilter method.
2022-11-21 12:17:11,322 INFO [http-nio-8080-exec-2] filters.com.exampleMainService.PermissionFilter: Request method: GET
2022-11-21 12:17:11,322 INFO [http-nio-8080-exec-2] filters.com.exampleMainService.PermissionFilter: ROLE_USER
2022-11-21 12:17:11,347 INFO [http-nio-8080-exec-2] clients.com.exampleMainService.EmployeeClient: {"id":"0", "timestamp":"1669015031327", "username":"user", "requestURL":"http://localhost:8081/employee/get", "responseCode":"200", "message":"List of Employees received.", "status":"Success", "meta":}
