2022-12-23 10:43:38,962 INFO [restartedMain] com.exampleMainService.MainServiceApplication: Starting MainServiceApplication using Java 11.0.16 on Desktop-CDN-T480 with PID 6004 (D:\Tasks\MainService\target\classes started by T480 in D:\Tasks\MainService)
2022-12-23 10:43:38,968 INFO [restartedMain] com.exampleMainService.MainServiceApplication: No active profile set, falling back to 1 default profile: "default"
2022-12-23 10:43:38,975 INFO [background-preinit] org.hibernate.validator.internal.util.Version: HV000001: Hibernate Validator 6.2.3.Final
2022-12-23 10:43:39,028 INFO [restartedMain] org.springframework.boot.devtools.env.DevToolsPropertyDefaultsPostProcessor: Devtools property defaults active! Set 'spring.devtools.add-properties' to 'false' to disable
2022-12-23 10:43:39,029 INFO [restartedMain] org.springframework.boot.devtools.env.DevToolsPropertyDefaultsPostProcessor: For additional web related logging consider setting the 'logging.level.web' property to 'DEBUG'
2022-12-23 10:43:40,374 INFO [restartedMain] org.springframework.data.repository.config.RepositoryConfigurationDelegate: Bootstrapping Spring Data JPA repositories in DEFAULT mode.
2022-12-23 10:43:40,485 INFO [restartedMain] org.springframework.data.repository.config.RepositoryConfigurationDelegate: Finished Spring Data repository scanning in 97 ms. Found 5 JPA repository interfaces.
2022-12-23 10:43:41,422 INFO [restartedMain] org.springframework.boot.web.embedded.tomcat.TomcatWebServer: Tomcat initialized with port(s): 8082 (http)
2022-12-23 10:43:41,434 INFO [restartedMain] org.apache.coyote.http11.Http11NioProtocol: Initializing ProtocolHandler ["http-nio-8082"]
2022-12-23 10:43:41,435 INFO [restartedMain] org.apache.catalina.core.StandardService: Starting service [Tomcat]
2022-12-23 10:43:41,436 INFO [restartedMain] org.apache.catalina.core.StandardEngine: Starting Servlet engine: [Apache Tomcat/9.0.65]
2022-12-23 10:43:41,584 INFO [restartedMain] org.apache.catalina.core.ContainerBase.[Tomcat].[localhost].[/]: Initializing Spring embedded WebApplicationContext
2022-12-23 10:43:41,584 INFO [restartedMain] org.springframework.boot.web.servlet.context.ServletWebServerApplicationContext: Root WebApplicationContext: initialization completed in 2554 ms
2022-12-23 10:43:41,846 INFO [restartedMain] org.hibernate.jpa.internal.util.LogHelper: HHH000204: Processing PersistenceUnitInfo [name: default]
2022-12-23 10:43:41,899 INFO [restartedMain] org.hibernate.Version: HHH000412: Hibernate ORM core version 5.6.10.Final
2022-12-23 10:43:42,140 INFO [restartedMain] org.hibernate.annotations.common.Version: HCANN000001: Hibernate Commons Annotations {5.1.2.Final}
2022-12-23 10:43:42,249 INFO [restartedMain] com.zaxxer.hikari.HikariDataSource: HikariPool-1 - Starting...
2022-12-23 10:43:42,663 INFO [restartedMain] com.zaxxer.hikari.HikariDataSource: HikariPool-1 - Start completed.
2022-12-23 10:43:42,691 INFO [restartedMain] org.hibernate.dialect.Dialect: HHH000400: Using dialect: org.hibernate.dialect.MySQL8Dialect
2022-12-23 10:43:43,808 INFO [restartedMain] org.hibernate.engine.transaction.jta.platform.internal.JtaPlatformInitiator: HHH000490: Using JtaPlatform implementation: [org.hibernate.engine.transaction.jta.platform.internal.NoJtaPlatform]
2022-12-23 10:43:43,842 INFO [restartedMain] org.springframework.orm.jpa.LocalContainerEntityManagerFactoryBean: Initialized JPA EntityManagerFactory for persistence unit 'default'
2022-12-23 10:43:44,449 WARN [restartedMain] org.springframework.boot.autoconfigure.orm.jpa.JpaBaseConfiguration$JpaWebConfiguration: spring.jpa.open-in-view is enabled by default. Therefore, database queries may be performed during view rendering. Explicitly configure spring.jpa.open-in-view to disable this warning
2022-12-23 10:43:45,133 INFO [restartedMain] com.exampleMainService.configurations.SecurityConfiguration: Allowed Roles: ADMIN,USER,MANAGER,SALEPERSON,II,newrole,newrole,newrole
2022-12-23 10:43:45,630 INFO [restartedMain] org.springframework.security.web.DefaultSecurityFilterChain: Will secure any request with [org.springframework.security.web.session.DisableEncodeUrlFilter@18c681ae, org.springframework.security.web.context.request.async.WebAsyncManagerIntegrationFilter@6d1abbb8, org.springframework.security.web.context.SecurityContextPersistenceFilter@53c639f7, org.springframework.security.web.header.HeaderWriterFilter@60102004, org.springframework.web.filter.CorsFilter@61a6b0ff, org.springframework.security.web.authentication.logout.LogoutFilter@7a2b0624, org.springframework.security.oauth2.client.web.OAuth2AuthorizationRequestRedirectFilter@1da6b5e0, org.springframework.security.oauth2.client.web.OAuth2LoginAuthenticationFilter@5bf9f4e1, org.springframework.security.web.authentication.ui.DefaultLoginPageGeneratingFilter@491f30aa, org.springframework.security.web.authentication.ui.DefaultLogoutPageGeneratingFilter@376d3b9a, org.springframework.security.web.authentication.www.BasicAuthenticationFilter@2bd81ad8, org.springframework.security.web.savedrequest.RequestCacheAwareFilter@25f4afeb, org.springframework.security.web.servletapi.SecurityContextHolderAwareRequestFilter@79b44bef, org.springframework.security.web.authentication.AnonymousAuthenticationFilter@1b0a0728, org.springframework.security.web.session.SessionManagementFilter@3e6e520f, org.springframework.security.web.access.ExceptionTranslationFilter@69be9700, org.springframework.security.web.access.intercept.FilterSecurityInterceptor@5d81e027]
2022-12-23 10:43:45,806 WARN [restartedMain] org.springframework.boot.autoconfigure.thymeleaf.ThymeleafAutoConfiguration$DefaultTemplateResolverConfiguration: Cannot find template location: classpath:/templates/ (please add some templates or check your Thymeleaf configuration)
2022-12-23 10:43:46,112 WARN [restartedMain] org.springframework.boot.devtools.autoconfigure.OptionalLiveReloadServer: Unable to start LiveReload server
2022-12-23 10:43:46,216 INFO [restartedMain] org.apache.coyote.http11.Http11NioProtocol: Starting ProtocolHandler ["http-nio-8082"]
2022-12-23 10:43:46,250 INFO [restartedMain] org.springframework.boot.web.embedded.tomcat.TomcatWebServer: Tomcat started on port(s): 8082 (http) with context path ''
2022-12-23 10:43:46,297 INFO [restartedMain] com.exampleMainService.MainServiceApplication: Started MainServiceApplication in 7.809 seconds (JVM running for 17.335)
