2022-12-21 16:38:31,529 INFO [restartedMain] org.hibernate.engine.transaction.jta.platform.internal.JtaPlatformInitiator: HHH000490: Using JtaPlatform implementation: [org.hibernate.engine.transaction.jta.platform.internal.NoJtaPlatform]
2022-12-21 16:38:31,538 INFO [restartedMain] org.springframework.orm.jpa.LocalContainerEntityManagerFactoryBean: Initialized JPA EntityManagerFactory for persistence unit 'default'
2022-12-21 16:38:31,889 WARN [restartedMain] org.springframework.boot.autoconfigure.orm.jpa.JpaBaseConfiguration$JpaWebConfiguration: spring.jpa.open-in-view is enabled by default. Therefore, database queries may be performed during view rendering. Explicitly configure spring.jpa.open-in-view to disable this warning
2022-12-21 16:38:32,305 INFO [restartedMain] com.exampleMainService.configurations.SecurityConfiguration: Allowed Roles: ADMIN,USER,MANAGER,SALEPERSON,II,newrole,newrole,newrole
2022-12-21 16:38:32,564 INFO [restartedMain] org.springframework.security.web.DefaultSecurityFilterChain: Will secure any request with [org.springframework.security.web.session.DisableEncodeUrlFilter@3df19a04, org.springframework.security.web.context.request.async.WebAsyncManagerIntegrationFilter@71793989, org.springframework.security.web.context.SecurityContextPersistenceFilter@592a20f6, org.springframework.security.web.header.HeaderWriterFilter@1dac17c9, org.springframework.web.filter.CorsFilter@42c3fb02, org.springframework.security.web.authentication.logout.LogoutFilter@3ade0fb6, org.springframework.security.oauth2.client.web.OAuth2AuthorizationRequestRedirectFilter@36976992, org.springframework.security.oauth2.client.web.OAuth2LoginAuthenticationFilter@75adbf6a, org.springframework.security.web.authentication.ui.DefaultLoginPageGeneratingFilter@35f74f3c, org.springframework.security.web.authentication.ui.DefaultLogoutPageGeneratingFilter@72ce47d3, org.springframework.security.web.authentication.www.BasicAuthenticationFilter@5bdcba57, org.springframework.security.web.savedrequest.RequestCacheAwareFilter@41f6470b, org.springframework.security.web.servletapi.SecurityContextHolderAwareRequestFilter@299b769f, org.springframework.security.web.authentication.AnonymousAuthenticationFilter@435ed234, org.springframework.security.web.session.SessionManagementFilter@1022c01c, org.springframework.security.web.access.ExceptionTranslationFilter@1a9e3d0e, org.springframework.security.web.access.intercept.FilterSecurityInterceptor@3e172359]
2022-12-21 16:38:32,705 WARN [restartedMain] org.springframework.boot.autoconfigure.thymeleaf.ThymeleafAutoConfiguration$DefaultTemplateResolverConfiguration: Cannot find template location: classpath:/templates/ (please add some templates or check your Thymeleaf configuration)
2022-12-21 16:38:32,965 WARN [restartedMain] org.springframework.boot.devtools.autoconfigure.OptionalLiveReloadServer: Unable to start LiveReload server
2022-12-21 16:38:33,102 INFO [restartedMain] org.apache.coyote.http11.Http11NioProtocol: Starting ProtocolHandler ["http-nio-8082"]
2022-12-21 16:38:33,151 INFO [restartedMain] org.springframework.boot.web.embedded.tomcat.TomcatWebServer: Tomcat started on port(s): 8082 (http) with context path ''
2022-12-21 16:38:33,165 INFO [restartedMain] com.exampleMainService.MainServiceApplication: Started MainServiceApplication in 5.155 seconds (JVM running for 6.818)
2022-12-21 16:38:35,052 INFO [http-nio-8082-exec-3] org.apache.catalina.core.ContainerBase.[Tomcat].[localhost].[/]: Initializing Spring DispatcherServlet 'dispatcherServlet'
2022-12-21 16:38:35,053 INFO [http-nio-8082-exec-3] org.springframework.web.servlet.DispatcherServlet: Initializing Servlet 'dispatcherServlet'
2022-12-21 16:38:35,054 INFO [http-nio-8082-exec-3] org.springframework.web.servlet.DispatcherServlet: Completed initialization in 1 ms
2022-12-21 16:38:35,063 DEBUG [http-nio-8082-exec-3] org.springframework.security.web.FilterChainProxy: Securing POST /authenticator/authenticatorString
2022-12-21 16:38:35,083 DEBUG [http-nio-8082-exec-3] org.springframework.security.web.FilterChainProxy: Secured POST /authenticator/authenticatorString
2022-12-21 16:38:35,083 INFO [http-nio-8082-exec-3] com.exampleMainService.filters.PermissionFilter: Inside doFilter method.
2022-12-21 16:38:35,083 INFO [http-nio-8082-exec-3] com.exampleMainService.filters.PermissionFilter: Request method: POST
2022-12-21 16:38:35,084 INFO [http-nio-8082-exec-3] com.exampleMainService.filters.PermissionFilter: ROLE_ADMIN
2022-12-21 16:38:35,117 DEBUG [http-nio-8082-exec-3] org.springframework.security.web.FilterChainProxy: Securing POST /error
2022-12-21 16:38:35,117 DEBUG [http-nio-8082-exec-3] org.springframework.security.web.FilterChainProxy: Secured POST /error
2022-12-21 16:39:00,600 INFO [SpringApplicationShutdownHook] org.springframework.orm.jpa.LocalContainerEntityManagerFactoryBean: Closing JPA EntityManagerFactory for persistence unit 'default'
2022-12-21 16:39:00,603 INFO [SpringApplicationShutdownHook] com.zaxxer.hikari.HikariDataSource: HikariPool-1 - Shutdown initiated...
2022-12-21 16:39:00,619 INFO [SpringApplicationShutdownHook] com.zaxxer.hikari.HikariDataSource: HikariPool-1 - Shutdown completed.
2022-12-21 16:39:11,828 INFO [restartedMain] com.exampleMainService.MainServiceApplication: Starting MainServiceApplication using Java 11.0.16 on Desktop-CDN-T480 with PID 22608 (D:\Tasks\MainService\target\classes started by T480 in D:\Tasks\MainService)
2022-12-21 16:39:11,832 INFO [restartedMain] com.exampleMainService.MainServiceApplication: No active profile set, falling back to 1 default profile: "default"
2022-12-21 16:39:11,835 INFO [background-preinit] org.hibernate.validator.internal.util.Version: HV000001: Hibernate Validator 6.2.3.Final
2022-12-21 16:39:11,884 INFO [restartedMain] org.springframework.boot.devtools.env.DevToolsPropertyDefaultsPostProcessor: Devtools property defaults active! Set 'spring.devtools.add-properties' to 'false' to disable
2022-12-21 16:39:11,885 INFO [restartedMain] org.springframework.boot.devtools.env.DevToolsPropertyDefaultsPostProcessor: For additional web related logging consider setting the 'logging.level.web' property to 'DEBUG'
2022-12-21 16:39:12,681 INFO [restartedMain] org.springframework.data.repository.config.RepositoryConfigurationDelegate: Bootstrapping Spring Data JPA repositories in DEFAULT mode.
2022-12-21 16:39:12,743 INFO [restartedMain] org.springframework.data.repository.config.RepositoryConfigurationDelegate: Finished Spring Data repository scanning in 53 ms. Found 5 JPA repository interfaces.
2022-12-21 16:39:13,418 INFO [restartedMain] org.springframework.boot.web.embedded.tomcat.TomcatWebServer: Tomcat initialized with port(s): 8082 (http)
2022-12-21 16:39:13,428 INFO [restartedMain] org.apache.coyote.http11.Http11NioProtocol: Initializing ProtocolHandler ["http-nio-8082"]
2022-12-21 16:39:13,429 INFO [restartedMain] org.apache.catalina.core.StandardService: Starting service [Tomcat]
2022-12-21 16:39:13,429 INFO [restartedMain] org.apache.catalina.core.StandardEngine: Starting Servlet engine: [Apache Tomcat/9.0.65]
2022-12-21 16:39:13,524 INFO [restartedMain] org.apache.catalina.core.ContainerBase.[Tomcat].[localhost].[/]: Initializing Spring embedded WebApplicationContext
2022-12-21 16:39:13,525 INFO [restartedMain] org.springframework.boot.web.servlet.context.ServletWebServerApplicationContext: Root WebApplicationContext: initialization completed in 1638 ms
2022-12-21 16:39:13,691 INFO [restartedMain] org.hibernate.jpa.internal.util.LogHelper: HHH000204: Processing PersistenceUnitInfo [name: default]
2022-12-21 16:39:13,735 INFO [restartedMain] org.hibernate.Version: HHH000412: Hibernate ORM core version 5.6.10.Final
2022-12-21 16:39:13,875 INFO [restartedMain] org.hibernate.annotations.common.Version: HCANN000001: Hibernate Commons Annotations {5.1.2.Final}
2022-12-21 16:39:13,962 INFO [restartedMain] com.zaxxer.hikari.HikariDataSource: HikariPool-1 - Starting...
2022-12-21 16:39:14,228 INFO [restartedMain] com.zaxxer.hikari.HikariDataSource: HikariPool-1 - Start completed.
2022-12-21 16:39:14,246 INFO [restartedMain] org.hibernate.dialect.Dialect: HHH000400: Using dialect: org.hibernate.dialect.MySQL8Dialect
2022-12-21 16:39:15,919 INFO [restartedMain] org.hibernate.engine.transaction.jta.platform.internal.JtaPlatformInitiator: HHH000490: Using JtaPlatform implementation: [org.hibernate.engine.transaction.jta.platform.internal.NoJtaPlatform]
2022-12-21 16:39:15,940 INFO [restartedMain] org.springframework.orm.jpa.LocalContainerEntityManagerFactoryBean: Initialized JPA EntityManagerFactory for persistence unit 'default'
2022-12-21 16:39:16,409 WARN [restartedMain] org.springframework.boot.autoconfigure.orm.jpa.JpaBaseConfiguration$JpaWebConfiguration: spring.jpa.open-in-view is enabled by default. Therefore, database queries may be performed during view rendering. Explicitly configure spring.jpa.open-in-view to disable this warning
2022-12-21 16:39:16,729 INFO [restartedMain] com.exampleMainService.configurations.SecurityConfiguration: Allowed Roles: ADMIN,USER,MANAGER,SALEPERSON,II,newrole,newrole,newrole
2022-12-21 16:39:16,942 INFO [restartedMain] org.springframework.security.web.DefaultSecurityFilterChain: Will secure any request with [org.springframework.security.web.session.DisableEncodeUrlFilter@d3a9ded, org.springframework.security.web.context.request.async.WebAsyncManagerIntegrationFilter@2b4beced, org.springframework.security.web.context.SecurityContextPersistenceFilter@4095fb19, org.springframework.security.web.header.HeaderWriterFilter@417f5da0, org.springframework.web.filter.CorsFilter@6fc9b1f5, org.springframework.security.web.authentication.logout.LogoutFilter@641be9d5, org.springframework.security.oauth2.client.web.OAuth2AuthorizationRequestRedirectFilter@49a471e9, org.springframework.security.oauth2.client.web.OAuth2LoginAuthenticationFilter@2c787d2a, org.springframework.security.web.authentication.ui.DefaultLoginPageGeneratingFilter@3621307f, org.springframework.security.web.authentication.ui.DefaultLogoutPageGeneratingFilter@25439f9d, org.springframework.security.web.authentication.www.BasicAuthenticationFilter@78e4b44d, org.springframework.security.web.savedrequest.RequestCacheAwareFilter@392e034e, org.springframework.security.web.servletapi.SecurityContextHolderAwareRequestFilter@3c73dbcf, org.springframework.security.web.authentication.AnonymousAuthenticationFilter@7c4fbb2d, org.springframework.security.web.session.SessionManagementFilter@4fc9e171, org.springframework.security.web.access.ExceptionTranslationFilter@328df656, org.springframework.security.web.access.intercept.FilterSecurityInterceptor@f6f8cea]
