2022-11-23 11:21:36,560 WARN [restartedMain] org.springframework.boot.autoconfigure.orm.jpa.JpaBaseConfiguration$JpaWebConfiguration: spring.jpa.open-in-view is enabled by default. Therefore, database queries may be performed during view rendering. Explicitly configure spring.jpa.open-in-view to disable this warning
2022-11-23 11:21:36,713 INFO [restartedMain] com.exampleMainService.configurations.SecurityConfiguration: Allowed Roles: ADMIN,USER,MANAGER,SALEPERSON,II,newrole,newrole,newrole
2022-11-23 11:21:36,855 INFO [restartedMain] org.springframework.security.web.DefaultSecurityFilterChain: Will secure any request with [org.springframework.security.web.session.DisableEncodeUrlFilter@2e39862, org.springframework.security.web.context.request.async.WebAsyncManagerIntegrationFilter@20e6357b, org.springframework.security.web.context.SecurityContextPersistenceFilter@792bd76, org.springframework.security.web.header.HeaderWriterFilter@437ab6ac, org.springframework.web.filter.CorsFilter@180cae54, org.springframework.security.web.authentication.logout.LogoutFilter@5c13476c, org.springframework.security.oauth2.client.web.OAuth2AuthorizationRequestRedirectFilter@553dadee, org.springframework.security.oauth2.client.web.OAuth2LoginAuthenticationFilter@67bb47ef, org.springframework.security.web.authentication.ui.DefaultLoginPageGeneratingFilter@76a1bf9f, org.springframework.security.web.authentication.ui.DefaultLogoutPageGeneratingFilter@25351685, org.springframework.security.web.authentication.www.BasicAuthenticationFilter@935724f, org.springframework.security.web.savedrequest.RequestCacheAwareFilter@7d98bf2a, org.springframework.security.web.servletapi.SecurityContextHolderAwareRequestFilter@6bc1a9e3, org.springframework.security.web.authentication.AnonymousAuthenticationFilter@3b0baac9, org.springframework.security.web.session.SessionManagementFilter@4eca66f2, org.springframework.security.web.access.ExceptionTranslationFilter@6ee2824c, org.springframework.security.web.access.intercept.FilterSecurityInterceptor@562e13bd]
2022-11-23 11:21:36,956 WARN [restartedMain] org.springframework.boot.autoconfigure.thymeleaf.ThymeleafAutoConfiguration$DefaultTemplateResolverConfiguration: Cannot find template location: classpath:/templates/ (please add some templates or check your Thymeleaf configuration)
2022-11-23 11:21:36,957 INFO [Thread-29] org.springframework.orm.jpa.LocalContainerEntityManagerFactoryBean: Closing JPA EntityManagerFactory for persistence unit 'default'
2022-11-23 11:21:36,961 INFO [Thread-29] com.zaxxer.hikari.HikariDataSource: HikariPool-8 - Shutdown initiated...
2022-11-23 11:21:36,985 INFO [Thread-29] com.zaxxer.hikari.HikariDataSource: HikariPool-8 - Shutdown completed.
2022-11-23 11:21:37,045 WARN [restartedMain] org.springframework.boot.devtools.autoconfigure.OptionalLiveReloadServer: Unable to start LiveReload server
2022-11-23 11:21:37,077 INFO [restartedMain] org.springframework.boot.web.embedded.tomcat.TomcatWebServer: Tomcat started on port(s): 8080 (http) with context path ''
2022-11-23 11:21:37,086 INFO [restartedMain] com.exampleMainService.MainServiceApplication: Started MainServiceApplication in 1.391 seconds (JVM running for 4218.871)
2022-11-23 11:21:37,089 INFO [restartedMain] org.springframework.boot.devtools.autoconfigure.ConditionEvaluationDeltaLoggingListener: Condition evaluation unchanged
2022-11-23 11:21:37,707 INFO [Thread-29] org.springframework.orm.jpa.LocalContainerEntityManagerFactoryBean: Closing JPA EntityManagerFactory for persistence unit 'default'
2022-11-23 11:21:37,708 INFO [Thread-29] com.zaxxer.hikari.HikariDataSource: HikariPool-10 - Shutdown initiated...
2022-11-23 11:21:37,730 INFO [Thread-29] com.zaxxer.hikari.HikariDataSource: HikariPool-10 - Shutdown completed.
2022-11-23 11:21:37,894 INFO [restartedMain] com.exampleMainService.MainServiceApplication: Starting MainServiceApplication using Java 11.0.16 on Desktop-CDN-T480 with PID 1584 (D:\Tasks\MainService\target\classes started by T480 in D:\Tasks\MainService)
2022-11-23 11:21:37,895 INFO [restartedMain] com.exampleMainService.MainServiceApplication: No active profile set, falling back to 1 default profile: "default"
2022-11-23 11:21:38,261 INFO [restartedMain] org.springframework.data.repository.config.RepositoryConfigurationDelegate: Bootstrapping Spring Data JPA repositories in DEFAULT mode.
2022-11-23 11:21:38,292 INFO [restartedMain] org.springframework.data.repository.config.RepositoryConfigurationDelegate: Finished Spring Data repository scanning in 30 ms. Found 4 JPA repository interfaces.
2022-11-23 11:21:38,469 INFO [restartedMain] org.springframework.boot.web.embedded.tomcat.TomcatWebServer: Tomcat initialized with port(s): 8080 (http)
2022-11-23 11:21:38,470 INFO [restartedMain] org.apache.coyote.http11.Http11NioProtocol: Initializing ProtocolHandler ["http-nio-8080"]
2022-11-23 11:21:38,471 INFO [restartedMain] org.apache.catalina.core.StandardService: Starting service [Tomcat]
2022-11-23 11:21:38,471 INFO [restartedMain] org.apache.catalina.core.StandardEngine: Starting Servlet engine: [Apache Tomcat/9.0.65]
2022-11-23 11:21:38,520 INFO [restartedMain] org.apache.catalina.core.ContainerBase.[Tomcat-3].[localhost].[/]: Initializing Spring embedded WebApplicationContext
2022-11-23 11:21:38,520 INFO [restartedMain] org.springframework.boot.web.servlet.context.ServletWebServerApplicationContext: Root WebApplicationContext: initialization completed in 622 ms
2022-11-23 11:21:38,605 INFO [restartedMain] org.hibernate.jpa.internal.util.LogHelper: HHH000204: Processing PersistenceUnitInfo [name: default]
2022-11-23 11:21:38,617 INFO [restartedMain] com.zaxxer.hikari.HikariDataSource: HikariPool-11 - Starting...
2022-11-23 11:21:38,637 INFO [restartedMain] com.zaxxer.hikari.HikariDataSource: HikariPool-11 - Start completed.
2022-11-23 11:21:38,638 INFO [restartedMain] org.hibernate.dialect.Dialect: HHH000400: Using dialect: org.hibernate.dialect.MySQL8Dialect
2022-11-23 11:21:38,707 INFO [restartedMain] org.hibernate.engine.transaction.jta.platform.internal.JtaPlatformInitiator: HHH000490: Using JtaPlatform implementation: [org.hibernate.engine.transaction.jta.platform.internal.NoJtaPlatform]
2022-11-23 11:21:38,707 INFO [restartedMain] org.springframework.orm.jpa.LocalContainerEntityManagerFactoryBean: Initialized JPA EntityManagerFactory for persistence unit 'default'
2022-11-23 11:21:38,822 WARN [restartedMain] org.springframework.boot.autoconfigure.orm.jpa.JpaBaseConfiguration$JpaWebConfiguration: spring.jpa.open-in-view is enabled by default. Therefore, database queries may be performed during view rendering. Explicitly configure spring.jpa.open-in-view to disable this warning
2022-11-23 11:21:38,990 INFO [restartedMain] com.exampleMainService.configurations.SecurityConfiguration: Allowed Roles: ADMIN,USER,MANAGER,SALEPERSON,II,newrole,newrole,newrole
2022-11-23 11:21:39,157 INFO [restartedMain] org.springframework.security.web.DefaultSecurityFilterChain: Will secure any request with [org.springframework.security.web.session.DisableEncodeUrlFilter@518d3c9, org.springframework.security.web.context.request.async.WebAsyncManagerIntegrationFilter@7600ab94, org.springframework.security.web.context.SecurityContextPersistenceFilter@7cb1650, org.springframework.security.web.header.HeaderWriterFilter@2415ddcb, org.springframework.web.filter.CorsFilter@254cf794, org.springframework.security.web.authentication.logout.LogoutFilter@52d7aaa4, org.springframework.security.oauth2.client.web.OAuth2AuthorizationRequestRedirectFilter@6a37351d, org.springframework.security.oauth2.client.web.OAuth2LoginAuthenticationFilter@2f68290, org.springframework.security.web.authentication.ui.DefaultLoginPageGeneratingFilter@45cdf379, org.springframework.security.web.authentication.ui.DefaultLogoutPageGeneratingFilter@131813af, org.springframework.security.web.authentication.www.BasicAuthenticationFilter@5434ebfd, org.springframework.security.web.savedrequest.RequestCacheAwareFilter@23bd7936, org.springframework.security.web.servletapi.SecurityContextHolderAwareRequestFilter@29cc130f, org.springframework.security.web.authentication.AnonymousAuthenticationFilter@50dd1c9e, org.springframework.security.web.session.SessionManagementFilter@31ebb0c7, org.springframework.security.web.access.ExceptionTranslationFilter@79bbad22, org.springframework.security.web.access.intercept.FilterSecurityInterceptor@3ada71ea]
2022-11-23 11:21:39,259 WARN [restartedMain] org.springframework.boot.autoconfigure.thymeleaf.ThymeleafAutoConfiguration$DefaultTemplateResolverConfiguration: Cannot find template location: classpath:/templates/ (please add some templates or check your Thymeleaf configuration)
2022-11-23 11:21:39,368 WARN [restartedMain] org.springframework.boot.devtools.autoconfigure.OptionalLiveReloadServer: Unable to start LiveReload server
2022-11-23 11:21:39,398 INFO [restartedMain] org.apache.coyote.http11.Http11NioProtocol: Starting ProtocolHandler ["http-nio-8080"]
2022-11-23 11:21:39,402 INFO [restartedMain] org.springframework.boot.web.embedded.tomcat.TomcatWebServer: Tomcat started on port(s): 8080 (http) with context path ''
2022-11-23 11:21:39,414 INFO [restartedMain] com.exampleMainService.MainServiceApplication: Started MainServiceApplication in 1.581 seconds (JVM running for 4221.198)
2022-11-23 11:21:39,417 INFO [restartedMain] org.springframework.boot.devtools.autoconfigure.ConditionEvaluationDeltaLoggingListener: Condition evaluation unchanged
2022-11-23 11:21:46,069 INFO [main] org.springframework.boot.test.context.SpringBootTestContextBootstrapper: Neither @ContextConfiguration nor @ContextHierarchy found for test class [DepartmentClientTest], using SpringBootContextLoader
2022-11-23 11:21:46,086 INFO [main] org.springframework.test.context.support.AbstractContextLoader: Could not detect default resource locations for test class [DepartmentClientTest]: no resource found for suffixes {-context.xml, Context.groovy}.
2022-11-23 11:21:46,756 INFO [main] org.springframework.boot.test.context.SpringBootTestContextBootstrapper: Loaded default TestExecutionListener class names from location [META-INF/spring.factories]: [org.springframework.boot.test.mock.mockito.MockitoTestExecutionListener, org.springframework.boot.test.mock.mockito.ResetMocksTestExecutionListener, org.springframework.boot.test.autoconfigure.restdocs.RestDocsTestExecutionListener, org.springframework.boot.test.autoconfigure.web.client.MockRestServiceServerResetTestExecutionListener, org.springframework.boot.test.autoconfigure.web.servlet.MockMvcPrintOnlyOnFailureTestExecutionListener, org.springframework.boot.test.autoconfigure.web.servlet.WebDriverTestExecutionListener, org.springframework.boot.test.autoconfigure.webservices.client.MockWebServiceServerTestExecutionListener, org.springframework.test.context.web.ServletTestExecutionListener, org.springframework.test.context.support.DirtiesContextBeforeModesTestExecutionListener, org.springframework.test.context.event.ApplicationEventsTestExecutionListener, org.springframework.test.context.support.DependencyInjectionTestExecutionListener, org.springframework.test.context.support.DirtiesContextTestExecutionListener, org.springframework.test.context.transaction.TransactionalTestExecutionListener, org.springframework.test.context.jdbc.SqlScriptsTestExecutionListener, org.springframework.test.context.event.EventPublishingTestExecutionListener, org.springframework.security.test.context.support.WithSecurityContextTestExecutionListener, org.springframework.security.test.context.support.ReactorContextTestExecutionListener]
2022-11-23 11:21:46,817 INFO [main] org.springframework.boot.test.context.SpringBootTestContextBootstrapper: Using TestExecutionListeners: [org.springframework.test.context.web.ServletTestExecutionListener@5b6813df, org.springframework.test.context.support.DirtiesContextBeforeModesTestExecutionListener@5f2606b, org.springframework.test.context.event.ApplicationEventsTestExecutionListener@2b58f754, org.springframework.boot.test.mock.mockito.MockitoTestExecutionListener@3ebff828, org.springframework.boot.test.autoconfigure.SpringBootDependencyInjectionTestExecutionListener@2552f2cb, org.springframework.test.context.support.DirtiesContextTestExecutionListener@33352f32, org.springframework.test.context.transaction.TransactionalTestExecutionListener@5f3b9c57, org.springframework.test.context.jdbc.SqlScriptsTestExecutionListener@1e044120, org.springframework.test.context.event.EventPublishingTestExecutionListener@2cf23c81, org.springframework.security.test.context.support.WithSecurityContextTestExecutionListener@3624da92, org.springframework.security.test.context.support.ReactorContextTestExecutionListener@35fe2125, org.springframework.boot.test.mock.mockito.ResetMocksTestExecutionListener@94f6bfb, org.springframework.boot.test.autoconfigure.restdocs.RestDocsTestExecutionListener@34645867, org.springframework.boot.test.autoconfigure.web.client.MockRestServiceServerResetTestExecutionListener@2484f433, org.springframework.boot.test.autoconfigure.web.servlet.MockMvcPrintOnlyOnFailureTestExecutionListener@60b71e8f, org.springframework.boot.test.autoconfigure.web.servlet.WebDriverTestExecutionListener@1255b1d1, org.springframework.boot.test.autoconfigure.webservices.client.MockWebServiceServerTestExecutionListener@464649c]
2022-11-23 11:21:48,223 INFO [main] DepartmentClientTest: Starting DepartmentClientTest using Java 11.0.16 on Desktop-CDN-T480 with PID 27572 (started by T480 in D:\Tasks\MainService)
2022-11-23 11:21:48,227 INFO [main] DepartmentClientTest: No active profile set, falling back to 1 default profile: "default"
2022-11-23 11:21:48,261 INFO [background-preinit] org.hibernate.validator.internal.util.Version: HV000001: Hibernate Validator 6.2.3.Final
2022-11-23 11:21:50,035 INFO [main] org.springframework.data.repository.config.RepositoryConfigurationDelegate: Bootstrapping Spring Data JPA repositories in DEFAULT mode.
2022-11-23 11:21:50,153 INFO [main] org.springframework.data.repository.config.RepositoryConfigurationDelegate: Finished Spring Data repository scanning in 96 ms. Found 4 JPA repository interfaces.
2022-11-23 11:21:51,938 INFO [main] org.hibernate.jpa.internal.util.LogHelper: HHH000204: Processing PersistenceUnitInfo [name: default]
2022-11-23 11:21:52,204 INFO [main] org.hibernate.Version: HHH000412: Hibernate ORM core version 5.6.10.Final
2022-11-23 11:21:52,617 INFO [main] org.hibernate.annotations.common.Version: HCANN000001: Hibernate Commons Annotations {5.1.2.Final}
2022-11-23 11:21:53,653 INFO [main] com.zaxxer.hikari.HikariDataSource: HikariPool-1 - Starting...
2022-11-23 11:21:54,412 INFO [main] com.zaxxer.hikari.HikariDataSource: HikariPool-1 - Start completed.
2022-11-23 11:21:54,470 INFO [main] org.hibernate.dialect.Dialect: HHH000400: Using dialect: org.hibernate.dialect.MySQL8Dialect
2022-11-23 11:21:55,851 INFO [main] org.hibernate.engine.transaction.jta.platform.internal.JtaPlatformInitiator: HHH000490: Using JtaPlatform implementation: [org.hibernate.engine.transaction.jta.platform.internal.NoJtaPlatform]
2022-11-23 11:21:55,865 INFO [main] org.springframework.orm.jpa.LocalContainerEntityManagerFactoryBean: Initialized JPA EntityManagerFactory for persistence unit 'default'
2022-11-23 11:21:56,758 WARN [main] org.springframework.boot.autoconfigure.orm.jpa.JpaBaseConfiguration$JpaWebConfiguration: spring.jpa.open-in-view is enabled by default. Therefore, database queries may be performed during view rendering. Explicitly configure spring.jpa.open-in-view to disable this warning
2022-11-23 11:21:57,964 INFO [main] com.exampleMainService.configurations.SecurityConfiguration: Allowed Roles: ADMIN,USER,MANAGER,SALEPERSON,II,newrole,newrole,newrole
2022-11-23 11:21:59,734 INFO [main] org.springframework.security.web.DefaultSecurityFilterChain: Will secure any request with [org.springframework.security.web.session.DisableEncodeUrlFilter@31ce271c, org.springframework.security.web.context.request.async.WebAsyncManagerIntegrationFilter@b1d7b09, org.springframework.security.web.context.SecurityContextPersistenceFilter@157267db, org.springframework.security.web.header.HeaderWriterFilter@2d91147b, org.springframework.web.filter.CorsFilter@64faf3d, org.springframework.security.web.authentication.logout.LogoutFilter@19439ec4, org.springframework.security.oauth2.client.web.OAuth2AuthorizationRequestRedirectFilter@322399e6, org.springframework.security.oauth2.client.web.OAuth2LoginAuthenticationFilter@1e5921ec, org.springframework.security.web.authentication.ui.DefaultLoginPageGeneratingFilter@16160a37, org.springframework.security.web.authentication.ui.DefaultLogoutPageGeneratingFilter@3f523dae, org.springframework.security.web.authentication.www.BasicAuthenticationFilter@665c79a2, org.springframework.security.web.savedrequest.RequestCacheAwareFilter@69c335c4, org.springframework.security.web.servletapi.SecurityContextHolderAwareRequestFilter@6ad4ef13, org.springframework.security.web.authentication.AnonymousAuthenticationFilter@7fe40b9f, org.springframework.security.web.session.SessionManagementFilter@69af938b, org.springframework.security.web.access.ExceptionTranslationFilter@2446597e, org.springframework.security.web.access.intercept.FilterSecurityInterceptor@235d46b2]
2022-11-23 11:22:00,513 WARN [main] org.springframework.boot.autoconfigure.thymeleaf.ThymeleafAutoConfiguration$DefaultTemplateResolverConfiguration: Cannot find template location: classpath:/templates/ (please add some templates or check your Thymeleaf configuration)
2022-11-23 11:22:01,100 INFO [main] DepartmentClientTest: Started DepartmentClientTest in 13.836 seconds (JVM running for 17.909)
2022-11-23 11:22:01,995 INFO [main] com.exampleMainService.clients.DepartmentClient: {"id":"0", "timestamp":"1669184521834", "username":"admin", "requestURL":"http://localhost:8081/department/save", "responseCode":"200", "message":"Department saved.", "status":"Success", "meta":{"id":0,"name":"newDep"}}
2022-11-23 11:22:02,078 INFO [main] DepartmentClientTest: Logging Response: {"id":180,"name":"newDep"}
2022-11-23 11:22:02,415 INFO [SpringApplicationShutdownHook] org.springframework.orm.jpa.LocalContainerEntityManagerFactoryBean: Closing JPA EntityManagerFactory for persistence unit 'default'
2022-11-23 11:22:02,419 INFO [SpringApplicationShutdownHook] com.zaxxer.hikari.HikariDataSource: HikariPool-1 - Shutdown initiated...
2022-11-23 11:22:02,459 INFO [SpringApplicationShutdownHook] com.zaxxer.hikari.HikariDataSource: HikariPool-1 - Shutdown completed.
