2022-11-21 16:58:46,231 DEBUG [http-nio-8080-exec-10] org.springframework.security.web.FilterChainProxy: Securing GET /department/get
2022-11-21 16:58:46,233 DEBUG [http-nio-8080-exec-8] org.springframework.security.web.FilterChainProxy: Securing GET /role/role?role=7p2hjuuB0xobcC%2FWSCKjOA%3D%3D
2022-11-21 16:58:46,336 DEBUG [http-nio-8080-exec-8] org.springframework.security.web.FilterChainProxy: Secured GET /role/role?role=7p2hjuuB0xobcC%2FWSCKjOA%3D%3D
2022-11-21 16:58:46,336 INFO [http-nio-8080-exec-8] filters.com.exampleMainService.PermissionFilter: Inside doFilter method.
2022-11-21 16:58:46,336 INFO [http-nio-8080-exec-8] filters.com.exampleMainService.PermissionFilter: Request method: GET
2022-11-21 16:58:46,336 INFO [http-nio-8080-exec-8] filters.com.exampleMainService.PermissionFilter: ROLE_USER
2022-11-21 16:58:46,340 DEBUG [http-nio-8080-exec-10] org.springframework.security.web.FilterChainProxy: Secured GET /department/get
2022-11-21 16:58:46,375 INFO [http-nio-8080-exec-10] filters.com.exampleMainService.PermissionFilter: Inside doFilter method.
2022-11-21 16:58:46,375 INFO [http-nio-8080-exec-10] filters.com.exampleMainService.PermissionFilter: Request method: GET
2022-11-21 16:58:46,375 INFO [http-nio-8080-exec-10] filters.com.exampleMainService.PermissionFilter: ROLE_USER
2022-11-21 16:58:46,382 DEBUG [http-nio-8080-exec-7] org.springframework.security.web.FilterChainProxy: Securing GET /role/role?role=7p2hjuuB0xobcC%2FWSCKjOA%3D%3D
2022-11-21 16:58:46,395 INFO [http-nio-8080-exec-10] clients.com.exampleMainService.DepartmentClient: {"id":"0", "timestamp":"1669031926379", "username":"user", "requestURL":"http://localhost:8081/department/get", "responseCode":"200", "message":"List of Departments received.", "status":"Success", "meta":}
2022-11-21 16:58:46,405 DEBUG [http-nio-8080-exec-6] org.springframework.security.web.FilterChainProxy: Securing GET /department/get
2022-11-21 16:58:46,497 DEBUG [http-nio-8080-exec-7] org.springframework.security.web.FilterChainProxy: Secured GET /role/role?role=7p2hjuuB0xobcC%2FWSCKjOA%3D%3D
2022-11-21 16:58:46,497 INFO [http-nio-8080-exec-7] filters.com.exampleMainService.PermissionFilter: Inside doFilter method.
2022-11-21 16:58:46,498 INFO [http-nio-8080-exec-7] filters.com.exampleMainService.PermissionFilter: Request method: GET
2022-11-21 16:58:46,498 INFO [http-nio-8080-exec-7] filters.com.exampleMainService.PermissionFilter: ROLE_USER
2022-11-21 16:58:46,505 DEBUG [http-nio-8080-exec-4] org.springframework.security.web.FilterChainProxy: Securing GET /role/role?role=7p2hjuuB0xobcC%2FWSCKjOA%3D%3D
2022-11-21 16:58:46,521 DEBUG [http-nio-8080-exec-6] org.springframework.security.web.FilterChainProxy: Secured GET /department/get
2022-11-21 16:58:46,522 INFO [http-nio-8080-exec-6] filters.com.exampleMainService.PermissionFilter: Inside doFilter method.
2022-11-21 16:58:46,522 INFO [http-nio-8080-exec-6] filters.com.exampleMainService.PermissionFilter: Request method: GET
2022-11-21 16:58:46,522 INFO [http-nio-8080-exec-6] filters.com.exampleMainService.PermissionFilter: ROLE_USER
2022-11-21 16:58:46,530 INFO [http-nio-8080-exec-6] clients.com.exampleMainService.DepartmentClient: {"id":"0", "timestamp":"1669031926525", "username":"user", "requestURL":"http://localhost:8081/department/get", "responseCode":"200", "message":"List of Departments received.", "status":"Success", "meta":}
2022-11-21 16:58:46,600 DEBUG [http-nio-8080-exec-4] org.springframework.security.web.FilterChainProxy: Secured GET /role/role?role=7p2hjuuB0xobcC%2FWSCKjOA%3D%3D
2022-11-21 16:58:46,600 INFO [http-nio-8080-exec-4] filters.com.exampleMainService.PermissionFilter: Inside doFilter method.
2022-11-21 16:58:46,600 INFO [http-nio-8080-exec-4] filters.com.exampleMainService.PermissionFilter: Request method: GET
2022-11-21 16:58:46,600 INFO [http-nio-8080-exec-4] filters.com.exampleMainService.PermissionFilter: ROLE_USER
2022-11-21 16:58:46,606 DEBUG [http-nio-8080-exec-9] org.springframework.security.web.FilterChainProxy: Securing GET /role/role?role=7p2hjuuB0xobcC%2FWSCKjOA%3D%3D
2022-11-21 16:58:46,693 DEBUG [http-nio-8080-exec-9] org.springframework.security.web.FilterChainProxy: Secured GET /role/role?role=7p2hjuuB0xobcC%2FWSCKjOA%3D%3D
2022-11-21 16:58:46,693 INFO [http-nio-8080-exec-9] filters.com.exampleMainService.PermissionFilter: Inside doFilter method.
2022-11-21 16:58:46,693 INFO [http-nio-8080-exec-9] filters.com.exampleMainService.PermissionFilter: Request method: GET
2022-11-21 16:58:46,694 INFO [http-nio-8080-exec-9] filters.com.exampleMainService.PermissionFilter: ROLE_USER
2022-11-21 16:58:48,785 DEBUG [http-nio-8080-exec-5] org.springframework.security.web.FilterChainProxy: Securing GET /assets/vendors/css/vendor.bundle.base.css
2022-11-21 16:58:48,786 DEBUG [http-nio-8080-exec-5] org.springframework.security.web.FilterChainProxy: Secured GET /assets/vendors/css/vendor.bundle.base.css
2022-11-21 16:58:48,786 INFO [http-nio-8080-exec-5] filters.com.exampleMainService.PermissionFilter: Inside doFilter method.
2022-11-21 16:58:48,786 INFO [http-nio-8080-exec-5] filters.com.exampleMainService.PermissionFilter: Request method: GET
2022-11-21 16:58:48,786 INFO [http-nio-8080-exec-5] filters.com.exampleMainService.PermissionFilter: ROLE_ADMIN
2022-11-21 16:58:48,799 DEBUG [http-nio-8080-exec-5] org.springframework.security.web.FilterChainProxy: Securing GET /error
2022-11-21 16:58:48,799 DEBUG [http-nio-8080-exec-5] org.springframework.security.web.FilterChainProxy: Secured GET /error
2022-11-21 16:58:49,186 DEBUG [http-nio-8080-exec-3] org.springframework.security.web.FilterChainProxy: Securing GET /assets/vendors/css/vendor.bundle.base.css
2022-11-21 16:58:49,187 DEBUG [http-nio-8080-exec-3] org.springframework.security.web.FilterChainProxy: Secured GET /assets/vendors/css/vendor.bundle.base.css
2022-11-21 16:58:49,187 INFO [http-nio-8080-exec-3] filters.com.exampleMainService.PermissionFilter: Inside doFilter method.
2022-11-21 16:58:49,187 INFO [http-nio-8080-exec-3] filters.com.exampleMainService.PermissionFilter: Request method: GET
2022-11-21 16:58:49,187 INFO [http-nio-8080-exec-3] filters.com.exampleMainService.PermissionFilter: ROLE_ADMIN
2022-11-21 16:58:49,190 DEBUG [http-nio-8080-exec-3] org.springframework.security.web.FilterChainProxy: Securing GET /error
2022-11-21 16:58:49,190 DEBUG [http-nio-8080-exec-3] org.springframework.security.web.FilterChainProxy: Secured GET /error
2022-11-21 16:58:49,719 DEBUG [http-nio-8080-exec-1] org.springframework.security.web.FilterChainProxy: Securing GET /department/get
2022-11-21 16:58:49,726 DEBUG [http-nio-8080-exec-2] org.springframework.security.web.FilterChainProxy: Securing GET /role/role?role=7p2hjuuB0xobcC%2FWSCKjOA%3D%3D
2022-11-21 16:58:49,744 DEBUG [http-nio-8080-exec-8] org.springframework.security.web.FilterChainProxy: Securing GET /role/roles
2022-11-21 16:58:49,860 DEBUG [http-nio-8080-exec-1] org.springframework.security.web.FilterChainProxy: Secured GET /department/get
2022-11-21 16:58:49,860 INFO [http-nio-8080-exec-1] filters.com.exampleMainService.PermissionFilter: Inside doFilter method.
2022-11-21 16:58:49,861 INFO [http-nio-8080-exec-1] filters.com.exampleMainService.PermissionFilter: Request method: GET
2022-11-21 16:58:49,861 INFO [http-nio-8080-exec-1] filters.com.exampleMainService.PermissionFilter: ROLE_USER
2022-11-21 16:58:49,871 INFO [http-nio-8080-exec-1] clients.com.exampleMainService.DepartmentClient: {"id":"0", "timestamp":"1669031929864", "username":"user", "requestURL":"http://localhost:8081/department/get", "responseCode":"200", "message":"List of Departments received.", "status":"Success", "meta":}
2022-11-21 16:58:49,873 DEBUG [http-nio-8080-exec-2] org.springframework.security.web.FilterChainProxy: Secured GET /role/role?role=7p2hjuuB0xobcC%2FWSCKjOA%3D%3D
2022-11-21 16:58:49,873 INFO [http-nio-8080-exec-2] filters.com.exampleMainService.PermissionFilter: Inside doFilter method.
2022-11-21 16:58:49,873 INFO [http-nio-8080-exec-2] filters.com.exampleMainService.PermissionFilter: Request method: GET
2022-11-21 16:58:49,873 INFO [http-nio-8080-exec-2] filters.com.exampleMainService.PermissionFilter: ROLE_USER
2022-11-21 16:58:49,880 DEBUG [http-nio-8080-exec-10] org.springframework.security.web.FilterChainProxy: Securing GET /department/get
2022-11-21 16:58:49,884 DEBUG [http-nio-8080-exec-7] org.springframework.security.web.FilterChainProxy: Securing GET /role/role?role=7p2hjuuB0xobcC%2FWSCKjOA%3D%3D
2022-11-21 16:58:49,892 DEBUG [http-nio-8080-exec-8] org.springframework.security.web.FilterChainProxy: Secured GET /role/roles
2022-11-21 16:58:49,892 INFO [http-nio-8080-exec-8] filters.com.exampleMainService.PermissionFilter: Inside doFilter method.
2022-11-21 16:58:49,892 INFO [http-nio-8080-exec-8] filters.com.exampleMainService.PermissionFilter: Request method: GET
2022-11-21 16:58:49,892 INFO [http-nio-8080-exec-8] filters.com.exampleMainService.PermissionFilter: ROLE_USER
2022-11-21 16:58:50,035 DEBUG [http-nio-8080-exec-10] org.springframework.security.web.FilterChainProxy: Secured GET /department/get
2022-11-21 16:58:50,035 DEBUG [http-nio-8080-exec-7] org.springframework.security.web.FilterChainProxy: Secured GET /role/role?role=7p2hjuuB0xobcC%2FWSCKjOA%3D%3D
2022-11-21 16:58:50,035 INFO [http-nio-8080-exec-10] filters.com.exampleMainService.PermissionFilter: Inside doFilter method.
2022-11-21 16:58:50,035 INFO [http-nio-8080-exec-7] filters.com.exampleMainService.PermissionFilter: Inside doFilter method.
2022-11-21 16:58:50,035 INFO [http-nio-8080-exec-10] filters.com.exampleMainService.PermissionFilter: Request method: GET
2022-11-21 16:58:50,035 INFO [http-nio-8080-exec-7] filters.com.exampleMainService.PermissionFilter: Request method: GET
2022-11-21 16:58:50,035 INFO [http-nio-8080-exec-10] filters.com.exampleMainService.PermissionFilter: ROLE_USER
2022-11-21 16:58:50,035 INFO [http-nio-8080-exec-7] filters.com.exampleMainService.PermissionFilter: ROLE_USER
2022-11-21 16:58:50,043 DEBUG [http-nio-8080-exec-6] org.springframework.security.web.FilterChainProxy: Securing GET /role/role?role=7p2hjuuB0xobcC%2FWSCKjOA%3D%3D
2022-11-21 16:58:50,044 INFO [http-nio-8080-exec-10] clients.com.exampleMainService.DepartmentClient: {"id":"0", "timestamp":"1669031930038", "username":"user", "requestURL":"http://localhost:8081/department/get", "responseCode":"200", "message":"List of Departments received.", "status":"Success", "meta":}
2022-11-21 16:58:50,163 DEBUG [http-nio-8080-exec-6] org.springframework.security.web.FilterChainProxy: Secured GET /role/role?role=7p2hjuuB0xobcC%2FWSCKjOA%3D%3D
2022-11-21 16:58:50,163 INFO [http-nio-8080-exec-6] filters.com.exampleMainService.PermissionFilter: Inside doFilter method.
2022-11-21 16:58:50,163 INFO [http-nio-8080-exec-6] filters.com.exampleMainService.PermissionFilter: Request method: GET
2022-11-21 16:58:50,163 INFO [http-nio-8080-exec-6] filters.com.exampleMainService.PermissionFilter: ROLE_USER
2022-11-21 16:58:50,169 DEBUG [http-nio-8080-exec-4] org.springframework.security.web.FilterChainProxy: Securing GET /role/role?role=7p2hjuuB0xobcC%2FWSCKjOA%3D%3D
2022-11-21 16:58:50,273 DEBUG [http-nio-8080-exec-4] org.springframework.security.web.FilterChainProxy: Secured GET /role/role?role=7p2hjuuB0xobcC%2FWSCKjOA%3D%3D
2022-11-21 16:58:50,273 INFO [http-nio-8080-exec-4] filters.com.exampleMainService.PermissionFilter: Inside doFilter method.
2022-11-21 16:58:50,273 INFO [http-nio-8080-exec-4] filters.com.exampleMainService.PermissionFilter: Request method: GET
