2022-12-21 17:30:37,651 INFO [http-nio-8082-exec-8] com.exampleMainService.filters.PermissionFilter: ROLE_ADMIN
2022-12-21 17:30:37,655 INFO [http-nio-8082-exec-8] com.exampleMainService.controllers.AuthenticatorController: Trying to generate the Authenticator String for user with username: admin
2022-12-21 17:30:40,114 DEBUG [http-nio-8082-exec-9] org.springframework.security.web.FilterChainProxy: Securing GET /assets/vendors/css/vendor.bundle.base.css
2022-12-21 17:30:40,116 DEBUG [http-nio-8082-exec-9] org.springframework.security.web.FilterChainProxy: Secured GET /assets/vendors/css/vendor.bundle.base.css
2022-12-21 17:30:40,117 INFO [http-nio-8082-exec-9] com.exampleMainService.filters.PermissionFilter: Inside doFilter method.
2022-12-21 17:30:40,117 INFO [http-nio-8082-exec-9] com.exampleMainService.filters.PermissionFilter: Request method: GET
2022-12-21 17:30:40,117 INFO [http-nio-8082-exec-9] com.exampleMainService.filters.PermissionFilter: ROLE_ADMIN
2022-12-21 17:30:40,127 DEBUG [http-nio-8082-exec-9] org.springframework.security.web.FilterChainProxy: Securing GET /error
2022-12-21 17:30:40,127 DEBUG [http-nio-8082-exec-9] org.springframework.security.web.FilterChainProxy: Secured GET /error
2022-12-21 17:30:40,402 DEBUG [http-nio-8082-exec-10] org.springframework.security.web.FilterChainProxy: Securing GET /assets/vendors/css/vendor.bundle.base.css
2022-12-21 17:30:40,403 DEBUG [http-nio-8082-exec-10] org.springframework.security.web.FilterChainProxy: Secured GET /assets/vendors/css/vendor.bundle.base.css
2022-12-21 17:30:40,403 INFO [http-nio-8082-exec-10] com.exampleMainService.filters.PermissionFilter: Inside doFilter method.
2022-12-21 17:30:40,403 INFO [http-nio-8082-exec-10] com.exampleMainService.filters.PermissionFilter: Request method: GET
2022-12-21 17:30:40,404 INFO [http-nio-8082-exec-10] com.exampleMainService.filters.PermissionFilter: ROLE_ADMIN
2022-12-21 17:30:40,414 DEBUG [http-nio-8082-exec-10] org.springframework.security.web.FilterChainProxy: Securing GET /error
2022-12-21 17:30:40,415 DEBUG [http-nio-8082-exec-10] org.springframework.security.web.FilterChainProxy: Secured GET /error
2022-12-21 17:30:40,772 DEBUG [http-nio-8082-exec-1] org.springframework.security.web.FilterChainProxy: Securing POST /authenticator/authenticatorString?username=admin&email=null
2022-12-21 17:30:40,880 DEBUG [http-nio-8082-exec-1] org.springframework.security.web.FilterChainProxy: Secured POST /authenticator/authenticatorString?username=admin&email=null
2022-12-21 17:30:40,880 INFO [http-nio-8082-exec-1] com.exampleMainService.filters.PermissionFilter: Inside doFilter method.
2022-12-21 17:30:40,880 INFO [http-nio-8082-exec-1] com.exampleMainService.filters.PermissionFilter: Request method: POST
2022-12-21 17:30:40,880 INFO [http-nio-8082-exec-1] com.exampleMainService.filters.PermissionFilter: ROLE_ADMIN
2022-12-21 17:30:40,884 INFO [http-nio-8082-exec-1] com.exampleMainService.controllers.AuthenticatorController: Trying to generate the Authenticator String for user with username: admin
2022-12-21 17:30:44,763 DEBUG [http-nio-8082-exec-2] org.springframework.security.web.FilterChainProxy: Securing GET /assets/vendors/css/vendor.bundle.base.css
2022-12-21 17:30:44,765 DEBUG [http-nio-8082-exec-2] org.springframework.security.web.FilterChainProxy: Secured GET /assets/vendors/css/vendor.bundle.base.css
2022-12-21 17:30:44,765 INFO [http-nio-8082-exec-2] com.exampleMainService.filters.PermissionFilter: Inside doFilter method.
2022-12-21 17:30:44,765 INFO [http-nio-8082-exec-2] com.exampleMainService.filters.PermissionFilter: Request method: GET
2022-12-21 17:30:44,765 INFO [http-nio-8082-exec-2] com.exampleMainService.filters.PermissionFilter: ROLE_ADMIN
2022-12-21 17:30:44,772 DEBUG [http-nio-8082-exec-2] org.springframework.security.web.FilterChainProxy: Securing GET /error
2022-12-21 17:30:44,772 DEBUG [http-nio-8082-exec-2] org.springframework.security.web.FilterChainProxy: Secured GET /error
2022-12-21 17:30:44,870 DEBUG [http-nio-8082-exec-3] org.springframework.security.web.FilterChainProxy: Securing GET /assets/vendors/css/vendor.bundle.base.css
2022-12-21 17:30:44,871 DEBUG [http-nio-8082-exec-3] org.springframework.security.web.FilterChainProxy: Secured GET /assets/vendors/css/vendor.bundle.base.css
2022-12-21 17:30:44,871 INFO [http-nio-8082-exec-3] com.exampleMainService.filters.PermissionFilter: Inside doFilter method.
2022-12-21 17:30:44,871 INFO [http-nio-8082-exec-3] com.exampleMainService.filters.PermissionFilter: Request method: GET
2022-12-21 17:30:44,871 INFO [http-nio-8082-exec-3] com.exampleMainService.filters.PermissionFilter: ROLE_ADMIN
2022-12-21 17:30:44,875 DEBUG [http-nio-8082-exec-3] org.springframework.security.web.FilterChainProxy: Securing GET /error
2022-12-21 17:30:44,875 DEBUG [http-nio-8082-exec-3] org.springframework.security.web.FilterChainProxy: Secured GET /error
2022-12-21 17:30:45,162 DEBUG [http-nio-8082-exec-4] org.springframework.security.web.FilterChainProxy: Securing POST /authenticator/authenticatorString?username=admin&email=null
2022-12-21 17:30:45,267 DEBUG [http-nio-8082-exec-4] org.springframework.security.web.FilterChainProxy: Secured POST /authenticator/authenticatorString?username=admin&email=null
2022-12-21 17:30:45,268 INFO [http-nio-8082-exec-4] com.exampleMainService.filters.PermissionFilter: Inside doFilter method.
2022-12-21 17:30:45,268 INFO [http-nio-8082-exec-4] com.exampleMainService.filters.PermissionFilter: Request method: POST
2022-12-21 17:30:45,268 INFO [http-nio-8082-exec-4] com.exampleMainService.filters.PermissionFilter: ROLE_ADMIN
2022-12-21 17:30:45,273 INFO [http-nio-8082-exec-4] com.exampleMainService.controllers.AuthenticatorController: Trying to generate the Authenticator String for user with username: admin
2022-12-21 17:31:59,962 DEBUG [http-nio-8082-exec-7] org.springframework.security.web.FilterChainProxy: Securing GET /user/getUsers
2022-12-21 17:32:00,059 DEBUG [http-nio-8082-exec-7] org.springframework.security.web.FilterChainProxy: Secured GET /user/getUsers
2022-12-21 17:32:00,059 INFO [http-nio-8082-exec-7] com.exampleMainService.filters.PermissionFilter: Inside doFilter method.
2022-12-21 17:32:00,059 INFO [http-nio-8082-exec-7] com.exampleMainService.filters.PermissionFilter: Request method: GET
2022-12-21 17:32:00,059 INFO [http-nio-8082-exec-7] com.exampleMainService.filters.PermissionFilter: ROLE_ADMIN
2022-12-21 17:32:00,065 INFO [http-nio-8082-exec-7] com.exampleMainService.controllers.AuthenticatorController: [{'username':'admin', 'password':'$2a$10$INYm8.ojdneZCPptupXHsunjde/2JbGR486L3qB2SPlQjS5r0Vsya', 'isEnabled':true, 'email':'admin@gmail.com', 'isTwoFactorEnabled':'false'}, {'username':'saadmunirmunir86@gmail.com', 'password':'$2a$10$WgqX.QhvEfigcrNcLdyjIOvuiLUQUFCNKsnVbetzi1Jkk6CGwLtmm', 'isEnabled':true, 'email':'saadmunirmunir86@gmail.com', 'isTwoFactorEnabled':'false'}]
2022-12-21 17:32:00,076 DEBUG [http-nio-8082-exec-8] org.springframework.security.web.FilterChainProxy: Securing GET /user/authority?username=f%2BRE%2BQs551ZAYxfg5GI30g%3D%3D
2022-12-21 17:32:00,077 DEBUG [http-nio-8082-exec-9] org.springframework.security.web.FilterChainProxy: Securing GET /user/validate?encodedPassword=H%2F2skjEl3j5cgjvzdIfJIgTasYqNADU10P%2FBFC9ik00RFfjWZKiXM5skibW1m05tjKa99P9t28CXuyxFSTvqkA%3D%3D&password=8zzRUtvOFfEroqP3N4hqGg%3D%3D
2022-12-21 17:32:00,172 DEBUG [http-nio-8082-exec-9] org.springframework.security.web.FilterChainProxy: Secured GET /user/validate?encodedPassword=H%2F2skjEl3j5cgjvzdIfJIgTasYqNADU10P%2FBFC9ik00RFfjWZKiXM5skibW1m05tjKa99P9t28CXuyxFSTvqkA%3D%3D&password=8zzRUtvOFfEroqP3N4hqGg%3D%3D
2022-12-21 17:32:00,172 INFO [http-nio-8082-exec-9] com.exampleMainService.filters.PermissionFilter: Inside doFilter method.
2022-12-21 17:32:00,172 INFO [http-nio-8082-exec-9] com.exampleMainService.filters.PermissionFilter: Request method: GET
2022-12-21 17:32:00,172 INFO [http-nio-8082-exec-9] com.exampleMainService.filters.PermissionFilter: ROLE_ADMIN
2022-12-21 17:32:00,176 DEBUG [http-nio-8082-exec-8] org.springframework.security.web.FilterChainProxy: Secured GET /user/authority?username=f%2BRE%2BQs551ZAYxfg5GI30g%3D%3D
2022-12-21 17:32:00,176 INFO [http-nio-8082-exec-8] com.exampleMainService.filters.PermissionFilter: Inside doFilter method.
2022-12-21 17:32:00,176 INFO [http-nio-8082-exec-8] com.exampleMainService.filters.PermissionFilter: Request method: GET
2022-12-21 17:32:00,176 INFO [http-nio-8082-exec-8] com.exampleMainService.filters.PermissionFilter: ROLE_ADMIN
2022-12-21 17:32:00,286 DEBUG [http-nio-8082-exec-10] org.springframework.security.web.FilterChainProxy: Securing GET /role/roles
2022-12-21 17:32:00,377 DEBUG [http-nio-8082-exec-10] org.springframework.security.web.FilterChainProxy: Secured GET /role/roles
2022-12-21 17:32:00,377 INFO [http-nio-8082-exec-10] com.exampleMainService.filters.PermissionFilter: Inside doFilter method.
2022-12-21 17:32:00,377 INFO [http-nio-8082-exec-10] com.exampleMainService.filters.PermissionFilter: Request method: GET
2022-12-21 17:32:00,377 INFO [http-nio-8082-exec-10] com.exampleMainService.filters.PermissionFilter: ROLE_ADMIN
2022-12-21 17:32:01,297 DEBUG [http-nio-8082-exec-1] org.springframework.security.web.FilterChainProxy: Securing OPTIONS /authenticator/authenticatorString?username=admin&email=admin%40gmail.com
2022-12-21 17:32:01,305 DEBUG [http-nio-8082-exec-2] org.springframework.security.web.FilterChainProxy: Securing POST /authenticator/authenticatorString?username=admin&email=admin%40gmail.com
2022-12-21 17:32:01,394 DEBUG [http-nio-8082-exec-2] org.springframework.security.web.FilterChainProxy: Secured POST /authenticator/authenticatorString?username=admin&email=admin%40gmail.com
2022-12-21 17:32:01,395 INFO [http-nio-8082-exec-2] com.exampleMainService.filters.PermissionFilter: Inside doFilter method.
2022-12-21 17:32:01,395 INFO [http-nio-8082-exec-2] com.exampleMainService.filters.PermissionFilter: Request method: POST
2022-12-21 17:32:01,395 INFO [http-nio-8082-exec-2] com.exampleMainService.filters.PermissionFilter: ROLE_ADMIN
2022-12-21 17:32:01,399 INFO [http-nio-8082-exec-2] com.exampleMainService.controllers.AuthenticatorController: Trying to generate the Authenticator String for user with username: admin
