2022-11-21 15:26:02,137 INFO [restartedMain] org.springframework.data.repository.config.RepositoryConfigurationDelegate: Bootstrapping Spring Data JPA repositories in DEFAULT mode.
2022-11-21 15:26:02,200 INFO [restartedMain] org.springframework.data.repository.config.RepositoryConfigurationDelegate: Finished Spring Data repository scanning in 52 ms. Found 4 JPA repository interfaces.
2022-11-21 15:26:03,289 INFO [restartedMain] org.springframework.boot.web.embedded.tomcat.TomcatWebServer: Tomcat initialized with port(s): 8080 (http)
2022-11-21 15:26:03,304 INFO [restartedMain] org.apache.coyote.http11.Http11NioProtocol: Initializing ProtocolHandler ["http-nio-8080"]
2022-11-21 15:26:03,305 INFO [restartedMain] org.apache.catalina.core.StandardService: Starting service [Tomcat]
2022-11-21 15:26:03,344 INFO [restartedMain] org.apache.catalina.core.StandardEngine: Starting Servlet engine: [Apache Tomcat/9.0.65]
2022-11-21 15:26:03,483 INFO [restartedMain] org.apache.catalina.core.ContainerBase.[Tomcat].[localhost].[/]: Initializing Spring embedded WebApplicationContext
2022-11-21 15:26:03,483 INFO [restartedMain] org.springframework.boot.web.servlet.context.ServletWebServerApplicationContext: Root WebApplicationContext: initialization completed in 2265 ms
2022-11-21 15:26:03,678 INFO [restartedMain] org.hibernate.jpa.internal.util.LogHelper: HHH000204: Processing PersistenceUnitInfo [name: default]
2022-11-21 15:26:03,719 INFO [restartedMain] org.hibernate.Version: HHH000412: Hibernate ORM core version 5.6.10.Final
2022-11-21 15:26:03,858 INFO [restartedMain] org.hibernate.annotations.common.Version: HCANN000001: Hibernate Commons Annotations {5.1.2.Final}
2022-11-21 15:26:03,949 INFO [restartedMain] com.zaxxer.hikari.HikariDataSource: HikariPool-1 - Starting...
2022-11-21 15:26:04,213 INFO [restartedMain] com.zaxxer.hikari.HikariDataSource: HikariPool-1 - Start completed.
2022-11-21 15:26:04,233 INFO [restartedMain] org.hibernate.dialect.Dialect: HHH000400: Using dialect: org.hibernate.dialect.MySQL8Dialect
2022-11-21 15:26:05,014 INFO [restartedMain] org.hibernate.engine.transaction.jta.platform.internal.JtaPlatformInitiator: HHH000490: Using JtaPlatform implementation: [org.hibernate.engine.transaction.jta.platform.internal.NoJtaPlatform]
2022-11-21 15:26:05,044 INFO [restartedMain] org.springframework.orm.jpa.LocalContainerEntityManagerFactoryBean: Initialized JPA EntityManagerFactory for persistence unit 'default'
2022-11-21 15:26:05,651 WARN [restartedMain] org.springframework.boot.autoconfigure.orm.jpa.JpaBaseConfiguration$JpaWebConfiguration: spring.jpa.open-in-view is enabled by default. Therefore, database queries may be performed during view rendering. Explicitly configure spring.jpa.open-in-view to disable this warning
2022-11-21 15:26:06,872 INFO [restartedMain] configurations.com.exampleMainService.SecurityConfiguration: Allowed Roles: ADMIN,USER,MANAGER,SALEPERSON,II,newrole
2022-11-21 15:26:07,178 INFO [restartedMain] org.springframework.security.web.DefaultSecurityFilterChain: Will secure any request with [org.springframework.security.web.session.DisableEncodeUrlFilter@5548caec, org.springframework.security.web.context.request.async.WebAsyncManagerIntegrationFilter@59aa0b99, org.springframework.security.web.context.SecurityContextPersistenceFilter@7d8a7a0b, org.springframework.security.web.header.HeaderWriterFilter@79ed160f, org.springframework.web.filter.CorsFilter@7164bab5, org.springframework.security.web.authentication.logout.LogoutFilter@1b03ad93, org.springframework.security.oauth2.client.web.OAuth2AuthorizationRequestRedirectFilter@43b1697a, org.springframework.security.oauth2.client.web.OAuth2LoginAuthenticationFilter@2f7348c9, org.springframework.security.web.authentication.ui.DefaultLoginPageGeneratingFilter@9168df5, org.springframework.security.web.authentication.ui.DefaultLogoutPageGeneratingFilter@fc78290, org.springframework.security.web.authentication.www.BasicAuthenticationFilter@5b23bdbb, org.springframework.security.web.savedrequest.RequestCacheAwareFilter@6fbb95c9, org.springframework.security.web.servletapi.SecurityContextHolderAwareRequestFilter@54011f0d, org.springframework.security.web.authentication.AnonymousAuthenticationFilter@1c4b262e, org.springframework.security.web.session.SessionManagementFilter@493c0850, org.springframework.security.web.access.ExceptionTranslationFilter@221c4dd1, org.springframework.security.web.access.intercept.FilterSecurityInterceptor@7968e202]
2022-11-21 15:26:07,313 WARN [restartedMain] org.springframework.boot.autoconfigure.thymeleaf.ThymeleafAutoConfiguration$DefaultTemplateResolverConfiguration: Cannot find template location: classpath:/templates/ (please add some templates or check your Thymeleaf configuration)
2022-11-21 15:26:07,523 WARN [restartedMain] org.springframework.boot.devtools.autoconfigure.OptionalLiveReloadServer: Unable to start LiveReload server
2022-11-21 15:26:07,553 INFO [restartedMain] org.apache.coyote.http11.Http11NioProtocol: Starting ProtocolHandler ["http-nio-8080"]
2022-11-21 15:26:07,574 INFO [restartedMain] org.springframework.boot.web.embedded.tomcat.TomcatWebServer: Tomcat started on port(s): 8080 (http) with context path ''
2022-11-21 15:26:07,587 INFO [restartedMain] com.exampleMainService.MainServiceApplication: Started MainServiceApplication in 7.007 seconds (JVM running for 8.8)
2022-11-21 15:26:18,575 INFO [SpringApplicationShutdownHook] org.springframework.orm.jpa.LocalContainerEntityManagerFactoryBean: Closing JPA EntityManagerFactory for persistence unit 'default'
2022-11-21 15:26:18,580 INFO [SpringApplicationShutdownHook] com.zaxxer.hikari.HikariDataSource: HikariPool-1 - Shutdown initiated...
2022-11-21 15:26:18,598 INFO [SpringApplicationShutdownHook] com.zaxxer.hikari.HikariDataSource: HikariPool-1 - Shutdown completed.
2022-11-21 15:26:26,420 INFO [restartedMain] com.exampleMainService.MainServiceApplication: Starting MainServiceApplication using Java 11.0.16 on Desktop-CDN-T480 with PID 22884 (D:\Tasks\MainService\target\classes started by T480 in D:\Tasks\MainService)
2022-11-21 15:26:26,424 INFO [restartedMain] com.exampleMainService.MainServiceApplication: No active profile set, falling back to 1 default profile: "default"
2022-11-21 15:26:26,486 INFO [restartedMain] org.springframework.boot.devtools.env.DevToolsPropertyDefaultsPostProcessor: Devtools property defaults active! Set 'spring.devtools.add-properties' to 'false' to disable
2022-11-21 15:26:26,487 INFO [restartedMain] org.springframework.boot.devtools.env.DevToolsPropertyDefaultsPostProcessor: For additional web related logging consider setting the 'logging.level.web' property to 'DEBUG'
2022-11-21 15:26:27,230 INFO [restartedMain] org.springframework.data.repository.config.RepositoryConfigurationDelegate: Bootstrapping Spring Data JPA repositories in DEFAULT mode.
2022-11-21 15:26:27,290 INFO [restartedMain] org.springframework.data.repository.config.RepositoryConfigurationDelegate: Finished Spring Data repository scanning in 52 ms. Found 4 JPA repository interfaces.
2022-11-21 15:26:27,898 INFO [restartedMain] org.springframework.boot.web.embedded.tomcat.TomcatWebServer: Tomcat initialized with port(s): 8080 (http)
2022-11-21 15:26:27,906 INFO [restartedMain] org.apache.coyote.http11.Http11NioProtocol: Initializing ProtocolHandler ["http-nio-8080"]
2022-11-21 15:26:27,906 INFO [restartedMain] org.apache.catalina.core.StandardService: Starting service [Tomcat]
2022-11-21 15:26:27,907 INFO [restartedMain] org.apache.catalina.core.StandardEngine: Starting Servlet engine: [Apache Tomcat/9.0.65]
2022-11-21 15:26:27,991 INFO [restartedMain] org.apache.catalina.core.ContainerBase.[Tomcat].[localhost].[/]: Initializing Spring embedded WebApplicationContext
2022-11-21 15:26:27,991 INFO [restartedMain] org.springframework.boot.web.servlet.context.ServletWebServerApplicationContext: Root WebApplicationContext: initialization completed in 1503 ms
2022-11-21 15:26:28,168 INFO [restartedMain] org.hibernate.jpa.internal.util.LogHelper: HHH000204: Processing PersistenceUnitInfo [name: default]
2022-11-21 15:26:28,213 INFO [restartedMain] org.hibernate.Version: HHH000412: Hibernate ORM core version 5.6.10.Final
2022-11-21 15:26:28,350 INFO [restartedMain] org.hibernate.annotations.common.Version: HCANN000001: Hibernate Commons Annotations {5.1.2.Final}
2022-11-21 15:26:28,441 INFO [restartedMain] com.zaxxer.hikari.HikariDataSource: HikariPool-1 - Starting...
2022-11-21 15:26:28,671 INFO [restartedMain] com.zaxxer.hikari.HikariDataSource: HikariPool-1 - Start completed.
2022-11-21 15:26:28,688 INFO [restartedMain] org.hibernate.dialect.Dialect: HHH000400: Using dialect: org.hibernate.dialect.MySQL8Dialect
2022-11-21 15:26:29,197 INFO [restartedMain] org.hibernate.engine.transaction.jta.platform.internal.JtaPlatformInitiator: HHH000490: Using JtaPlatform implementation: [org.hibernate.engine.transaction.jta.platform.internal.NoJtaPlatform]
2022-11-21 15:26:29,204 INFO [restartedMain] org.springframework.orm.jpa.LocalContainerEntityManagerFactoryBean: Initialized JPA EntityManagerFactory for persistence unit 'default'
2022-11-21 15:26:29,566 WARN [restartedMain] org.springframework.boot.autoconfigure.orm.jpa.JpaBaseConfiguration$JpaWebConfiguration: spring.jpa.open-in-view is enabled by default. Therefore, database queries may be performed during view rendering. Explicitly configure spring.jpa.open-in-view to disable this warning
2022-11-21 15:26:29,886 INFO [restartedMain] configurations.com.exampleMainService.SecurityConfiguration: Allowed Roles: ADMIN,USER,MANAGER,SALEPERSON,II,newrole
2022-11-21 15:26:30,139 INFO [restartedMain] org.springframework.security.web.DefaultSecurityFilterChain: Will secure any request with [org.springframework.security.web.session.DisableEncodeUrlFilter@18c03e9a, org.springframework.security.web.context.request.async.WebAsyncManagerIntegrationFilter@2b07356d, org.springframework.security.web.context.SecurityContextPersistenceFilter@671e607f, org.springframework.security.web.header.HeaderWriterFilter@4246246f, org.springframework.web.filter.CorsFilter@54e4519, org.springframework.security.web.authentication.logout.LogoutFilter@4bfc0882, org.springframework.security.oauth2.client.web.OAuth2AuthorizationRequestRedirectFilter@2aba39fb, org.springframework.security.oauth2.client.web.OAuth2LoginAuthenticationFilter@1e586678, org.springframework.security.web.authentication.ui.DefaultLoginPageGeneratingFilter@4c7bcb74, org.springframework.security.web.authentication.ui.DefaultLogoutPageGeneratingFilter@b477957, org.springframework.security.web.authentication.www.BasicAuthenticationFilter@7c177bd5, org.springframework.security.web.savedrequest.RequestCacheAwareFilter@7b48c147, org.springframework.security.web.servletapi.SecurityContextHolderAwareRequestFilter@2e8d2e16, org.springframework.security.web.authentication.AnonymousAuthenticationFilter@12eaa24b, org.springframework.security.web.session.SessionManagementFilter@166967b6, org.springframework.security.web.access.ExceptionTranslationFilter@319b8f73, org.springframework.security.web.access.intercept.FilterSecurityInterceptor@5edbe465]
