2022-11-21 18:33:38,202 INFO [http-nio-8080-exec-10] filters.com.exampleMainService.PermissionFilter: Request method: GET
2022-11-21 18:33:38,203 INFO [http-nio-8080-exec-10] filters.com.exampleMainService.PermissionFilter: ROLE_ADMIN
2022-11-21 18:34:01,951 DEBUG [http-nio-8080-exec-7] org.springframework.security.web.FilterChainProxy: Securing GET /assets/vendors/css/vendor.bundle.base.css
2022-11-21 18:34:01,952 DEBUG [http-nio-8080-exec-7] org.springframework.security.web.FilterChainProxy: Secured GET /assets/vendors/css/vendor.bundle.base.css
2022-11-21 18:34:01,952 INFO [http-nio-8080-exec-7] filters.com.exampleMainService.PermissionFilter: Inside doFilter method.
2022-11-21 18:34:01,952 INFO [http-nio-8080-exec-7] filters.com.exampleMainService.PermissionFilter: Request method: GET
2022-11-21 18:34:01,953 INFO [http-nio-8080-exec-7] filters.com.exampleMainService.PermissionFilter: ROLE_ADMIN
2022-11-21 18:34:01,958 DEBUG [http-nio-8080-exec-7] org.springframework.security.web.FilterChainProxy: Securing GET /error
2022-11-21 18:34:01,958 DEBUG [http-nio-8080-exec-7] org.springframework.security.web.FilterChainProxy: Secured GET /error
2022-11-21 18:34:03,338 DEBUG [http-nio-8080-exec-9] org.springframework.security.web.FilterChainProxy: Securing GET /assets/vendors/css/vendor.bundle.base.css
2022-11-21 18:34:03,339 DEBUG [http-nio-8080-exec-9] org.springframework.security.web.FilterChainProxy: Secured GET /assets/vendors/css/vendor.bundle.base.css
2022-11-21 18:34:03,339 INFO [http-nio-8080-exec-9] filters.com.exampleMainService.PermissionFilter: Inside doFilter method.
2022-11-21 18:34:03,339 INFO [http-nio-8080-exec-9] filters.com.exampleMainService.PermissionFilter: Request method: GET
2022-11-21 18:34:03,339 INFO [http-nio-8080-exec-9] filters.com.exampleMainService.PermissionFilter: ROLE_ADMIN
2022-11-21 18:34:03,342 DEBUG [http-nio-8080-exec-9] org.springframework.security.web.FilterChainProxy: Securing GET /error
2022-11-21 18:34:03,342 DEBUG [http-nio-8080-exec-9] org.springframework.security.web.FilterChainProxy: Secured GET /error
2022-11-21 18:34:03,676 DEBUG [http-nio-8080-exec-5] org.springframework.security.web.FilterChainProxy: Securing GET /user/getUsers
2022-11-21 18:34:03,692 DEBUG [http-nio-8080-exec-1] org.springframework.security.web.FilterChainProxy: Securing GET /role/roles
2022-11-21 18:34:03,701 DEBUG [http-nio-8080-exec-3] org.springframework.security.web.FilterChainProxy: Securing GET /role/role?role=oxUgusR8Q5E3MJawvOa2PA%3D%3D
2022-11-21 18:34:03,799 DEBUG [http-nio-8080-exec-5] org.springframework.security.web.FilterChainProxy: Secured GET /user/getUsers
2022-11-21 18:34:03,799 INFO [http-nio-8080-exec-5] filters.com.exampleMainService.PermissionFilter: Inside doFilter method.
2022-11-21 18:34:03,799 INFO [http-nio-8080-exec-5] filters.com.exampleMainService.PermissionFilter: Request method: GET
2022-11-21 18:34:03,799 INFO [http-nio-8080-exec-5] filters.com.exampleMainService.PermissionFilter: ROLE_USER
2022-11-21 18:34:03,804 INFO [http-nio-8080-exec-5] controllers.com.exampleMainService.RoleController: [{'username':'2990099201282627', 'password':'$2a$10$9ytVIndPjSxYx/jf02nCh.V/dKHGiP0tpBQXriShiaEw906..RQoG', 'isEnabled':true, 'email':'no@gmail.com'}, {'username':'adil', 'password':'$2a$10$yf0oAAsJyQV8sUckmEj/FuYjA1KKqVxCHh2K2WfNKXkRGJSxr2D.2', 'isEnabled':true, 'email':'adil@h.com'}, {'username':'admin', 'password':'$2a$10$INYm8.ojdneZCPptupXHsunjde/2JbGR486L3qB2SPlQjS5r0Vsya', 'isEnabled':true, 'email':'null'}, {'username':'ammar', 'password':'$2a$10$xohRCSHQhx40DK8Or3QtKOS5DrjRGxEMmnolejOXbelD5SwMBTSFm', 'isEnabled':true, 'email':'ammar@gmail.com'}, {'username':'aneeskausar96@gmail.com', 'password':'$2a$10$2BKVdW7P0B0F6o/wEVmg7udVNjlHFO7Ltt.kiVXmWrdDNnIckgKHy', 'isEnabled':true, 'email':'aneeskausar96@gmail.com'}, {'username':'manager', 'password':'$2a$10$Y8/PggTOgkx/4yfOLpETDez4vDwCFF2evq34lxkFb9GvQAl9P4qeO', 'isEnabled':true, 'email':'manager@gmail.com'}, {'username':'muhammadmunir', 'password':'$2a$10$JtlPxCz9N9XQxZqHHic8He2OVlN36CgYfkjFfiG4hTyQN1OTXgCkG', 'isEnabled':true, 'email':'muhammadmunir646464@gmail.com'}, {'username':'muhammadmunir646464@gmail.com', 'password':'$2a$10$Ph.OdasnSJoySQyZcL3Xj.iUJnUz576jCr2Jr1BndtZIP8N2ZhIVG', 'isEnabled':true, 'email':'muhammadmunir646464@gmail.com'}, {'username':'munirsaad538@gmail.com', 'password':'$2a$10$7doE6rvLJBxiO/zpwu9fxeNOuBkKWxryru2RwfDRzfC7.EEtBn3Te', 'isEnabled':true, 'email':'munirsaad538@gmail.com'}, {'username':'new', 'password':'$2a$10$OcMFMZCfVXmSzX5z5N1rM.rxIJlZIDo3NmEwjyMwJA8pA2vsKyH7W', 'isEnabled':true, 'email':'new@gmail.com'}, {'username':'saadmunirmunir86@gmail.com', 'password':'$2a$10$o1itWC0IDXKCw4lmG9NlFuMUUIiRhP0AfGB3sOZgynyx3f8a0E/62', 'isEnabled':true, 'email':'saadmunirmunir86@gmail.com'}, {'username':'user', 'password':'$2a$10$pGBqZ0kdOf4VJbvEm04G9.f4aZRqYCeu61JTplHGZvgBUTWa9xmNS', 'isEnabled':true, 'email':'user@gmail.com'}]
2022-11-21 18:34:03,806 DEBUG [http-nio-8080-exec-4] org.springframework.security.web.FilterChainProxy: Securing GET /user/getUsers
2022-11-21 18:34:03,820 DEBUG [http-nio-8080-exec-1] org.springframework.security.web.FilterChainProxy: Secured GET /role/roles
2022-11-21 18:34:03,820 INFO [http-nio-8080-exec-1] filters.com.exampleMainService.PermissionFilter: Inside doFilter method.
2022-11-21 18:34:03,820 INFO [http-nio-8080-exec-1] filters.com.exampleMainService.PermissionFilter: Request method: GET
2022-11-21 18:34:03,820 INFO [http-nio-8080-exec-1] filters.com.exampleMainService.PermissionFilter: ROLE_USER
2022-11-21 18:34:03,826 DEBUG [http-nio-8080-exec-6] org.springframework.security.web.FilterChainProxy: Securing GET /role/roles
2022-11-21 18:34:03,831 DEBUG [http-nio-8080-exec-3] org.springframework.security.web.FilterChainProxy: Secured GET /role/role?role=oxUgusR8Q5E3MJawvOa2PA%3D%3D
2022-11-21 18:34:03,831 INFO [http-nio-8080-exec-3] filters.com.exampleMainService.PermissionFilter: Inside doFilter method.
2022-11-21 18:34:03,831 INFO [http-nio-8080-exec-3] filters.com.exampleMainService.PermissionFilter: Request method: GET
2022-11-21 18:34:03,831 INFO [http-nio-8080-exec-3] filters.com.exampleMainService.PermissionFilter: ROLE_USER
2022-11-21 18:34:03,925 DEBUG [http-nio-8080-exec-4] org.springframework.security.web.FilterChainProxy: Secured GET /user/getUsers
2022-11-21 18:34:03,925 INFO [http-nio-8080-exec-4] filters.com.exampleMainService.PermissionFilter: Inside doFilter method.
2022-11-21 18:34:03,925 INFO [http-nio-8080-exec-4] filters.com.exampleMainService.PermissionFilter: Request method: GET
2022-11-21 18:34:03,926 INFO [http-nio-8080-exec-4] filters.com.exampleMainService.PermissionFilter: ROLE_USER
2022-11-21 18:34:03,935 INFO [http-nio-8080-exec-4] controllers.com.exampleMainService.RoleController: [{'username':'2990099201282627', 'password':'$2a$10$9ytVIndPjSxYx/jf02nCh.V/dKHGiP0tpBQXriShiaEw906..RQoG', 'isEnabled':true, 'email':'no@gmail.com'}, {'username':'adil', 'password':'$2a$10$yf0oAAsJyQV8sUckmEj/FuYjA1KKqVxCHh2K2WfNKXkRGJSxr2D.2', 'isEnabled':true, 'email':'adil@h.com'}, {'username':'admin', 'password':'$2a$10$INYm8.ojdneZCPptupXHsunjde/2JbGR486L3qB2SPlQjS5r0Vsya', 'isEnabled':true, 'email':'null'}, {'username':'ammar', 'password':'$2a$10$xohRCSHQhx40DK8Or3QtKOS5DrjRGxEMmnolejOXbelD5SwMBTSFm', 'isEnabled':true, 'email':'ammar@gmail.com'}, {'username':'aneeskausar96@gmail.com', 'password':'$2a$10$2BKVdW7P0B0F6o/wEVmg7udVNjlHFO7Ltt.kiVXmWrdDNnIckgKHy', 'isEnabled':true, 'email':'aneeskausar96@gmail.com'}, {'username':'manager', 'password':'$2a$10$Y8/PggTOgkx/4yfOLpETDez4vDwCFF2evq34lxkFb9GvQAl9P4qeO', 'isEnabled':true, 'email':'manager@gmail.com'}, {'username':'muhammadmunir', 'password':'$2a$10$JtlPxCz9N9XQxZqHHic8He2OVlN36CgYfkjFfiG4hTyQN1OTXgCkG', 'isEnabled':true, 'email':'muhammadmunir646464@gmail.com'}, {'username':'muhammadmunir646464@gmail.com', 'password':'$2a$10$Ph.OdasnSJoySQyZcL3Xj.iUJnUz576jCr2Jr1BndtZIP8N2ZhIVG', 'isEnabled':true, 'email':'muhammadmunir646464@gmail.com'}, {'username':'munirsaad538@gmail.com', 'password':'$2a$10$7doE6rvLJBxiO/zpwu9fxeNOuBkKWxryru2RwfDRzfC7.EEtBn3Te', 'isEnabled':true, 'email':'munirsaad538@gmail.com'}, {'username':'new', 'password':'$2a$10$OcMFMZCfVXmSzX5z5N1rM.rxIJlZIDo3NmEwjyMwJA8pA2vsKyH7W', 'isEnabled':true, 'email':'new@gmail.com'}, {'username':'saadmunirmunir86@gmail.com', 'password':'$2a$10$o1itWC0IDXKCw4lmG9NlFuMUUIiRhP0AfGB3sOZgynyx3f8a0E/62', 'isEnabled':true, 'email':'saadmunirmunir86@gmail.com'}, {'username':'user', 'password':'$2a$10$pGBqZ0kdOf4VJbvEm04G9.f4aZRqYCeu61JTplHGZvgBUTWa9xmNS', 'isEnabled':true, 'email':'user@gmail.com'}]
2022-11-21 18:34:03,958 DEBUG [http-nio-8080-exec-6] org.springframework.security.web.FilterChainProxy: Secured GET /role/roles
2022-11-21 18:34:03,958 INFO [http-nio-8080-exec-6] filters.com.exampleMainService.PermissionFilter: Inside doFilter method.
2022-11-21 18:34:03,958 INFO [http-nio-8080-exec-6] filters.com.exampleMainService.PermissionFilter: Request method: GET
2022-11-21 18:34:03,959 INFO [http-nio-8080-exec-6] filters.com.exampleMainService.PermissionFilter: ROLE_USER
2022-11-21 18:34:05,571 DEBUG [http-nio-8080-exec-8] org.springframework.security.web.FilterChainProxy: Securing GET /role/roles
2022-11-21 18:34:05,588 DEBUG [http-nio-8080-exec-2] org.springframework.security.web.FilterChainProxy: Securing GET /role/role?role=oxUgusR8Q5E3MJawvOa2PA%3D%3D
2022-11-21 18:34:05,672 DEBUG [http-nio-8080-exec-8] org.springframework.security.web.FilterChainProxy: Secured GET /role/roles
2022-11-21 18:34:05,672 INFO [http-nio-8080-exec-8] filters.com.exampleMainService.PermissionFilter: Inside doFilter method.
2022-11-21 18:34:05,672 INFO [http-nio-8080-exec-8] filters.com.exampleMainService.PermissionFilter: Request method: GET
2022-11-21 18:34:05,672 INFO [http-nio-8080-exec-8] filters.com.exampleMainService.PermissionFilter: ROLE_USER
2022-11-21 18:34:05,680 DEBUG [http-nio-8080-exec-10] org.springframework.security.web.FilterChainProxy: Securing GET /role/roles
2022-11-21 18:34:05,683 DEBUG [http-nio-8080-exec-2] org.springframework.security.web.FilterChainProxy: Secured GET /role/role?role=oxUgusR8Q5E3MJawvOa2PA%3D%3D
2022-11-21 18:34:05,684 INFO [http-nio-8080-exec-2] filters.com.exampleMainService.PermissionFilter: Inside doFilter method.
2022-11-21 18:34:05,684 INFO [http-nio-8080-exec-2] filters.com.exampleMainService.PermissionFilter: Request method: GET
2022-11-21 18:34:05,684 INFO [http-nio-8080-exec-2] filters.com.exampleMainService.PermissionFilter: ROLE_USER
2022-11-21 18:34:05,771 DEBUG [http-nio-8080-exec-10] org.springframework.security.web.FilterChainProxy: Secured GET /role/roles
2022-11-21 18:34:05,771 INFO [http-nio-8080-exec-10] filters.com.exampleMainService.PermissionFilter: Inside doFilter method.
2022-11-21 18:34:05,771 INFO [http-nio-8080-exec-10] filters.com.exampleMainService.PermissionFilter: Request method: GET
2022-11-21 18:34:05,771 INFO [http-nio-8080-exec-10] filters.com.exampleMainService.PermissionFilter: ROLE_USER
2022-11-21 18:34:05,778 DEBUG [http-nio-8080-exec-7] org.springframework.security.web.FilterChainProxy: Securing GET /role/roles
2022-11-21 18:34:05,868 DEBUG [http-nio-8080-exec-7] org.springframework.security.web.FilterChainProxy: Secured GET /role/roles
2022-11-21 18:34:05,868 INFO [http-nio-8080-exec-7] filters.com.exampleMainService.PermissionFilter: Inside doFilter method.
2022-11-21 18:34:05,868 INFO [http-nio-8080-exec-7] filters.com.exampleMainService.PermissionFilter: Request method: GET
2022-11-21 18:34:05,868 INFO [http-nio-8080-exec-7] filters.com.exampleMainService.PermissionFilter: ROLE_USER
