2022-11-23 10:11:21,723 INFO [restartedMain] com.exampleMainService.MainServiceApplication: Starting MainServiceApplication using Java 11.0.16 on Desktop-CDN-T480 with PID 1584 (D:\Tasks\MainService\target\classes started by T480 in D:\Tasks\MainService)
2022-11-23 10:11:21,726 INFO [background-preinit] org.hibernate.validator.internal.util.Version: HV000001: Hibernate Validator 6.2.3.Final
2022-11-23 10:11:21,731 INFO [restartedMain] com.exampleMainService.MainServiceApplication: No active profile set, falling back to 1 default profile: "default"
2022-11-23 10:11:21,799 INFO [restartedMain] org.springframework.boot.devtools.env.DevToolsPropertyDefaultsPostProcessor: Devtools property defaults active! Set 'spring.devtools.add-properties' to 'false' to disable
2022-11-23 10:11:21,800 INFO [restartedMain] org.springframework.boot.devtools.env.DevToolsPropertyDefaultsPostProcessor: For additional web related logging consider setting the 'logging.level.web' property to 'DEBUG'
2022-11-23 10:11:22,975 INFO [restartedMain] org.springframework.data.repository.config.RepositoryConfigurationDelegate: Bootstrapping Spring Data JPA repositories in DEFAULT mode.
2022-11-23 10:11:23,039 INFO [restartedMain] org.springframework.data.repository.config.RepositoryConfigurationDelegate: Finished Spring Data repository scanning in 55 ms. Found 4 JPA repository interfaces.
2022-11-23 10:11:24,310 INFO [restartedMain] org.springframework.boot.web.embedded.tomcat.TomcatWebServer: Tomcat initialized with port(s): 8080 (http)
2022-11-23 10:11:24,325 INFO [restartedMain] org.apache.coyote.http11.Http11NioProtocol: Initializing ProtocolHandler ["http-nio-8080"]
2022-11-23 10:11:24,326 INFO [restartedMain] org.apache.catalina.core.StandardService: Starting service [Tomcat]
2022-11-23 10:11:24,327 INFO [restartedMain] org.apache.catalina.core.StandardEngine: Starting Servlet engine: [Apache Tomcat/9.0.65]
2022-11-23 10:11:24,533 INFO [restartedMain] org.apache.catalina.core.ContainerBase.[Tomcat].[localhost].[/]: Initializing Spring embedded WebApplicationContext
2022-11-23 10:11:24,534 INFO [restartedMain] org.springframework.boot.web.servlet.context.ServletWebServerApplicationContext: Root WebApplicationContext: initialization completed in 2733 ms
2022-11-23 10:11:24,853 INFO [restartedMain] org.hibernate.jpa.internal.util.LogHelper: HHH000204: Processing PersistenceUnitInfo [name: default]
2022-11-23 10:11:24,942 INFO [restartedMain] org.hibernate.Version: HHH000412: Hibernate ORM core version 5.6.10.Final
2022-11-23 10:11:25,289 INFO [restartedMain] org.hibernate.annotations.common.Version: HCANN000001: Hibernate Commons Annotations {5.1.2.Final}
2022-11-23 10:11:25,435 INFO [restartedMain] com.zaxxer.hikari.HikariDataSource: HikariPool-1 - Starting...
2022-11-23 10:11:25,913 INFO [restartedMain] com.zaxxer.hikari.HikariDataSource: HikariPool-1 - Start completed.
2022-11-23 10:11:25,940 INFO [restartedMain] org.hibernate.dialect.Dialect: HHH000400: Using dialect: org.hibernate.dialect.MySQL8Dialect
2022-11-23 10:11:27,072 INFO [restartedMain] org.hibernate.engine.transaction.jta.platform.internal.JtaPlatformInitiator: HHH000490: Using JtaPlatform implementation: [org.hibernate.engine.transaction.jta.platform.internal.NoJtaPlatform]
2022-11-23 10:11:27,102 INFO [restartedMain] org.springframework.orm.jpa.LocalContainerEntityManagerFactoryBean: Initialized JPA EntityManagerFactory for persistence unit 'default'
2022-11-23 10:11:27,816 WARN [restartedMain] org.springframework.boot.autoconfigure.orm.jpa.JpaBaseConfiguration$JpaWebConfiguration: spring.jpa.open-in-view is enabled by default. Therefore, database queries may be performed during view rendering. Explicitly configure spring.jpa.open-in-view to disable this warning
2022-11-23 10:11:28,286 INFO [restartedMain] com.exampleMainService.configurations.SecurityConfiguration: Allowed Roles: ADMIN,USER,MANAGER,SALEPERSON,II,newrole,newrole,newrole
2022-11-23 10:11:28,648 INFO [restartedMain] org.springframework.security.web.DefaultSecurityFilterChain: Will secure any request with [org.springframework.security.web.session.DisableEncodeUrlFilter@47690253, org.springframework.security.web.context.request.async.WebAsyncManagerIntegrationFilter@58f9fd46, org.springframework.security.web.context.SecurityContextPersistenceFilter@184387cc, org.springframework.security.web.header.HeaderWriterFilter@7fb6b8d, org.springframework.web.filter.CorsFilter@727f65e0, org.springframework.security.web.authentication.logout.LogoutFilter@206292bb, org.springframework.security.oauth2.client.web.OAuth2AuthorizationRequestRedirectFilter@27a6f9b7, org.springframework.security.oauth2.client.web.OAuth2LoginAuthenticationFilter@582e99bc, org.springframework.security.web.authentication.ui.DefaultLoginPageGeneratingFilter@73ee7dc3, org.springframework.security.web.authentication.ui.DefaultLogoutPageGeneratingFilter@3a3d3f3b, org.springframework.security.web.authentication.www.BasicAuthenticationFilter@2b25eeda, org.springframework.security.web.savedrequest.RequestCacheAwareFilter@68d15341, org.springframework.security.web.servletapi.SecurityContextHolderAwareRequestFilter@2fc26b71, org.springframework.security.web.authentication.AnonymousAuthenticationFilter@35c9d9b5, org.springframework.security.web.session.SessionManagementFilter@b08a57a, org.springframework.security.web.access.ExceptionTranslationFilter@7d33743f, org.springframework.security.web.access.intercept.FilterSecurityInterceptor@24b8ae0f]
2022-11-23 10:11:28,839 WARN [restartedMain] org.springframework.boot.autoconfigure.thymeleaf.ThymeleafAutoConfiguration$DefaultTemplateResolverConfiguration: Cannot find template location: classpath:/templates/ (please add some templates or check your Thymeleaf configuration)
2022-11-23 10:11:29,192 WARN [restartedMain] org.springframework.boot.devtools.autoconfigure.OptionalLiveReloadServer: Unable to start LiveReload server
2022-11-23 10:11:29,434 INFO [restartedMain] org.apache.coyote.http11.Http11NioProtocol: Starting ProtocolHandler ["http-nio-8080"]
2022-11-23 10:11:29,486 INFO [restartedMain] org.springframework.boot.web.embedded.tomcat.TomcatWebServer: Tomcat started on port(s): 8080 (http) with context path ''
2022-11-23 10:11:29,510 INFO [restartedMain] com.exampleMainService.MainServiceApplication: Started MainServiceApplication in 8.448 seconds (JVM running for 11.295)
2022-11-23 10:15:18,030 INFO [http-nio-8080-exec-1] org.apache.catalina.core.ContainerBase.[Tomcat].[localhost].[/]: Initializing Spring DispatcherServlet 'dispatcherServlet'
2022-11-23 10:15:18,030 INFO [http-nio-8080-exec-1] org.springframework.web.servlet.DispatcherServlet: Initializing Servlet 'dispatcherServlet'
2022-11-23 10:15:18,032 INFO [http-nio-8080-exec-1] org.springframework.web.servlet.DispatcherServlet: Completed initialization in 2 ms
2022-11-23 10:15:18,044 DEBUG [http-nio-8080-exec-1] org.springframework.security.web.FilterChainProxy: Securing GET /assets/vendors/css/vendor.bundle.base.css
2022-11-23 10:15:18,616 WARN [http-nio-8080-exec-1] org.apache.catalina.util.SessionIdGeneratorBase: Creation of SecureRandom instance for session ID generation using [SHA1PRNG] took [521] milliseconds.
2022-11-23 10:15:18,630 DEBUG [http-nio-8080-exec-1] org.springframework.security.web.FilterChainProxy: Securing GET /error
2022-11-23 10:15:18,631 DEBUG [http-nio-8080-exec-1] org.springframework.security.web.FilterChainProxy: Secured GET /error
2022-11-23 10:15:24,602 DEBUG [http-nio-8080-exec-2] org.springframework.security.web.FilterChainProxy: Securing GET /assets/vendors/css/vendor.bundle.base.css
2022-11-23 10:15:24,807 DEBUG [http-nio-8080-exec-2] org.springframework.security.web.FilterChainProxy: Secured GET /assets/vendors/css/vendor.bundle.base.css
2022-11-23 10:15:24,808 INFO [http-nio-8080-exec-2] com.exampleMainService.filters.PermissionFilter: Inside doFilter method.
2022-11-23 10:15:24,808 INFO [http-nio-8080-exec-2] com.exampleMainService.filters.PermissionFilter: Request method: GET
2022-11-23 10:15:24,809 INFO [http-nio-8080-exec-2] com.exampleMainService.filters.PermissionFilter: ROLE_ADMIN
2022-11-23 10:15:24,828 DEBUG [http-nio-8080-exec-2] org.springframework.security.web.FilterChainProxy: Securing GET /error
2022-11-23 10:15:24,828 DEBUG [http-nio-8080-exec-2] org.springframework.security.web.FilterChainProxy: Secured GET /error
2022-11-23 10:15:36,641 DEBUG [http-nio-8080-exec-5] org.springframework.security.web.FilterChainProxy: Securing GET /assets/vendors/css/vendor.bundle.base.css
2022-11-23 10:15:36,644 DEBUG [http-nio-8080-exec-5] org.springframework.security.web.FilterChainProxy: Securing GET /error
2022-11-23 10:15:36,645 DEBUG [http-nio-8080-exec-5] org.springframework.security.web.FilterChainProxy: Secured GET /error
2022-11-23 10:15:38,086 DEBUG [http-nio-8080-exec-6] org.springframework.security.web.FilterChainProxy: Securing GET /assets/vendors/css/vendor.bundle.base.css
2022-11-23 10:15:38,182 DEBUG [http-nio-8080-exec-6] org.springframework.security.web.FilterChainProxy: Secured GET /assets/vendors/css/vendor.bundle.base.css
2022-11-23 10:15:38,182 INFO [http-nio-8080-exec-6] com.exampleMainService.filters.PermissionFilter: Inside doFilter method.
2022-11-23 10:15:38,182 INFO [http-nio-8080-exec-6] com.exampleMainService.filters.PermissionFilter: Request method: GET
2022-11-23 10:15:38,182 INFO [http-nio-8080-exec-6] com.exampleMainService.filters.PermissionFilter: ROLE_ADMIN
2022-11-23 10:15:38,192 DEBUG [http-nio-8080-exec-6] org.springframework.security.web.FilterChainProxy: Securing GET /error
2022-11-23 10:15:38,193 DEBUG [http-nio-8080-exec-6] org.springframework.security.web.FilterChainProxy: Secured GET /error
2022-11-23 10:15:49,360 DEBUG [http-nio-8080-exec-3] org.springframework.security.web.FilterChainProxy: Securing OPTIONS /user/getUsers
2022-11-23 10:15:49,371 DEBUG [http-nio-8080-exec-4] org.springframework.security.web.FilterChainProxy: Securing GET /user/getUsers
2022-11-23 10:15:49,465 DEBUG [http-nio-8080-exec-4] org.springframework.security.web.FilterChainProxy: Secured GET /user/getUsers
2022-11-23 10:15:49,465 INFO [http-nio-8080-exec-4] com.exampleMainService.filters.PermissionFilter: Inside doFilter method.
2022-11-23 10:15:49,465 INFO [http-nio-8080-exec-4] com.exampleMainService.filters.PermissionFilter: Request method: GET
2022-11-23 10:15:49,465 INFO [http-nio-8080-exec-4] com.exampleMainService.filters.PermissionFilter: ROLE_ADMIN
2022-11-23 10:15:49,487 INFO [http-nio-8080-exec-4] com.exampleMainService.controllers.RoleController: [{'username':'2990099201282627', 'password':'$2a$10$9ytVIndPjSxYx/jf02nCh.V/dKHGiP0tpBQXriShiaEw906..RQoG', 'isEnabled':true, 'email':'no@gmail.com'}, {'username':'adil', 'password':'$2a$10$yf0oAAsJyQV8sUckmEj/FuYjA1KKqVxCHh2K2WfNKXkRGJSxr2D.2', 'isEnabled':true, 'email':'adil@h.com'}, {'username':'admin', 'password':'$2a$10$INYm8.ojdneZCPptupXHsunjde/2JbGR486L3qB2SPlQjS5r0Vsya', 'isEnabled':true, 'email':'null'}, {'username':'ammar', 'password':'$2a$10$xohRCSHQhx40DK8Or3QtKOS5DrjRGxEMmnolejOXbelD5SwMBTSFm', 'isEnabled':true, 'email':'ammar@gmail.com'}, {'username':'aneeskausar96@gmail.com', 'password':'$2a$10$2BKVdW7P0B0F6o/wEVmg7udVNjlHFO7Ltt.kiVXmWrdDNnIckgKHy', 'isEnabled':true, 'email':'aneeskausar96@gmail.com'}, {'username':'manager', 'password':'$2a$10$Y8/PggTOgkx/4yfOLpETDez4vDwCFF2evq34lxkFb9GvQAl9P4qeO', 'isEnabled':true, 'email':'manager@gmail.com'}, {'username':'muhammadmunir', 'password':'$2a$10$JtlPxCz9N9XQxZqHHic8He2OVlN36CgYfkjFfiG4hTyQN1OTXgCkG', 'isEnabled':true, 'email':'muhammadmunir646464@gmail.com'}, {'username':'muhammadmunir646464@gmail.com', 'password':'$2a$10$Ph.OdasnSJoySQyZcL3Xj.iUJnUz576jCr2Jr1BndtZIP8N2ZhIVG', 'isEnabled':true, 'email':'muhammadmunir646464@gmail.com'}, {'username':'munirsaad538@gmail.com', 'password':'$2a$10$7doE6rvLJBxiO/zpwu9fxeNOuBkKWxryru2RwfDRzfC7.EEtBn3Te', 'isEnabled':true, 'email':'munirsaad538@gmail.com'}, {'username':'new', 'password':'$2a$10$OcMFMZCfVXmSzX5z5N1rM.rxIJlZIDo3NmEwjyMwJA8pA2vsKyH7W', 'isEnabled':true, 'email':'new@gmail.com'}, {'username':'saadmunirmunir86@gmail.com', 'password':'$2a$10$o1itWC0IDXKCw4lmG9NlFuMUUIiRhP0AfGB3sOZgynyx3f8a0E/62', 'isEnabled':true, 'email':'saadmunirmunir86@gmail.com'}, {'username':'user', 'password':'$2a$10$GJGqwH6nWF1GfWfjPWZTL.t61ZcyKTAjPTpJlNMDKMSP7P67lbuGC', 'isEnabled':true, 'email':'user@gmail.com'}]
2022-11-23 10:15:49,501 DEBUG [http-nio-8080-exec-8] org.springframework.security.web.FilterChainProxy: Securing OPTIONS /user/authority?username=%2FmWl64WVJ6FmFdQoOYOApg%3D%3D
2022-11-23 10:15:49,503 DEBUG [http-nio-8080-exec-7] org.springframework.security.web.FilterChainProxy: Securing OPTIONS /user/validate?encodedPassword=A76QuFfGf%2Bfb2iwlp8rJ%2BHiPNNKzpY7SuVOgKndKoy1dT0vsPNxyZ3M7DIIiBuLaBB0lN40Sedz7twUzsuZ4iQ%3D%3D&password=O4JIgWmSKo2gW78maUoLhg%3D%3D
2022-11-23 10:15:49,505 DEBUG [http-nio-8080-exec-9] org.springframework.security.web.FilterChainProxy: Securing GET /user/authority?username=%2FmWl64WVJ6FmFdQoOYOApg%3D%3D
2022-11-23 10:15:49,508 DEBUG [http-nio-8080-exec-10] org.springframework.security.web.FilterChainProxy: Securing GET /user/validate?encodedPassword=A76QuFfGf%2Bfb2iwlp8rJ%2BHiPNNKzpY7SuVOgKndKoy1dT0vsPNxyZ3M7DIIiBuLaBB0lN40Sedz7twUzsuZ4iQ%3D%3D&password=O4JIgWmSKo2gW78maUoLhg%3D%3D
