2022-11-23 11:12:11,309 INFO [Thread-14] org.apache.coyote.http11.Http11NioProtocol: Pausing ProtocolHandler ["http-nio-8080"]
2022-11-23 11:12:11,315 INFO [Thread-14] org.apache.catalina.core.StandardService: Stopping service [Tomcat]
2022-11-23 11:12:11,323 INFO [Thread-14] org.apache.coyote.http11.Http11NioProtocol: Stopping ProtocolHandler ["http-nio-8080"]
2022-11-23 11:12:11,327 INFO [Thread-14] org.apache.coyote.http11.Http11NioProtocol: Destroying ProtocolHandler ["http-nio-8080"]
2022-11-23 11:12:11,332 INFO [Thread-14] org.springframework.orm.jpa.LocalContainerEntityManagerFactoryBean: Closing JPA EntityManagerFactory for persistence unit 'default'
2022-11-23 11:12:11,333 INFO [Thread-14] com.zaxxer.hikari.HikariDataSource: HikariPool-4 - Shutdown initiated...
2022-11-23 11:12:11,348 INFO [Thread-14] com.zaxxer.hikari.HikariDataSource: HikariPool-4 - Shutdown completed.
2022-11-23 11:12:11,451 INFO [restartedMain] org.springframework.boot.web.embedded.tomcat.TomcatWebServer: Tomcat initialized with port(s): 8080 (http)
2022-11-23 11:12:11,452 INFO [restartedMain] org.apache.coyote.http11.Http11NioProtocol: Initializing ProtocolHandler ["http-nio-8080"]
2022-11-23 11:12:11,452 INFO [restartedMain] org.apache.catalina.core.StandardService: Starting service [Tomcat]
2022-11-23 11:12:11,452 INFO [restartedMain] org.apache.catalina.core.StandardEngine: Starting Servlet engine: [Apache Tomcat/9.0.65]
2022-11-23 11:12:11,458 INFO [restartedMain] org.springframework.boot.devtools.env.DevToolsPropertyDefaultsPostProcessor: Devtools property defaults active! Set 'spring.devtools.add-properties' to 'false' to disable
2022-11-23 11:12:11,459 INFO [restartedMain] org.springframework.boot.devtools.env.DevToolsPropertyDefaultsPostProcessor: For additional web related logging consider setting the 'logging.level.web' property to 'DEBUG'
2022-11-23 11:12:11,467 INFO [restartedMain] com.exampleMainService.MainServiceApplication: Starting MainServiceApplication using Java 11.0.16 on Desktop-CDN-T480 with PID 1584 (D:\Tasks\MainService\target\classes started by T480 in D:\Tasks\MainService)
2022-11-23 11:12:11,468 INFO [restartedMain] com.exampleMainService.MainServiceApplication: No active profile set, falling back to 1 default profile: "default"
2022-11-23 11:12:11,497 INFO [restartedMain] org.apache.catalina.core.ContainerBase.[Tomcat-1].[localhost].[/]: Initializing Spring embedded WebApplicationContext
2022-11-23 11:12:11,497 INFO [restartedMain] org.springframework.boot.web.servlet.context.ServletWebServerApplicationContext: Root WebApplicationContext: initialization completed in 1062 ms
2022-11-23 11:12:11,558 INFO [restartedMain] org.hibernate.jpa.internal.util.LogHelper: HHH000204: Processing PersistenceUnitInfo [name: default]
2022-11-23 11:12:11,566 INFO [restartedMain] com.zaxxer.hikari.HikariDataSource: HikariPool-6 - Starting...
2022-11-23 11:12:11,585 INFO [restartedMain] com.zaxxer.hikari.HikariDataSource: HikariPool-6 - Start completed.
2022-11-23 11:12:11,585 INFO [restartedMain] org.hibernate.dialect.Dialect: HHH000400: Using dialect: org.hibernate.dialect.MySQL8Dialect
2022-11-23 11:12:11,673 INFO [restartedMain] org.hibernate.engine.transaction.jta.platform.internal.JtaPlatformInitiator: HHH000490: Using JtaPlatform implementation: [org.hibernate.engine.transaction.jta.platform.internal.NoJtaPlatform]
2022-11-23 11:12:11,673 INFO [restartedMain] org.springframework.orm.jpa.LocalContainerEntityManagerFactoryBean: Initialized JPA EntityManagerFactory for persistence unit 'default'
2022-11-23 11:12:11,882 WARN [restartedMain] org.springframework.boot.autoconfigure.orm.jpa.JpaBaseConfiguration$JpaWebConfiguration: spring.jpa.open-in-view is enabled by default. Therefore, database queries may be performed during view rendering. Explicitly configure spring.jpa.open-in-view to disable this warning
2022-11-23 11:12:11,955 INFO [restartedMain] org.springframework.data.repository.config.RepositoryConfigurationDelegate: Bootstrapping Spring Data JPA repositories in DEFAULT mode.
2022-11-23 11:12:11,997 INFO [restartedMain] org.springframework.data.repository.config.RepositoryConfigurationDelegate: Finished Spring Data repository scanning in 41 ms. Found 4 JPA repository interfaces.
2022-11-23 11:12:12,075 INFO [restartedMain] com.exampleMainService.configurations.SecurityConfiguration: Allowed Roles: ADMIN,USER,MANAGER,SALEPERSON,II,newrole,newrole,newrole
2022-11-23 11:12:12,223 INFO [restartedMain] org.springframework.boot.web.embedded.tomcat.TomcatWebServer: Tomcat initialized with port(s): 8080 (http)
2022-11-23 11:12:12,225 INFO [restartedMain] org.apache.coyote.http11.Http11NioProtocol: Initializing ProtocolHandler ["http-nio-8080"]
2022-11-23 11:12:12,225 INFO [restartedMain] org.apache.catalina.core.StandardService: Starting service [Tomcat]
2022-11-23 11:12:12,225 INFO [restartedMain] org.apache.catalina.core.StandardEngine: Starting Servlet engine: [Apache Tomcat/9.0.65]
2022-11-23 11:12:12,235 INFO [restartedMain] org.springframework.security.web.DefaultSecurityFilterChain: Will secure any request with [org.springframework.security.web.session.DisableEncodeUrlFilter@265b49de, org.springframework.security.web.context.request.async.WebAsyncManagerIntegrationFilter@58340d6b, org.springframework.security.web.context.SecurityContextPersistenceFilter@2b8f8d6d, org.springframework.security.web.header.HeaderWriterFilter@3eb608d4, org.springframework.web.filter.CorsFilter@4ac0016b, org.springframework.security.web.authentication.logout.LogoutFilter@4d5fe616, org.springframework.security.oauth2.client.web.OAuth2AuthorizationRequestRedirectFilter@7c2dc977, org.springframework.security.oauth2.client.web.OAuth2LoginAuthenticationFilter@160939d5, org.springframework.security.web.authentication.ui.DefaultLoginPageGeneratingFilter@605c214e, org.springframework.security.web.authentication.ui.DefaultLogoutPageGeneratingFilter@15585e77, org.springframework.security.web.authentication.www.BasicAuthenticationFilter@3bd8b93f, org.springframework.security.web.savedrequest.RequestCacheAwareFilter@67f86a0, org.springframework.security.web.servletapi.SecurityContextHolderAwareRequestFilter@881de13, org.springframework.security.web.authentication.AnonymousAuthenticationFilter@6931f0bb, org.springframework.security.web.session.SessionManagementFilter@27e9fb86, org.springframework.security.web.access.ExceptionTranslationFilter@1886ab6f, org.springframework.security.web.access.intercept.FilterSecurityInterceptor@1c52da74]
2022-11-23 11:12:12,272 INFO [restartedMain] org.apache.catalina.core.ContainerBase.[Tomcat-2].[localhost].[/]: Initializing Spring embedded WebApplicationContext
2022-11-23 11:12:12,272 INFO [restartedMain] org.springframework.boot.web.servlet.context.ServletWebServerApplicationContext: Root WebApplicationContext: initialization completed in 801 ms
2022-11-23 11:12:12,296 WARN [restartedMain] org.springframework.boot.autoconfigure.thymeleaf.ThymeleafAutoConfiguration$DefaultTemplateResolverConfiguration: Cannot find template location: classpath:/templates/ (please add some templates or check your Thymeleaf configuration)
2022-11-23 11:12:12,341 INFO [restartedMain] org.hibernate.jpa.internal.util.LogHelper: HHH000204: Processing PersistenceUnitInfo [name: default]
2022-11-23 11:12:12,350 INFO [restartedMain] com.zaxxer.hikari.HikariDataSource: HikariPool-7 - Starting...
2022-11-23 11:12:12,376 INFO [restartedMain] com.zaxxer.hikari.HikariDataSource: HikariPool-7 - Start completed.
2022-11-23 11:12:12,377 INFO [restartedMain] org.hibernate.dialect.Dialect: HHH000400: Using dialect: org.hibernate.dialect.MySQL8Dialect
2022-11-23 11:12:12,391 WARN [restartedMain] org.springframework.boot.devtools.autoconfigure.OptionalLiveReloadServer: Unable to start LiveReload server
2022-11-23 11:12:12,426 INFO [restartedMain] org.apache.coyote.http11.Http11NioProtocol: Starting ProtocolHandler ["http-nio-8080"]
2022-11-23 11:12:12,431 INFO [restartedMain] org.springframework.boot.web.embedded.tomcat.TomcatWebServer: Tomcat started on port(s): 8080 (http) with context path ''
2022-11-23 11:12:12,442 INFO [restartedMain] com.exampleMainService.MainServiceApplication: Started MainServiceApplication in 2.065 seconds (JVM running for 3654.227)
2022-11-23 11:12:12,445 INFO [restartedMain] org.springframework.boot.devtools.autoconfigure.ConditionEvaluationDeltaLoggingListener: Condition evaluation unchanged
2022-11-23 11:12:12,473 INFO [restartedMain] org.hibernate.engine.transaction.jta.platform.internal.JtaPlatformInitiator: HHH000490: Using JtaPlatform implementation: [org.hibernate.engine.transaction.jta.platform.internal.NoJtaPlatform]
2022-11-23 11:12:12,473 INFO [restartedMain] org.springframework.orm.jpa.LocalContainerEntityManagerFactoryBean: Initialized JPA EntityManagerFactory for persistence unit 'default'
2022-11-23 11:12:12,625 WARN [restartedMain] org.springframework.boot.autoconfigure.orm.jpa.JpaBaseConfiguration$JpaWebConfiguration: spring.jpa.open-in-view is enabled by default. Therefore, database queries may be performed during view rendering. Explicitly configure spring.jpa.open-in-view to disable this warning
2022-11-23 11:12:12,797 INFO [restartedMain] com.exampleMainService.configurations.SecurityConfiguration: Allowed Roles: ADMIN,USER,MANAGER,SALEPERSON,II,newrole,newrole,newrole
2022-11-23 11:12:12,928 INFO [restartedMain] org.springframework.security.web.DefaultSecurityFilterChain: Will secure any request with [org.springframework.security.web.session.DisableEncodeUrlFilter@176ccb56, org.springframework.security.web.context.request.async.WebAsyncManagerIntegrationFilter@1955ea56, org.springframework.security.web.context.SecurityContextPersistenceFilter@33dc28bd, org.springframework.security.web.header.HeaderWriterFilter@44e8d204, org.springframework.web.filter.CorsFilter@5bf39708, org.springframework.security.web.authentication.logout.LogoutFilter@297f2706, org.springframework.security.oauth2.client.web.OAuth2AuthorizationRequestRedirectFilter@79376a6e, org.springframework.security.oauth2.client.web.OAuth2LoginAuthenticationFilter@2a94db96, org.springframework.security.web.authentication.ui.DefaultLoginPageGeneratingFilter@68351ca2, org.springframework.security.web.authentication.ui.DefaultLogoutPageGeneratingFilter@57b7af8b, org.springframework.security.web.authentication.www.BasicAuthenticationFilter@8d0dcf9, org.springframework.security.web.savedrequest.RequestCacheAwareFilter@1a413a7a, org.springframework.security.web.servletapi.SecurityContextHolderAwareRequestFilter@183ba3c4, org.springframework.security.web.authentication.AnonymousAuthenticationFilter@26f0f850, org.springframework.security.web.session.SessionManagementFilter@2a2b4ab3, org.springframework.security.web.access.ExceptionTranslationFilter@2f30c09c, org.springframework.security.web.access.intercept.FilterSecurityInterceptor@557401fa]
2022-11-23 11:12:12,981 WARN [restartedMain] org.springframework.boot.autoconfigure.thymeleaf.ThymeleafAutoConfiguration$DefaultTemplateResolverConfiguration: Cannot find template location: classpath:/templates/ (please add some templates or check your Thymeleaf configuration)
2022-11-23 11:12:13,001 WARN [restartedMain] org.springframework.boot.web.servlet.context.AnnotationConfigServletWebServerApplicationContext: Exception encountered during context initialization - cancelling refresh attempt: org.springframework.beans.factory.BeanCreationException: Error creating bean with name 'springApplicationAdminRegistrar' defined in class path resource [org/springframework/boot/autoconfigure/admin/SpringApplicationAdminJmxAutoConfiguration.class]: Invocation of init method failed; nested exception is javax.management.InstanceAlreadyExistsException: org.springframework.boot:type=Admin,name=SpringApplication
