2022-12-22 12:24:51,370 INFO [http-nio-8082-exec-8] com.exampleMainService.filters.PermissionFilter: ROLE_ADMIN
2022-12-22 12:24:51,375 INFO [http-nio-8082-exec-8] com.exampleMainService.controllers.AuthenticatorController: Trying to validate the OTP: 118728 against the username: admin
2022-12-22 12:25:02,201 DEBUG [http-nio-8082-exec-7] org.springframework.security.web.FilterChainProxy: Securing OPTIONS /authenticator/validateOtp?username=admin&otp=163979
2022-12-22 12:25:02,205 DEBUG [http-nio-8082-exec-9] org.springframework.security.web.FilterChainProxy: Securing POST /authenticator/validateOtp?username=admin&otp=163979
2022-12-22 12:25:02,311 DEBUG [http-nio-8082-exec-9] org.springframework.security.web.FilterChainProxy: Secured POST /authenticator/validateOtp?username=admin&otp=163979
2022-12-22 12:25:02,350 INFO [http-nio-8082-exec-9] com.exampleMainService.filters.PermissionFilter: Inside doFilter method.
2022-12-22 12:25:02,350 INFO [http-nio-8082-exec-9] com.exampleMainService.filters.PermissionFilter: Request method: POST
2022-12-22 12:25:02,350 INFO [http-nio-8082-exec-9] com.exampleMainService.filters.PermissionFilter: ROLE_ADMIN
2022-12-22 12:25:02,354 INFO [http-nio-8082-exec-9] com.exampleMainService.controllers.AuthenticatorController: Trying to validate the OTP: 163979 against the username: admin
2022-12-22 12:25:06,995 DEBUG [http-nio-8082-exec-1] org.springframework.security.web.FilterChainProxy: Securing OPTIONS /authenticator/validateOtp?username=admin&otp=729561
2022-12-22 12:25:07,000 DEBUG [http-nio-8082-exec-10] org.springframework.security.web.FilterChainProxy: Securing POST /authenticator/validateOtp?username=admin&otp=729561
2022-12-22 12:25:07,126 DEBUG [http-nio-8082-exec-10] org.springframework.security.web.FilterChainProxy: Secured POST /authenticator/validateOtp?username=admin&otp=729561
2022-12-22 12:25:07,126 INFO [http-nio-8082-exec-10] com.exampleMainService.filters.PermissionFilter: Inside doFilter method.
2022-12-22 12:25:07,126 INFO [http-nio-8082-exec-10] com.exampleMainService.filters.PermissionFilter: Request method: POST
2022-12-22 12:25:07,126 INFO [http-nio-8082-exec-10] com.exampleMainService.filters.PermissionFilter: ROLE_ADMIN
2022-12-22 12:25:07,131 INFO [http-nio-8082-exec-10] com.exampleMainService.controllers.AuthenticatorController: Trying to validate the OTP: 729561 against the username: admin
2022-12-22 12:25:07,179 DEBUG [http-nio-8082-exec-2] org.springframework.security.web.FilterChainProxy: Securing GET /role/roles
2022-12-22 12:25:07,325 DEBUG [http-nio-8082-exec-2] org.springframework.security.web.FilterChainProxy: Secured GET /role/roles
2022-12-22 12:25:07,325 INFO [http-nio-8082-exec-2] com.exampleMainService.filters.PermissionFilter: Inside doFilter method.
2022-12-22 12:25:07,325 INFO [http-nio-8082-exec-2] com.exampleMainService.filters.PermissionFilter: Request method: GET
2022-12-22 12:25:07,325 INFO [http-nio-8082-exec-2] com.exampleMainService.filters.PermissionFilter: ROLE_ADMIN
2022-12-22 12:25:50,673 DEBUG [http-nio-8082-exec-5] org.springframework.security.web.FilterChainProxy: Securing OPTIONS /authenticator/validateOtp?username=admin&otp=479310
2022-12-22 12:25:50,677 DEBUG [http-nio-8082-exec-3] org.springframework.security.web.FilterChainProxy: Securing POST /authenticator/validateOtp?username=admin&otp=479310
2022-12-22 12:25:50,803 DEBUG [http-nio-8082-exec-3] org.springframework.security.web.FilterChainProxy: Secured POST /authenticator/validateOtp?username=admin&otp=479310
2022-12-22 12:25:50,804 INFO [http-nio-8082-exec-3] com.exampleMainService.filters.PermissionFilter: Inside doFilter method.
2022-12-22 12:25:50,804 INFO [http-nio-8082-exec-3] com.exampleMainService.filters.PermissionFilter: Request method: POST
2022-12-22 12:25:50,804 INFO [http-nio-8082-exec-3] com.exampleMainService.filters.PermissionFilter: ROLE_ADMIN
2022-12-22 12:25:50,807 INFO [http-nio-8082-exec-3] com.exampleMainService.controllers.AuthenticatorController: Trying to validate the OTP: 479310 against the username: admin
2022-12-22 12:25:50,863 DEBUG [http-nio-8082-exec-4] org.springframework.security.web.FilterChainProxy: Securing GET /role/roles
2022-12-22 12:25:51,001 DEBUG [http-nio-8082-exec-4] org.springframework.security.web.FilterChainProxy: Secured GET /role/roles
2022-12-22 12:25:51,002 INFO [http-nio-8082-exec-4] com.exampleMainService.filters.PermissionFilter: Inside doFilter method.
2022-12-22 12:25:51,002 INFO [http-nio-8082-exec-4] com.exampleMainService.filters.PermissionFilter: Request method: GET
2022-12-22 12:25:51,002 INFO [http-nio-8082-exec-4] com.exampleMainService.filters.PermissionFilter: ROLE_ADMIN
2022-12-22 12:26:01,278 DEBUG [http-nio-8082-exec-6] org.springframework.security.web.FilterChainProxy: Securing OPTIONS /user/save?username=YzFO%2BExR%2BPyMjNMVDwj3u0Iqb8sueEJjFmR%2FTE53RlA%3D&enabled=VLJC3Sc3lp3ZvoQYpRWpjw%3D%3D&password=YzFO%2BExR%2BPyMjNMVDwj3u0Iqb8sueEJjFmR%2FTE53RlA%3D&authority=%2BOp08E6JK%2F%2F34pPHnWYQ4w%3D%3D&email=utbiLHt2AqX8NNNQZvLIpQ%3D%3D
2022-12-22 12:26:01,283 DEBUG [http-nio-8082-exec-8] org.springframework.security.web.FilterChainProxy: Securing GET /role/roles
2022-12-22 12:26:01,295 DEBUG [http-nio-8082-exec-7] org.springframework.security.web.FilterChainProxy: Securing PUT /user/save?username=YzFO%2BExR%2BPyMjNMVDwj3u0Iqb8sueEJjFmR%2FTE53RlA%3D&enabled=VLJC3Sc3lp3ZvoQYpRWpjw%3D%3D&password=YzFO%2BExR%2BPyMjNMVDwj3u0Iqb8sueEJjFmR%2FTE53RlA%3D&authority=%2BOp08E6JK%2F%2F34pPHnWYQ4w%3D%3D&email=utbiLHt2AqX8NNNQZvLIpQ%3D%3D
2022-12-22 12:26:01,465 DEBUG [http-nio-8082-exec-8] org.springframework.security.web.FilterChainProxy: Securing GET /error
2022-12-22 12:26:01,471 DEBUG [http-nio-8082-exec-7] org.springframework.security.web.FilterChainProxy: Secured PUT /user/save?username=YzFO%2BExR%2BPyMjNMVDwj3u0Iqb8sueEJjFmR%2FTE53RlA%3D&enabled=VLJC3Sc3lp3ZvoQYpRWpjw%3D%3D&password=YzFO%2BExR%2BPyMjNMVDwj3u0Iqb8sueEJjFmR%2FTE53RlA%3D&authority=%2BOp08E6JK%2F%2F34pPHnWYQ4w%3D%3D&email=utbiLHt2AqX8NNNQZvLIpQ%3D%3D
2022-12-22 12:26:01,471 INFO [http-nio-8082-exec-7] com.exampleMainService.filters.PermissionFilter: Inside doFilter method.
2022-12-22 12:26:01,471 INFO [http-nio-8082-exec-7] com.exampleMainService.filters.PermissionFilter: Request method: PUT
2022-12-22 12:26:01,471 INFO [http-nio-8082-exec-7] com.exampleMainService.filters.PermissionFilter: ROLE_ADMIN
2022-12-22 12:26:01,529 DEBUG [http-nio-8082-exec-9] org.springframework.security.web.FilterChainProxy: Securing OPTIONS /login
2022-12-22 12:26:01,627 INFO [http-nio-8082-exec-7] com.exampleMainService.controllers.AuthenticatorController: {'username':'2990099201282627', 'password':'$2a$10$DCpXCcJm/EALB.OLbwl3jej3xUZRbGGj27YoglBOww0H61ERwf90W', 'isEnabled':true, 'email':'no@gmail.com', 'isTwoFactorEnabled':'false'}
2022-12-22 12:26:01,627 INFO [http-nio-8082-exec-7] com.exampleMainService.controllers.AuthenticatorController: {'username':'2990099201282627', 'authority':'ROLE_USER'}
2022-12-22 12:26:01,635 DEBUG [http-nio-8082-exec-1] org.springframework.security.web.FilterChainProxy: Securing POST /mail
2022-12-22 12:26:01,636 DEBUG [http-nio-8082-exec-1] org.springframework.security.web.FilterChainProxy: Securing POST /error
2022-12-22 12:26:01,637 DEBUG [http-nio-8082-exec-1] org.springframework.security.web.FilterChainProxy: Secured POST /error
2022-12-22 12:26:01,638 ERROR [http-nio-8082-exec-7] com.exampleMainService.clients.EmailClient: Error: Unexpected response status: 401
2022-12-22 12:26:36,072 DEBUG [http-nio-8082-exec-10] org.springframework.security.web.FilterChainProxy: Securing OPTIONS /authenticator/authenticatorString?username=2990099201282627&email=no%40gmail.com
2022-12-22 12:26:36,079 DEBUG [http-nio-8082-exec-2] org.springframework.security.web.FilterChainProxy: Securing POST /authenticator/authenticatorString?username=2990099201282627&email=no%40gmail.com
2022-12-22 12:26:36,186 DEBUG [http-nio-8082-exec-2] org.springframework.security.web.FilterChainProxy: Secured POST /authenticator/authenticatorString?username=2990099201282627&email=no%40gmail.com
2022-12-22 12:26:36,187 INFO [http-nio-8082-exec-2] com.exampleMainService.filters.PermissionFilter: Inside doFilter method.
2022-12-22 12:26:36,187 INFO [http-nio-8082-exec-2] com.exampleMainService.filters.PermissionFilter: Request method: POST
2022-12-22 12:26:36,187 INFO [http-nio-8082-exec-2] com.exampleMainService.filters.PermissionFilter: ROLE_USER
2022-12-22 12:26:36,191 INFO [http-nio-8082-exec-2] com.exampleMainService.controllers.AuthenticatorController: Trying to generate the Authenticator String for user with username: 2990099201282627
2022-12-22 12:28:57,514 DEBUG [http-nio-8082-exec-6] org.springframework.security.web.FilterChainProxy: Securing GET /assets/vendors/css/vendor.bundle.base.css
2022-12-22 12:28:57,516 DEBUG [http-nio-8082-exec-6] org.springframework.security.web.FilterChainProxy: Secured GET /assets/vendors/css/vendor.bundle.base.css
2022-12-22 12:28:57,516 INFO [http-nio-8082-exec-6] com.exampleMainService.filters.PermissionFilter: Inside doFilter method.
2022-12-22 12:28:57,516 INFO [http-nio-8082-exec-6] com.exampleMainService.filters.PermissionFilter: Request method: GET
2022-12-22 12:28:57,516 INFO [http-nio-8082-exec-6] com.exampleMainService.filters.PermissionFilter: ROLE_ADMIN
2022-12-22 12:28:57,524 DEBUG [http-nio-8082-exec-6] org.springframework.security.web.FilterChainProxy: Securing GET /error
2022-12-22 12:28:57,524 DEBUG [http-nio-8082-exec-6] org.springframework.security.web.FilterChainProxy: Secured GET /error
2022-12-22 12:29:03,365 DEBUG [http-nio-8082-exec-8] org.springframework.security.web.FilterChainProxy: Securing GET /assets/vendors/css/vendor.bundle.base.css
2022-12-22 12:29:03,366 DEBUG [http-nio-8082-exec-8] org.springframework.security.web.FilterChainProxy: Secured GET /assets/vendors/css/vendor.bundle.base.css
2022-12-22 12:29:03,366 INFO [http-nio-8082-exec-8] com.exampleMainService.filters.PermissionFilter: Inside doFilter method.
2022-12-22 12:29:03,366 INFO [http-nio-8082-exec-8] com.exampleMainService.filters.PermissionFilter: Request method: GET
2022-12-22 12:29:03,366 INFO [http-nio-8082-exec-8] com.exampleMainService.filters.PermissionFilter: ROLE_ADMIN
2022-12-22 12:29:03,374 DEBUG [http-nio-8082-exec-8] org.springframework.security.web.FilterChainProxy: Securing GET /error
2022-12-22 12:29:03,374 DEBUG [http-nio-8082-exec-8] org.springframework.security.web.FilterChainProxy: Secured GET /error
2022-12-22 12:29:03,945 DEBUG [http-nio-8082-exec-9] org.springframework.security.web.FilterChainProxy: Securing POST /authenticator/authenticatorString?username=2990099201282627&email=no%40gmail.com
