2022-12-22 12:06:49,138 INFO [restartedMain] org.springframework.boot.web.embedded.tomcat.TomcatWebServer: Tomcat started on port(s): 8082 (http) with context path ''
2022-12-22 12:06:49,150 INFO [restartedMain] com.exampleMainService.MainServiceApplication: Started MainServiceApplication in 4.862 seconds (JVM running for 6.311)
2022-12-22 12:07:31,727 INFO [http-nio-8082-exec-1] org.apache.catalina.core.ContainerBase.[Tomcat].[localhost].[/]: Initializing Spring DispatcherServlet 'dispatcherServlet'
2022-12-22 12:07:31,728 INFO [http-nio-8082-exec-1] org.springframework.web.servlet.DispatcherServlet: Initializing Servlet 'dispatcherServlet'
2022-12-22 12:07:31,730 INFO [http-nio-8082-exec-1] org.springframework.web.servlet.DispatcherServlet: Completed initialization in 2 ms
2022-12-22 12:07:31,738 DEBUG [http-nio-8082-exec-1] org.springframework.security.web.FilterChainProxy: Securing GET /user/getUsers
2022-12-22 12:07:32,125 WARN [http-nio-8082-exec-1] org.apache.catalina.util.SessionIdGeneratorBase: Creation of SecureRandom instance for session ID generation using [SHA1PRNG] took [188] milliseconds.
2022-12-22 12:07:32,133 DEBUG [http-nio-8082-exec-1] org.springframework.security.web.FilterChainProxy: Secured GET /user/getUsers
2022-12-22 12:07:32,133 INFO [http-nio-8082-exec-1] com.exampleMainService.filters.PermissionFilter: Inside doFilter method.
2022-12-22 12:07:32,133 INFO [http-nio-8082-exec-1] com.exampleMainService.filters.PermissionFilter: Request method: GET
2022-12-22 12:07:32,134 INFO [http-nio-8082-exec-1] com.exampleMainService.filters.PermissionFilter: ROLE_ADMIN
2022-12-22 12:07:32,161 INFO [http-nio-8082-exec-1] com.exampleMainService.controllers.AuthenticatorController: [{'username':'admin', 'password':'$2a$10$INYm8.ojdneZCPptupXHsunjde/2JbGR486L3qB2SPlQjS5r0Vsya', 'isEnabled':true, 'email':'admin@gmail.com', 'isTwoFactorEnabled':'true'}]
2022-12-22 12:07:32,179 DEBUG [http-nio-8082-exec-2] org.springframework.security.web.FilterChainProxy: Securing GET /user/authority?username=f%2BRE%2BQs551ZAYxfg5GI30g%3D%3D
2022-12-22 12:07:32,220 DEBUG [http-nio-8082-exec-3] org.springframework.security.web.FilterChainProxy: Securing GET /user/validate?encodedPassword=H%2F2skjEl3j5cgjvzdIfJIgTasYqNADU10P%2FBFC9ik00RFfjWZKiXM5skibW1m05tjKa99P9t28CXuyxFSTvqkA%3D%3D&password=8zzRUtvOFfEroqP3N4hqGg%3D%3D
2022-12-22 12:07:32,265 DEBUG [http-nio-8082-exec-2] org.springframework.security.web.FilterChainProxy: Secured GET /user/authority?username=f%2BRE%2BQs551ZAYxfg5GI30g%3D%3D
2022-12-22 12:07:32,266 INFO [http-nio-8082-exec-2] com.exampleMainService.filters.PermissionFilter: Inside doFilter method.
2022-12-22 12:07:32,266 INFO [http-nio-8082-exec-2] com.exampleMainService.filters.PermissionFilter: Request method: GET
2022-12-22 12:07:32,266 INFO [http-nio-8082-exec-2] com.exampleMainService.filters.PermissionFilter: ROLE_ADMIN
2022-12-22 12:07:32,316 DEBUG [http-nio-8082-exec-3] org.springframework.security.web.FilterChainProxy: Secured GET /user/validate?encodedPassword=H%2F2skjEl3j5cgjvzdIfJIgTasYqNADU10P%2FBFC9ik00RFfjWZKiXM5skibW1m05tjKa99P9t28CXuyxFSTvqkA%3D%3D&password=8zzRUtvOFfEroqP3N4hqGg%3D%3D
2022-12-22 12:07:32,316 INFO [http-nio-8082-exec-3] com.exampleMainService.filters.PermissionFilter: Inside doFilter method.
2022-12-22 12:07:32,316 INFO [http-nio-8082-exec-3] com.exampleMainService.filters.PermissionFilter: Request method: GET
2022-12-22 12:07:32,316 INFO [http-nio-8082-exec-3] com.exampleMainService.filters.PermissionFilter: ROLE_ADMIN
2022-12-22 12:07:32,470 DEBUG [http-nio-8082-exec-4] org.springframework.security.web.FilterChainProxy: Securing GET /role/roles
2022-12-22 12:07:32,566 DEBUG [http-nio-8082-exec-4] org.springframework.security.web.FilterChainProxy: Secured GET /role/roles
2022-12-22 12:07:32,566 INFO [http-nio-8082-exec-4] com.exampleMainService.filters.PermissionFilter: Inside doFilter method.
2022-12-22 12:07:32,567 INFO [http-nio-8082-exec-4] com.exampleMainService.filters.PermissionFilter: Request method: GET
2022-12-22 12:07:32,567 INFO [http-nio-8082-exec-4] com.exampleMainService.filters.PermissionFilter: ROLE_ADMIN
2022-12-22 12:08:30,395 DEBUG [http-nio-8082-exec-5] org.springframework.security.web.FilterChainProxy: Securing OPTIONS /authenticator/authenticatorString?username=admin&email=admin%40gmail.com
2022-12-22 12:08:30,404 DEBUG [http-nio-8082-exec-6] org.springframework.security.web.FilterChainProxy: Securing POST /authenticator/authenticatorString?username=admin&email=admin%40gmail.com
2022-12-22 12:08:30,524 DEBUG [http-nio-8082-exec-6] org.springframework.security.web.FilterChainProxy: Secured POST /authenticator/authenticatorString?username=admin&email=admin%40gmail.com
2022-12-22 12:08:30,524 INFO [http-nio-8082-exec-6] com.exampleMainService.filters.PermissionFilter: Inside doFilter method.
2022-12-22 12:08:30,524 INFO [http-nio-8082-exec-6] com.exampleMainService.filters.PermissionFilter: Request method: POST
2022-12-22 12:08:30,524 INFO [http-nio-8082-exec-6] com.exampleMainService.filters.PermissionFilter: ROLE_ADMIN
2022-12-22 12:08:30,530 INFO [http-nio-8082-exec-6] com.exampleMainService.controllers.AuthenticatorController: Trying to generate the Authenticator String for user with username: admin
2022-12-22 12:08:36,566 DEBUG [http-nio-8082-exec-8] org.springframework.security.web.FilterChainProxy: Securing GET /user/getUsers
2022-12-22 12:08:36,657 DEBUG [http-nio-8082-exec-8] org.springframework.security.web.FilterChainProxy: Secured GET /user/getUsers
2022-12-22 12:08:36,657 INFO [http-nio-8082-exec-8] com.exampleMainService.filters.PermissionFilter: Inside doFilter method.
2022-12-22 12:08:36,657 INFO [http-nio-8082-exec-8] com.exampleMainService.filters.PermissionFilter: Request method: GET
2022-12-22 12:08:36,657 INFO [http-nio-8082-exec-8] com.exampleMainService.filters.PermissionFilter: ROLE_ADMIN
2022-12-22 12:08:36,665 INFO [http-nio-8082-exec-8] com.exampleMainService.controllers.AuthenticatorController: [{'username':'admin', 'password':'$2a$10$INYm8.ojdneZCPptupXHsunjde/2JbGR486L3qB2SPlQjS5r0Vsya', 'isEnabled':true, 'email':'admin@gmail.com', 'isTwoFactorEnabled':'true'}]
2022-12-22 12:08:36,675 DEBUG [http-nio-8082-exec-9] org.springframework.security.web.FilterChainProxy: Securing GET /user/authority?username=f%2BRE%2BQs551ZAYxfg5GI30g%3D%3D
2022-12-22 12:08:36,677 DEBUG [http-nio-8082-exec-10] org.springframework.security.web.FilterChainProxy: Securing GET /user/validate?encodedPassword=H%2F2skjEl3j5cgjvzdIfJIgTasYqNADU10P%2FBFC9ik00RFfjWZKiXM5skibW1m05tjKa99P9t28CXuyxFSTvqkA%3D%3D&password=8zzRUtvOFfEroqP3N4hqGg%3D%3D
2022-12-22 12:08:36,773 DEBUG [http-nio-8082-exec-10] org.springframework.security.web.FilterChainProxy: Secured GET /user/validate?encodedPassword=H%2F2skjEl3j5cgjvzdIfJIgTasYqNADU10P%2FBFC9ik00RFfjWZKiXM5skibW1m05tjKa99P9t28CXuyxFSTvqkA%3D%3D&password=8zzRUtvOFfEroqP3N4hqGg%3D%3D
2022-12-22 12:08:36,773 INFO [http-nio-8082-exec-10] com.exampleMainService.filters.PermissionFilter: Inside doFilter method.
2022-12-22 12:08:36,773 INFO [http-nio-8082-exec-10] com.exampleMainService.filters.PermissionFilter: Request method: GET
2022-12-22 12:08:36,774 INFO [http-nio-8082-exec-10] com.exampleMainService.filters.PermissionFilter: ROLE_ADMIN
2022-12-22 12:08:36,779 DEBUG [http-nio-8082-exec-9] org.springframework.security.web.FilterChainProxy: Secured GET /user/authority?username=f%2BRE%2BQs551ZAYxfg5GI30g%3D%3D
2022-12-22 12:08:36,779 INFO [http-nio-8082-exec-9] com.exampleMainService.filters.PermissionFilter: Inside doFilter method.
2022-12-22 12:08:36,779 INFO [http-nio-8082-exec-9] com.exampleMainService.filters.PermissionFilter: Request method: GET
2022-12-22 12:08:36,779 INFO [http-nio-8082-exec-9] com.exampleMainService.filters.PermissionFilter: ROLE_ADMIN
2022-12-22 12:08:36,908 DEBUG [http-nio-8082-exec-1] org.springframework.security.web.FilterChainProxy: Securing GET /role/roles
2022-12-22 12:08:37,008 DEBUG [http-nio-8082-exec-1] org.springframework.security.web.FilterChainProxy: Secured GET /role/roles
2022-12-22 12:08:37,010 INFO [http-nio-8082-exec-1] com.exampleMainService.filters.PermissionFilter: Inside doFilter method.
2022-12-22 12:08:37,010 INFO [http-nio-8082-exec-1] com.exampleMainService.filters.PermissionFilter: Request method: GET
2022-12-22 12:08:37,010 INFO [http-nio-8082-exec-1] com.exampleMainService.filters.PermissionFilter: ROLE_ADMIN
2022-12-22 12:08:37,801 DEBUG [http-nio-8082-exec-2] org.springframework.security.web.FilterChainProxy: Securing POST /authenticator/authenticatorString?username=admin&email=admin%40gmail.com
2022-12-22 12:08:37,908 DEBUG [http-nio-8082-exec-2] org.springframework.security.web.FilterChainProxy: Secured POST /authenticator/authenticatorString?username=admin&email=admin%40gmail.com
2022-12-22 12:08:37,908 INFO [http-nio-8082-exec-2] com.exampleMainService.filters.PermissionFilter: Inside doFilter method.
2022-12-22 12:08:37,908 INFO [http-nio-8082-exec-2] com.exampleMainService.filters.PermissionFilter: Request method: POST
2022-12-22 12:08:37,909 INFO [http-nio-8082-exec-2] com.exampleMainService.filters.PermissionFilter: ROLE_ADMIN
2022-12-22 12:08:37,913 INFO [http-nio-8082-exec-2] com.exampleMainService.controllers.AuthenticatorController: Trying to generate the Authenticator String for user with username: admin
2022-12-22 12:08:51,129 DEBUG [http-nio-8082-exec-3] org.springframework.security.web.FilterChainProxy: Securing OPTIONS /user/save?username=dCPtg3RgmRyv29GHImDNDGmIrwA8zD1N6LQ19W5Ku%2FU%3D&enabled=VLJC3Sc3lp3ZvoQYpRWpjw%3D%3D&password=dCPtg3RgmRyv29GHImDNDGmIrwA8zD1N6LQ19W5Ku%2FU%3D&authority=%2BOp08E6JK%2F%2F34pPHnWYQ4w%3D%3D&email=dCPtg3RgmRyv29GHImDNDGmIrwA8zD1N6LQ19W5Ku%2FU%3D
2022-12-22 12:08:51,129 DEBUG [http-nio-8082-exec-4] org.springframework.security.web.FilterChainProxy: Securing GET /role/roles
2022-12-22 12:08:51,138 DEBUG [http-nio-8082-exec-5] org.springframework.security.web.FilterChainProxy: Securing PUT /user/save?username=dCPtg3RgmRyv29GHImDNDGmIrwA8zD1N6LQ19W5Ku%2FU%3D&enabled=VLJC3Sc3lp3ZvoQYpRWpjw%3D%3D&password=dCPtg3RgmRyv29GHImDNDGmIrwA8zD1N6LQ19W5Ku%2FU%3D&authority=%2BOp08E6JK%2F%2F34pPHnWYQ4w%3D%3D&email=dCPtg3RgmRyv29GHImDNDGmIrwA8zD1N6LQ19W5Ku%2FU%3D
