2022-11-21 18:35:13,353 INFO [http-nio-8080-exec-9] filters.com.exampleMainService.PermissionFilter: ROLE_USER
2022-11-21 18:35:13,364 DEBUG [http-nio-8080-exec-3] org.springframework.security.web.FilterChainProxy: Secured GET /employee/get
2022-11-21 18:35:13,364 INFO [http-nio-8080-exec-3] filters.com.exampleMainService.PermissionFilter: Inside doFilter method.
2022-11-21 18:35:13,365 INFO [http-nio-8080-exec-3] filters.com.exampleMainService.PermissionFilter: Request method: GET
2022-11-21 18:35:13,365 INFO [http-nio-8080-exec-3] filters.com.exampleMainService.PermissionFilter: ROLE_USER
2022-11-21 18:35:13,366 DEBUG [http-nio-8080-exec-4] org.springframework.security.web.FilterChainProxy: Secured GET /department/get
2022-11-21 18:35:13,378 INFO [http-nio-8080-exec-3] clients.com.exampleMainService.EmployeeClient: {"id":"0", "timestamp":"1669037713367", "username":"user", "requestURL":"http://localhost:8081/employee/get", "responseCode":"200", "message":"List of Employees received.", "status":"Success", "meta":}
2022-11-21 18:35:13,406 INFO [http-nio-8080-exec-4] filters.com.exampleMainService.PermissionFilter: Inside doFilter method.
2022-11-21 18:35:13,406 INFO [http-nio-8080-exec-4] filters.com.exampleMainService.PermissionFilter: Request method: GET
2022-11-21 18:35:13,407 INFO [http-nio-8080-exec-4] filters.com.exampleMainService.PermissionFilter: ROLE_USER
2022-11-21 18:35:13,441 INFO [http-nio-8080-exec-4] clients.com.exampleMainService.DepartmentClient: {"id":"0", "timestamp":"1669037713419", "username":"user", "requestURL":"http://localhost:8081/department/get", "responseCode":"200", "message":"List of Departments received.", "status":"Success", "meta":}
2022-11-21 18:35:14,177 DEBUG [http-nio-8080-exec-8] org.springframework.security.web.FilterChainProxy: Securing GET /department/get
2022-11-21 18:35:14,177 DEBUG [http-nio-8080-exec-5] org.springframework.security.web.FilterChainProxy: Securing GET /role/roles
2022-11-21 18:35:14,186 DEBUG [http-nio-8080-exec-10] org.springframework.security.web.FilterChainProxy: Securing GET /role/role?role=7p2hjuuB0xobcC%2FWSCKjOA%3D%3D
2022-11-21 18:35:14,280 DEBUG [http-nio-8080-exec-8] org.springframework.security.web.FilterChainProxy: Secured GET /department/get
2022-11-21 18:35:14,281 INFO [http-nio-8080-exec-8] filters.com.exampleMainService.PermissionFilter: Inside doFilter method.
2022-11-21 18:35:14,281 INFO [http-nio-8080-exec-8] filters.com.exampleMainService.PermissionFilter: Request method: GET
2022-11-21 18:35:14,281 INFO [http-nio-8080-exec-8] filters.com.exampleMainService.PermissionFilter: ROLE_USER
2022-11-21 18:35:14,284 DEBUG [http-nio-8080-exec-5] org.springframework.security.web.FilterChainProxy: Secured GET /role/roles
2022-11-21 18:35:14,284 INFO [http-nio-8080-exec-5] filters.com.exampleMainService.PermissionFilter: Inside doFilter method.
2022-11-21 18:35:14,284 INFO [http-nio-8080-exec-5] filters.com.exampleMainService.PermissionFilter: Request method: GET
2022-11-21 18:35:14,284 INFO [http-nio-8080-exec-5] filters.com.exampleMainService.PermissionFilter: ROLE_USER
2022-11-21 18:35:14,289 INFO [http-nio-8080-exec-8] clients.com.exampleMainService.DepartmentClient: {"id":"0", "timestamp":"1669037714284", "username":"user", "requestURL":"http://localhost:8081/department/get", "responseCode":"200", "message":"List of Departments received.", "status":"Success", "meta":}
2022-11-21 18:35:14,290 DEBUG [http-nio-8080-exec-10] org.springframework.security.web.FilterChainProxy: Secured GET /role/role?role=7p2hjuuB0xobcC%2FWSCKjOA%3D%3D
2022-11-21 18:35:14,290 INFO [http-nio-8080-exec-10] filters.com.exampleMainService.PermissionFilter: Inside doFilter method.
2022-11-21 18:35:14,290 INFO [http-nio-8080-exec-10] filters.com.exampleMainService.PermissionFilter: Request method: GET
2022-11-21 18:35:14,290 INFO [http-nio-8080-exec-10] filters.com.exampleMainService.PermissionFilter: ROLE_USER
2022-11-21 18:35:14,345 DEBUG [http-nio-8080-exec-7] org.springframework.security.web.FilterChainProxy: Securing GET /department/get
2022-11-21 18:35:14,469 DEBUG [http-nio-8080-exec-7] org.springframework.security.web.FilterChainProxy: Secured GET /department/get
2022-11-21 18:35:14,469 INFO [http-nio-8080-exec-7] filters.com.exampleMainService.PermissionFilter: Inside doFilter method.
2022-11-21 18:35:14,469 INFO [http-nio-8080-exec-7] filters.com.exampleMainService.PermissionFilter: Request method: GET
2022-11-21 18:35:14,469 INFO [http-nio-8080-exec-7] filters.com.exampleMainService.PermissionFilter: ROLE_USER
2022-11-21 18:35:14,475 INFO [http-nio-8080-exec-7] clients.com.exampleMainService.DepartmentClient: {"id":"0", "timestamp":"1669037714471", "username":"user", "requestURL":"http://localhost:8081/department/get", "responseCode":"200", "message":"List of Departments received.", "status":"Success", "meta":}
2022-11-21 18:44:42,560 DEBUG [http-nio-8080-exec-8] org.springframework.security.web.FilterChainProxy: Securing OPTIONS /department/get
2022-11-21 18:44:42,569 DEBUG [http-nio-8080-exec-7] org.springframework.security.web.FilterChainProxy: Securing OPTIONS /role/roles
2022-11-21 18:44:42,572 DEBUG [http-nio-8080-exec-6] org.springframework.security.web.FilterChainProxy: Securing OPTIONS /department/get
2022-11-21 18:44:42,572 DEBUG [http-nio-8080-exec-2] org.springframework.security.web.FilterChainProxy: Securing GET /department/get
2022-11-21 18:44:42,574 DEBUG [http-nio-8080-exec-1] org.springframework.security.web.FilterChainProxy: Securing GET /role/role?role=7p2hjuuB0xobcC%2FWSCKjOA%3D%3D
2022-11-21 18:44:42,578 DEBUG [http-nio-8080-exec-9] org.springframework.security.web.FilterChainProxy: Securing GET /role/roles
2022-11-21 18:44:42,676 DEBUG [http-nio-8080-exec-2] org.springframework.security.web.FilterChainProxy: Secured GET /department/get
2022-11-21 18:44:42,676 INFO [http-nio-8080-exec-2] filters.com.exampleMainService.PermissionFilter: Inside doFilter method.
2022-11-21 18:44:42,676 INFO [http-nio-8080-exec-2] filters.com.exampleMainService.PermissionFilter: Request method: GET
2022-11-21 18:44:42,676 INFO [http-nio-8080-exec-2] filters.com.exampleMainService.PermissionFilter: ROLE_USER
2022-11-21 18:44:42,688 INFO [http-nio-8080-exec-2] clients.com.exampleMainService.DepartmentClient: {"id":"0", "timestamp":"1669038282679", "username":"user", "requestURL":"http://localhost:8081/department/get", "responseCode":"200", "message":"List of Departments received.", "status":"Success", "meta":}
2022-11-21 18:44:42,698 DEBUG [http-nio-8080-exec-3] org.springframework.security.web.FilterChainProxy: Securing GET /department/get
2022-11-21 18:44:42,701 DEBUG [http-nio-8080-exec-9] org.springframework.security.web.FilterChainProxy: Secured GET /role/roles
2022-11-21 18:44:42,701 INFO [http-nio-8080-exec-9] filters.com.exampleMainService.PermissionFilter: Inside doFilter method.
2022-11-21 18:44:42,701 INFO [http-nio-8080-exec-9] filters.com.exampleMainService.PermissionFilter: Request method: GET
2022-11-21 18:44:42,701 INFO [http-nio-8080-exec-9] filters.com.exampleMainService.PermissionFilter: ROLE_USER
2022-11-21 18:44:42,702 DEBUG [http-nio-8080-exec-1] org.springframework.security.web.FilterChainProxy: Secured GET /role/role?role=7p2hjuuB0xobcC%2FWSCKjOA%3D%3D
2022-11-21 18:44:42,702 INFO [http-nio-8080-exec-1] filters.com.exampleMainService.PermissionFilter: Inside doFilter method.
2022-11-21 18:44:42,702 INFO [http-nio-8080-exec-1] filters.com.exampleMainService.PermissionFilter: Request method: GET
2022-11-21 18:44:42,702 INFO [http-nio-8080-exec-1] filters.com.exampleMainService.PermissionFilter: ROLE_USER
2022-11-21 18:44:42,862 DEBUG [http-nio-8080-exec-3] org.springframework.security.web.FilterChainProxy: Secured GET /department/get
2022-11-21 18:44:42,862 INFO [http-nio-8080-exec-3] filters.com.exampleMainService.PermissionFilter: Inside doFilter method.
2022-11-21 18:44:42,862 INFO [http-nio-8080-exec-3] filters.com.exampleMainService.PermissionFilter: Request method: GET
2022-11-21 18:44:42,863 INFO [http-nio-8080-exec-3] filters.com.exampleMainService.PermissionFilter: ROLE_USER
2022-11-21 18:44:42,877 INFO [http-nio-8080-exec-3] clients.com.exampleMainService.DepartmentClient: {"id":"0", "timestamp":"1669038282868", "username":"user", "requestURL":"http://localhost:8081/department/get", "responseCode":"200", "message":"List of Departments received.", "status":"Success", "meta":}
2022-11-21 18:45:01,414 DEBUG [http-nio-8080-exec-5] org.springframework.security.web.FilterChainProxy: Securing GET /department/get
2022-11-21 18:45:01,422 DEBUG [http-nio-8080-exec-4] org.springframework.security.web.FilterChainProxy: Securing GET /role/roles
2022-11-21 18:45:01,428 DEBUG [http-nio-8080-exec-10] org.springframework.security.web.FilterChainProxy: Securing GET /role/role?role=7p2hjuuB0xobcC%2FWSCKjOA%3D%3D
2022-11-21 18:45:01,521 DEBUG [http-nio-8080-exec-5] org.springframework.security.web.FilterChainProxy: Secured GET /department/get
2022-11-21 18:45:01,522 INFO [http-nio-8080-exec-5] filters.com.exampleMainService.PermissionFilter: Inside doFilter method.
2022-11-21 18:45:01,522 INFO [http-nio-8080-exec-5] filters.com.exampleMainService.PermissionFilter: Request method: GET
2022-11-21 18:45:01,522 INFO [http-nio-8080-exec-5] filters.com.exampleMainService.PermissionFilter: ROLE_USER
2022-11-21 18:45:01,536 DEBUG [http-nio-8080-exec-10] org.springframework.security.web.FilterChainProxy: Secured GET /role/role?role=7p2hjuuB0xobcC%2FWSCKjOA%3D%3D
2022-11-21 18:45:01,536 INFO [http-nio-8080-exec-10] filters.com.exampleMainService.PermissionFilter: Inside doFilter method.
2022-11-21 18:45:01,536 INFO [http-nio-8080-exec-10] filters.com.exampleMainService.PermissionFilter: Request method: GET
2022-11-21 18:45:01,536 INFO [http-nio-8080-exec-10] filters.com.exampleMainService.PermissionFilter: ROLE_USER
2022-11-21 18:45:01,540 DEBUG [http-nio-8080-exec-4] org.springframework.security.web.FilterChainProxy: Secured GET /role/roles
2022-11-21 18:45:01,540 INFO [http-nio-8080-exec-4] filters.com.exampleMainService.PermissionFilter: Inside doFilter method.
2022-11-21 18:45:01,541 INFO [http-nio-8080-exec-4] filters.com.exampleMainService.PermissionFilter: Request method: GET
