2022-11-21 18:48:23,333 DEBUG [http-nio-8080-exec-4] org.springframework.security.web.FilterChainProxy: Securing GET /department/get
2022-11-21 18:48:23,339 DEBUG [http-nio-8080-exec-3] org.springframework.security.web.FilterChainProxy: Securing GET /role/roles
2022-11-21 18:48:23,343 DEBUG [http-nio-8080-exec-5] org.springframework.security.web.FilterChainProxy: Securing GET /role/role?role=7p2hjuuB0xobcC%2FWSCKjOA%3D%3D
2022-11-21 18:48:23,454 DEBUG [http-nio-8080-exec-3] org.springframework.security.web.FilterChainProxy: Secured GET /role/roles
2022-11-21 18:48:23,454 INFO [http-nio-8080-exec-3] filters.com.exampleMainService.PermissionFilter: Inside doFilter method.
2022-11-21 18:48:23,454 INFO [http-nio-8080-exec-3] filters.com.exampleMainService.PermissionFilter: Request method: GET
2022-11-21 18:48:23,456 DEBUG [http-nio-8080-exec-5] org.springframework.security.web.FilterChainProxy: Secured GET /role/role?role=7p2hjuuB0xobcC%2FWSCKjOA%3D%3D
2022-11-21 18:48:23,457 DEBUG [http-nio-8080-exec-4] org.springframework.security.web.FilterChainProxy: Secured GET /department/get
2022-11-21 18:48:23,493 INFO [http-nio-8080-exec-3] filters.com.exampleMainService.PermissionFilter: ROLE_USER
2022-11-21 18:48:23,493 INFO [http-nio-8080-exec-4] filters.com.exampleMainService.PermissionFilter: Inside doFilter method.
2022-11-21 18:48:23,493 INFO [http-nio-8080-exec-5] filters.com.exampleMainService.PermissionFilter: Inside doFilter method.
2022-11-21 18:48:23,493 INFO [http-nio-8080-exec-4] filters.com.exampleMainService.PermissionFilter: Request method: GET
2022-11-21 18:48:23,493 INFO [http-nio-8080-exec-5] filters.com.exampleMainService.PermissionFilter: Request method: GET
2022-11-21 18:48:23,493 INFO [http-nio-8080-exec-4] filters.com.exampleMainService.PermissionFilter: ROLE_USER
2022-11-21 18:48:23,493 INFO [http-nio-8080-exec-5] filters.com.exampleMainService.PermissionFilter: ROLE_USER
2022-11-21 18:48:23,513 INFO [http-nio-8080-exec-4] clients.com.exampleMainService.DepartmentClient: {"id":"0", "timestamp":"1669038503495", "username":"user", "requestURL":"http://localhost:8081/department/get", "responseCode":"200", "message":"List of Departments received.", "status":"Success", "meta":}
2022-11-21 18:48:23,521 DEBUG [http-nio-8080-exec-8] org.springframework.security.web.FilterChainProxy: Securing GET /department/get
2022-11-21 18:48:23,627 DEBUG [http-nio-8080-exec-8] org.springframework.security.web.FilterChainProxy: Secured GET /department/get
2022-11-21 18:48:23,627 INFO [http-nio-8080-exec-8] filters.com.exampleMainService.PermissionFilter: Inside doFilter method.
2022-11-21 18:48:23,627 INFO [http-nio-8080-exec-8] filters.com.exampleMainService.PermissionFilter: Request method: GET
2022-11-21 18:48:23,627 INFO [http-nio-8080-exec-8] filters.com.exampleMainService.PermissionFilter: ROLE_USER
2022-11-21 18:48:23,635 INFO [http-nio-8080-exec-8] clients.com.exampleMainService.DepartmentClient: {"id":"0", "timestamp":"1669038503631", "username":"user", "requestURL":"http://localhost:8081/department/get", "responseCode":"200", "message":"List of Departments received.", "status":"Success", "meta":}
