2022-11-23 10:15:49,600 DEBUG [http-nio-8080-exec-9] org.springframework.security.web.FilterChainProxy: Secured GET /user/authority?username=%2FmWl64WVJ6FmFdQoOYOApg%3D%3D
2022-11-23 10:15:49,601 DEBUG [http-nio-8080-exec-10] org.springframework.security.web.FilterChainProxy: Secured GET /user/validate?encodedPassword=A76QuFfGf%2Bfb2iwlp8rJ%2BHiPNNKzpY7SuVOgKndKoy1dT0vsPNxyZ3M7DIIiBuLaBB0lN40Sedz7twUzsuZ4iQ%3D%3D&password=O4JIgWmSKo2gW78maUoLhg%3D%3D
2022-11-23 10:15:49,603 INFO [http-nio-8080-exec-9] com.exampleMainService.filters.PermissionFilter: Inside doFilter method.
2022-11-23 10:15:49,603 INFO [http-nio-8080-exec-10] com.exampleMainService.filters.PermissionFilter: Inside doFilter method.
2022-11-23 10:15:49,603 INFO [http-nio-8080-exec-9] com.exampleMainService.filters.PermissionFilter: Request method: GET
2022-11-23 10:15:49,603 INFO [http-nio-8080-exec-10] com.exampleMainService.filters.PermissionFilter: Request method: GET
2022-11-23 10:15:49,641 INFO [http-nio-8080-exec-9] com.exampleMainService.filters.PermissionFilter: ROLE_ADMIN
2022-11-23 10:15:49,641 INFO [http-nio-8080-exec-10] com.exampleMainService.filters.PermissionFilter: ROLE_ADMIN
2022-11-23 10:15:49,773 DEBUG [http-nio-8080-exec-1] org.springframework.security.web.FilterChainProxy: Securing OPTIONS /role/roles
2022-11-23 10:15:49,776 DEBUG [http-nio-8080-exec-2] org.springframework.security.web.FilterChainProxy: Securing GET /role/roles
2022-11-23 10:15:49,882 DEBUG [http-nio-8080-exec-2] org.springframework.security.web.FilterChainProxy: Secured GET /role/roles
2022-11-23 10:15:49,882 INFO [http-nio-8080-exec-2] com.exampleMainService.filters.PermissionFilter: Inside doFilter method.
2022-11-23 10:15:49,882 INFO [http-nio-8080-exec-2] com.exampleMainService.filters.PermissionFilter: Request method: GET
2022-11-23 10:15:49,882 INFO [http-nio-8080-exec-2] com.exampleMainService.filters.PermissionFilter: ROLE_ADMIN
2022-11-23 10:15:55,787 DEBUG [http-nio-8080-exec-5] org.springframework.security.web.FilterChainProxy: Securing OPTIONS /user/getUsers
2022-11-23 10:15:55,793 DEBUG [http-nio-8080-exec-6] org.springframework.security.web.FilterChainProxy: Securing GET /user/getUsers
2022-11-23 10:15:55,886 DEBUG [http-nio-8080-exec-6] org.springframework.security.web.FilterChainProxy: Secured GET /user/getUsers
2022-11-23 10:15:55,886 INFO [http-nio-8080-exec-6] com.exampleMainService.filters.PermissionFilter: Inside doFilter method.
2022-11-23 10:15:55,886 INFO [http-nio-8080-exec-6] com.exampleMainService.filters.PermissionFilter: Request method: GET
2022-11-23 10:15:55,886 INFO [http-nio-8080-exec-6] com.exampleMainService.filters.PermissionFilter: ROLE_ADMIN
2022-11-23 10:15:55,899 INFO [http-nio-8080-exec-6] com.exampleMainService.controllers.RoleController: [{'username':'2990099201282627', 'password':'$2a$10$9ytVIndPjSxYx/jf02nCh.V/dKHGiP0tpBQXriShiaEw906..RQoG', 'isEnabled':true, 'email':'no@gmail.com'}, {'username':'adil', 'password':'$2a$10$yf0oAAsJyQV8sUckmEj/FuYjA1KKqVxCHh2K2WfNKXkRGJSxr2D.2', 'isEnabled':true, 'email':'adil@h.com'}, {'username':'admin', 'password':'$2a$10$INYm8.ojdneZCPptupXHsunjde/2JbGR486L3qB2SPlQjS5r0Vsya', 'isEnabled':true, 'email':'null'}, {'username':'ammar', 'password':'$2a$10$xohRCSHQhx40DK8Or3QtKOS5DrjRGxEMmnolejOXbelD5SwMBTSFm', 'isEnabled':true, 'email':'ammar@gmail.com'}, {'username':'aneeskausar96@gmail.com', 'password':'$2a$10$2BKVdW7P0B0F6o/wEVmg7udVNjlHFO7Ltt.kiVXmWrdDNnIckgKHy', 'isEnabled':true, 'email':'aneeskausar96@gmail.com'}, {'username':'manager', 'password':'$2a$10$Y8/PggTOgkx/4yfOLpETDez4vDwCFF2evq34lxkFb9GvQAl9P4qeO', 'isEnabled':true, 'email':'manager@gmail.com'}, {'username':'muhammadmunir', 'password':'$2a$10$JtlPxCz9N9XQxZqHHic8He2OVlN36CgYfkjFfiG4hTyQN1OTXgCkG', 'isEnabled':true, 'email':'muhammadmunir646464@gmail.com'}, {'username':'muhammadmunir646464@gmail.com', 'password':'$2a$10$Ph.OdasnSJoySQyZcL3Xj.iUJnUz576jCr2Jr1BndtZIP8N2ZhIVG', 'isEnabled':true, 'email':'muhammadmunir646464@gmail.com'}, {'username':'munirsaad538@gmail.com', 'password':'$2a$10$7doE6rvLJBxiO/zpwu9fxeNOuBkKWxryru2RwfDRzfC7.EEtBn3Te', 'isEnabled':true, 'email':'munirsaad538@gmail.com'}, {'username':'new', 'password':'$2a$10$OcMFMZCfVXmSzX5z5N1rM.rxIJlZIDo3NmEwjyMwJA8pA2vsKyH7W', 'isEnabled':true, 'email':'new@gmail.com'}, {'username':'saadmunirmunir86@gmail.com', 'password':'$2a$10$o1itWC0IDXKCw4lmG9NlFuMUUIiRhP0AfGB3sOZgynyx3f8a0E/62', 'isEnabled':true, 'email':'saadmunirmunir86@gmail.com'}, {'username':'user', 'password':'$2a$10$GJGqwH6nWF1GfWfjPWZTL.t61ZcyKTAjPTpJlNMDKMSP7P67lbuGC', 'isEnabled':true, 'email':'user@gmail.com'}]
2022-11-23 10:15:55,950 DEBUG [http-nio-8080-exec-3] org.springframework.security.web.FilterChainProxy: Securing OPTIONS /user/authority?username=cDSewy6iB%2BmGbnL7FJ6Qyw%3D%3D
2022-11-23 10:15:55,952 DEBUG [http-nio-8080-exec-4] org.springframework.security.web.FilterChainProxy: Securing OPTIONS /user/validate?encodedPassword=VNTDmDrYVGTtA%2BVKttpTJYY8%2BoPHDOBMJ35NMc6S8vhcXdsPN3eW7h0SgDPaeeJ474nP%2F7y8KhFl220weSLi9w%3D%3D&password=O4JIgWmSKo2gW78maUoLhg%3D%3D
2022-11-23 10:15:55,959 DEBUG [http-nio-8080-exec-8] org.springframework.security.web.FilterChainProxy: Securing GET /user/authority?username=cDSewy6iB%2BmGbnL7FJ6Qyw%3D%3D
2022-11-23 10:15:55,959 DEBUG [http-nio-8080-exec-7] org.springframework.security.web.FilterChainProxy: Securing GET /user/validate?encodedPassword=VNTDmDrYVGTtA%2BVKttpTJYY8%2BoPHDOBMJ35NMc6S8vhcXdsPN3eW7h0SgDPaeeJ474nP%2F7y8KhFl220weSLi9w%3D%3D&password=O4JIgWmSKo2gW78maUoLhg%3D%3D
2022-11-23 10:15:56,074 DEBUG [http-nio-8080-exec-8] org.springframework.security.web.FilterChainProxy: Secured GET /user/authority?username=cDSewy6iB%2BmGbnL7FJ6Qyw%3D%3D
2022-11-23 10:15:56,074 INFO [http-nio-8080-exec-8] com.exampleMainService.filters.PermissionFilter: Inside doFilter method.
2022-11-23 10:15:56,074 INFO [http-nio-8080-exec-8] com.exampleMainService.filters.PermissionFilter: Request method: GET
2022-11-23 10:15:56,075 INFO [http-nio-8080-exec-8] com.exampleMainService.filters.PermissionFilter: ROLE_USER
2022-11-23 10:15:56,099 DEBUG [http-nio-8080-exec-7] org.springframework.security.web.FilterChainProxy: Secured GET /user/validate?encodedPassword=VNTDmDrYVGTtA%2BVKttpTJYY8%2BoPHDOBMJ35NMc6S8vhcXdsPN3eW7h0SgDPaeeJ474nP%2F7y8KhFl220weSLi9w%3D%3D&password=O4JIgWmSKo2gW78maUoLhg%3D%3D
2022-11-23 10:15:56,100 INFO [http-nio-8080-exec-7] com.exampleMainService.filters.PermissionFilter: Inside doFilter method.
2022-11-23 10:15:56,100 INFO [http-nio-8080-exec-7] com.exampleMainService.filters.PermissionFilter: Request method: GET
2022-11-23 10:15:56,100 INFO [http-nio-8080-exec-7] com.exampleMainService.filters.PermissionFilter: ROLE_ADMIN
2022-11-23 10:15:56,332 DEBUG [http-nio-8080-exec-9] org.springframework.security.web.FilterChainProxy: Securing OPTIONS /role/roles
2022-11-23 10:15:56,343 DEBUG [http-nio-8080-exec-10] org.springframework.security.web.FilterChainProxy: Securing GET /role/roles
2022-11-23 10:15:56,477 DEBUG [http-nio-8080-exec-10] org.springframework.security.web.FilterChainProxy: Secured GET /role/roles
2022-11-23 10:15:56,477 INFO [http-nio-8080-exec-10] com.exampleMainService.filters.PermissionFilter: Inside doFilter method.
2022-11-23 10:15:56,477 INFO [http-nio-8080-exec-10] com.exampleMainService.filters.PermissionFilter: Request method: GET
2022-11-23 10:15:56,477 INFO [http-nio-8080-exec-10] com.exampleMainService.filters.PermissionFilter: ROLE_USER
2022-11-23 11:05:25,877 INFO [Thread-1] org.springframework.orm.jpa.LocalContainerEntityManagerFactoryBean: Closing JPA EntityManagerFactory for persistence unit 'default'
2022-11-23 11:05:25,882 INFO [Thread-1] com.zaxxer.hikari.HikariDataSource: HikariPool-1 - Shutdown initiated...
2022-11-23 11:05:25,899 INFO [Thread-1] com.zaxxer.hikari.HikariDataSource: HikariPool-1 - Shutdown completed.
2022-11-23 11:05:26,027 INFO [restartedMain] com.exampleMainService.MainServiceApplication: Starting MainServiceApplication using Java 11.0.16 on Desktop-CDN-T480 with PID 1584 (D:\Tasks\MainService\target\classes started by T480 in D:\Tasks\MainService)
2022-11-23 11:05:26,028 INFO [restartedMain] com.exampleMainService.MainServiceApplication: No active profile set, falling back to 1 default profile: "default"
2022-11-23 11:05:26,321 INFO [restartedMain] org.springframework.data.repository.config.RepositoryConfigurationDelegate: Bootstrapping Spring Data JPA repositories in DEFAULT mode.
2022-11-23 11:05:26,342 INFO [restartedMain] org.springframework.data.repository.config.RepositoryConfigurationDelegate: Finished Spring Data repository scanning in 20 ms. Found 4 JPA repository interfaces.
2022-11-23 11:05:26,463 INFO [restartedMain] org.springframework.boot.web.embedded.tomcat.TomcatWebServer: Tomcat initialized with port(s): 8080 (http)
2022-11-23 11:05:26,463 INFO [restartedMain] org.apache.coyote.http11.Http11NioProtocol: Initializing ProtocolHandler ["http-nio-8080"]
2022-11-23 11:05:26,463 INFO [restartedMain] org.apache.catalina.core.StandardService: Starting service [Tomcat]
2022-11-23 11:05:26,464 INFO [restartedMain] org.apache.catalina.core.StandardEngine: Starting Servlet engine: [Apache Tomcat/9.0.65]
2022-11-23 11:05:26,513 INFO [restartedMain] org.apache.catalina.core.ContainerBase.[Tomcat].[localhost].[/]: Initializing Spring embedded WebApplicationContext
2022-11-23 11:05:26,513 INFO [restartedMain] org.springframework.boot.web.servlet.context.ServletWebServerApplicationContext: Root WebApplicationContext: initialization completed in 483 ms
2022-11-23 11:05:26,563 INFO [restartedMain] org.hibernate.jpa.internal.util.LogHelper: HHH000204: Processing PersistenceUnitInfo [name: default]
2022-11-23 11:05:26,570 INFO [restartedMain] com.zaxxer.hikari.HikariDataSource: HikariPool-2 - Starting...
2022-11-23 11:05:26,586 INFO [restartedMain] com.zaxxer.hikari.HikariDataSource: HikariPool-2 - Start completed.
2022-11-23 11:05:26,587 INFO [restartedMain] org.hibernate.dialect.Dialect: HHH000400: Using dialect: org.hibernate.dialect.MySQL8Dialect
2022-11-23 11:05:26,654 INFO [restartedMain] org.hibernate.engine.transaction.jta.platform.internal.JtaPlatformInitiator: HHH000490: Using JtaPlatform implementation: [org.hibernate.engine.transaction.jta.platform.internal.NoJtaPlatform]
