2022-12-22 15:05:03,276 DEBUG [http-nio-8082-exec-7] org.springframework.security.web.FilterChainProxy: Securing OPTIONS /authenticator/validateOtp?username=admin&otp=222512
2022-12-22 15:05:03,282 DEBUG [http-nio-8082-exec-10] org.springframework.security.web.FilterChainProxy: Securing POST /authenticator/validateOtp?username=admin&otp=222512
2022-12-22 15:05:03,372 DEBUG [http-nio-8082-exec-10] org.springframework.security.web.FilterChainProxy: Secured POST /authenticator/validateOtp?username=admin&otp=222512
2022-12-22 15:05:03,372 INFO [http-nio-8082-exec-10] com.exampleMainService.filters.PermissionFilter: Inside doFilter method.
2022-12-22 15:05:03,372 INFO [http-nio-8082-exec-10] com.exampleMainService.filters.PermissionFilter: Request method: POST
2022-12-22 15:05:03,379 INFO [http-nio-8082-exec-10] com.exampleMainService.filters.PermissionFilter: ROLE_ADMIN
2022-12-22 15:05:03,382 INFO [http-nio-8082-exec-10] com.exampleMainService.controllers.AuthenticatorController: Trying to validate the OTP: 222512 against the username: admin
2022-12-22 15:05:10,427 DEBUG [http-nio-8082-exec-4] org.springframework.security.web.FilterChainProxy: Securing POST /authenticator/validateOtp?username=admin&otp=222512
2022-12-22 15:05:10,523 DEBUG [http-nio-8082-exec-4] org.springframework.security.web.FilterChainProxy: Secured POST /authenticator/validateOtp?username=admin&otp=222512
2022-12-22 15:05:10,523 INFO [http-nio-8082-exec-4] com.exampleMainService.filters.PermissionFilter: Inside doFilter method.
2022-12-22 15:05:10,523 INFO [http-nio-8082-exec-4] com.exampleMainService.filters.PermissionFilter: Request method: POST
2022-12-22 15:05:10,523 INFO [http-nio-8082-exec-4] com.exampleMainService.filters.PermissionFilter: ROLE_ADMIN
2022-12-22 15:05:10,526 INFO [http-nio-8082-exec-4] com.exampleMainService.controllers.AuthenticatorController: Trying to validate the OTP: 222512 against the username: admin
2022-12-22 15:05:13,798 DEBUG [http-nio-8082-exec-6] org.springframework.security.web.FilterChainProxy: Securing POST /authenticator/validateOtp?username=admin&otp=222512
2022-12-22 15:05:13,916 DEBUG [http-nio-8082-exec-6] org.springframework.security.web.FilterChainProxy: Secured POST /authenticator/validateOtp?username=admin&otp=222512
2022-12-22 15:05:13,917 INFO [http-nio-8082-exec-6] com.exampleMainService.filters.PermissionFilter: Inside doFilter method.
2022-12-22 15:05:13,917 INFO [http-nio-8082-exec-6] com.exampleMainService.filters.PermissionFilter: Request method: POST
2022-12-22 15:05:13,917 INFO [http-nio-8082-exec-6] com.exampleMainService.filters.PermissionFilter: ROLE_ADMIN
2022-12-22 15:05:13,919 INFO [http-nio-8082-exec-6] com.exampleMainService.controllers.AuthenticatorController: Trying to validate the OTP: 222512 against the username: admin
2022-12-22 15:05:15,475 DEBUG [http-nio-8082-exec-8] org.springframework.security.web.FilterChainProxy: Securing POST /authenticator/validateOtp?username=admin&otp=222512
2022-12-22 15:05:15,565 DEBUG [http-nio-8082-exec-8] org.springframework.security.web.FilterChainProxy: Secured POST /authenticator/validateOtp?username=admin&otp=222512
2022-12-22 15:05:15,565 INFO [http-nio-8082-exec-8] com.exampleMainService.filters.PermissionFilter: Inside doFilter method.
2022-12-22 15:05:15,565 INFO [http-nio-8082-exec-8] com.exampleMainService.filters.PermissionFilter: Request method: POST
2022-12-22 15:05:15,565 INFO [http-nio-8082-exec-8] com.exampleMainService.filters.PermissionFilter: ROLE_ADMIN
2022-12-22 15:05:15,567 INFO [http-nio-8082-exec-8] com.exampleMainService.controllers.AuthenticatorController: Trying to validate the OTP: 222512 against the username: admin
2022-12-22 15:05:34,301 DEBUG [http-nio-8082-exec-3] org.springframework.security.web.FilterChainProxy: Securing OPTIONS /authenticator/validateOtp?username=admin&otp=022521
2022-12-22 15:05:34,305 DEBUG [http-nio-8082-exec-9] org.springframework.security.web.FilterChainProxy: Securing POST /authenticator/validateOtp?username=admin&otp=022521
2022-12-22 15:05:34,400 DEBUG [http-nio-8082-exec-9] org.springframework.security.web.FilterChainProxy: Secured POST /authenticator/validateOtp?username=admin&otp=022521
2022-12-22 15:05:34,401 INFO [http-nio-8082-exec-9] com.exampleMainService.filters.PermissionFilter: Inside doFilter method.
2022-12-22 15:05:34,401 INFO [http-nio-8082-exec-9] com.exampleMainService.filters.PermissionFilter: Request method: POST
2022-12-22 15:05:34,401 INFO [http-nio-8082-exec-9] com.exampleMainService.filters.PermissionFilter: ROLE_ADMIN
2022-12-22 15:05:34,404 INFO [http-nio-8082-exec-9] com.exampleMainService.controllers.AuthenticatorController: Trying to validate the OTP: 022521 against the username: admin
2022-12-22 15:05:36,001 DEBUG [http-nio-8082-exec-5] org.springframework.security.web.FilterChainProxy: Securing POST /authenticator/validateOtp?username=admin&otp=022521
2022-12-22 15:05:36,091 DEBUG [http-nio-8082-exec-5] org.springframework.security.web.FilterChainProxy: Secured POST /authenticator/validateOtp?username=admin&otp=022521
2022-12-22 15:05:36,092 INFO [http-nio-8082-exec-5] com.exampleMainService.filters.PermissionFilter: Inside doFilter method.
2022-12-22 15:05:36,092 INFO [http-nio-8082-exec-5] com.exampleMainService.filters.PermissionFilter: Request method: POST
2022-12-22 15:05:36,092 INFO [http-nio-8082-exec-5] com.exampleMainService.filters.PermissionFilter: ROLE_ADMIN
2022-12-22 15:05:36,094 INFO [http-nio-8082-exec-5] com.exampleMainService.controllers.AuthenticatorController: Trying to validate the OTP: 022521 against the username: admin
2022-12-22 15:06:54,704 DEBUG [http-nio-8082-exec-2] org.springframework.security.web.FilterChainProxy: Securing GET /assets/vendors/css/vendor.bundle.base.css
2022-12-22 15:06:54,706 DEBUG [http-nio-8082-exec-2] org.springframework.security.web.FilterChainProxy: Secured GET /assets/vendors/css/vendor.bundle.base.css
2022-12-22 15:06:54,706 INFO [http-nio-8082-exec-2] com.exampleMainService.filters.PermissionFilter: Inside doFilter method.
2022-12-22 15:06:54,706 INFO [http-nio-8082-exec-2] com.exampleMainService.filters.PermissionFilter: Request method: GET
2022-12-22 15:06:54,706 INFO [http-nio-8082-exec-2] com.exampleMainService.filters.PermissionFilter: ROLE_ADMIN
2022-12-22 15:06:54,714 DEBUG [http-nio-8082-exec-2] org.springframework.security.web.FilterChainProxy: Securing GET /error
2022-12-22 15:06:54,714 DEBUG [http-nio-8082-exec-2] org.springframework.security.web.FilterChainProxy: Secured GET /error
2022-12-22 15:06:54,939 DEBUG [http-nio-8082-exec-7] org.springframework.security.web.FilterChainProxy: Securing GET /assets/vendors/css/vendor.bundle.base.css
2022-12-22 15:06:54,941 DEBUG [http-nio-8082-exec-7] org.springframework.security.web.FilterChainProxy: Secured GET /assets/vendors/css/vendor.bundle.base.css
2022-12-22 15:06:54,941 INFO [http-nio-8082-exec-7] com.exampleMainService.filters.PermissionFilter: Inside doFilter method.
2022-12-22 15:06:54,941 INFO [http-nio-8082-exec-7] com.exampleMainService.filters.PermissionFilter: Request method: GET
2022-12-22 15:06:54,942 INFO [http-nio-8082-exec-7] com.exampleMainService.filters.PermissionFilter: ROLE_ADMIN
2022-12-22 15:06:54,948 DEBUG [http-nio-8082-exec-7] org.springframework.security.web.FilterChainProxy: Securing GET /error
2022-12-22 15:06:54,948 DEBUG [http-nio-8082-exec-7] org.springframework.security.web.FilterChainProxy: Secured GET /error
2022-12-22 15:07:00,102 DEBUG [http-nio-8082-exec-10] org.springframework.security.web.FilterChainProxy: Securing OPTIONS /authenticator/validateOtp?username=admin&otp=859797
2022-12-22 15:07:00,107 DEBUG [http-nio-8082-exec-4] org.springframework.security.web.FilterChainProxy: Securing POST /authenticator/validateOtp?username=admin&otp=859797
2022-12-22 15:07:00,200 DEBUG [http-nio-8082-exec-4] org.springframework.security.web.FilterChainProxy: Secured POST /authenticator/validateOtp?username=admin&otp=859797
2022-12-22 15:07:00,200 INFO [http-nio-8082-exec-4] com.exampleMainService.filters.PermissionFilter: Inside doFilter method.
2022-12-22 15:07:00,200 INFO [http-nio-8082-exec-4] com.exampleMainService.filters.PermissionFilter: Request method: POST
2022-12-22 15:07:00,200 INFO [http-nio-8082-exec-4] com.exampleMainService.filters.PermissionFilter: ROLE_ADMIN
2022-12-22 15:07:00,203 INFO [http-nio-8082-exec-4] com.exampleMainService.controllers.AuthenticatorController: Trying to validate the OTP: 859797 against the username: admin
2022-12-22 15:07:04,979 DEBUG [http-nio-8082-exec-6] org.springframework.security.web.FilterChainProxy: Securing OPTIONS /authenticator/validateOtp?username=admin&otp=187648
2022-12-22 15:07:04,982 DEBUG [http-nio-8082-exec-8] org.springframework.security.web.FilterChainProxy: Securing POST /authenticator/validateOtp?username=admin&otp=187648
2022-12-22 15:07:05,068 DEBUG [http-nio-8082-exec-8] org.springframework.security.web.FilterChainProxy: Secured POST /authenticator/validateOtp?username=admin&otp=187648
2022-12-22 15:07:05,068 INFO [http-nio-8082-exec-8] com.exampleMainService.filters.PermissionFilter: Inside doFilter method.
2022-12-22 15:07:05,068 INFO [http-nio-8082-exec-8] com.exampleMainService.filters.PermissionFilter: Request method: POST
2022-12-22 15:07:05,068 INFO [http-nio-8082-exec-8] com.exampleMainService.filters.PermissionFilter: ROLE_ADMIN
2022-12-22 15:07:05,071 INFO [http-nio-8082-exec-8] com.exampleMainService.controllers.AuthenticatorController: Trying to validate the OTP: 187648 against the username: admin
2022-12-22 15:07:07,417 DEBUG [http-nio-8082-exec-3] org.springframework.security.web.FilterChainProxy: Securing POST /authenticator/validateOtp?username=admin&otp=187648
2022-12-22 15:07:07,505 DEBUG [http-nio-8082-exec-3] org.springframework.security.web.FilterChainProxy: Secured POST /authenticator/validateOtp?username=admin&otp=187648
2022-12-22 15:07:07,506 INFO [http-nio-8082-exec-3] com.exampleMainService.filters.PermissionFilter: Inside doFilter method.
2022-12-22 15:07:07,506 INFO [http-nio-8082-exec-3] com.exampleMainService.filters.PermissionFilter: Request method: POST
2022-12-22 15:07:07,506 INFO [http-nio-8082-exec-3] com.exampleMainService.filters.PermissionFilter: ROLE_ADMIN
