2022-11-23 16:09:41,041 INFO [restartedMain] org.hibernate.jpa.internal.util.LogHelper: HHH000204: Processing PersistenceUnitInfo [name: default]
2022-11-23 16:09:41,051 INFO [restartedMain] com.zaxxer.hikari.HikariDataSource: HikariPool-13 - Starting...
2022-11-23 16:09:41,075 INFO [restartedMain] com.zaxxer.hikari.HikariDataSource: HikariPool-13 - Start completed.
2022-11-23 16:09:41,076 INFO [restartedMain] org.hibernate.dialect.Dialect: HHH000400: Using dialect: org.hibernate.dialect.MySQL8Dialect
2022-11-23 16:09:41,173 INFO [restartedMain] org.hibernate.engine.transaction.jta.platform.internal.JtaPlatformInitiator: HHH000490: Using JtaPlatform implementation: [org.hibernate.engine.transaction.jta.platform.internal.NoJtaPlatform]
2022-11-23 16:09:41,174 INFO [restartedMain] org.springframework.orm.jpa.LocalContainerEntityManagerFactoryBean: Initialized JPA EntityManagerFactory for persistence unit 'default'
2022-11-23 16:09:41,225 WARN [restartedMain] org.springframework.boot.autoconfigure.orm.jpa.JpaBaseConfiguration$JpaWebConfiguration: spring.jpa.open-in-view is enabled by default. Therefore, database queries may be performed during view rendering. Explicitly configure spring.jpa.open-in-view to disable this warning
2022-11-23 16:09:41,577 WARN [restartedMain] org.springframework.boot.autoconfigure.thymeleaf.ThymeleafAutoConfiguration$DefaultTemplateResolverConfiguration: Cannot find template location: classpath:/templates/ (please add some templates or check your Thymeleaf configuration)
2022-11-23 16:09:41,709 INFO [restartedMain] org.springframework.security.web.DefaultSecurityFilterChain: Will secure any request with [org.springframework.security.web.session.DisableEncodeUrlFilter@70460316, org.springframework.security.web.context.request.async.WebAsyncManagerIntegrationFilter@75d72aa6, org.springframework.security.web.context.SecurityContextPersistenceFilter@62cb6d4b, org.springframework.security.web.header.HeaderWriterFilter@44edbd46, org.springframework.security.web.csrf.CsrfFilter@4e51a79, org.springframework.security.web.authentication.logout.LogoutFilter@66ad9839, org.springframework.security.oauth2.client.web.OAuth2AuthorizationRequestRedirectFilter@7b143f47, org.springframework.security.oauth2.client.web.OAuth2AuthorizationRequestRedirectFilter@385cd428, org.springframework.security.oauth2.client.web.OAuth2LoginAuthenticationFilter@42c8fb9b, org.springframework.security.web.authentication.ui.DefaultLoginPageGeneratingFilter@544a0fc8, org.springframework.security.web.authentication.ui.DefaultLogoutPageGeneratingFilter@2b744da0, org.springframework.security.web.savedrequest.RequestCacheAwareFilter@3ff6804c, org.springframework.security.web.servletapi.SecurityContextHolderAwareRequestFilter@16581d79, org.springframework.security.web.authentication.AnonymousAuthenticationFilter@1643fd79, org.springframework.security.oauth2.client.web.OAuth2AuthorizationCodeGrantFilter@2af2ff08, org.springframework.security.web.session.SessionManagementFilter@4ed1903a, org.springframework.security.web.access.ExceptionTranslationFilter@2a2ee9cf, org.springframework.security.web.access.intercept.FilterSecurityInterceptor@5c79d8ab]
2022-11-23 16:09:41,727 WARN [restartedMain] org.springframework.boot.devtools.autoconfigure.OptionalLiveReloadServer: Unable to start LiveReload server
2022-11-23 16:09:41,754 INFO [restartedMain] org.springframework.boot.web.embedded.tomcat.TomcatWebServer: Tomcat started on port(s): 8080 (http) with context path ''
2022-11-23 16:09:41,760 INFO [restartedMain] com.exampleMainService.MainServiceApplication: Started MainServiceApplication in 1.599 seconds (JVM running for 21503.549)
2022-11-23 16:09:41,763 INFO [restartedMain] org.springframework.boot.devtools.autoconfigure.ConditionEvaluationDeltaLoggingListener: Condition evaluation delta:


==========================
CONDITION EVALUATION DELTA
==========================


Positive matches:
-----------------

   OAuth2WebSecurityConfiguration.OAuth2SecurityFilterChainConfiguration matched:
      - AllNestedConditions 2 matched 0 did not; NestedCondition on DefaultWebSecurityCondition.Beans @ConditionalOnMissingBean (types: org.springframework.security.config.annotation.web.configuration.WebSecurityConfigurerAdapter,org.springframework.security.web.SecurityFilterChain; SearchStrategy: all) did not find any beans; NestedCondition on DefaultWebSecurityCondition.Classes @ConditionalOnClass found required classes 'org.springframework.security.web.SecurityFilterChain', 'org.springframework.security.config.annotation.web.builders.HttpSecurity' (DefaultWebSecurityCondition)

   SpringBootWebSecurityConfiguration.WebSecurityEnablerConfiguration matched:
      - @ConditionalOnClass found required class 'org.springframework.security.config.annotation.web.configuration.EnableWebSecurity' (OnClassCondition)
      - @ConditionalOnMissingBean (names: springSecurityFilterChain; SearchStrategy: all) did not find any beans (OnBeanCondition)


Negative matches:
-----------------

    None


Exclusions:
-----------

    None


Unconditional classes:
----------------------

    None



2022-11-23 16:09:43,263 INFO [restartedMain] com.exampleMainService.MainServiceApplication: Starting MainServiceApplication using Java 11.0.16 on Desktop-CDN-T480 with PID 1584 (D:\Tasks\MainService\target\classes started by T480 in D:\Tasks\MainService)
2022-11-23 16:09:43,264 INFO [restartedMain] com.exampleMainService.MainServiceApplication: No active profile set, falling back to 1 default profile: "default"
2022-11-23 16:09:43,534 INFO [restartedMain] org.springframework.data.repository.config.RepositoryConfigurationDelegate: Bootstrapping Spring Data JPA repositories in DEFAULT mode.
2022-11-23 16:09:43,562 INFO [restartedMain] org.springframework.data.repository.config.RepositoryConfigurationDelegate: Finished Spring Data repository scanning in 28 ms. Found 4 JPA repository interfaces.
2022-11-23 16:09:43,741 INFO [restartedMain] org.springframework.boot.web.embedded.tomcat.TomcatWebServer: Tomcat initialized with port(s): 8080 (http)
2022-11-23 16:09:43,743 INFO [restartedMain] org.apache.catalina.core.StandardService: Starting service [Tomcat]
2022-11-23 16:09:43,743 INFO [restartedMain] org.apache.catalina.core.StandardEngine: Starting Servlet engine: [Apache Tomcat/9.0.65]
2022-11-23 16:09:43,792 INFO [restartedMain] org.apache.catalina.core.ContainerBase.[Tomcat-5].[localhost].[/]: Initializing Spring embedded WebApplicationContext
2022-11-23 16:09:43,792 INFO [restartedMain] org.springframework.boot.web.servlet.context.ServletWebServerApplicationContext: Root WebApplicationContext: initialization completed in 525 ms
2022-11-23 16:09:43,870 INFO [restartedMain] org.hibernate.jpa.internal.util.LogHelper: HHH000204: Processing PersistenceUnitInfo [name: default]
2022-11-23 16:09:43,881 INFO [restartedMain] com.zaxxer.hikari.HikariDataSource: HikariPool-14 - Starting...
2022-11-23 16:09:43,903 INFO [Thread-46] org.apache.catalina.core.StandardService: Stopping service [Tomcat]
2022-11-23 16:09:43,917 INFO [restartedMain] com.zaxxer.hikari.HikariDataSource: HikariPool-14 - Start completed.
2022-11-23 16:09:43,919 INFO [restartedMain] org.hibernate.dialect.Dialect: HHH000400: Using dialect: org.hibernate.dialect.MySQL8Dialect
2022-11-23 16:09:43,921 INFO [Thread-46] org.springframework.orm.jpa.LocalContainerEntityManagerFactoryBean: Closing JPA EntityManagerFactory for persistence unit 'default'
2022-11-23 16:09:43,922 INFO [Thread-46] com.zaxxer.hikari.HikariDataSource: HikariPool-13 - Shutdown initiated...
2022-11-23 16:09:43,954 INFO [Thread-46] com.zaxxer.hikari.HikariDataSource: HikariPool-13 - Shutdown completed.
2022-11-23 16:09:44,052 INFO [restartedMain] org.springframework.boot.devtools.env.DevToolsPropertyDefaultsPostProcessor: Devtools property defaults active! Set 'spring.devtools.add-properties' to 'false' to disable
2022-11-23 16:09:44,053 INFO [restartedMain] org.springframework.boot.devtools.env.DevToolsPropertyDefaultsPostProcessor: For additional web related logging consider setting the 'logging.level.web' property to 'DEBUG'
2022-11-23 16:09:44,059 INFO [restartedMain] com.exampleMainService.MainServiceApplication: Starting MainServiceApplication using Java 11.0.16 on Desktop-CDN-T480 with PID 1584 (D:\Tasks\MainService\target\classes started by T480 in D:\Tasks\MainService)
2022-11-23 16:09:44,059 INFO [restartedMain] com.exampleMainService.MainServiceApplication: No active profile set, falling back to 1 default profile: "default"
2022-11-23 16:09:44,073 INFO [restartedMain] org.hibernate.engine.transaction.jta.platform.internal.JtaPlatformInitiator: HHH000490: Using JtaPlatform implementation: [org.hibernate.engine.transaction.jta.platform.internal.NoJtaPlatform]
2022-11-23 16:09:44,074 INFO [restartedMain] org.springframework.orm.jpa.LocalContainerEntityManagerFactoryBean: Initialized JPA EntityManagerFactory for persistence unit 'default'
2022-11-23 16:09:44,212 WARN [restartedMain] org.springframework.boot.autoconfigure.orm.jpa.JpaBaseConfiguration$JpaWebConfiguration: spring.jpa.open-in-view is enabled by default. Therefore, database queries may be performed during view rendering. Explicitly configure spring.jpa.open-in-view to disable this warning
2022-11-23 16:09:44,354 INFO [restartedMain] com.exampleMainService.configurations.SecurityConfiguration: Allowed Roles: ADMIN,USER,MANAGER,SALEPERSON,II,newrole,newrole,newrole
2022-11-23 16:09:44,438 INFO [restartedMain] org.springframework.data.repository.config.RepositoryConfigurationDelegate: Bootstrapping Spring Data JPA repositories in DEFAULT mode.
2022-11-23 16:09:44,460 INFO [restartedMain] org.springframework.data.repository.config.RepositoryConfigurationDelegate: Finished Spring Data repository scanning in 21 ms. Found 4 JPA repository interfaces.
2022-11-23 16:09:44,491 INFO [restartedMain] org.springframework.security.web.DefaultSecurityFilterChain: Will secure any request with [org.springframework.security.web.session.DisableEncodeUrlFilter@492dcb6e, org.springframework.security.web.context.request.async.WebAsyncManagerIntegrationFilter@51be8cae, org.springframework.security.web.context.SecurityContextPersistenceFilter@53837491, org.springframework.security.web.header.HeaderWriterFilter@6e67a841, org.springframework.web.filter.CorsFilter@465362da, org.springframework.security.web.authentication.logout.LogoutFilter@3b89a75b, org.springframework.security.oauth2.client.web.OAuth2AuthorizationRequestRedirectFilter@704ce6cd, org.springframework.security.oauth2.client.web.OAuth2LoginAuthenticationFilter@e958a62, org.springframework.security.web.authentication.ui.DefaultLoginPageGeneratingFilter@446844df, org.springframework.security.web.authentication.ui.DefaultLogoutPageGeneratingFilter@64b736e8, org.springframework.security.web.authentication.www.BasicAuthenticationFilter@a225530, org.springframework.security.web.savedrequest.RequestCacheAwareFilter@607af86c, org.springframework.security.web.servletapi.SecurityContextHolderAwareRequestFilter@330c7182, org.springframework.security.web.authentication.AnonymousAuthenticationFilter@4366f7ab, org.springframework.security.web.session.SessionManagementFilter@4d97409c, org.springframework.security.web.access.ExceptionTranslationFilter@71e85451, org.springframework.security.web.access.intercept.FilterSecurityInterceptor@6cd27744]
2022-11-23 16:09:44,558 WARN [restartedMain] org.springframework.boot.autoconfigure.thymeleaf.ThymeleafAutoConfiguration$DefaultTemplateResolverConfiguration: Cannot find template location: classpath:/templates/ (please add some templates or check your Thymeleaf configuration)
2022-11-23 16:09:44,674 WARN [restartedMain] org.springframework.boot.devtools.autoconfigure.OptionalLiveReloadServer: Unable to start LiveReload server
2022-11-23 16:09:44,677 INFO [restartedMain] org.springframework.boot.web.embedded.tomcat.TomcatWebServer: Tomcat initialized with port(s): 8080 (http)
