2022-11-21 17:26:17,683 INFO [http-nio-8080-exec-7] filters.com.exampleMainService.PermissionFilter: Inside doFilter method.
2022-11-21 17:26:17,685 INFO [http-nio-8080-exec-7] filters.com.exampleMainService.PermissionFilter: Request method: GET
2022-11-21 17:26:17,685 INFO [http-nio-8080-exec-7] filters.com.exampleMainService.PermissionFilter: ROLE_ADMIN
2022-11-21 17:26:17,691 DEBUG [http-nio-8080-exec-2] org.springframework.security.web.FilterChainProxy: Securing GET /role/role?role=oxUgusR8Q5E3MJawvOa2PA%3D%3D
2022-11-21 17:26:17,716 DEBUG [http-nio-8080-exec-10] org.springframework.security.web.FilterChainProxy: Secured GET /department/get
2022-11-21 17:26:17,716 INFO [http-nio-8080-exec-10] filters.com.exampleMainService.PermissionFilter: Inside doFilter method.
2022-11-21 17:26:17,716 INFO [http-nio-8080-exec-10] filters.com.exampleMainService.PermissionFilter: Request method: GET
2022-11-21 17:26:17,717 INFO [http-nio-8080-exec-10] filters.com.exampleMainService.PermissionFilter: ROLE_ADMIN
2022-11-21 17:26:17,724 INFO [http-nio-8080-exec-10] clients.com.exampleMainService.DepartmentClient: {"id":"0", "timestamp":"1669033577719", "username":"admin", "requestURL":"http://localhost:8081/department/get", "responseCode":"200", "message":"List of Departments received.", "status":"Success", "meta":}
2022-11-21 17:26:17,830 DEBUG [http-nio-8080-exec-2] org.springframework.security.web.FilterChainProxy: Secured GET /role/role?role=oxUgusR8Q5E3MJawvOa2PA%3D%3D
2022-11-21 17:26:17,830 INFO [http-nio-8080-exec-2] filters.com.exampleMainService.PermissionFilter: Inside doFilter method.
2022-11-21 17:26:17,830 INFO [http-nio-8080-exec-2] filters.com.exampleMainService.PermissionFilter: Request method: GET
2022-11-21 17:26:17,830 INFO [http-nio-8080-exec-2] filters.com.exampleMainService.PermissionFilter: ROLE_ADMIN
2022-11-21 17:26:17,841 DEBUG [http-nio-8080-exec-5] org.springframework.security.web.FilterChainProxy: Securing GET /role/role?role=oxUgusR8Q5E3MJawvOa2PA%3D%3D
2022-11-21 17:26:17,965 DEBUG [http-nio-8080-exec-5] org.springframework.security.web.FilterChainProxy: Secured GET /role/role?role=oxUgusR8Q5E3MJawvOa2PA%3D%3D
2022-11-21 17:26:17,965 INFO [http-nio-8080-exec-5] filters.com.exampleMainService.PermissionFilter: Inside doFilter method.
2022-11-21 17:26:17,965 INFO [http-nio-8080-exec-5] filters.com.exampleMainService.PermissionFilter: Request method: GET
2022-11-21 17:26:17,966 INFO [http-nio-8080-exec-5] filters.com.exampleMainService.PermissionFilter: ROLE_ADMIN
2022-11-21 17:26:17,972 DEBUG [http-nio-8080-exec-1] org.springframework.security.web.FilterChainProxy: Securing GET /role/role?role=oxUgusR8Q5E3MJawvOa2PA%3D%3D
2022-11-21 17:26:18,086 DEBUG [http-nio-8080-exec-1] org.springframework.security.web.FilterChainProxy: Secured GET /role/role?role=oxUgusR8Q5E3MJawvOa2PA%3D%3D
2022-11-21 17:26:18,086 INFO [http-nio-8080-exec-1] filters.com.exampleMainService.PermissionFilter: Inside doFilter method.
2022-11-21 17:26:18,086 INFO [http-nio-8080-exec-1] filters.com.exampleMainService.PermissionFilter: Request method: GET
2022-11-21 17:26:18,086 INFO [http-nio-8080-exec-1] filters.com.exampleMainService.PermissionFilter: ROLE_ADMIN
2022-11-21 17:26:18,093 DEBUG [http-nio-8080-exec-6] org.springframework.security.web.FilterChainProxy: Securing GET /role/role?role=oxUgusR8Q5E3MJawvOa2PA%3D%3D
2022-11-21 17:26:18,193 DEBUG [http-nio-8080-exec-6] org.springframework.security.web.FilterChainProxy: Secured GET /role/role?role=oxUgusR8Q5E3MJawvOa2PA%3D%3D
2022-11-21 17:26:18,193 INFO [http-nio-8080-exec-6] filters.com.exampleMainService.PermissionFilter: Inside doFilter method.
2022-11-21 17:26:18,193 INFO [http-nio-8080-exec-6] filters.com.exampleMainService.PermissionFilter: Request method: GET
2022-11-21 17:26:18,193 INFO [http-nio-8080-exec-6] filters.com.exampleMainService.PermissionFilter: ROLE_ADMIN
2022-11-21 17:26:52,252 DEBUG [http-nio-8080-exec-9] org.springframework.security.web.FilterChainProxy: Securing GET /department/get
2022-11-21 17:26:52,265 DEBUG [http-nio-8080-exec-8] org.springframework.security.web.FilterChainProxy: Securing GET /role/role?role=oxUgusR8Q5E3MJawvOa2PA%3D%3D
2022-11-21 17:26:52,299 DEBUG [http-nio-8080-exec-3] org.springframework.security.web.FilterChainProxy: Securing GET /role/roles
2022-11-21 17:26:52,414 DEBUG [http-nio-8080-exec-9] org.springframework.security.web.FilterChainProxy: Secured GET /department/get
2022-11-21 17:26:52,414 INFO [http-nio-8080-exec-9] filters.com.exampleMainService.PermissionFilter: Inside doFilter method.
2022-11-21 17:26:52,414 INFO [http-nio-8080-exec-9] filters.com.exampleMainService.PermissionFilter: Request method: GET
2022-11-21 17:26:52,414 INFO [http-nio-8080-exec-9] filters.com.exampleMainService.PermissionFilter: ROLE_ADMIN
2022-11-21 17:26:52,426 DEBUG [http-nio-8080-exec-8] org.springframework.security.web.FilterChainProxy: Secured GET /role/role?role=oxUgusR8Q5E3MJawvOa2PA%3D%3D
2022-11-21 17:26:52,427 INFO [http-nio-8080-exec-9] clients.com.exampleMainService.DepartmentClient: {"id":"0", "timestamp":"1669033612417", "username":"admin", "requestURL":"http://localhost:8081/department/get", "responseCode":"200", "message":"List of Departments received.", "status":"Success", "meta":}
2022-11-21 17:26:52,427 INFO [http-nio-8080-exec-8] filters.com.exampleMainService.PermissionFilter: Inside doFilter method.
2022-11-21 17:26:52,428 INFO [http-nio-8080-exec-8] filters.com.exampleMainService.PermissionFilter: Request method: GET
2022-11-21 17:26:52,428 INFO [http-nio-8080-exec-8] filters.com.exampleMainService.PermissionFilter: ROLE_ADMIN
2022-11-21 17:26:52,440 DEBUG [http-nio-8080-exec-7] org.springframework.security.web.FilterChainProxy: Securing GET /department/get
2022-11-21 17:26:52,440 DEBUG [http-nio-8080-exec-4] org.springframework.security.web.FilterChainProxy: Securing GET /role/role?role=oxUgusR8Q5E3MJawvOa2PA%3D%3D
2022-11-21 17:26:52,478 DEBUG [http-nio-8080-exec-3] org.springframework.security.web.FilterChainProxy: Secured GET /role/roles
2022-11-21 17:26:52,478 INFO [http-nio-8080-exec-3] filters.com.exampleMainService.PermissionFilter: Inside doFilter method.
2022-11-21 17:26:52,478 INFO [http-nio-8080-exec-3] filters.com.exampleMainService.PermissionFilter: Request method: GET
2022-11-21 17:26:52,478 INFO [http-nio-8080-exec-3] filters.com.exampleMainService.PermissionFilter: ROLE_ADMIN
2022-11-21 17:26:52,590 DEBUG [http-nio-8080-exec-4] org.springframework.security.web.FilterChainProxy: Secured GET /role/role?role=oxUgusR8Q5E3MJawvOa2PA%3D%3D
2022-11-21 17:26:52,591 INFO [http-nio-8080-exec-4] filters.com.exampleMainService.PermissionFilter: Inside doFilter method.
2022-11-21 17:26:52,591 INFO [http-nio-8080-exec-4] filters.com.exampleMainService.PermissionFilter: Request method: GET
2022-11-21 17:26:52,591 INFO [http-nio-8080-exec-4] filters.com.exampleMainService.PermissionFilter: ROLE_ADMIN
2022-11-21 17:26:52,596 DEBUG [http-nio-8080-exec-7] org.springframework.security.web.FilterChainProxy: Secured GET /department/get
2022-11-21 17:26:52,597 INFO [http-nio-8080-exec-7] filters.com.exampleMainService.PermissionFilter: Inside doFilter method.
2022-11-21 17:26:52,597 INFO [http-nio-8080-exec-7] filters.com.exampleMainService.PermissionFilter: Request method: GET
2022-11-21 17:26:52,597 INFO [http-nio-8080-exec-7] filters.com.exampleMainService.PermissionFilter: ROLE_ADMIN
2022-11-21 17:26:52,598 DEBUG [http-nio-8080-exec-10] org.springframework.security.web.FilterChainProxy: Securing GET /role/role?role=oxUgusR8Q5E3MJawvOa2PA%3D%3D
2022-11-21 17:26:52,606 INFO [http-nio-8080-exec-7] clients.com.exampleMainService.DepartmentClient: {"id":"0", "timestamp":"1669033612600", "username":"admin", "requestURL":"http://localhost:8081/department/get", "responseCode":"200", "message":"List of Departments received.", "status":"Success", "meta":}
2022-11-21 17:26:52,773 DEBUG [http-nio-8080-exec-10] org.springframework.security.web.FilterChainProxy: Secured GET /role/role?role=oxUgusR8Q5E3MJawvOa2PA%3D%3D
2022-11-21 17:26:52,774 INFO [http-nio-8080-exec-10] filters.com.exampleMainService.PermissionFilter: Inside doFilter method.
2022-11-21 17:26:52,774 INFO [http-nio-8080-exec-10] filters.com.exampleMainService.PermissionFilter: Request method: GET
2022-11-21 17:26:52,775 INFO [http-nio-8080-exec-10] filters.com.exampleMainService.PermissionFilter: ROLE_ADMIN
2022-11-21 17:26:52,786 DEBUG [http-nio-8080-exec-2] org.springframework.security.web.FilterChainProxy: Securing GET /role/role?role=oxUgusR8Q5E3MJawvOa2PA%3D%3D
2022-11-21 17:26:52,925 DEBUG [http-nio-8080-exec-2] org.springframework.security.web.FilterChainProxy: Secured GET /role/role?role=oxUgusR8Q5E3MJawvOa2PA%3D%3D
2022-11-21 17:26:52,925 INFO [http-nio-8080-exec-2] filters.com.exampleMainService.PermissionFilter: Inside doFilter method.
2022-11-21 17:26:52,925 INFO [http-nio-8080-exec-2] filters.com.exampleMainService.PermissionFilter: Request method: GET
2022-11-21 17:26:52,925 INFO [http-nio-8080-exec-2] filters.com.exampleMainService.PermissionFilter: ROLE_ADMIN
2022-11-21 17:27:56,981 DEBUG [http-nio-8080-exec-3] org.springframework.security.web.FilterChainProxy: Securing GET /department/get
2022-11-21 17:27:56,985 DEBUG [http-nio-8080-exec-4] org.springframework.security.web.FilterChainProxy: Securing GET /role/role?role=oxUgusR8Q5E3MJawvOa2PA%3D%3D
2022-11-21 17:27:56,996 DEBUG [http-nio-8080-exec-7] org.springframework.security.web.FilterChainProxy: Securing GET /role/roles
2022-11-21 17:27:57,215 DEBUG [http-nio-8080-exec-7] org.springframework.security.web.FilterChainProxy: Secured GET /role/roles
2022-11-21 17:27:57,216 INFO [http-nio-8080-exec-7] filters.com.exampleMainService.PermissionFilter: Inside doFilter method.
2022-11-21 17:27:57,216 INFO [http-nio-8080-exec-7] filters.com.exampleMainService.PermissionFilter: Request method: GET
2022-11-21 17:27:57,216 INFO [http-nio-8080-exec-7] filters.com.exampleMainService.PermissionFilter: ROLE_ADMIN
2022-11-21 17:27:57,245 DEBUG [http-nio-8080-exec-3] org.springframework.security.web.FilterChainProxy: Secured GET /department/get
2022-11-21 17:27:57,245 INFO [http-nio-8080-exec-3] filters.com.exampleMainService.PermissionFilter: Inside doFilter method.
2022-11-21 17:27:57,245 INFO [http-nio-8080-exec-3] filters.com.exampleMainService.PermissionFilter: Request method: GET
2022-11-21 17:27:57,245 INFO [http-nio-8080-exec-3] filters.com.exampleMainService.PermissionFilter: ROLE_ADMIN
2022-11-21 17:27:57,253 INFO [http-nio-8080-exec-3] clients.com.exampleMainService.DepartmentClient: {"id":"0", "timestamp":"1669033677248", "username":"admin", "requestURL":"http://localhost:8081/department/get", "responseCode":"200", "message":"List of Departments received.", "status":"Success", "meta":}
2022-11-21 17:27:57,257 DEBUG [http-nio-8080-exec-4] org.springframework.security.web.FilterChainProxy: Secured GET /role/role?role=oxUgusR8Q5E3MJawvOa2PA%3D%3D
2022-11-21 17:27:57,257 INFO [http-nio-8080-exec-4] filters.com.exampleMainService.PermissionFilter: Inside doFilter method.
2022-11-21 17:27:57,257 INFO [http-nio-8080-exec-4] filters.com.exampleMainService.PermissionFilter: Request method: GET
