2022-12-22 15:56:01,027 INFO [http-nio-8082-exec-5] com.exampleMainService.filters.PermissionFilter: Request method: GET
2022-12-22 15:56:01,029 INFO [http-nio-8082-exec-5] com.exampleMainService.filters.PermissionFilter: ROLE_ADMIN
2022-12-22 15:56:04,327 DEBUG [http-nio-8082-exec-6] org.springframework.security.web.FilterChainProxy: Securing OPTIONS /authenticator/validateOtp?username=admin&otp=730137
2022-12-22 15:56:04,334 DEBUG [http-nio-8082-exec-7] org.springframework.security.web.FilterChainProxy: Securing POST /authenticator/validateOtp?username=admin&otp=730137
2022-12-22 15:56:04,426 DEBUG [http-nio-8082-exec-7] org.springframework.security.web.FilterChainProxy: Secured POST /authenticator/validateOtp?username=admin&otp=730137
2022-12-22 15:56:04,426 INFO [http-nio-8082-exec-7] com.exampleMainService.filters.PermissionFilter: Inside doFilter method.
2022-12-22 15:56:04,426 INFO [http-nio-8082-exec-7] com.exampleMainService.filters.PermissionFilter: Request method: POST
2022-12-22 15:56:04,427 INFO [http-nio-8082-exec-7] com.exampleMainService.filters.PermissionFilter: ROLE_ADMIN
2022-12-22 15:56:04,433 INFO [http-nio-8082-exec-7] com.exampleMainService.controllers.AuthenticatorController: Trying to validate the OTP: 730137 against the username: admin
2022-12-22 15:56:04,450 ERROR [http-nio-8082-exec-7] com.exampleMainService.controllers.AuthenticatorController: Error: null
2022-12-22 15:56:27,225 DEBUG [http-nio-8082-exec-9] org.springframework.security.web.FilterChainProxy: Securing POST /authenticator/authenticatorString
2022-12-22 15:56:27,225 DEBUG [http-nio-8082-exec-9] org.springframework.security.web.FilterChainProxy: Secured POST /authenticator/authenticatorString
2022-12-22 15:56:27,226 INFO [http-nio-8082-exec-9] com.exampleMainService.filters.PermissionFilter: Inside doFilter method.
2022-12-22 15:56:27,226 INFO [http-nio-8082-exec-9] com.exampleMainService.filters.PermissionFilter: Request method: POST
2022-12-22 15:56:27,226 INFO [http-nio-8082-exec-9] com.exampleMainService.filters.PermissionFilter: ROLE_ADMIN
2022-12-22 15:56:27,235 INFO [http-nio-8082-exec-9] com.exampleMainService.controllers.AuthenticatorController: Trying to generate the Authenticator String for user with username: admin
2022-12-22 15:57:28,495 DEBUG [http-nio-8082-exec-1] org.springframework.security.web.FilterChainProxy: Securing OPTIONS /authenticator/validateOtp?username=admin&otp=672532
2022-12-22 15:57:28,500 DEBUG [http-nio-8082-exec-3] org.springframework.security.web.FilterChainProxy: Securing POST /authenticator/validateOtp?username=admin&otp=672532
2022-12-22 15:57:28,590 DEBUG [http-nio-8082-exec-3] org.springframework.security.web.FilterChainProxy: Secured POST /authenticator/validateOtp?username=admin&otp=672532
2022-12-22 15:57:28,590 INFO [http-nio-8082-exec-3] com.exampleMainService.filters.PermissionFilter: Inside doFilter method.
2022-12-22 15:57:28,590 INFO [http-nio-8082-exec-3] com.exampleMainService.filters.PermissionFilter: Request method: POST
2022-12-22 15:57:28,590 INFO [http-nio-8082-exec-3] com.exampleMainService.filters.PermissionFilter: ROLE_ADMIN
2022-12-22 15:57:28,595 INFO [http-nio-8082-exec-3] com.exampleMainService.controllers.AuthenticatorController: Trying to validate the OTP: 672532 against the username: admin
2022-12-22 15:57:28,621 DEBUG [http-nio-8082-exec-4] org.springframework.security.web.FilterChainProxy: Securing GET /role/roles
2022-12-22 15:57:28,713 DEBUG [http-nio-8082-exec-4] org.springframework.security.web.FilterChainProxy: Secured GET /role/roles
2022-12-22 15:57:28,713 INFO [http-nio-8082-exec-4] com.exampleMainService.filters.PermissionFilter: Inside doFilter method.
2022-12-22 15:57:28,713 INFO [http-nio-8082-exec-4] com.exampleMainService.filters.PermissionFilter: Request method: GET
2022-12-22 15:57:28,713 INFO [http-nio-8082-exec-4] com.exampleMainService.filters.PermissionFilter: ROLE_ADMIN
2022-12-22 15:57:32,088 DEBUG [http-nio-8082-exec-5] org.springframework.security.web.FilterChainProxy: Securing POST /authenticator/authenticatorString?username=admin&email=admin%40gmail.com
2022-12-22 15:57:32,182 DEBUG [http-nio-8082-exec-5] org.springframework.security.web.FilterChainProxy: Secured POST /authenticator/authenticatorString?username=admin&email=admin%40gmail.com
2022-12-22 15:57:32,182 INFO [http-nio-8082-exec-5] com.exampleMainService.filters.PermissionFilter: Inside doFilter method.
2022-12-22 15:57:32,182 INFO [http-nio-8082-exec-5] com.exampleMainService.filters.PermissionFilter: Request method: POST
2022-12-22 15:57:32,183 INFO [http-nio-8082-exec-5] com.exampleMainService.filters.PermissionFilter: ROLE_ADMIN
2022-12-22 15:57:32,187 INFO [http-nio-8082-exec-5] com.exampleMainService.controllers.AuthenticatorController: Trying to generate the Authenticator String for user with username: admin
2022-12-22 15:57:37,667 DEBUG [http-nio-8082-exec-6] org.springframework.security.web.FilterChainProxy: Securing GET /user/getUsers
2022-12-22 15:57:37,760 DEBUG [http-nio-8082-exec-6] org.springframework.security.web.FilterChainProxy: Secured GET /user/getUsers
2022-12-22 15:57:37,760 INFO [http-nio-8082-exec-6] com.exampleMainService.filters.PermissionFilter: Inside doFilter method.
2022-12-22 15:57:37,760 INFO [http-nio-8082-exec-6] com.exampleMainService.filters.PermissionFilter: Request method: GET
2022-12-22 15:57:37,760 INFO [http-nio-8082-exec-6] com.exampleMainService.filters.PermissionFilter: ROLE_ADMIN
2022-12-22 15:57:37,768 INFO [http-nio-8082-exec-6] com.exampleMainService.controllers.AuthenticatorController: [{'username':'2990099201282627', 'password':'$2a$10$DCpXCcJm/EALB.OLbwl3jej3xUZRbGGj27YoglBOww0H61ERwf90W', 'isEnabled':true, 'email':'no@gmail.com', 'isTwoFactorEnabled':'false'}, {'username':'admin', 'password':'$2a$10$INYm8.ojdneZCPptupXHsunjde/2JbGR486L3qB2SPlQjS5r0Vsya', 'isEnabled':true, 'email':'admin@gmail.com', 'isTwoFactorEnabled':'true'}, {'username':'saadmunirmunir86@gmail.com', 'password':'$2a$10$UGahV4jA05PSqVvWorHVmeA9IbCRkf7Bhs9qPYDVyfvUzuQfex0qm', 'isEnabled':true, 'email':'saadmunirmunir86@gmail.com', 'isTwoFactorEnabled':'false'}]
2022-12-22 15:57:37,777 DEBUG [http-nio-8082-exec-7] org.springframework.security.web.FilterChainProxy: Securing GET /user/authority?username=f%2BRE%2BQs551ZAYxfg5GI30g%3D%3D
2022-12-22 15:57:37,779 DEBUG [http-nio-8082-exec-8] org.springframework.security.web.FilterChainProxy: Securing GET /user/validate?encodedPassword=H%2F2skjEl3j5cgjvzdIfJIgTasYqNADU10P%2FBFC9ik00RFfjWZKiXM5skibW1m05tjKa99P9t28CXuyxFSTvqkA%3D%3D&password=8zzRUtvOFfEroqP3N4hqGg%3D%3D
2022-12-22 15:57:37,862 DEBUG [http-nio-8082-exec-7] org.springframework.security.web.FilterChainProxy: Secured GET /user/authority?username=f%2BRE%2BQs551ZAYxfg5GI30g%3D%3D
2022-12-22 15:57:37,863 INFO [http-nio-8082-exec-7] com.exampleMainService.filters.PermissionFilter: Inside doFilter method.
2022-12-22 15:57:37,863 INFO [http-nio-8082-exec-7] com.exampleMainService.filters.PermissionFilter: Request method: GET
2022-12-22 15:57:37,863 INFO [http-nio-8082-exec-7] com.exampleMainService.filters.PermissionFilter: ROLE_ADMIN
2022-12-22 15:57:37,866 DEBUG [http-nio-8082-exec-8] org.springframework.security.web.FilterChainProxy: Secured GET /user/validate?encodedPassword=H%2F2skjEl3j5cgjvzdIfJIgTasYqNADU10P%2FBFC9ik00RFfjWZKiXM5skibW1m05tjKa99P9t28CXuyxFSTvqkA%3D%3D&password=8zzRUtvOFfEroqP3N4hqGg%3D%3D
2022-12-22 15:57:37,867 INFO [http-nio-8082-exec-8] com.exampleMainService.filters.PermissionFilter: Inside doFilter method.
2022-12-22 15:57:37,867 INFO [http-nio-8082-exec-8] com.exampleMainService.filters.PermissionFilter: Request method: GET
2022-12-22 15:57:37,867 INFO [http-nio-8082-exec-8] com.exampleMainService.filters.PermissionFilter: ROLE_ADMIN
2022-12-22 15:57:40,053 DEBUG [http-nio-8082-exec-9] org.springframework.security.web.FilterChainProxy: Securing POST /authenticator/validateOtp?username=admin&otp=672532
2022-12-22 15:57:40,150 DEBUG [http-nio-8082-exec-9] org.springframework.security.web.FilterChainProxy: Secured POST /authenticator/validateOtp?username=admin&otp=672532
2022-12-22 15:57:40,150 INFO [http-nio-8082-exec-9] com.exampleMainService.filters.PermissionFilter: Inside doFilter method.
2022-12-22 15:57:40,150 INFO [http-nio-8082-exec-9] com.exampleMainService.filters.PermissionFilter: Request method: POST
2022-12-22 15:57:40,150 INFO [http-nio-8082-exec-9] com.exampleMainService.filters.PermissionFilter: ROLE_ADMIN
2022-12-22 15:57:40,154 INFO [http-nio-8082-exec-9] com.exampleMainService.controllers.AuthenticatorController: Trying to validate the OTP: 672532 against the username: admin
2022-12-22 15:58:15,531 DEBUG [http-nio-8082-exec-10] org.springframework.security.web.FilterChainProxy: Securing GET /user/getUsers
2022-12-22 15:58:15,625 DEBUG [http-nio-8082-exec-10] org.springframework.security.web.FilterChainProxy: Secured GET /user/getUsers
2022-12-22 15:58:15,625 INFO [http-nio-8082-exec-10] com.exampleMainService.filters.PermissionFilter: Inside doFilter method.
2022-12-22 15:58:15,625 INFO [http-nio-8082-exec-10] com.exampleMainService.filters.PermissionFilter: Request method: GET
2022-12-22 15:58:15,625 INFO [http-nio-8082-exec-10] com.exampleMainService.filters.PermissionFilter: ROLE_ADMIN
2022-12-22 15:58:15,633 INFO [http-nio-8082-exec-10] com.exampleMainService.controllers.AuthenticatorController: [{'username':'2990099201282627', 'password':'$2a$10$DCpXCcJm/EALB.OLbwl3jej3xUZRbGGj27YoglBOww0H61ERwf90W', 'isEnabled':true, 'email':'no@gmail.com', 'isTwoFactorEnabled':'false'}, {'username':'admin', 'password':'$2a$10$INYm8.ojdneZCPptupXHsunjde/2JbGR486L3qB2SPlQjS5r0Vsya', 'isEnabled':true, 'email':'admin@gmail.com', 'isTwoFactorEnabled':'false'}, {'username':'saadmunirmunir86@gmail.com', 'password':'$2a$10$UGahV4jA05PSqVvWorHVmeA9IbCRkf7Bhs9qPYDVyfvUzuQfex0qm', 'isEnabled':true, 'email':'saadmunirmunir86@gmail.com', 'isTwoFactorEnabled':'false'}]
2022-12-22 15:58:15,643 DEBUG [http-nio-8082-exec-2] org.springframework.security.web.FilterChainProxy: Securing GET /user/authority?username=f%2BRE%2BQs551ZAYxfg5GI30g%3D%3D
2022-12-22 15:58:15,644 DEBUG [http-nio-8082-exec-1] org.springframework.security.web.FilterChainProxy: Securing GET /user/validate?encodedPassword=H%2F2skjEl3j5cgjvzdIfJIgTasYqNADU10P%2FBFC9ik00RFfjWZKiXM5skibW1m05tjKa99P9t28CXuyxFSTvqkA%3D%3D&password=8zzRUtvOFfEroqP3N4hqGg%3D%3D
