2022-11-21 16:23:56,763 INFO [http-nio-8080-exec-6] filters.com.exampleMainService.PermissionFilter: Request method: GET
2022-11-21 16:23:56,764 INFO [http-nio-8080-exec-6] filters.com.exampleMainService.PermissionFilter: ROLE_ADMIN
2022-11-21 16:23:56,768 DEBUG [http-nio-8080-exec-6] org.springframework.security.web.FilterChainProxy: Securing GET /error
2022-11-21 16:23:56,768 DEBUG [http-nio-8080-exec-6] org.springframework.security.web.FilterChainProxy: Secured GET /error
2022-11-21 16:23:57,230 DEBUG [http-nio-8080-exec-7] org.springframework.security.web.FilterChainProxy: Securing GET /department/get
2022-11-21 16:23:57,249 DEBUG [http-nio-8080-exec-8] org.springframework.security.web.FilterChainProxy: Securing GET /role/roles
2022-11-21 16:23:57,261 DEBUG [http-nio-8080-exec-4] org.springframework.security.web.FilterChainProxy: Securing GET /role/role?role=7p2hjuuB0xobcC%2FWSCKjOA%3D%3D
2022-11-21 16:23:57,382 DEBUG [http-nio-8080-exec-7] org.springframework.security.web.FilterChainProxy: Secured GET /department/get
2022-11-21 16:23:57,382 INFO [http-nio-8080-exec-7] filters.com.exampleMainService.PermissionFilter: Inside doFilter method.
2022-11-21 16:23:57,382 INFO [http-nio-8080-exec-7] filters.com.exampleMainService.PermissionFilter: Request method: GET
2022-11-21 16:23:57,382 INFO [http-nio-8080-exec-7] filters.com.exampleMainService.PermissionFilter: ROLE_USER
2022-11-21 16:23:57,394 INFO [http-nio-8080-exec-7] clients.com.exampleMainService.DepartmentClient: {"id":"0", "timestamp":"1669029837385", "username":"user", "requestURL":"http://localhost:8081/department/get", "responseCode":"200", "message":"List of Departments received.", "status":"Success", "meta":}
2022-11-21 16:23:57,403 DEBUG [http-nio-8080-exec-3] org.springframework.security.web.FilterChainProxy: Securing GET /department/get
2022-11-21 16:23:57,433 DEBUG [http-nio-8080-exec-4] org.springframework.security.web.FilterChainProxy: Secured GET /role/role?role=7p2hjuuB0xobcC%2FWSCKjOA%3D%3D
2022-11-21 16:23:57,433 INFO [http-nio-8080-exec-4] filters.com.exampleMainService.PermissionFilter: Inside doFilter method.
2022-11-21 16:23:57,433 INFO [http-nio-8080-exec-4] filters.com.exampleMainService.PermissionFilter: Request method: GET
2022-11-21 16:23:57,433 INFO [http-nio-8080-exec-4] filters.com.exampleMainService.PermissionFilter: ROLE_USER
2022-11-21 16:23:57,445 DEBUG [http-nio-8080-exec-8] org.springframework.security.web.FilterChainProxy: Secured GET /role/roles
2022-11-21 16:23:57,445 INFO [http-nio-8080-exec-8] filters.com.exampleMainService.PermissionFilter: Inside doFilter method.
2022-11-21 16:23:57,445 INFO [http-nio-8080-exec-8] filters.com.exampleMainService.PermissionFilter: Request method: GET
2022-11-21 16:23:57,445 INFO [http-nio-8080-exec-8] filters.com.exampleMainService.PermissionFilter: ROLE_USER
2022-11-21 16:23:57,525 DEBUG [http-nio-8080-exec-3] org.springframework.security.web.FilterChainProxy: Secured GET /department/get
2022-11-21 16:23:57,526 INFO [http-nio-8080-exec-3] filters.com.exampleMainService.PermissionFilter: Inside doFilter method.
2022-11-21 16:23:57,526 INFO [http-nio-8080-exec-3] filters.com.exampleMainService.PermissionFilter: Request method: GET
2022-11-21 16:23:57,526 INFO [http-nio-8080-exec-3] filters.com.exampleMainService.PermissionFilter: ROLE_USER
2022-11-21 16:23:57,533 INFO [http-nio-8080-exec-3] clients.com.exampleMainService.DepartmentClient: {"id":"0", "timestamp":"1669029837528", "username":"user", "requestURL":"http://localhost:8081/department/get", "responseCode":"200", "message":"List of Departments received.", "status":"Success", "meta":}
2022-11-21 16:24:02,480 DEBUG [http-nio-8080-exec-5] org.springframework.security.web.FilterChainProxy: Securing GET /department/get
2022-11-21 16:24:02,490 DEBUG [http-nio-8080-exec-1] org.springframework.security.web.FilterChainProxy: Securing GET /role/roles
2022-11-21 16:24:02,499 DEBUG [http-nio-8080-exec-10] org.springframework.security.web.FilterChainProxy: Securing GET /role/role?role=7p2hjuuB0xobcC%2FWSCKjOA%3D%3D
2022-11-21 16:24:02,610 DEBUG [http-nio-8080-exec-5] org.springframework.security.web.FilterChainProxy: Secured GET /department/get
2022-11-21 16:24:02,610 INFO [http-nio-8080-exec-5] filters.com.exampleMainService.PermissionFilter: Inside doFilter method.
2022-11-21 16:24:02,610 INFO [http-nio-8080-exec-5] filters.com.exampleMainService.PermissionFilter: Request method: GET
2022-11-21 16:24:02,610 INFO [http-nio-8080-exec-5] filters.com.exampleMainService.PermissionFilter: ROLE_USER
2022-11-21 16:24:02,622 DEBUG [http-nio-8080-exec-1] org.springframework.security.web.FilterChainProxy: Secured GET /role/roles
2022-11-21 16:24:02,622 INFO [http-nio-8080-exec-1] filters.com.exampleMainService.PermissionFilter: Inside doFilter method.
2022-11-21 16:24:02,622 INFO [http-nio-8080-exec-1] filters.com.exampleMainService.PermissionFilter: Request method: GET
2022-11-21 16:24:02,622 INFO [http-nio-8080-exec-1] filters.com.exampleMainService.PermissionFilter: ROLE_USER
2022-11-21 16:24:02,624 INFO [http-nio-8080-exec-5] clients.com.exampleMainService.DepartmentClient: {"id":"0", "timestamp":"1669029842612", "username":"user", "requestURL":"http://localhost:8081/department/get", "responseCode":"200", "message":"List of Departments received.", "status":"Success", "meta":}
2022-11-21 16:24:02,632 DEBUG [http-nio-8080-exec-9] org.springframework.security.web.FilterChainProxy: Securing GET /department/get
2022-11-21 16:24:02,634 DEBUG [http-nio-8080-exec-10] org.springframework.security.web.FilterChainProxy: Secured GET /role/role?role=7p2hjuuB0xobcC%2FWSCKjOA%3D%3D
2022-11-21 16:24:02,636 INFO [http-nio-8080-exec-10] filters.com.exampleMainService.PermissionFilter: Inside doFilter method.
2022-11-21 16:24:02,636 INFO [http-nio-8080-exec-10] filters.com.exampleMainService.PermissionFilter: Request method: GET
2022-11-21 16:24:02,636 INFO [http-nio-8080-exec-10] filters.com.exampleMainService.PermissionFilter: ROLE_USER
2022-11-21 16:24:02,747 DEBUG [http-nio-8080-exec-9] org.springframework.security.web.FilterChainProxy: Secured GET /department/get
2022-11-21 16:24:02,748 INFO [http-nio-8080-exec-9] filters.com.exampleMainService.PermissionFilter: Inside doFilter method.
2022-11-21 16:24:02,748 INFO [http-nio-8080-exec-9] filters.com.exampleMainService.PermissionFilter: Request method: GET
2022-11-21 16:24:02,748 INFO [http-nio-8080-exec-9] filters.com.exampleMainService.PermissionFilter: ROLE_USER
2022-11-21 16:24:02,758 INFO [http-nio-8080-exec-9] clients.com.exampleMainService.DepartmentClient: {"id":"0", "timestamp":"1669029842751", "username":"user", "requestURL":"http://localhost:8081/department/get", "responseCode":"200", "message":"List of Departments received.", "status":"Success", "meta":}
2022-11-21 16:24:50,462 DEBUG [http-nio-8080-exec-2] org.springframework.security.web.FilterChainProxy: Securing GET /department/get
2022-11-21 16:24:50,468 DEBUG [http-nio-8080-exec-6] org.springframework.security.web.FilterChainProxy: Securing GET /role/roles
2022-11-21 16:24:50,476 DEBUG [http-nio-8080-exec-7] org.springframework.security.web.FilterChainProxy: Securing GET /role/role?role=7p2hjuuB0xobcC%2FWSCKjOA%3D%3D
2022-11-21 16:24:50,581 DEBUG [http-nio-8080-exec-2] org.springframework.security.web.FilterChainProxy: Secured GET /department/get
2022-11-21 16:24:50,581 INFO [http-nio-8080-exec-2] filters.com.exampleMainService.PermissionFilter: Inside doFilter method.
2022-11-21 16:24:50,581 INFO [http-nio-8080-exec-2] filters.com.exampleMainService.PermissionFilter: Request method: GET
2022-11-21 16:24:50,582 INFO [http-nio-8080-exec-2] filters.com.exampleMainService.PermissionFilter: ROLE_USER
2022-11-21 16:24:50,594 DEBUG [http-nio-8080-exec-6] org.springframework.security.web.FilterChainProxy: Secured GET /role/roles
2022-11-21 16:24:50,594 INFO [http-nio-8080-exec-6] filters.com.exampleMainService.PermissionFilter: Inside doFilter method.
2022-11-21 16:24:50,594 INFO [http-nio-8080-exec-6] filters.com.exampleMainService.PermissionFilter: Request method: GET
2022-11-21 16:24:50,594 INFO [http-nio-8080-exec-6] filters.com.exampleMainService.PermissionFilter: ROLE_USER
2022-11-21 16:24:50,594 DEBUG [http-nio-8080-exec-7] org.springframework.security.web.FilterChainProxy: Secured GET /role/role?role=7p2hjuuB0xobcC%2FWSCKjOA%3D%3D
2022-11-21 16:24:50,594 INFO [http-nio-8080-exec-7] filters.com.exampleMainService.PermissionFilter: Inside doFilter method.
2022-11-21 16:24:50,594 INFO [http-nio-8080-exec-7] filters.com.exampleMainService.PermissionFilter: Request method: GET
2022-11-21 16:24:50,594 INFO [http-nio-8080-exec-7] filters.com.exampleMainService.PermissionFilter: ROLE_USER
2022-11-21 16:24:50,604 INFO [http-nio-8080-exec-2] clients.com.exampleMainService.DepartmentClient: {"id":"0", "timestamp":"1669029890585", "username":"user", "requestURL":"http://localhost:8081/department/get", "responseCode":"200", "message":"List of Departments received.", "status":"Success", "meta":}
2022-11-21 16:24:50,611 DEBUG [http-nio-8080-exec-4] org.springframework.security.web.FilterChainProxy: Securing GET /department/get
2022-11-21 16:24:50,700 DEBUG [http-nio-8080-exec-4] org.springframework.security.web.FilterChainProxy: Secured GET /department/get
2022-11-21 16:24:50,700 INFO [http-nio-8080-exec-4] filters.com.exampleMainService.PermissionFilter: Inside doFilter method.
2022-11-21 16:24:50,700 INFO [http-nio-8080-exec-4] filters.com.exampleMainService.PermissionFilter: Request method: GET
2022-11-21 16:24:50,700 INFO [http-nio-8080-exec-4] filters.com.exampleMainService.PermissionFilter: ROLE_USER
2022-11-21 16:24:50,708 INFO [http-nio-8080-exec-4] clients.com.exampleMainService.DepartmentClient: {"id":"0", "timestamp":"1669029890702", "username":"user", "requestURL":"http://localhost:8081/department/get", "responseCode":"200", "message":"List of Departments received.", "status":"Success", "meta":}
2022-11-21 16:25:08,676 DEBUG [http-nio-8080-exec-3] org.springframework.security.web.FilterChainProxy: Securing GET /department/get
2022-11-21 16:25:08,691 DEBUG [http-nio-8080-exec-1] org.springframework.security.web.FilterChainProxy: Securing GET /role/roles
