2022-11-21 17:50:38,936 INFO [http-nio-8080-exec-6] filters.com.exampleMainService.PermissionFilter: ROLE_ADMIN
2022-11-21 17:50:38,943 DEBUG [http-nio-8080-exec-6] org.springframework.security.web.FilterChainProxy: Securing GET /error
2022-11-21 17:50:38,943 DEBUG [http-nio-8080-exec-6] org.springframework.security.web.FilterChainProxy: Secured GET /error
2022-11-21 17:50:39,409 DEBUG [http-nio-8080-exec-4] org.springframework.security.web.FilterChainProxy: Securing GET /department/get
2022-11-21 17:50:39,436 DEBUG [http-nio-8080-exec-3] org.springframework.security.web.FilterChainProxy: Securing GET /role/roles
2022-11-21 17:50:39,453 DEBUG [http-nio-8080-exec-9] org.springframework.security.web.FilterChainProxy: Securing GET /role/role?role=oxUgusR8Q5E3MJawvOa2PA%3D%3D
2022-11-21 17:50:39,565 DEBUG [http-nio-8080-exec-4] org.springframework.security.web.FilterChainProxy: Secured GET /department/get
2022-11-21 17:50:39,565 INFO [http-nio-8080-exec-4] filters.com.exampleMainService.PermissionFilter: Inside doFilter method.
2022-11-21 17:50:39,565 INFO [http-nio-8080-exec-4] filters.com.exampleMainService.PermissionFilter: Request method: GET
2022-11-21 17:50:39,565 INFO [http-nio-8080-exec-4] filters.com.exampleMainService.PermissionFilter: ROLE_ADMIN
2022-11-21 17:50:39,578 INFO [http-nio-8080-exec-4] clients.com.exampleMainService.DepartmentClient: {"id":"0", "timestamp":"1669035039568", "username":"admin", "requestURL":"http://localhost:8081/department/get", "responseCode":"200", "message":"List of Departments received.", "status":"Success", "meta":}
2022-11-21 17:50:39,587 DEBUG [http-nio-8080-exec-10] org.springframework.security.web.FilterChainProxy: Securing GET /department/get
2022-11-21 17:50:39,597 DEBUG [http-nio-8080-exec-3] org.springframework.security.web.FilterChainProxy: Secured GET /role/roles
2022-11-21 17:50:39,598 INFO [http-nio-8080-exec-3] filters.com.exampleMainService.PermissionFilter: Inside doFilter method.
2022-11-21 17:50:39,598 INFO [http-nio-8080-exec-3] filters.com.exampleMainService.PermissionFilter: Request method: GET
2022-11-21 17:50:39,598 INFO [http-nio-8080-exec-3] filters.com.exampleMainService.PermissionFilter: ROLE_ADMIN
2022-11-21 17:50:39,604 DEBUG [http-nio-8080-exec-9] org.springframework.security.web.FilterChainProxy: Secured GET /role/role?role=oxUgusR8Q5E3MJawvOa2PA%3D%3D
2022-11-21 17:50:39,605 INFO [http-nio-8080-exec-9] filters.com.exampleMainService.PermissionFilter: Inside doFilter method.
2022-11-21 17:50:39,605 INFO [http-nio-8080-exec-9] filters.com.exampleMainService.PermissionFilter: Request method: GET
2022-11-21 17:50:39,605 INFO [http-nio-8080-exec-9] filters.com.exampleMainService.PermissionFilter: ROLE_ADMIN
2022-11-21 17:50:39,613 DEBUG [http-nio-8080-exec-7] org.springframework.security.web.FilterChainProxy: Securing GET /role/role?role=oxUgusR8Q5E3MJawvOa2PA%3D%3D
2022-11-21 17:50:39,726 DEBUG [http-nio-8080-exec-10] org.springframework.security.web.FilterChainProxy: Secured GET /department/get
2022-11-21 17:50:39,726 INFO [http-nio-8080-exec-10] filters.com.exampleMainService.PermissionFilter: Inside doFilter method.
2022-11-21 17:50:39,726 INFO [http-nio-8080-exec-10] filters.com.exampleMainService.PermissionFilter: Request method: GET
2022-11-21 17:50:39,726 INFO [http-nio-8080-exec-10] filters.com.exampleMainService.PermissionFilter: ROLE_ADMIN
2022-11-21 17:50:39,734 INFO [http-nio-8080-exec-10] clients.com.exampleMainService.DepartmentClient: {"id":"0", "timestamp":"1669035039730", "username":"admin", "requestURL":"http://localhost:8081/department/get", "responseCode":"200", "message":"List of Departments received.", "status":"Success", "meta":}
2022-11-21 17:50:39,743 DEBUG [http-nio-8080-exec-7] org.springframework.security.web.FilterChainProxy: Secured GET /role/role?role=oxUgusR8Q5E3MJawvOa2PA%3D%3D
2022-11-21 17:50:39,743 INFO [http-nio-8080-exec-7] filters.com.exampleMainService.PermissionFilter: Inside doFilter method.
2022-11-21 17:50:39,743 INFO [http-nio-8080-exec-7] filters.com.exampleMainService.PermissionFilter: Request method: GET
2022-11-21 17:50:39,744 INFO [http-nio-8080-exec-7] filters.com.exampleMainService.PermissionFilter: ROLE_ADMIN
2022-11-21 17:50:39,749 DEBUG [http-nio-8080-exec-5] org.springframework.security.web.FilterChainProxy: Securing GET /role/role?role=oxUgusR8Q5E3MJawvOa2PA%3D%3D
2022-11-21 17:50:39,845 DEBUG [http-nio-8080-exec-5] org.springframework.security.web.FilterChainProxy: Secured GET /role/role?role=oxUgusR8Q5E3MJawvOa2PA%3D%3D
2022-11-21 17:50:39,845 INFO [http-nio-8080-exec-5] filters.com.exampleMainService.PermissionFilter: Inside doFilter method.
2022-11-21 17:50:39,845 INFO [http-nio-8080-exec-5] filters.com.exampleMainService.PermissionFilter: Request method: GET
2022-11-21 17:50:39,845 INFO [http-nio-8080-exec-5] filters.com.exampleMainService.PermissionFilter: ROLE_ADMIN
2022-11-21 17:50:39,850 DEBUG [http-nio-8080-exec-1] org.springframework.security.web.FilterChainProxy: Securing GET /role/role?role=oxUgusR8Q5E3MJawvOa2PA%3D%3D
2022-11-21 17:50:39,944 DEBUG [http-nio-8080-exec-1] org.springframework.security.web.FilterChainProxy: Secured GET /role/role?role=oxUgusR8Q5E3MJawvOa2PA%3D%3D
2022-11-21 17:50:39,944 INFO [http-nio-8080-exec-1] filters.com.exampleMainService.PermissionFilter: Inside doFilter method.
2022-11-21 17:50:39,944 INFO [http-nio-8080-exec-1] filters.com.exampleMainService.PermissionFilter: Request method: GET
2022-11-21 17:50:39,944 INFO [http-nio-8080-exec-1] filters.com.exampleMainService.PermissionFilter: ROLE_ADMIN
2022-11-21 17:51:06,102 DEBUG [http-nio-8080-exec-2] org.springframework.security.web.FilterChainProxy: Securing GET /department/get
2022-11-21 17:51:06,118 DEBUG [http-nio-8080-exec-8] org.springframework.security.web.FilterChainProxy: Securing GET /role/roles
2022-11-21 17:51:06,158 DEBUG [http-nio-8080-exec-6] org.springframework.security.web.FilterChainProxy: Securing GET /role/role?role=oxUgusR8Q5E3MJawvOa2PA%3D%3D
2022-11-21 17:51:06,303 DEBUG [http-nio-8080-exec-2] org.springframework.security.web.FilterChainProxy: Secured GET /department/get
2022-11-21 17:51:06,304 INFO [http-nio-8080-exec-2] filters.com.exampleMainService.PermissionFilter: Inside doFilter method.
2022-11-21 17:51:06,304 DEBUG [http-nio-8080-exec-8] org.springframework.security.web.FilterChainProxy: Secured GET /role/roles
2022-11-21 17:51:06,304 INFO [http-nio-8080-exec-2] filters.com.exampleMainService.PermissionFilter: Request method: GET
2022-11-21 17:51:06,304 INFO [http-nio-8080-exec-8] filters.com.exampleMainService.PermissionFilter: Inside doFilter method.
2022-11-21 17:51:06,304 INFO [http-nio-8080-exec-2] filters.com.exampleMainService.PermissionFilter: ROLE_ADMIN
2022-11-21 17:51:06,304 INFO [http-nio-8080-exec-8] filters.com.exampleMainService.PermissionFilter: Request method: GET
2022-11-21 17:51:06,304 INFO [http-nio-8080-exec-8] filters.com.exampleMainService.PermissionFilter: ROLE_ADMIN
2022-11-21 17:51:06,323 INFO [http-nio-8080-exec-2] clients.com.exampleMainService.DepartmentClient: {"id":"0", "timestamp":"1669035066307", "username":"admin", "requestURL":"http://localhost:8081/department/get", "responseCode":"200", "message":"List of Departments received.", "status":"Success", "meta":}
2022-11-21 17:51:06,324 DEBUG [http-nio-8080-exec-6] org.springframework.security.web.FilterChainProxy: Secured GET /role/role?role=oxUgusR8Q5E3MJawvOa2PA%3D%3D
2022-11-21 17:51:06,324 INFO [http-nio-8080-exec-6] filters.com.exampleMainService.PermissionFilter: Inside doFilter method.
2022-11-21 17:51:06,324 INFO [http-nio-8080-exec-6] filters.com.exampleMainService.PermissionFilter: Request method: GET
2022-11-21 17:51:06,324 INFO [http-nio-8080-exec-6] filters.com.exampleMainService.PermissionFilter: ROLE_ADMIN
2022-11-21 17:51:06,330 DEBUG [http-nio-8080-exec-4] org.springframework.security.web.FilterChainProxy: Securing GET /department/get
2022-11-21 17:51:06,331 DEBUG [http-nio-8080-exec-3] org.springframework.security.web.FilterChainProxy: Securing GET /role/role?role=oxUgusR8Q5E3MJawvOa2PA%3D%3D
2022-11-21 17:51:06,455 DEBUG [http-nio-8080-exec-3] org.springframework.security.web.FilterChainProxy: Secured GET /role/role?role=oxUgusR8Q5E3MJawvOa2PA%3D%3D
2022-11-21 17:51:06,455 DEBUG [http-nio-8080-exec-4] org.springframework.security.web.FilterChainProxy: Secured GET /department/get
2022-11-21 17:51:06,455 INFO [http-nio-8080-exec-3] filters.com.exampleMainService.PermissionFilter: Inside doFilter method.
2022-11-21 17:51:06,455 INFO [http-nio-8080-exec-4] filters.com.exampleMainService.PermissionFilter: Inside doFilter method.
2022-11-21 17:51:06,455 INFO [http-nio-8080-exec-3] filters.com.exampleMainService.PermissionFilter: Request method: GET
2022-11-21 17:51:06,455 INFO [http-nio-8080-exec-4] filters.com.exampleMainService.PermissionFilter: Request method: GET
2022-11-21 17:51:06,455 INFO [http-nio-8080-exec-3] filters.com.exampleMainService.PermissionFilter: ROLE_ADMIN
2022-11-21 17:51:06,455 INFO [http-nio-8080-exec-4] filters.com.exampleMainService.PermissionFilter: ROLE_ADMIN
2022-11-21 17:51:06,462 DEBUG [http-nio-8080-exec-9] org.springframework.security.web.FilterChainProxy: Securing GET /role/role?role=oxUgusR8Q5E3MJawvOa2PA%3D%3D
2022-11-21 17:51:06,463 INFO [http-nio-8080-exec-4] clients.com.exampleMainService.DepartmentClient: {"id":"0", "timestamp":"1669035066458", "username":"admin", "requestURL":"http://localhost:8081/department/get", "responseCode":"200", "message":"List of Departments received.", "status":"Success", "meta":}
2022-11-21 17:51:06,586 DEBUG [http-nio-8080-exec-9] org.springframework.security.web.FilterChainProxy: Secured GET /role/role?role=oxUgusR8Q5E3MJawvOa2PA%3D%3D
2022-11-21 17:51:06,586 INFO [http-nio-8080-exec-9] filters.com.exampleMainService.PermissionFilter: Inside doFilter method.
2022-11-21 17:51:06,586 INFO [http-nio-8080-exec-9] filters.com.exampleMainService.PermissionFilter: Request method: GET
2022-11-21 17:51:06,586 INFO [http-nio-8080-exec-9] filters.com.exampleMainService.PermissionFilter: ROLE_ADMIN
2022-11-21 17:51:06,592 DEBUG [http-nio-8080-exec-10] org.springframework.security.web.FilterChainProxy: Securing GET /role/role?role=oxUgusR8Q5E3MJawvOa2PA%3D%3D
2022-11-21 17:51:06,715 DEBUG [http-nio-8080-exec-10] org.springframework.security.web.FilterChainProxy: Secured GET /role/role?role=oxUgusR8Q5E3MJawvOa2PA%3D%3D
2022-11-21 17:51:06,715 INFO [http-nio-8080-exec-10] filters.com.exampleMainService.PermissionFilter: Inside doFilter method.
2022-11-21 17:51:06,715 INFO [http-nio-8080-exec-10] filters.com.exampleMainService.PermissionFilter: Request method: GET
2022-11-21 17:51:06,715 INFO [http-nio-8080-exec-10] filters.com.exampleMainService.PermissionFilter: ROLE_ADMIN
