2022-11-21 16:18:39,232 INFO [http-nio-8080-exec-6] filters.com.exampleMainService.PermissionFilter: ROLE_USER
2022-11-21 16:18:39,241 DEBUG [http-nio-8080-exec-2] org.springframework.security.web.FilterChainProxy: Secured GET /role/roles
2022-11-21 16:18:39,242 INFO [http-nio-8080-exec-2] filters.com.exampleMainService.PermissionFilter: Inside doFilter method.
2022-11-21 16:18:39,242 INFO [http-nio-8080-exec-2] filters.com.exampleMainService.PermissionFilter: Request method: GET
2022-11-21 16:18:39,242 INFO [http-nio-8080-exec-2] filters.com.exampleMainService.PermissionFilter: ROLE_USER
2022-11-21 16:18:39,250 DEBUG [http-nio-8080-exec-5] org.springframework.security.web.FilterChainProxy: Secured GET /role/role?role=7p2hjuuB0xobcC%2FWSCKjOA%3D%3D
2022-11-21 16:18:39,250 INFO [http-nio-8080-exec-5] filters.com.exampleMainService.PermissionFilter: Inside doFilter method.
2022-11-21 16:18:39,251 INFO [http-nio-8080-exec-5] filters.com.exampleMainService.PermissionFilter: Request method: GET
2022-11-21 16:18:39,251 INFO [http-nio-8080-exec-5] filters.com.exampleMainService.PermissionFilter: ROLE_USER
2022-11-21 16:18:39,255 INFO [http-nio-8080-exec-6] clients.com.exampleMainService.DepartmentClient: {"id":"0", "timestamp":"1669029519237", "username":"user", "requestURL":"http://localhost:8081/department/get", "responseCode":"200", "message":"List of Departments received.", "status":"Success", "meta":}
2022-11-21 16:18:39,263 DEBUG [http-nio-8080-exec-1] org.springframework.security.web.FilterChainProxy: Securing GET /department/get
2022-11-21 16:18:39,359 DEBUG [http-nio-8080-exec-1] org.springframework.security.web.FilterChainProxy: Secured GET /department/get
2022-11-21 16:18:39,359 INFO [http-nio-8080-exec-1] filters.com.exampleMainService.PermissionFilter: Inside doFilter method.
2022-11-21 16:18:39,359 INFO [http-nio-8080-exec-1] filters.com.exampleMainService.PermissionFilter: Request method: GET
2022-11-21 16:18:39,359 INFO [http-nio-8080-exec-1] filters.com.exampleMainService.PermissionFilter: ROLE_USER
2022-11-21 16:18:39,369 INFO [http-nio-8080-exec-1] clients.com.exampleMainService.DepartmentClient: {"id":"0", "timestamp":"1669029519363", "username":"user", "requestURL":"http://localhost:8081/department/get", "responseCode":"200", "message":"List of Departments received.", "status":"Success", "meta":}
2022-11-21 16:18:51,146 DEBUG [http-nio-8080-exec-8] org.springframework.security.web.FilterChainProxy: Securing GET /department/get
2022-11-21 16:18:51,156 DEBUG [http-nio-8080-exec-9] org.springframework.security.web.FilterChainProxy: Securing GET /role/roles
2022-11-21 16:18:51,166 DEBUG [http-nio-8080-exec-7] org.springframework.security.web.FilterChainProxy: Securing GET /role/role?role=7p2hjuuB0xobcC%2FWSCKjOA%3D%3D
2022-11-21 16:18:51,301 DEBUG [http-nio-8080-exec-8] org.springframework.security.web.FilterChainProxy: Secured GET /department/get
2022-11-21 16:18:51,301 INFO [http-nio-8080-exec-8] filters.com.exampleMainService.PermissionFilter: Inside doFilter method.
2022-11-21 16:18:51,302 INFO [http-nio-8080-exec-8] filters.com.exampleMainService.PermissionFilter: Request method: GET
2022-11-21 16:18:51,302 INFO [http-nio-8080-exec-8] filters.com.exampleMainService.PermissionFilter: ROLE_USER
2022-11-21 16:18:51,314 DEBUG [http-nio-8080-exec-9] org.springframework.security.web.FilterChainProxy: Secured GET /role/roles
2022-11-21 16:18:51,314 INFO [http-nio-8080-exec-9] filters.com.exampleMainService.PermissionFilter: Inside doFilter method.
2022-11-21 16:18:51,314 INFO [http-nio-8080-exec-9] filters.com.exampleMainService.PermissionFilter: Request method: GET
2022-11-21 16:18:51,314 INFO [http-nio-8080-exec-9] filters.com.exampleMainService.PermissionFilter: ROLE_USER
2022-11-21 16:18:51,327 DEBUG [http-nio-8080-exec-7] org.springframework.security.web.FilterChainProxy: Secured GET /role/role?role=7p2hjuuB0xobcC%2FWSCKjOA%3D%3D
2022-11-21 16:18:51,327 INFO [http-nio-8080-exec-7] filters.com.exampleMainService.PermissionFilter: Inside doFilter method.
2022-11-21 16:18:51,327 INFO [http-nio-8080-exec-7] filters.com.exampleMainService.PermissionFilter: Request method: GET
2022-11-21 16:18:51,327 INFO [http-nio-8080-exec-7] filters.com.exampleMainService.PermissionFilter: ROLE_USER
2022-11-21 16:18:51,331 INFO [http-nio-8080-exec-8] clients.com.exampleMainService.DepartmentClient: {"id":"0", "timestamp":"1669029531306", "username":"user", "requestURL":"http://localhost:8081/department/get", "responseCode":"200", "message":"List of Departments received.", "status":"Success", "meta":}
2022-11-21 16:18:51,341 DEBUG [http-nio-8080-exec-3] org.springframework.security.web.FilterChainProxy: Securing GET /department/get
2022-11-21 16:18:51,459 DEBUG [http-nio-8080-exec-3] org.springframework.security.web.FilterChainProxy: Secured GET /department/get
2022-11-21 16:18:51,459 INFO [http-nio-8080-exec-3] filters.com.exampleMainService.PermissionFilter: Inside doFilter method.
2022-11-21 16:18:51,459 INFO [http-nio-8080-exec-3] filters.com.exampleMainService.PermissionFilter: Request method: GET
2022-11-21 16:18:51,459 INFO [http-nio-8080-exec-3] filters.com.exampleMainService.PermissionFilter: ROLE_USER
2022-11-21 16:18:51,468 INFO [http-nio-8080-exec-3] clients.com.exampleMainService.DepartmentClient: {"id":"0", "timestamp":"1669029531461", "username":"user", "requestURL":"http://localhost:8081/department/get", "responseCode":"200", "message":"List of Departments received.", "status":"Success", "meta":}
2022-11-21 16:18:58,617 DEBUG [http-nio-8080-exec-10] org.springframework.security.web.FilterChainProxy: Securing GET /assets/vendors/css/vendor.bundle.base.css
2022-11-21 16:18:58,617 DEBUG [http-nio-8080-exec-10] org.springframework.security.web.FilterChainProxy: Secured GET /assets/vendors/css/vendor.bundle.base.css
2022-11-21 16:18:58,618 INFO [http-nio-8080-exec-10] filters.com.exampleMainService.PermissionFilter: Inside doFilter method.
2022-11-21 16:18:58,618 INFO [http-nio-8080-exec-10] filters.com.exampleMainService.PermissionFilter: Request method: GET
2022-11-21 16:18:58,618 INFO [http-nio-8080-exec-10] filters.com.exampleMainService.PermissionFilter: ROLE_ADMIN
2022-11-21 16:18:58,626 DEBUG [http-nio-8080-exec-10] org.springframework.security.web.FilterChainProxy: Securing GET /error
2022-11-21 16:18:58,626 DEBUG [http-nio-8080-exec-10] org.springframework.security.web.FilterChainProxy: Secured GET /error
2022-11-21 16:18:58,943 DEBUG [http-nio-8080-exec-4] org.springframework.security.web.FilterChainProxy: Securing GET /assets/vendors/css/vendor.bundle.base.css
2022-11-21 16:18:58,945 DEBUG [http-nio-8080-exec-4] org.springframework.security.web.FilterChainProxy: Secured GET /assets/vendors/css/vendor.bundle.base.css
2022-11-21 16:18:58,945 INFO [http-nio-8080-exec-4] filters.com.exampleMainService.PermissionFilter: Inside doFilter method.
2022-11-21 16:18:58,945 INFO [http-nio-8080-exec-4] filters.com.exampleMainService.PermissionFilter: Request method: GET
2022-11-21 16:18:58,946 INFO [http-nio-8080-exec-4] filters.com.exampleMainService.PermissionFilter: ROLE_ADMIN
2022-11-21 16:18:58,951 DEBUG [http-nio-8080-exec-4] org.springframework.security.web.FilterChainProxy: Securing GET /error
2022-11-21 16:18:58,952 DEBUG [http-nio-8080-exec-4] org.springframework.security.web.FilterChainProxy: Secured GET /error
2022-11-21 16:18:59,517 DEBUG [http-nio-8080-exec-2] org.springframework.security.web.FilterChainProxy: Securing GET /department/get
2022-11-21 16:18:59,537 DEBUG [http-nio-8080-exec-5] org.springframework.security.web.FilterChainProxy: Securing GET /role/roles
2022-11-21 16:18:59,550 DEBUG [http-nio-8080-exec-6] org.springframework.security.web.FilterChainProxy: Securing GET /role/role?role=7p2hjuuB0xobcC%2FWSCKjOA%3D%3D
2022-11-21 16:18:59,664 DEBUG [http-nio-8080-exec-2] org.springframework.security.web.FilterChainProxy: Secured GET /department/get
2022-11-21 16:18:59,664 INFO [http-nio-8080-exec-2] filters.com.exampleMainService.PermissionFilter: Inside doFilter method.
2022-11-21 16:18:59,664 INFO [http-nio-8080-exec-2] filters.com.exampleMainService.PermissionFilter: Request method: GET
2022-11-21 16:18:59,664 INFO [http-nio-8080-exec-2] filters.com.exampleMainService.PermissionFilter: ROLE_USER
2022-11-21 16:18:59,682 INFO [http-nio-8080-exec-2] clients.com.exampleMainService.DepartmentClient: {"id":"0", "timestamp":"1669029539667", "username":"user", "requestURL":"http://localhost:8081/department/get", "responseCode":"200", "message":"List of Departments received.", "status":"Success", "meta":}
2022-11-21 16:18:59,687 DEBUG [http-nio-8080-exec-5] org.springframework.security.web.FilterChainProxy: Secured GET /role/roles
2022-11-21 16:18:59,687 INFO [http-nio-8080-exec-5] filters.com.exampleMainService.PermissionFilter: Inside doFilter method.
2022-11-21 16:18:59,687 INFO [http-nio-8080-exec-5] filters.com.exampleMainService.PermissionFilter: Request method: GET
2022-11-21 16:18:59,687 INFO [http-nio-8080-exec-5] filters.com.exampleMainService.PermissionFilter: ROLE_USER
2022-11-21 16:18:59,694 DEBUG [http-nio-8080-exec-1] org.springframework.security.web.FilterChainProxy: Securing GET /department/get
2022-11-21 16:18:59,696 DEBUG [http-nio-8080-exec-6] org.springframework.security.web.FilterChainProxy: Secured GET /role/role?role=7p2hjuuB0xobcC%2FWSCKjOA%3D%3D
2022-11-21 16:18:59,696 INFO [http-nio-8080-exec-6] filters.com.exampleMainService.PermissionFilter: Inside doFilter method.
2022-11-21 16:18:59,696 INFO [http-nio-8080-exec-6] filters.com.exampleMainService.PermissionFilter: Request method: GET
2022-11-21 16:18:59,697 INFO [http-nio-8080-exec-6] filters.com.exampleMainService.PermissionFilter: ROLE_USER
2022-11-21 16:18:59,822 DEBUG [http-nio-8080-exec-1] org.springframework.security.web.FilterChainProxy: Secured GET /department/get
2022-11-21 16:18:59,822 INFO [http-nio-8080-exec-1] filters.com.exampleMainService.PermissionFilter: Inside doFilter method.
2022-11-21 16:18:59,822 INFO [http-nio-8080-exec-1] filters.com.exampleMainService.PermissionFilter: Request method: GET
2022-11-21 16:18:59,822 INFO [http-nio-8080-exec-1] filters.com.exampleMainService.PermissionFilter: ROLE_USER
2022-11-21 16:18:59,832 INFO [http-nio-8080-exec-1] clients.com.exampleMainService.DepartmentClient: {"id":"0", "timestamp":"1669029539826", "username":"user", "requestURL":"http://localhost:8081/department/get", "responseCode":"200", "message":"List of Departments received.", "status":"Success", "meta":}
