2022-11-23 12:08:00,731 DEBUG [http-nio-8080-exec-7] org.springframework.security.web.FilterChainProxy: Securing GET /role/roles
2022-11-23 12:08:00,746 DEBUG [http-nio-8080-exec-4] org.springframework.security.web.FilterChainProxy: Securing GET /role/role?role=oxUgusR8Q5E3MJawvOa2PA%3D%3D
2022-11-23 12:08:00,837 DEBUG [http-nio-8080-exec-7] org.springframework.security.web.FilterChainProxy: Secured GET /role/roles
2022-11-23 12:08:00,837 INFO [http-nio-8080-exec-7] com.exampleMainService.filters.PermissionFilter: Inside doFilter method.
2022-11-23 12:08:00,837 INFO [http-nio-8080-exec-7] com.exampleMainService.filters.PermissionFilter: Request method: GET
2022-11-23 12:08:00,837 INFO [http-nio-8080-exec-7] com.exampleMainService.filters.PermissionFilter: ROLE_ADMIN
2022-11-23 12:08:00,847 DEBUG [http-nio-8080-exec-9] org.springframework.security.web.FilterChainProxy: Securing GET /role/roles
2022-11-23 12:08:00,849 DEBUG [http-nio-8080-exec-4] org.springframework.security.web.FilterChainProxy: Secured GET /role/role?role=oxUgusR8Q5E3MJawvOa2PA%3D%3D
2022-11-23 12:08:00,849 INFO [http-nio-8080-exec-4] com.exampleMainService.filters.PermissionFilter: Inside doFilter method.
2022-11-23 12:08:00,849 INFO [http-nio-8080-exec-4] com.exampleMainService.filters.PermissionFilter: Request method: GET
2022-11-23 12:08:00,849 INFO [http-nio-8080-exec-4] com.exampleMainService.filters.PermissionFilter: ROLE_ADMIN
2022-11-23 12:08:00,959 DEBUG [http-nio-8080-exec-9] org.springframework.security.web.FilterChainProxy: Secured GET /role/roles
2022-11-23 12:08:00,959 INFO [http-nio-8080-exec-9] com.exampleMainService.filters.PermissionFilter: Inside doFilter method.
2022-11-23 12:08:00,959 INFO [http-nio-8080-exec-9] com.exampleMainService.filters.PermissionFilter: Request method: GET
2022-11-23 12:08:00,959 INFO [http-nio-8080-exec-9] com.exampleMainService.filters.PermissionFilter: ROLE_ADMIN
2022-11-23 12:08:00,970 DEBUG [http-nio-8080-exec-1] org.springframework.security.web.FilterChainProxy: Securing GET /role/roles
2022-11-23 12:08:01,065 DEBUG [http-nio-8080-exec-1] org.springframework.security.web.FilterChainProxy: Secured GET /role/roles
2022-11-23 12:08:01,065 INFO [http-nio-8080-exec-1] com.exampleMainService.filters.PermissionFilter: Inside doFilter method.
2022-11-23 12:08:01,065 INFO [http-nio-8080-exec-1] com.exampleMainService.filters.PermissionFilter: Request method: GET
2022-11-23 12:08:01,066 INFO [http-nio-8080-exec-1] com.exampleMainService.filters.PermissionFilter: ROLE_ADMIN
2022-11-23 12:08:06,015 DEBUG [http-nio-8080-exec-2] org.springframework.security.web.FilterChainProxy: Securing OPTIONS /role/update?id=aBd8FAzECkMTHdMw4TecsA%3D%3D&role=7p2hjuuB0xobcC%2FWSCKjOA%3D%3D&permissions=vCJfUyCY8ExFWmZdxA8nSg%3D%3D
2022-11-23 12:08:06,018 DEBUG [http-nio-8080-exec-10] org.springframework.security.web.FilterChainProxy: Securing PUT /role/update?id=aBd8FAzECkMTHdMw4TecsA%3D%3D&role=7p2hjuuB0xobcC%2FWSCKjOA%3D%3D&permissions=vCJfUyCY8ExFWmZdxA8nSg%3D%3D
2022-11-23 12:08:06,120 DEBUG [http-nio-8080-exec-10] org.springframework.security.web.FilterChainProxy: Secured PUT /role/update?id=aBd8FAzECkMTHdMw4TecsA%3D%3D&role=7p2hjuuB0xobcC%2FWSCKjOA%3D%3D&permissions=vCJfUyCY8ExFWmZdxA8nSg%3D%3D
2022-11-23 12:08:06,120 INFO [http-nio-8080-exec-10] com.exampleMainService.filters.PermissionFilter: Inside doFilter method.
2022-11-23 12:08:06,120 INFO [http-nio-8080-exec-10] com.exampleMainService.filters.PermissionFilter: Request method: PUT
2022-11-23 12:08:06,120 INFO [http-nio-8080-exec-10] com.exampleMainService.filters.PermissionFilter: ROLE_ADMIN
2022-11-23 12:08:06,201 DEBUG [http-nio-8080-exec-5] org.springframework.security.web.FilterChainProxy: Securing GET /role/roles
2022-11-23 12:08:06,297 DEBUG [http-nio-8080-exec-5] org.springframework.security.web.FilterChainProxy: Secured GET /role/roles
2022-11-23 12:08:06,297 INFO [http-nio-8080-exec-5] com.exampleMainService.filters.PermissionFilter: Inside doFilter method.
2022-11-23 12:08:06,297 INFO [http-nio-8080-exec-5] com.exampleMainService.filters.PermissionFilter: Request method: GET
2022-11-23 12:08:06,297 INFO [http-nio-8080-exec-5] com.exampleMainService.filters.PermissionFilter: ROLE_ADMIN
2022-11-23 12:08:11,353 DEBUG [http-nio-8080-exec-8] org.springframework.security.web.FilterChainProxy: Securing GET /assets/vendors/css/vendor.bundle.base.css
2022-11-23 12:08:11,510 DEBUG [http-nio-8080-exec-8] org.springframework.security.web.FilterChainProxy: Secured GET /assets/vendors/css/vendor.bundle.base.css
2022-11-23 12:08:11,511 INFO [http-nio-8080-exec-8] com.exampleMainService.filters.PermissionFilter: Inside doFilter method.
2022-11-23 12:08:11,511 INFO [http-nio-8080-exec-8] com.exampleMainService.filters.PermissionFilter: Request method: GET
2022-11-23 12:08:11,511 INFO [http-nio-8080-exec-8] com.exampleMainService.filters.PermissionFilter: ROLE_ADMIN
2022-11-23 12:08:11,526 DEBUG [http-nio-8080-exec-8] org.springframework.security.web.FilterChainProxy: Securing GET /error
2022-11-23 12:08:11,526 DEBUG [http-nio-8080-exec-8] org.springframework.security.web.FilterChainProxy: Secured GET /error
2022-11-23 12:08:11,641 DEBUG [http-nio-8080-exec-3] org.springframework.security.web.FilterChainProxy: Securing GET /assets/vendors/css/vendor.bundle.base.css
2022-11-23 12:08:11,642 DEBUG [http-nio-8080-exec-3] org.springframework.security.web.FilterChainProxy: Secured GET /assets/vendors/css/vendor.bundle.base.css
2022-11-23 12:08:11,642 INFO [http-nio-8080-exec-3] com.exampleMainService.filters.PermissionFilter: Inside doFilter method.
2022-11-23 12:08:11,642 INFO [http-nio-8080-exec-3] com.exampleMainService.filters.PermissionFilter: Request method: GET
2022-11-23 12:08:11,642 INFO [http-nio-8080-exec-3] com.exampleMainService.filters.PermissionFilter: ROLE_ADMIN
2022-11-23 12:08:11,653 DEBUG [http-nio-8080-exec-3] org.springframework.security.web.FilterChainProxy: Securing GET /error
2022-11-23 12:08:11,653 DEBUG [http-nio-8080-exec-3] org.springframework.security.web.FilterChainProxy: Secured GET /error
2022-11-23 12:08:12,357 DEBUG [http-nio-8080-exec-6] org.springframework.security.web.FilterChainProxy: Securing GET /role/roles
2022-11-23 12:08:12,363 DEBUG [http-nio-8080-exec-7] org.springframework.security.web.FilterChainProxy: Securing GET /employee/get
2022-11-23 12:08:12,364 DEBUG [http-nio-8080-exec-4] org.springframework.security.web.FilterChainProxy: Securing GET /department/get
2022-11-23 12:08:12,369 DEBUG [http-nio-8080-exec-9] org.springframework.security.web.FilterChainProxy: Securing GET /role/role?role=7p2hjuuB0xobcC%2FWSCKjOA%3D%3D
2022-11-23 12:08:12,528 DEBUG [http-nio-8080-exec-6] org.springframework.security.web.FilterChainProxy: Secured GET /role/roles
2022-11-23 12:08:12,529 INFO [http-nio-8080-exec-6] com.exampleMainService.filters.PermissionFilter: Inside doFilter method.
2022-11-23 12:08:12,529 INFO [http-nio-8080-exec-6] com.exampleMainService.filters.PermissionFilter: Request method: GET
2022-11-23 12:08:12,529 INFO [http-nio-8080-exec-6] com.exampleMainService.filters.PermissionFilter: ROLE_USER
2022-11-23 12:08:12,532 DEBUG [http-nio-8080-exec-4] org.springframework.security.web.FilterChainProxy: Secured GET /department/get
2022-11-23 12:08:12,533 INFO [http-nio-8080-exec-4] com.exampleMainService.filters.PermissionFilter: Inside doFilter method.
2022-11-23 12:08:12,533 INFO [http-nio-8080-exec-4] com.exampleMainService.filters.PermissionFilter: Request method: GET
2022-11-23 12:08:12,533 INFO [http-nio-8080-exec-4] com.exampleMainService.filters.PermissionFilter: ROLE_USER
2022-11-23 12:08:12,541 DEBUG [http-nio-8080-exec-7] org.springframework.security.web.FilterChainProxy: Secured GET /employee/get
2022-11-23 12:08:12,542 INFO [http-nio-8080-exec-7] com.exampleMainService.filters.PermissionFilter: Inside doFilter method.
2022-11-23 12:08:12,542 INFO [http-nio-8080-exec-7] com.exampleMainService.filters.PermissionFilter: Request method: GET
2022-11-23 12:08:12,542 INFO [http-nio-8080-exec-7] com.exampleMainService.filters.PermissionFilter: ROLE_USER
2022-11-23 12:08:12,543 DEBUG [http-nio-8080-exec-9] org.springframework.security.web.FilterChainProxy: Secured GET /role/role?role=7p2hjuuB0xobcC%2FWSCKjOA%3D%3D
2022-11-23 12:08:12,543 INFO [http-nio-8080-exec-9] com.exampleMainService.filters.PermissionFilter: Inside doFilter method.
2022-11-23 12:08:12,543 INFO [http-nio-8080-exec-9] com.exampleMainService.filters.PermissionFilter: Request method: GET
2022-11-23 12:08:12,543 INFO [http-nio-8080-exec-9] com.exampleMainService.filters.PermissionFilter: ROLE_USER
2022-11-23 12:08:12,558 INFO [http-nio-8080-exec-4] com.exampleMainService.clients.DepartmentClient: {"id":"0", "timestamp":"1669187292538", "username":"user", "requestURL":"http://localhost:8081/department/get", "responseCode":"200", "message":"List of Departments received.", "status":"Success", "meta":}
2022-11-23 12:08:12,590 INFO [http-nio-8080-exec-7] com.exampleMainService.clients.EmployeeClient: {"id":"0", "timestamp":"1669187292550", "username":"user", "requestURL":"http://localhost:8081/employee/get", "responseCode":"200", "message":"List of Employees received.", "status":"Success", "meta":}
2022-11-23 12:08:38,451 DEBUG [http-nio-8080-exec-1] org.springframework.security.web.FilterChainProxy: Securing OPTIONS /employee/update
2022-11-23 12:08:38,456 DEBUG [http-nio-8080-exec-2] org.springframework.security.web.FilterChainProxy: Securing PUT /employee/update
2022-11-23 12:08:38,558 DEBUG [http-nio-8080-exec-2] org.springframework.security.web.FilterChainProxy: Secured PUT /employee/update
2022-11-23 12:08:38,558 INFO [http-nio-8080-exec-2] com.exampleMainService.filters.PermissionFilter: Inside doFilter method.
2022-11-23 12:08:38,558 INFO [http-nio-8080-exec-2] com.exampleMainService.filters.PermissionFilter: Request method: PUT
2022-11-23 12:08:38,558 INFO [http-nio-8080-exec-2] com.exampleMainService.filters.PermissionFilter: ROLE_USER
2022-11-23 12:08:38,628 INFO [http-nio-8080-exec-2] com.exampleMainService.clients.EmployeeClient: {"id":"0", "timestamp":"1669187318568", "username":"user", "requestURL":"http://localhost:8081/employee/update", "responseCode":"200", "message":"Employee updated.", "status":"Success", "meta":{"id":113,"name":"Ammar","email":"ammar@gmail.com","password":"123","salary":"3000","department":{"id":62}}}
2022-11-23 12:08:38,646 DEBUG [http-nio-8080-exec-10] org.springframework.security.web.FilterChainProxy: Securing GET /employee/get
