2022-12-22 15:59:06,866 INFO [http-nio-8082-exec-5] com.exampleMainService.filters.PermissionFilter: ROLE_ADMIN
2022-12-22 15:59:39,400 DEBUG [http-nio-8082-exec-7] org.springframework.security.web.FilterChainProxy: Securing PUT /user/save?username=dCPtg3RgmRyv29GHImDNDGmIrwA8zD1N6LQ19W5Ku%2FU%3D&enabled=VLJC3Sc3lp3ZvoQYpRWpjw%3D%3D&password=dCPtg3RgmRyv29GHImDNDGmIrwA8zD1N6LQ19W5Ku%2FU%3D&authority=%2BOp08E6JK%2F%2F34pPHnWYQ4w%3D%3D&email=dCPtg3RgmRyv29GHImDNDGmIrwA8zD1N6LQ19W5Ku%2FU%3D
2022-12-22 15:59:39,402 DEBUG [http-nio-8082-exec-8] org.springframework.security.web.FilterChainProxy: Securing GET /role/roles
2022-12-22 15:59:39,507 DEBUG [http-nio-8082-exec-8] org.springframework.security.web.FilterChainProxy: Secured GET /role/roles
2022-12-22 15:59:39,508 DEBUG [http-nio-8082-exec-7] org.springframework.security.web.FilterChainProxy: Secured PUT /user/save?username=dCPtg3RgmRyv29GHImDNDGmIrwA8zD1N6LQ19W5Ku%2FU%3D&enabled=VLJC3Sc3lp3ZvoQYpRWpjw%3D%3D&password=dCPtg3RgmRyv29GHImDNDGmIrwA8zD1N6LQ19W5Ku%2FU%3D&authority=%2BOp08E6JK%2F%2F34pPHnWYQ4w%3D%3D&email=dCPtg3RgmRyv29GHImDNDGmIrwA8zD1N6LQ19W5Ku%2FU%3D
2022-12-22 15:59:39,508 INFO [http-nio-8082-exec-8] com.exampleMainService.filters.PermissionFilter: Inside doFilter method.
2022-12-22 15:59:39,508 INFO [http-nio-8082-exec-7] com.exampleMainService.filters.PermissionFilter: Inside doFilter method.
2022-12-22 15:59:39,508 INFO [http-nio-8082-exec-8] com.exampleMainService.filters.PermissionFilter: Request method: GET
2022-12-22 15:59:39,508 INFO [http-nio-8082-exec-7] com.exampleMainService.filters.PermissionFilter: Request method: PUT
2022-12-22 15:59:39,508 INFO [http-nio-8082-exec-8] com.exampleMainService.filters.PermissionFilter: ROLE_USER
2022-12-22 15:59:39,508 INFO [http-nio-8082-exec-7] com.exampleMainService.filters.PermissionFilter: ROLE_ADMIN
2022-12-22 15:59:39,605 INFO [http-nio-8082-exec-7] com.exampleMainService.controllers.AuthenticatorController: {'username':'saadmunirmunir86@gmail.com', 'password':'$2a$10$iICbrS1p8PAZ7mROayCHU.WMLWPsvftxtyE3PFqHMoubXXXQ1hVw.', 'isEnabled':true, 'email':'saadmunirmunir86@gmail.com', 'isTwoFactorEnabled':'false'}
2022-12-22 15:59:39,605 INFO [http-nio-8082-exec-7] com.exampleMainService.controllers.AuthenticatorController: {'username':'saadmunirmunir86@gmail.com', 'authority':'ROLE_USER'}
2022-12-22 15:59:39,611 DEBUG [http-nio-8082-exec-9] org.springframework.security.web.FilterChainProxy: Securing POST /mail
2022-12-22 15:59:39,612 DEBUG [http-nio-8082-exec-9] org.springframework.security.web.FilterChainProxy: Securing POST /error
2022-12-22 15:59:39,612 DEBUG [http-nio-8082-exec-9] org.springframework.security.web.FilterChainProxy: Secured POST /error
2022-12-22 15:59:39,613 ERROR [http-nio-8082-exec-7] com.exampleMainService.clients.EmailClient: Error: Unexpected response status: 401
2022-12-22 15:59:40,330 DEBUG [http-nio-8082-exec-10] org.springframework.security.web.FilterChainProxy: Securing POST /authenticator/authenticatorString?username=saadmunirmunir86%40gmail.com&email=saadmunirmunir86%40gmail.com
2022-12-22 15:59:40,428 DEBUG [http-nio-8082-exec-10] org.springframework.security.web.FilterChainProxy: Secured POST /authenticator/authenticatorString?username=saadmunirmunir86%40gmail.com&email=saadmunirmunir86%40gmail.com
2022-12-22 15:59:40,428 INFO [http-nio-8082-exec-10] com.exampleMainService.filters.PermissionFilter: Inside doFilter method.
2022-12-22 15:59:40,428 INFO [http-nio-8082-exec-10] com.exampleMainService.filters.PermissionFilter: Request method: POST
2022-12-22 15:59:40,428 INFO [http-nio-8082-exec-10] com.exampleMainService.filters.PermissionFilter: ROLE_USER
2022-12-22 15:59:40,432 INFO [http-nio-8082-exec-10] com.exampleMainService.controllers.AuthenticatorController: Trying to generate the Authenticator String for user with username: saadmunirmunir86@gmail.com
2022-12-22 15:59:49,170 DEBUG [http-nio-8082-exec-2] org.springframework.security.web.FilterChainProxy: Securing OPTIONS /authenticator/validateOtp?username=saadmunirmunir86%40gmail.com&otp=440803
2022-12-22 15:59:49,177 DEBUG [http-nio-8082-exec-1] org.springframework.security.web.FilterChainProxy: Securing POST /authenticator/validateOtp?username=saadmunirmunir86%40gmail.com&otp=440803
2022-12-22 15:59:49,269 DEBUG [http-nio-8082-exec-1] org.springframework.security.web.FilterChainProxy: Secured POST /authenticator/validateOtp?username=saadmunirmunir86%40gmail.com&otp=440803
2022-12-22 15:59:49,269 INFO [http-nio-8082-exec-1] com.exampleMainService.filters.PermissionFilter: Inside doFilter method.
2022-12-22 15:59:49,269 INFO [http-nio-8082-exec-1] com.exampleMainService.filters.PermissionFilter: Request method: POST
2022-12-22 15:59:49,269 INFO [http-nio-8082-exec-1] com.exampleMainService.filters.PermissionFilter: ROLE_USER
2022-12-22 15:59:49,274 INFO [http-nio-8082-exec-1] com.exampleMainService.controllers.AuthenticatorController: Trying to validate the OTP: 440803 against the username: saadmunirmunir86@gmail.com
2022-12-22 16:02:54,211 DEBUG [http-nio-8082-exec-6] org.springframework.security.web.FilterChainProxy: Securing OPTIONS /authenticator/authenticatorString?username=saadmunirmunir86%40gmail.com&email=saadmunirmunir86%40gmail.com
2022-12-22 16:02:54,217 DEBUG [http-nio-8082-exec-8] org.springframework.security.web.FilterChainProxy: Securing POST /authenticator/authenticatorString?username=saadmunirmunir86%40gmail.com&email=saadmunirmunir86%40gmail.com
2022-12-22 16:02:54,311 DEBUG [http-nio-8082-exec-8] org.springframework.security.web.FilterChainProxy: Secured POST /authenticator/authenticatorString?username=saadmunirmunir86%40gmail.com&email=saadmunirmunir86%40gmail.com
2022-12-22 16:02:54,311 INFO [http-nio-8082-exec-8] com.exampleMainService.filters.PermissionFilter: Inside doFilter method.
2022-12-22 16:02:54,311 INFO [http-nio-8082-exec-8] com.exampleMainService.filters.PermissionFilter: Request method: POST
2022-12-22 16:02:54,311 INFO [http-nio-8082-exec-8] com.exampleMainService.filters.PermissionFilter: ROLE_USER
2022-12-22 16:02:54,315 INFO [http-nio-8082-exec-8] com.exampleMainService.controllers.AuthenticatorController: Trying to generate the Authenticator String for user with username: saadmunirmunir86@gmail.com
2022-12-22 16:03:03,508 DEBUG [http-nio-8082-exec-9] org.springframework.security.web.FilterChainProxy: Securing POST /authenticator/authenticatorString?username=saadmunirmunir86%40gmail.com&email=saadmunirmunir86%40gmail.com
2022-12-22 16:03:03,612 DEBUG [http-nio-8082-exec-9] org.springframework.security.web.FilterChainProxy: Secured POST /authenticator/authenticatorString?username=saadmunirmunir86%40gmail.com&email=saadmunirmunir86%40gmail.com
2022-12-22 16:03:03,613 INFO [http-nio-8082-exec-9] com.exampleMainService.filters.PermissionFilter: Inside doFilter method.
2022-12-22 16:03:03,613 INFO [http-nio-8082-exec-9] com.exampleMainService.filters.PermissionFilter: Request method: POST
2022-12-22 16:03:03,613 INFO [http-nio-8082-exec-9] com.exampleMainService.filters.PermissionFilter: ROLE_USER
2022-12-22 16:03:03,617 INFO [http-nio-8082-exec-9] com.exampleMainService.controllers.AuthenticatorController: Trying to generate the Authenticator String for user with username: saadmunirmunir86@gmail.com
2022-12-22 16:03:05,828 DEBUG [http-nio-8082-exec-7] org.springframework.security.web.FilterChainProxy: Securing GET /assets/vendors/css/vendor.bundle.base.css
2022-12-22 16:03:05,829 DEBUG [http-nio-8082-exec-7] org.springframework.security.web.FilterChainProxy: Secured GET /assets/vendors/css/vendor.bundle.base.css
2022-12-22 16:03:05,829 INFO [http-nio-8082-exec-7] com.exampleMainService.filters.PermissionFilter: Inside doFilter method.
2022-12-22 16:03:05,830 INFO [http-nio-8082-exec-7] com.exampleMainService.filters.PermissionFilter: Request method: GET
2022-12-22 16:03:05,830 INFO [http-nio-8082-exec-7] com.exampleMainService.filters.PermissionFilter: ROLE_ADMIN
2022-12-22 16:03:05,841 DEBUG [http-nio-8082-exec-7] org.springframework.security.web.FilterChainProxy: Securing GET /error
2022-12-22 16:03:05,842 DEBUG [http-nio-8082-exec-7] org.springframework.security.web.FilterChainProxy: Secured GET /error
2022-12-22 16:03:06,144 DEBUG [http-nio-8082-exec-10] org.springframework.security.web.FilterChainProxy: Securing GET /assets/vendors/css/vendor.bundle.base.css
2022-12-22 16:03:06,144 DEBUG [http-nio-8082-exec-10] org.springframework.security.web.FilterChainProxy: Secured GET /assets/vendors/css/vendor.bundle.base.css
2022-12-22 16:03:06,144 INFO [http-nio-8082-exec-10] com.exampleMainService.filters.PermissionFilter: Inside doFilter method.
2022-12-22 16:03:06,145 INFO [http-nio-8082-exec-10] com.exampleMainService.filters.PermissionFilter: Request method: GET
2022-12-22 16:03:06,145 INFO [http-nio-8082-exec-10] com.exampleMainService.filters.PermissionFilter: ROLE_ADMIN
2022-12-22 16:03:06,152 DEBUG [http-nio-8082-exec-10] org.springframework.security.web.FilterChainProxy: Securing GET /error
2022-12-22 16:03:06,152 DEBUG [http-nio-8082-exec-10] org.springframework.security.web.FilterChainProxy: Secured GET /error
2022-12-22 16:03:06,497 DEBUG [http-nio-8082-exec-2] org.springframework.security.web.FilterChainProxy: Securing POST /authenticator/authenticatorString?username=saadmunirmunir86%40gmail.com&email=saadmunirmunir86%40gmail.com
2022-12-22 16:03:06,616 DEBUG [http-nio-8082-exec-2] org.springframework.security.web.FilterChainProxy: Secured POST /authenticator/authenticatorString?username=saadmunirmunir86%40gmail.com&email=saadmunirmunir86%40gmail.com
2022-12-22 16:03:06,617 INFO [http-nio-8082-exec-2] com.exampleMainService.filters.PermissionFilter: Inside doFilter method.
2022-12-22 16:03:06,617 INFO [http-nio-8082-exec-2] com.exampleMainService.filters.PermissionFilter: Request method: POST
2022-12-22 16:03:06,617 INFO [http-nio-8082-exec-2] com.exampleMainService.filters.PermissionFilter: ROLE_USER
2022-12-22 16:03:06,622 INFO [http-nio-8082-exec-2] com.exampleMainService.controllers.AuthenticatorController: Trying to generate the Authenticator String for user with username: saadmunirmunir86@gmail.com
2022-12-22 16:03:15,053 DEBUG [http-nio-8082-exec-1] org.springframework.security.web.FilterChainProxy: Securing OPTIONS /authenticator/validateOtp?username=saadmunirmunir86%40gmail.com&otp=550105
