2022-12-22 13:09:34,700 INFO [http-nio-8082-exec-5] com.exampleMainService.controllers.AuthenticatorController: Trying to validate the OTP: 226217 against the username: admin
2022-12-22 13:09:38,010 DEBUG [http-nio-8082-exec-1] org.springframework.security.web.FilterChainProxy: Securing POST /authenticator/validateOtp?username=admin&otp=226217
2022-12-22 13:09:38,097 DEBUG [http-nio-8082-exec-1] org.springframework.security.web.FilterChainProxy: Secured POST /authenticator/validateOtp?username=admin&otp=226217
2022-12-22 13:09:38,097 INFO [http-nio-8082-exec-1] com.exampleMainService.filters.PermissionFilter: Inside doFilter method.
2022-12-22 13:09:38,097 INFO [http-nio-8082-exec-1] com.exampleMainService.filters.PermissionFilter: Request method: POST
2022-12-22 13:09:38,097 INFO [http-nio-8082-exec-1] com.exampleMainService.filters.PermissionFilter: ROLE_ADMIN
2022-12-22 13:09:38,099 INFO [http-nio-8082-exec-1] com.exampleMainService.controllers.AuthenticatorController: Trying to validate the OTP: 226217 against the username: admin
2022-12-22 13:10:30,976 DEBUG [http-nio-8082-exec-7] org.springframework.security.web.FilterChainProxy: Securing POST /authenticator/validateOtp?username=admin&otp=002271
2022-12-22 13:10:31,064 DEBUG [http-nio-8082-exec-7] org.springframework.security.web.FilterChainProxy: Secured POST /authenticator/validateOtp?username=admin&otp=002271
2022-12-22 13:10:31,064 INFO [http-nio-8082-exec-7] com.exampleMainService.filters.PermissionFilter: Inside doFilter method.
2022-12-22 13:10:31,064 INFO [http-nio-8082-exec-7] com.exampleMainService.filters.PermissionFilter: Request method: POST
2022-12-22 13:10:31,064 INFO [http-nio-8082-exec-7] com.exampleMainService.filters.PermissionFilter: ROLE_ADMIN
2022-12-22 13:10:31,067 INFO [http-nio-8082-exec-7] com.exampleMainService.controllers.AuthenticatorController: Trying to validate the OTP: 002271 against the username: admin
2022-12-22 13:10:35,393 DEBUG [http-nio-8082-exec-10] org.springframework.security.web.FilterChainProxy: Securing OPTIONS /authenticator/validateOtp?username=admin&otp=403219
2022-12-22 13:10:35,397 DEBUG [http-nio-8082-exec-4] org.springframework.security.web.FilterChainProxy: Securing POST /authenticator/validateOtp?username=admin&otp=403219
2022-12-22 13:10:35,494 DEBUG [http-nio-8082-exec-4] org.springframework.security.web.FilterChainProxy: Secured POST /authenticator/validateOtp?username=admin&otp=403219
2022-12-22 13:10:35,494 INFO [http-nio-8082-exec-4] com.exampleMainService.filters.PermissionFilter: Inside doFilter method.
2022-12-22 13:10:35,494 INFO [http-nio-8082-exec-4] com.exampleMainService.filters.PermissionFilter: Request method: POST
2022-12-22 13:10:35,494 INFO [http-nio-8082-exec-4] com.exampleMainService.filters.PermissionFilter: ROLE_ADMIN
2022-12-22 13:10:35,497 INFO [http-nio-8082-exec-4] com.exampleMainService.controllers.AuthenticatorController: Trying to validate the OTP: 403219 against the username: admin
2022-12-22 13:10:51,812 DEBUG [http-nio-8082-exec-3] org.springframework.security.web.FilterChainProxy: Securing PUT /user/save?username=dCPtg3RgmRyv29GHImDNDGmIrwA8zD1N6LQ19W5Ku%2FU%3D&enabled=VLJC3Sc3lp3ZvoQYpRWpjw%3D%3D&password=dCPtg3RgmRyv29GHImDNDGmIrwA8zD1N6LQ19W5Ku%2FU%3D&authority=%2BOp08E6JK%2F%2F34pPHnWYQ4w%3D%3D&email=dCPtg3RgmRyv29GHImDNDGmIrwA8zD1N6LQ19W5Ku%2FU%3D
2022-12-22 13:10:51,817 DEBUG [http-nio-8082-exec-6] org.springframework.security.web.FilterChainProxy: Securing GET /role/roles
2022-12-22 13:10:51,909 DEBUG [http-nio-8082-exec-3] org.springframework.security.web.FilterChainProxy: Secured PUT /user/save?username=dCPtg3RgmRyv29GHImDNDGmIrwA8zD1N6LQ19W5Ku%2FU%3D&enabled=VLJC3Sc3lp3ZvoQYpRWpjw%3D%3D&password=dCPtg3RgmRyv29GHImDNDGmIrwA8zD1N6LQ19W5Ku%2FU%3D&authority=%2BOp08E6JK%2F%2F34pPHnWYQ4w%3D%3D&email=dCPtg3RgmRyv29GHImDNDGmIrwA8zD1N6LQ19W5Ku%2FU%3D
2022-12-22 13:10:51,909 INFO [http-nio-8082-exec-3] com.exampleMainService.filters.PermissionFilter: Inside doFilter method.
2022-12-22 13:10:51,909 INFO [http-nio-8082-exec-3] com.exampleMainService.filters.PermissionFilter: Request method: PUT
2022-12-22 13:10:51,909 INFO [http-nio-8082-exec-3] com.exampleMainService.filters.PermissionFilter: ROLE_ADMIN
2022-12-22 13:10:51,914 DEBUG [http-nio-8082-exec-6] org.springframework.security.web.FilterChainProxy: Secured GET /role/roles
2022-12-22 13:10:51,914 INFO [http-nio-8082-exec-6] com.exampleMainService.filters.PermissionFilter: Inside doFilter method.
2022-12-22 13:10:51,915 INFO [http-nio-8082-exec-6] com.exampleMainService.filters.PermissionFilter: Request method: GET
2022-12-22 13:10:51,915 INFO [http-nio-8082-exec-6] com.exampleMainService.filters.PermissionFilter: ROLE_USER
2022-12-22 13:10:51,999 INFO [http-nio-8082-exec-3] com.exampleMainService.controllers.AuthenticatorController: {'username':'saadmunirmunir86@gmail.com', 'password':'$2a$10$CIhvvdc6QGa3q1BAsjxCWeEFBrpMswMlCu9SqY0blpnvzpRtK/./6', 'isEnabled':true, 'email':'saadmunirmunir86@gmail.com', 'isTwoFactorEnabled':'false'}
2022-12-22 13:10:51,999 INFO [http-nio-8082-exec-3] com.exampleMainService.controllers.AuthenticatorController: {'username':'saadmunirmunir86@gmail.com', 'authority':'ROLE_USER'}
2022-12-22 13:10:52,004 DEBUG [http-nio-8082-exec-8] org.springframework.security.web.FilterChainProxy: Securing POST /mail
2022-12-22 13:10:52,005 DEBUG [http-nio-8082-exec-8] org.springframework.security.web.FilterChainProxy: Securing POST /error
2022-12-22 13:10:52,005 DEBUG [http-nio-8082-exec-8] org.springframework.security.web.FilterChainProxy: Secured POST /error
2022-12-22 13:10:52,006 ERROR [http-nio-8082-exec-3] com.exampleMainService.clients.EmailClient: Error: Unexpected response status: 401
2022-12-22 13:10:53,170 DEBUG [http-nio-8082-exec-9] org.springframework.security.web.FilterChainProxy: Securing POST /authenticator/authenticatorString?username=saadmunirmunir86%40gmail.com&email=saadmunirmunir86%40gmail.com
2022-12-22 13:10:53,262 DEBUG [http-nio-8082-exec-9] org.springframework.security.web.FilterChainProxy: Secured POST /authenticator/authenticatorString?username=saadmunirmunir86%40gmail.com&email=saadmunirmunir86%40gmail.com
2022-12-22 13:10:53,262 INFO [http-nio-8082-exec-9] com.exampleMainService.filters.PermissionFilter: Inside doFilter method.
2022-12-22 13:10:53,262 INFO [http-nio-8082-exec-9] com.exampleMainService.filters.PermissionFilter: Request method: POST
2022-12-22 13:10:53,262 INFO [http-nio-8082-exec-9] com.exampleMainService.filters.PermissionFilter: ROLE_USER
2022-12-22 13:10:53,266 INFO [http-nio-8082-exec-9] com.exampleMainService.controllers.AuthenticatorController: Trying to generate the Authenticator String for user with username: saadmunirmunir86@gmail.com
2022-12-22 13:11:23,275 DEBUG [http-nio-8082-exec-5] org.springframework.security.web.FilterChainProxy: Securing GET /assets/vendors/css/vendor.bundle.base.css
2022-12-22 13:11:23,276 DEBUG [http-nio-8082-exec-5] org.springframework.security.web.FilterChainProxy: Secured GET /assets/vendors/css/vendor.bundle.base.css
2022-12-22 13:11:23,276 INFO [http-nio-8082-exec-5] com.exampleMainService.filters.PermissionFilter: Inside doFilter method.
2022-12-22 13:11:23,276 INFO [http-nio-8082-exec-5] com.exampleMainService.filters.PermissionFilter: Request method: GET
2022-12-22 13:11:23,276 INFO [http-nio-8082-exec-5] com.exampleMainService.filters.PermissionFilter: ROLE_ADMIN
2022-12-22 13:11:23,283 DEBUG [http-nio-8082-exec-5] org.springframework.security.web.FilterChainProxy: Securing GET /error
2022-12-22 13:11:23,283 DEBUG [http-nio-8082-exec-5] org.springframework.security.web.FilterChainProxy: Secured GET /error
2022-12-22 13:12:03,325 DEBUG [http-nio-8082-exec-10] org.springframework.security.web.FilterChainProxy: Securing GET /user/getUsers
2022-12-22 13:12:03,412 DEBUG [http-nio-8082-exec-10] org.springframework.security.web.FilterChainProxy: Secured GET /user/getUsers
2022-12-22 13:12:03,412 INFO [http-nio-8082-exec-10] com.exampleMainService.filters.PermissionFilter: Inside doFilter method.
2022-12-22 13:12:03,412 INFO [http-nio-8082-exec-10] com.exampleMainService.filters.PermissionFilter: Request method: GET
2022-12-22 13:12:03,413 INFO [http-nio-8082-exec-10] com.exampleMainService.filters.PermissionFilter: ROLE_ADMIN
2022-12-22 13:12:03,417 INFO [http-nio-8082-exec-10] com.exampleMainService.controllers.AuthenticatorController: [{'username':'2990099201282627', 'password':'$2a$10$DCpXCcJm/EALB.OLbwl3jej3xUZRbGGj27YoglBOww0H61ERwf90W', 'isEnabled':true, 'email':'no@gmail.com', 'isTwoFactorEnabled':'false'}, {'username':'admin', 'password':'$2a$10$INYm8.ojdneZCPptupXHsunjde/2JbGR486L3qB2SPlQjS5r0Vsya', 'isEnabled':true, 'email':'admin@gmail.com', 'isTwoFactorEnabled':'true'}, {'username':'saadmunirmunir86@gmail.com', 'password':'$2a$10$CIhvvdc6QGa3q1BAsjxCWeEFBrpMswMlCu9SqY0blpnvzpRtK/./6', 'isEnabled':true, 'email':'saadmunirmunir86@gmail.com', 'isTwoFactorEnabled':'false'}]
2022-12-22 13:12:03,427 DEBUG [http-nio-8082-exec-4] org.springframework.security.web.FilterChainProxy: Securing GET /user/authority?username=f%2BRE%2BQs551ZAYxfg5GI30g%3D%3D
2022-12-22 13:12:03,428 DEBUG [http-nio-8082-exec-6] org.springframework.security.web.FilterChainProxy: Securing GET /user/validate?encodedPassword=H%2F2skjEl3j5cgjvzdIfJIgTasYqNADU10P%2FBFC9ik00RFfjWZKiXM5skibW1m05tjKa99P9t28CXuyxFSTvqkA%3D%3D&password=8zzRUtvOFfEroqP3N4hqGg%3D%3D
2022-12-22 13:12:03,529 DEBUG [http-nio-8082-exec-6] org.springframework.security.web.FilterChainProxy: Secured GET /user/validate?encodedPassword=H%2F2skjEl3j5cgjvzdIfJIgTasYqNADU10P%2FBFC9ik00RFfjWZKiXM5skibW1m05tjKa99P9t28CXuyxFSTvqkA%3D%3D&password=8zzRUtvOFfEroqP3N4hqGg%3D%3D
2022-12-22 13:12:03,529 INFO [http-nio-8082-exec-6] com.exampleMainService.filters.PermissionFilter: Inside doFilter method.
2022-12-22 13:12:03,529 INFO [http-nio-8082-exec-6] com.exampleMainService.filters.PermissionFilter: Request method: GET
2022-12-22 13:12:03,529 INFO [http-nio-8082-exec-6] com.exampleMainService.filters.PermissionFilter: ROLE_ADMIN
2022-12-22 13:12:03,530 DEBUG [http-nio-8082-exec-4] org.springframework.security.web.FilterChainProxy: Secured GET /user/authority?username=f%2BRE%2BQs551ZAYxfg5GI30g%3D%3D
2022-12-22 13:12:03,530 INFO [http-nio-8082-exec-4] com.exampleMainService.filters.PermissionFilter: Inside doFilter method.
2022-12-22 13:12:03,530 INFO [http-nio-8082-exec-4] com.exampleMainService.filters.PermissionFilter: Request method: GET
