2022-12-22 12:53:13,092 DEBUG [http-nio-8082-exec-4] org.springframework.security.web.FilterChainProxy: Securing GET /user/getUsers
2022-12-22 12:53:13,097 DEBUG [http-nio-8082-exec-5] org.springframework.security.web.FilterChainProxy: Securing GET /role/roles
2022-12-22 12:53:13,115 DEBUG [http-nio-8082-exec-6] org.springframework.security.web.FilterChainProxy: Securing OPTIONS /role/role?role=Il8b8CoUQ7sng8OSuMJL9A%3D%3D
2022-12-22 12:53:13,120 DEBUG [http-nio-8082-exec-8] org.springframework.security.web.FilterChainProxy: Securing GET /role/role?role=Il8b8CoUQ7sng8OSuMJL9A%3D%3D
2022-12-22 12:53:13,231 DEBUG [http-nio-8082-exec-5] org.springframework.security.web.FilterChainProxy: Secured GET /role/roles
2022-12-22 12:53:13,231 DEBUG [http-nio-8082-exec-4] org.springframework.security.web.FilterChainProxy: Secured GET /user/getUsers
2022-12-22 12:53:13,232 INFO [http-nio-8082-exec-5] com.exampleMainService.filters.PermissionFilter: Inside doFilter method.
2022-12-22 12:53:13,232 INFO [http-nio-8082-exec-4] com.exampleMainService.filters.PermissionFilter: Inside doFilter method.
2022-12-22 12:53:13,232 INFO [http-nio-8082-exec-5] com.exampleMainService.filters.PermissionFilter: Request method: GET
2022-12-22 12:53:13,232 INFO [http-nio-8082-exec-4] com.exampleMainService.filters.PermissionFilter: Request method: GET
2022-12-22 12:53:13,232 INFO [http-nio-8082-exec-5] com.exampleMainService.filters.PermissionFilter: ROLE_ADMIN
2022-12-22 12:53:13,232 INFO [http-nio-8082-exec-4] com.exampleMainService.filters.PermissionFilter: ROLE_ADMIN
2022-12-22 12:53:13,236 DEBUG [http-nio-8082-exec-8] org.springframework.security.web.FilterChainProxy: Secured GET /role/role?role=Il8b8CoUQ7sng8OSuMJL9A%3D%3D
2022-12-22 12:53:13,236 INFO [http-nio-8082-exec-8] com.exampleMainService.filters.PermissionFilter: Inside doFilter method.
2022-12-22 12:53:13,236 INFO [http-nio-8082-exec-8] com.exampleMainService.filters.PermissionFilter: Request method: GET
2022-12-22 12:53:13,236 INFO [http-nio-8082-exec-8] com.exampleMainService.filters.PermissionFilter: ROLE_ADMIN
2022-12-22 12:53:13,238 INFO [http-nio-8082-exec-4] com.exampleMainService.controllers.AuthenticatorController: [{'username':'2990099201282627', 'password':'$2a$10$DCpXCcJm/EALB.OLbwl3jej3xUZRbGGj27YoglBOww0H61ERwf90W', 'isEnabled':true, 'email':'no@gmail.com', 'isTwoFactorEnabled':'false'}, {'username':'admin', 'password':'$2a$10$INYm8.ojdneZCPptupXHsunjde/2JbGR486L3qB2SPlQjS5r0Vsya', 'isEnabled':true, 'email':'admin@gmail.com', 'isTwoFactorEnabled':'true'}, {'username':'saadmunirmunir86@gmail.com', 'password':'$2a$10$bdF4AgWOwYzdkkUC/u.3U.RcLSWmimDXvXx2BlHrToCXjIy3md8Ky', 'isEnabled':true, 'email':'saadmunirmunir86@gmail.com', 'isTwoFactorEnabled':'false'}]
2022-12-22 12:53:13,242 DEBUG [http-nio-8082-exec-9] org.springframework.security.web.FilterChainProxy: Securing GET /user/getUsers
2022-12-22 12:53:13,242 DEBUG [http-nio-8082-exec-1] org.springframework.security.web.FilterChainProxy: Securing GET /role/roles
2022-12-22 12:53:13,351 DEBUG [http-nio-8082-exec-9] org.springframework.security.web.FilterChainProxy: Secured GET /user/getUsers
2022-12-22 12:53:13,352 INFO [http-nio-8082-exec-9] com.exampleMainService.filters.PermissionFilter: Inside doFilter method.
2022-12-22 12:53:13,352 INFO [http-nio-8082-exec-9] com.exampleMainService.filters.PermissionFilter: Request method: GET
2022-12-22 12:53:13,352 INFO [http-nio-8082-exec-9] com.exampleMainService.filters.PermissionFilter: ROLE_ADMIN
2022-12-22 12:53:13,354 DEBUG [http-nio-8082-exec-1] org.springframework.security.web.FilterChainProxy: Secured GET /role/roles
2022-12-22 12:53:13,354 INFO [http-nio-8082-exec-1] com.exampleMainService.filters.PermissionFilter: Inside doFilter method.
2022-12-22 12:53:13,355 INFO [http-nio-8082-exec-1] com.exampleMainService.filters.PermissionFilter: Request method: GET
2022-12-22 12:53:13,355 INFO [http-nio-8082-exec-1] com.exampleMainService.filters.PermissionFilter: ROLE_ADMIN
2022-12-22 12:53:13,360 INFO [http-nio-8082-exec-9] com.exampleMainService.controllers.AuthenticatorController: [{'username':'2990099201282627', 'password':'$2a$10$DCpXCcJm/EALB.OLbwl3jej3xUZRbGGj27YoglBOww0H61ERwf90W', 'isEnabled':true, 'email':'no@gmail.com', 'isTwoFactorEnabled':'false'}, {'username':'admin', 'password':'$2a$10$INYm8.ojdneZCPptupXHsunjde/2JbGR486L3qB2SPlQjS5r0Vsya', 'isEnabled':true, 'email':'admin@gmail.com', 'isTwoFactorEnabled':'true'}, {'username':'saadmunirmunir86@gmail.com', 'password':'$2a$10$bdF4AgWOwYzdkkUC/u.3U.RcLSWmimDXvXx2BlHrToCXjIy3md8Ky', 'isEnabled':true, 'email':'saadmunirmunir86@gmail.com', 'isTwoFactorEnabled':'false'}]
2022-12-22 12:53:36,170 DEBUG [http-nio-8082-exec-7] org.springframework.security.web.FilterChainProxy: Securing PUT /user/save?username=dCPtg3RgmRyv29GHImDNDGmIrwA8zD1N6LQ19W5Ku%2FU%3D&enabled=VLJC3Sc3lp3ZvoQYpRWpjw%3D%3D&password=dCPtg3RgmRyv29GHImDNDGmIrwA8zD1N6LQ19W5Ku%2FU%3D&authority=%2BOp08E6JK%2F%2F34pPHnWYQ4w%3D%3D&email=dCPtg3RgmRyv29GHImDNDGmIrwA8zD1N6LQ19W5Ku%2FU%3D
2022-12-22 12:53:36,173 DEBUG [http-nio-8082-exec-10] org.springframework.security.web.FilterChainProxy: Securing GET /role/roles
2022-12-22 12:53:36,298 DEBUG [http-nio-8082-exec-7] org.springframework.security.web.FilterChainProxy: Secured PUT /user/save?username=dCPtg3RgmRyv29GHImDNDGmIrwA8zD1N6LQ19W5Ku%2FU%3D&enabled=VLJC3Sc3lp3ZvoQYpRWpjw%3D%3D&password=dCPtg3RgmRyv29GHImDNDGmIrwA8zD1N6LQ19W5Ku%2FU%3D&authority=%2BOp08E6JK%2F%2F34pPHnWYQ4w%3D%3D&email=dCPtg3RgmRyv29GHImDNDGmIrwA8zD1N6LQ19W5Ku%2FU%3D
2022-12-22 12:53:36,298 INFO [http-nio-8082-exec-7] com.exampleMainService.filters.PermissionFilter: Inside doFilter method.
2022-12-22 12:53:36,298 INFO [http-nio-8082-exec-7] com.exampleMainService.filters.PermissionFilter: Request method: PUT
2022-12-22 12:53:36,299 INFO [http-nio-8082-exec-7] com.exampleMainService.filters.PermissionFilter: ROLE_ADMIN
2022-12-22 12:53:36,299 DEBUG [http-nio-8082-exec-10] org.springframework.security.web.FilterChainProxy: Secured GET /role/roles
2022-12-22 12:53:36,300 INFO [http-nio-8082-exec-10] com.exampleMainService.filters.PermissionFilter: Inside doFilter method.
2022-12-22 12:53:36,300 INFO [http-nio-8082-exec-10] com.exampleMainService.filters.PermissionFilter: Request method: GET
2022-12-22 12:53:36,300 INFO [http-nio-8082-exec-10] com.exampleMainService.filters.PermissionFilter: ROLE_USER
2022-12-22 12:53:36,410 INFO [http-nio-8082-exec-7] com.exampleMainService.controllers.AuthenticatorController: {'username':'saadmunirmunir86@gmail.com', 'password':'$2a$10$WtvcFzUSXXjgpu/HTDUpkukHnTgA2EWO96zdm3xywBgW1k1ACGcoa', 'isEnabled':true, 'email':'saadmunirmunir86@gmail.com', 'isTwoFactorEnabled':'false'}
2022-12-22 12:53:36,410 INFO [http-nio-8082-exec-7] com.exampleMainService.controllers.AuthenticatorController: {'username':'saadmunirmunir86@gmail.com', 'authority':'ROLE_USER'}
2022-12-22 12:53:36,420 DEBUG [http-nio-8082-exec-2] org.springframework.security.web.FilterChainProxy: Securing POST /mail
2022-12-22 12:53:36,422 DEBUG [http-nio-8082-exec-2] org.springframework.security.web.FilterChainProxy: Securing POST /error
2022-12-22 12:53:36,422 DEBUG [http-nio-8082-exec-2] org.springframework.security.web.FilterChainProxy: Secured POST /error
2022-12-22 12:53:36,426 ERROR [http-nio-8082-exec-7] com.exampleMainService.clients.EmailClient: Error: Unexpected response status: 401
2022-12-22 12:53:41,252 DEBUG [http-nio-8082-exec-3] org.springframework.security.web.FilterChainProxy: Securing POST /authenticator/authenticatorString?username=saadmunirmunir86%40gmail.com&email=saadmunirmunir86%40gmail.com
2022-12-22 12:53:41,380 DEBUG [http-nio-8082-exec-3] org.springframework.security.web.FilterChainProxy: Secured POST /authenticator/authenticatorString?username=saadmunirmunir86%40gmail.com&email=saadmunirmunir86%40gmail.com
2022-12-22 12:53:41,380 INFO [http-nio-8082-exec-3] com.exampleMainService.filters.PermissionFilter: Inside doFilter method.
2022-12-22 12:53:41,380 INFO [http-nio-8082-exec-3] com.exampleMainService.filters.PermissionFilter: Request method: POST
2022-12-22 12:53:41,380 INFO [http-nio-8082-exec-3] com.exampleMainService.filters.PermissionFilter: ROLE_USER
2022-12-22 12:53:41,383 INFO [http-nio-8082-exec-3] com.exampleMainService.controllers.AuthenticatorController: Trying to generate the Authenticator String for user with username: saadmunirmunir86@gmail.com
2022-12-22 12:53:54,382 DEBUG [http-nio-8082-exec-6] org.springframework.security.web.FilterChainProxy: Securing GET /user/getUsers
2022-12-22 12:53:54,475 DEBUG [http-nio-8082-exec-6] org.springframework.security.web.FilterChainProxy: Secured GET /user/getUsers
2022-12-22 12:53:54,475 INFO [http-nio-8082-exec-6] com.exampleMainService.filters.PermissionFilter: Inside doFilter method.
2022-12-22 12:53:54,475 INFO [http-nio-8082-exec-6] com.exampleMainService.filters.PermissionFilter: Request method: GET
2022-12-22 12:53:54,475 INFO [http-nio-8082-exec-6] com.exampleMainService.filters.PermissionFilter: ROLE_ADMIN
2022-12-22 12:53:54,481 INFO [http-nio-8082-exec-6] com.exampleMainService.controllers.AuthenticatorController: [{'username':'2990099201282627', 'password':'$2a$10$DCpXCcJm/EALB.OLbwl3jej3xUZRbGGj27YoglBOww0H61ERwf90W', 'isEnabled':true, 'email':'no@gmail.com', 'isTwoFactorEnabled':'false'}, {'username':'admin', 'password':'$2a$10$INYm8.ojdneZCPptupXHsunjde/2JbGR486L3qB2SPlQjS5r0Vsya', 'isEnabled':true, 'email':'admin@gmail.com', 'isTwoFactorEnabled':'true'}, {'username':'saadmunirmunir86@gmail.com', 'password':'$2a$10$WtvcFzUSXXjgpu/HTDUpkukHnTgA2EWO96zdm3xywBgW1k1ACGcoa', 'isEnabled':true, 'email':'saadmunirmunir86@gmail.com', 'isTwoFactorEnabled':'false'}]
2022-12-22 12:53:54,586 DEBUG [http-nio-8082-exec-4] org.springframework.security.web.FilterChainProxy: Securing GET /user/authority?username=f%2BRE%2BQs551ZAYxfg5GI30g%3D%3D
2022-12-22 12:53:54,587 DEBUG [http-nio-8082-exec-5] org.springframework.security.web.FilterChainProxy: Securing GET /user/validate?encodedPassword=H%2F2skjEl3j5cgjvzdIfJIgTasYqNADU10P%2FBFC9ik00RFfjWZKiXM5skibW1m05tjKa99P9t28CXuyxFSTvqkA%3D%3D&password=8zzRUtvOFfEroqP3N4hqGg%3D%3D
2022-12-22 12:53:54,705 DEBUG [http-nio-8082-exec-4] org.springframework.security.web.FilterChainProxy: Secured GET /user/authority?username=f%2BRE%2BQs551ZAYxfg5GI30g%3D%3D
2022-12-22 12:53:54,705 INFO [http-nio-8082-exec-4] com.exampleMainService.filters.PermissionFilter: Inside doFilter method.
2022-12-22 12:53:54,705 INFO [http-nio-8082-exec-4] com.exampleMainService.filters.PermissionFilter: Request method: GET
2022-12-22 12:53:54,705 INFO [http-nio-8082-exec-4] com.exampleMainService.filters.PermissionFilter: ROLE_ADMIN
2022-12-22 12:53:54,717 DEBUG [http-nio-8082-exec-5] org.springframework.security.web.FilterChainProxy: Secured GET /user/validate?encodedPassword=H%2F2skjEl3j5cgjvzdIfJIgTasYqNADU10P%2FBFC9ik00RFfjWZKiXM5skibW1m05tjKa99P9t28CXuyxFSTvqkA%3D%3D&password=8zzRUtvOFfEroqP3N4hqGg%3D%3D
2022-12-22 12:53:54,717 INFO [http-nio-8082-exec-5] com.exampleMainService.filters.PermissionFilter: Inside doFilter method.
2022-12-22 12:53:54,717 INFO [http-nio-8082-exec-5] com.exampleMainService.filters.PermissionFilter: Request method: GET
