2022-11-23 11:19:59,154 INFO [restartedMain] org.apache.catalina.core.ContainerBase.[Tomcat-3].[localhost].[/]: Initializing Spring embedded WebApplicationContext
2022-11-23 11:19:59,156 INFO [restartedMain] org.springframework.boot.web.servlet.context.ServletWebServerApplicationContext: Root WebApplicationContext: initialization completed in 786 ms
2022-11-23 11:19:59,185 INFO [Thread-21] org.apache.coyote.http11.Http11NioProtocol: Pausing ProtocolHandler ["http-nio-8080"]
2022-11-23 11:19:59,187 INFO [Thread-21] org.apache.catalina.core.StandardService: Stopping service [Tomcat]
2022-11-23 11:19:59,194 INFO [Thread-21] org.apache.coyote.http11.Http11NioProtocol: Stopping ProtocolHandler ["http-nio-8080"]
2022-11-23 11:19:59,198 INFO [Thread-21] org.apache.coyote.http11.Http11NioProtocol: Destroying ProtocolHandler ["http-nio-8080"]
2022-11-23 11:19:59,203 INFO [Thread-21] org.springframework.orm.jpa.LocalContainerEntityManagerFactoryBean: Closing JPA EntityManagerFactory for persistence unit 'default'
2022-11-23 11:19:59,205 INFO [Thread-21] com.zaxxer.hikari.HikariDataSource: HikariPool-6 - Shutdown initiated...
2022-11-23 11:19:59,232 INFO [Thread-21] com.zaxxer.hikari.HikariDataSource: HikariPool-6 - Shutdown completed.
2022-11-23 11:19:59,342 INFO [restartedMain] org.hibernate.jpa.internal.util.LogHelper: HHH000204: Processing PersistenceUnitInfo [name: default]
2022-11-23 11:19:59,343 INFO [restartedMain] org.springframework.boot.devtools.env.DevToolsPropertyDefaultsPostProcessor: Devtools property defaults active! Set 'spring.devtools.add-properties' to 'false' to disable
2022-11-23 11:19:59,343 INFO [restartedMain] org.springframework.boot.devtools.env.DevToolsPropertyDefaultsPostProcessor: For additional web related logging consider setting the 'logging.level.web' property to 'DEBUG'
2022-11-23 11:19:59,349 INFO [restartedMain] com.exampleMainService.MainServiceApplication: Starting MainServiceApplication using Java 11.0.16 on Desktop-CDN-T480 with PID 1584 (D:\Tasks\MainService\target\classes started by T480 in D:\Tasks\MainService)
2022-11-23 11:19:59,350 INFO [restartedMain] com.exampleMainService.MainServiceApplication: No active profile set, falling back to 1 default profile: "default"
2022-11-23 11:19:59,352 INFO [restartedMain] com.zaxxer.hikari.HikariDataSource: HikariPool-8 - Starting...
2022-11-23 11:19:59,373 INFO [restartedMain] com.zaxxer.hikari.HikariDataSource: HikariPool-8 - Start completed.
2022-11-23 11:19:59,373 INFO [restartedMain] org.hibernate.dialect.Dialect: HHH000400: Using dialect: org.hibernate.dialect.MySQL8Dialect
2022-11-23 11:19:59,499 INFO [restartedMain] org.hibernate.engine.transaction.jta.platform.internal.JtaPlatformInitiator: HHH000490: Using JtaPlatform implementation: [org.hibernate.engine.transaction.jta.platform.internal.NoJtaPlatform]
2022-11-23 11:19:59,499 INFO [restartedMain] org.springframework.orm.jpa.LocalContainerEntityManagerFactoryBean: Initialized JPA EntityManagerFactory for persistence unit 'default'
2022-11-23 11:19:59,646 WARN [restartedMain] org.springframework.boot.autoconfigure.orm.jpa.JpaBaseConfiguration$JpaWebConfiguration: spring.jpa.open-in-view is enabled by default. Therefore, database queries may be performed during view rendering. Explicitly configure spring.jpa.open-in-view to disable this warning
2022-11-23 11:19:59,751 INFO [restartedMain] org.springframework.data.repository.config.RepositoryConfigurationDelegate: Bootstrapping Spring Data JPA repositories in DEFAULT mode.
2022-11-23 11:19:59,798 INFO [restartedMain] org.springframework.data.repository.config.RepositoryConfigurationDelegate: Finished Spring Data repository scanning in 46 ms. Found 4 JPA repository interfaces.
2022-11-23 11:19:59,813 INFO [restartedMain] com.exampleMainService.configurations.SecurityConfiguration: Allowed Roles: ADMIN,USER,MANAGER,SALEPERSON,II,newrole,newrole,newrole
2022-11-23 11:20:00,211 INFO [restartedMain] org.springframework.security.web.DefaultSecurityFilterChain: Will secure any request with [org.springframework.security.web.session.DisableEncodeUrlFilter@1faac84f, org.springframework.security.web.context.request.async.WebAsyncManagerIntegrationFilter@78b1c4e7, org.springframework.security.web.context.SecurityContextPersistenceFilter@2e0acefb, org.springframework.security.web.header.HeaderWriterFilter@655537f2, org.springframework.web.filter.CorsFilter@1ef8bff9, org.springframework.security.web.authentication.logout.LogoutFilter@75523c0c, org.springframework.security.oauth2.client.web.OAuth2AuthorizationRequestRedirectFilter@4cb55343, org.springframework.security.oauth2.client.web.OAuth2LoginAuthenticationFilter@314e8133, org.springframework.security.web.authentication.ui.DefaultLoginPageGeneratingFilter@1d83afcb, org.springframework.security.web.authentication.ui.DefaultLogoutPageGeneratingFilter@5b7af20c, org.springframework.security.web.authentication.www.BasicAuthenticationFilter@6be183ae, org.springframework.security.web.savedrequest.RequestCacheAwareFilter@779ceb19, org.springframework.security.web.servletapi.SecurityContextHolderAwareRequestFilter@3bbaa8bf, org.springframework.security.web.authentication.AnonymousAuthenticationFilter@12dba19c, org.springframework.security.web.session.SessionManagementFilter@1d676f0c, org.springframework.security.web.access.ExceptionTranslationFilter@75b59f5c, org.springframework.security.web.access.intercept.FilterSecurityInterceptor@774c7682]
2022-11-23 11:20:00,308 INFO [restartedMain] org.springframework.boot.web.embedded.tomcat.TomcatWebServer: Tomcat initialized with port(s): 8080 (http)
2022-11-23 11:20:00,310 INFO [restartedMain] org.apache.coyote.http11.Http11NioProtocol: Initializing ProtocolHandler ["http-nio-8080"]
2022-11-23 11:20:00,311 INFO [restartedMain] org.apache.catalina.core.StandardService: Starting service [Tomcat]
2022-11-23 11:20:00,311 INFO [restartedMain] org.apache.catalina.core.StandardEngine: Starting Servlet engine: [Apache Tomcat/9.0.65]
2022-11-23 11:20:00,320 INFO [main] org.springframework.boot.test.context.SpringBootTestContextBootstrapper: Neither @ContextConfiguration nor @ContextHierarchy found for test class [DepartmentClientTest], using SpringBootContextLoader
2022-11-23 11:20:00,335 INFO [main] org.springframework.test.context.support.AbstractContextLoader: Could not detect default resource locations for test class [DepartmentClientTest]: no resource found for suffixes {-context.xml, Context.groovy}.
2022-11-23 11:20:00,372 WARN [restartedMain] org.springframework.boot.autoconfigure.thymeleaf.ThymeleafAutoConfiguration$DefaultTemplateResolverConfiguration: Cannot find template location: classpath:/templates/ (please add some templates or check your Thymeleaf configuration)
2022-11-23 11:20:00,419 INFO [restartedMain] org.apache.catalina.core.ContainerBase.[Tomcat-3].[localhost].[/]: Initializing Spring embedded WebApplicationContext
2022-11-23 11:20:00,420 INFO [restartedMain] org.springframework.boot.web.servlet.context.ServletWebServerApplicationContext: Root WebApplicationContext: initialization completed in 1066 ms
2022-11-23 11:20:00,543 WARN [restartedMain] org.springframework.boot.devtools.autoconfigure.OptionalLiveReloadServer: Unable to start LiveReload server
2022-11-23 11:20:00,592 INFO [restartedMain] org.apache.coyote.http11.Http11NioProtocol: Starting ProtocolHandler ["http-nio-8080"]
2022-11-23 11:20:00,597 INFO [restartedMain] org.springframework.boot.web.embedded.tomcat.TomcatWebServer: Tomcat started on port(s): 8080 (http) with context path ''
2022-11-23 11:20:00,763 INFO [restartedMain] com.exampleMainService.MainServiceApplication: Started MainServiceApplication in 2.462 seconds (JVM running for 4122.549)
2022-11-23 11:20:00,767 INFO [restartedMain] org.springframework.boot.devtools.autoconfigure.ConditionEvaluationDeltaLoggingListener: Condition evaluation unchanged
2022-11-23 11:20:00,875 INFO [restartedMain] org.hibernate.jpa.internal.util.LogHelper: HHH000204: Processing PersistenceUnitInfo [name: default]
2022-11-23 11:20:00,885 INFO [restartedMain] com.zaxxer.hikari.HikariDataSource: HikariPool-9 - Starting...
2022-11-23 11:20:00,910 INFO [restartedMain] com.zaxxer.hikari.HikariDataSource: HikariPool-9 - Start completed.
2022-11-23 11:20:00,911 INFO [restartedMain] org.hibernate.dialect.Dialect: HHH000400: Using dialect: org.hibernate.dialect.MySQL8Dialect
2022-11-23 11:20:01,006 INFO [restartedMain] org.hibernate.engine.transaction.jta.platform.internal.JtaPlatformInitiator: HHH000490: Using JtaPlatform implementation: [org.hibernate.engine.transaction.jta.platform.internal.NoJtaPlatform]
2022-11-23 11:20:01,006 INFO [restartedMain] org.springframework.orm.jpa.LocalContainerEntityManagerFactoryBean: Initialized JPA EntityManagerFactory for persistence unit 'default'
2022-11-23 11:20:01,152 INFO [main] org.springframework.boot.test.context.SpringBootTestContextBootstrapper: Loaded default TestExecutionListener class names from location [META-INF/spring.factories]: [org.springframework.boot.test.mock.mockito.MockitoTestExecutionListener, org.springframework.boot.test.mock.mockito.ResetMocksTestExecutionListener, org.springframework.boot.test.autoconfigure.restdocs.RestDocsTestExecutionListener, org.springframework.boot.test.autoconfigure.web.client.MockRestServiceServerResetTestExecutionListener, org.springframework.boot.test.autoconfigure.web.servlet.MockMvcPrintOnlyOnFailureTestExecutionListener, org.springframework.boot.test.autoconfigure.web.servlet.WebDriverTestExecutionListener, org.springframework.boot.test.autoconfigure.webservices.client.MockWebServiceServerTestExecutionListener, org.springframework.test.context.web.ServletTestExecutionListener, org.springframework.test.context.support.DirtiesContextBeforeModesTestExecutionListener, org.springframework.test.context.event.ApplicationEventsTestExecutionListener, org.springframework.test.context.support.DependencyInjectionTestExecutionListener, org.springframework.test.context.support.DirtiesContextTestExecutionListener, org.springframework.test.context.transaction.TransactionalTestExecutionListener, org.springframework.test.context.jdbc.SqlScriptsTestExecutionListener, org.springframework.test.context.event.EventPublishingTestExecutionListener, org.springframework.security.test.context.support.WithSecurityContextTestExecutionListener, org.springframework.security.test.context.support.ReactorContextTestExecutionListener]
2022-11-23 11:20:01,332 INFO [main] org.springframework.boot.test.context.SpringBootTestContextBootstrapper: Using TestExecutionListeners: [org.springframework.test.context.web.ServletTestExecutionListener@5f2606b, org.springframework.test.context.support.DirtiesContextBeforeModesTestExecutionListener@2b58f754, org.springframework.test.context.event.ApplicationEventsTestExecutionListener@3ebff828, org.springframework.boot.test.mock.mockito.MockitoTestExecutionListener@2552f2cb, org.springframework.boot.test.autoconfigure.SpringBootDependencyInjectionTestExecutionListener@33352f32, org.springframework.test.context.support.DirtiesContextTestExecutionListener@5f3b9c57, org.springframework.test.context.transaction.TransactionalTestExecutionListener@1e044120, org.springframework.test.context.jdbc.SqlScriptsTestExecutionListener@2cf23c81, org.springframework.test.context.event.EventPublishingTestExecutionListener@3624da92, org.springframework.security.test.context.support.WithSecurityContextTestExecutionListener@35fe2125, org.springframework.security.test.context.support.ReactorContextTestExecutionListener@94f6bfb, org.springframework.boot.test.mock.mockito.ResetMocksTestExecutionListener@34645867, org.springframework.boot.test.autoconfigure.restdocs.RestDocsTestExecutionListener@2484f433, org.springframework.boot.test.autoconfigure.web.client.MockRestServiceServerResetTestExecutionListener@60b71e8f, org.springframework.boot.test.autoconfigure.web.servlet.MockMvcPrintOnlyOnFailureTestExecutionListener@1255b1d1, org.springframework.boot.test.autoconfigure.web.servlet.WebDriverTestExecutionListener@464649c, org.springframework.boot.test.autoconfigure.webservices.client.MockWebServiceServerTestExecutionListener@7c22d4f]
2022-11-23 11:20:01,455 WARN [restartedMain] org.springframework.boot.autoconfigure.orm.jpa.JpaBaseConfiguration$JpaWebConfiguration: spring.jpa.open-in-view is enabled by default. Therefore, database queries may be performed during view rendering. Explicitly configure spring.jpa.open-in-view to disable this warning
2022-11-23 11:20:01,738 INFO [restartedMain] com.exampleMainService.configurations.SecurityConfiguration: Allowed Roles: ADMIN,USER,MANAGER,SALEPERSON,II,newrole,newrole,newrole
2022-11-23 11:20:02,356 INFO [restartedMain] org.springframework.security.web.DefaultSecurityFilterChain: Will secure any request with [org.springframework.security.web.session.DisableEncodeUrlFilter@35947168, org.springframework.security.web.context.request.async.WebAsyncManagerIntegrationFilter@54e45c5, org.springframework.security.web.context.SecurityContextPersistenceFilter@49803ea9, org.springframework.security.web.header.HeaderWriterFilter@95f98d9, org.springframework.web.filter.CorsFilter@4ac10730, org.springframework.security.web.authentication.logout.LogoutFilter@7ec4fdc5, org.springframework.security.oauth2.client.web.OAuth2AuthorizationRequestRedirectFilter@7c5672de, org.springframework.security.oauth2.client.web.OAuth2LoginAuthenticationFilter@54908edc, org.springframework.security.web.authentication.ui.DefaultLoginPageGeneratingFilter@46b536a7, org.springframework.security.web.authentication.ui.DefaultLogoutPageGeneratingFilter@1a7786da, org.springframework.security.web.authentication.www.BasicAuthenticationFilter@57ece0c7, org.springframework.security.web.savedrequest.RequestCacheAwareFilter@629245c7, org.springframework.security.web.servletapi.SecurityContextHolderAwareRequestFilter@17fe801c, org.springframework.security.web.authentication.AnonymousAuthenticationFilter@cfeabcd, org.springframework.security.web.session.SessionManagementFilter@3a6d6efa, org.springframework.security.web.access.ExceptionTranslationFilter@2421e315, org.springframework.security.web.access.intercept.FilterSecurityInterceptor@16428b6b]
2022-11-23 11:20:02,483 WARN [restartedMain] org.springframework.boot.autoconfigure.thymeleaf.ThymeleafAutoConfiguration$DefaultTemplateResolverConfiguration: Cannot find template location: classpath:/templates/ (please add some templates or check your Thymeleaf configuration)
2022-11-23 11:20:02,508 WARN [restartedMain] org.springframework.boot.web.servlet.context.AnnotationConfigServletWebServerApplicationContext: Exception encountered during context initialization - cancelling refresh attempt: org.springframework.beans.factory.BeanCreationException: Error creating bean with name 'springApplicationAdminRegistrar' defined in class path resource [org/springframework/boot/autoconfigure/admin/SpringApplicationAdminJmxAutoConfiguration.class]: Invocation of init method failed; nested exception is javax.management.InstanceAlreadyExistsException: org.springframework.boot:type=Admin,name=SpringApplication
2022-11-23 11:20:02,509 INFO [restartedMain] org.springframework.orm.jpa.LocalContainerEntityManagerFactoryBean: Closing JPA EntityManagerFactory for persistence unit 'default'
2022-11-23 11:20:02,514 INFO [restartedMain] com.zaxxer.hikari.HikariDataSource: HikariPool-9 - Shutdown initiated...
2022-11-23 11:20:02,599 INFO [restartedMain] com.zaxxer.hikari.HikariDataSource: HikariPool-9 - Shutdown completed.
2022-11-23 11:20:02,600 INFO [restartedMain] org.apache.catalina.core.StandardService: Stopping service [Tomcat]
2022-11-23 11:20:02,611 INFO [restartedMain] org.springframework.boot.autoconfigure.logging.ConditionEvaluationReportLoggingListener: 

Error starting ApplicationContext. To display the conditions report re-run your application with 'debug' enabled.
2022-11-23 11:20:02,617 ERROR [restartedMain] org.springframework.boot.SpringApplication: Application run failed
org.springframework.beans.factory.BeanCreationException: Error creating bean with name 'springApplicationAdminRegistrar' defined in class path resource [org/springframework/boot/autoconfigure/admin/SpringApplicationAdminJmxAutoConfiguration.class]: Invocation of init method failed; nested exception is javax.management.InstanceAlreadyExistsException: org.springframework.boot:type=Admin,name=SpringApplication
	at org.springframework.beans.factory.support.AbstractAutowireCapableBeanFactory.initializeBean(AbstractAutowireCapableBeanFactory.java:1804)
	at org.springframework.beans.factory.support.AbstractAutowireCapableBeanFactory.doCreateBean(AbstractAutowireCapableBeanFactory.java:620)
	at org.springframework.beans.factory.support.AbstractAutowireCapableBeanFactory.createBean(AbstractAutowireCapableBeanFactory.java:542)
	at org.springframework.beans.factory.support.AbstractBeanFactory.lambda$doGetBean$0(AbstractBeanFactory.java:335)
	at org.springframework.beans.factory.support.DefaultSingletonBeanRegistry.getSingleton(DefaultSingletonBeanRegistry.java:234)
	at org.springframework.beans.factory.support.AbstractBeanFactory.doGetBean(AbstractBeanFactory.java:333)
	at org.springframework.beans.factory.support.AbstractBeanFactory.getBean(AbstractBeanFactory.java:208)
	at org.springframework.beans.factory.support.DefaultListableBeanFactory.preInstantiateSingletons(DefaultListableBeanFactory.java:955)
	at org.springframework.context.support.AbstractApplicationContext.finishBeanFactoryInitialization(AbstractApplicationContext.java:918)
	at org.springframework.context.support.AbstractApplicationContext.refresh(AbstractApplicationContext.java:583)
	at org.springframework.boot.web.servlet.context.ServletWebServerApplicationContext.refresh(ServletWebServerApplicationContext.java:147)
	at org.springframework.boot.SpringApplication.refresh(SpringApplication.java:734)
	at org.springframework.boot.SpringApplication.refreshContext(SpringApplication.java:408)
	at org.springframework.boot.SpringApplication.run(SpringApplication.java:308)
	at org.springframework.boot.SpringApplication.run(SpringApplication.java:1306)
	at org.springframework.boot.SpringApplication.run(SpringApplication.java:1295)
	at com.exampleMainService.MainServiceApplication.main(MainServiceApplication.java:12)
	at java.base/jdk.internal.reflect.NativeMethodAccessorImpl.invoke0(Native Method)
	at java.base/jdk.internal.reflect.NativeMethodAccessorImpl.invoke(NativeMethodAccessorImpl.java:62)
	at java.base/jdk.internal.reflect.DelegatingMethodAccessorImpl.invoke(DelegatingMethodAccessorImpl.java:43)
	at java.base/java.lang.reflect.Method.invoke(Method.java:566)
	at org.springframework.boot.devtools.restart.RestartLauncher.run(RestartLauncher.java:49)
Caused by: javax.management.InstanceAlreadyExistsException: org.springframework.boot:type=Admin,name=SpringApplication
	at java.management/com.sun.jmx.mbeanserver.Repository.addMBean(Repository.java:436)
	at java.management/com.sun.jmx.interceptor.DefaultMBeanServerInterceptor.registerWithRepository(DefaultMBeanServerInterceptor.java:1855)
	at java.management/com.sun.jmx.interceptor.DefaultMBeanServerInterceptor.registerDynamicMBean(DefaultMBeanServerInterceptor.java:955)
	at java.management/com.sun.jmx.interceptor.DefaultMBeanServerInterceptor.registerObject(DefaultMBeanServerInterceptor.java:890)
	at java.management/com.sun.jmx.interceptor.DefaultMBeanServerInterceptor.registerMBean(DefaultMBeanServerInterceptor.java:320)
	at java.management/com.sun.jmx.mbeanserver.JmxMBeanServer.registerMBean(JmxMBeanServer.java:522)
	at org.springframework.boot.admin.SpringApplicationAdminMXBeanRegistrar.afterPropertiesSet(SpringApplicationAdminMXBeanRegistrar.java:129)
	at org.springframework.beans.factory.support.AbstractAutowireCapableBeanFactory.invokeInitMethods(AbstractAutowireCapableBeanFactory.java:1863)
	at org.springframework.beans.factory.support.AbstractAutowireCapableBeanFactory.initializeBean(AbstractAutowireCapableBeanFactory.java:1800)
	... 21 common frames omitted
2022-11-23 11:20:03,386 INFO [main] DepartmentClientTest: Starting DepartmentClientTest using Java 11.0.16 on Desktop-CDN-T480 with PID 14972 (started by T480 in D:\Tasks\MainService)
2022-11-23 11:20:03,388 INFO [main] DepartmentClientTest: No active profile set, falling back to 1 default profile: "default"
2022-11-23 11:20:03,594 INFO [background-preinit] org.hibernate.validator.internal.util.Version: HV000001: Hibernate Validator 6.2.3.Final
2022-11-23 11:20:05,426 INFO [main] org.springframework.data.repository.config.RepositoryConfigurationDelegate: Bootstrapping Spring Data JPA repositories in DEFAULT mode.
2022-11-23 11:20:05,591 INFO [main] org.springframework.data.repository.config.RepositoryConfigurationDelegate: Finished Spring Data repository scanning in 133 ms. Found 4 JPA repository interfaces.
2022-11-23 11:20:07,500 INFO [main] org.hibernate.jpa.internal.util.LogHelper: HHH000204: Processing PersistenceUnitInfo [name: default]
2022-11-23 11:20:07,747 INFO [main] org.hibernate.Version: HHH000412: Hibernate ORM core version 5.6.10.Final
2022-11-23 11:20:08,311 INFO [main] org.hibernate.annotations.common.Version: HCANN000001: Hibernate Commons Annotations {5.1.2.Final}
2022-11-23 11:20:09,673 INFO [main] com.zaxxer.hikari.HikariDataSource: HikariPool-1 - Starting...
2022-11-23 11:20:10,317 INFO [main] com.zaxxer.hikari.HikariDataSource: HikariPool-1 - Start completed.
2022-11-23 11:20:10,366 INFO [main] org.hibernate.dialect.Dialect: HHH000400: Using dialect: org.hibernate.dialect.MySQL8Dialect
2022-11-23 11:20:11,532 INFO [main] org.hibernate.engine.transaction.jta.platform.internal.JtaPlatformInitiator: HHH000490: Using JtaPlatform implementation: [org.hibernate.engine.transaction.jta.platform.internal.NoJtaPlatform]
2022-11-23 11:20:11,545 INFO [main] org.springframework.orm.jpa.LocalContainerEntityManagerFactoryBean: Initialized JPA EntityManagerFactory for persistence unit 'default'
2022-11-23 11:20:12,676 WARN [main] org.springframework.boot.autoconfigure.orm.jpa.JpaBaseConfiguration$JpaWebConfiguration: spring.jpa.open-in-view is enabled by default. Therefore, database queries may be performed during view rendering. Explicitly configure spring.jpa.open-in-view to disable this warning
2022-11-23 11:20:14,115 INFO [main] com.exampleMainService.configurations.SecurityConfiguration: Allowed Roles: ADMIN,USER,MANAGER,SALEPERSON,II,newrole,newrole,newrole
2022-11-23 11:20:15,080 INFO [main] org.springframework.security.web.DefaultSecurityFilterChain: Will secure any request with [org.springframework.security.web.session.DisableEncodeUrlFilter@4a9d6eb9, org.springframework.security.web.context.request.async.WebAsyncManagerIntegrationFilter@157a2c86, org.springframework.security.web.context.SecurityContextPersistenceFilter@4b20a8e4, org.springframework.security.web.header.HeaderWriterFilter@1a4564a2, org.springframework.web.filter.CorsFilter@5b9c74a, org.springframework.security.web.authentication.logout.LogoutFilter@e38d655, org.springframework.security.oauth2.client.web.OAuth2AuthorizationRequestRedirectFilter@18f1a81a, org.springframework.security.oauth2.client.web.OAuth2LoginAuthenticationFilter@7a4199e5, org.springframework.security.web.authentication.ui.DefaultLoginPageGeneratingFilter@1a598e30, org.springframework.security.web.authentication.ui.DefaultLogoutPageGeneratingFilter@5b395ee, org.springframework.security.web.authentication.www.BasicAuthenticationFilter@7d018c58, org.springframework.security.web.savedrequest.RequestCacheAwareFilter@7c7a4986, org.springframework.security.web.servletapi.SecurityContextHolderAwareRequestFilter@17b9c9ff, org.springframework.security.web.authentication.AnonymousAuthenticationFilter@24facb47, org.springframework.security.web.session.SessionManagementFilter@58922a00, org.springframework.security.web.access.ExceptionTranslationFilter@5f93ec02, org.springframework.security.web.access.intercept.FilterSecurityInterceptor@6a1b4854]
2022-11-23 11:20:15,716 WARN [main] org.springframework.boot.autoconfigure.thymeleaf.ThymeleafAutoConfiguration$DefaultTemplateResolverConfiguration: Cannot find template location: classpath:/templates/ (please add some templates or check your Thymeleaf configuration)
2022-11-23 11:20:16,310 INFO [main] DepartmentClientTest: Started DepartmentClientTest in 14.32 seconds (JVM running for 18.338)
2022-11-23 11:20:16,784 INFO [main] com.exampleMainService.clients.DepartmentClient: {"id":"0", "timestamp":"1669184416616", "username":"admin", "requestURL":"http://localhost:8081/department/save", "responseCode":"200", "message":"Department saved.", "status":"Success", "meta":{"id":0,"name":"newDep"}}
2022-11-23 11:20:16,860 INFO [main] DepartmentClientTest: Logging Response: {"id":179,"name":"newDep"}
2022-11-23 11:20:17,039 INFO [SpringApplicationShutdownHook] org.springframework.orm.jpa.LocalContainerEntityManagerFactoryBean: Closing JPA EntityManagerFactory for persistence unit 'default'
2022-11-23 11:20:17,044 INFO [SpringApplicationShutdownHook] com.zaxxer.hikari.HikariDataSource: HikariPool-1 - Shutdown initiated...
2022-11-23 11:20:17,076 INFO [SpringApplicationShutdownHook] com.zaxxer.hikari.HikariDataSource: HikariPool-1 - Shutdown completed.
2022-11-23 11:21:35,735 INFO [restartedMain] com.exampleMainService.MainServiceApplication: Starting MainServiceApplication using Java 11.0.16 on Desktop-CDN-T480 with PID 1584 (D:\Tasks\MainService\target\classes started by T480 in D:\Tasks\MainService)
2022-11-23 11:21:35,735 INFO [restartedMain] com.exampleMainService.MainServiceApplication: No active profile set, falling back to 1 default profile: "default"
2022-11-23 11:21:36,048 INFO [restartedMain] org.springframework.data.repository.config.RepositoryConfigurationDelegate: Bootstrapping Spring Data JPA repositories in DEFAULT mode.
2022-11-23 11:21:36,066 INFO [restartedMain] org.springframework.data.repository.config.RepositoryConfigurationDelegate: Finished Spring Data repository scanning in 19 ms. Found 4 JPA repository interfaces.
2022-11-23 11:21:36,208 INFO [restartedMain] org.springframework.boot.web.embedded.tomcat.TomcatWebServer: Tomcat initialized with port(s): 8080 (http)
2022-11-23 11:21:36,209 INFO [restartedMain] org.apache.coyote.http11.Http11NioProtocol: Initializing ProtocolHandler ["http-nio-8080"]
2022-11-23 11:21:36,209 INFO [restartedMain] org.apache.catalina.core.StandardService: Starting service [Tomcat]
2022-11-23 11:21:36,209 INFO [restartedMain] org.apache.catalina.core.StandardEngine: Starting Servlet engine: [Apache Tomcat/9.0.65]
2022-11-23 11:21:36,256 INFO [restartedMain] org.springframework.boot.web.servlet.context.ServletWebServerApplicationContext: Root WebApplicationContext: initialization completed in 519 ms
2022-11-23 11:21:36,322 INFO [restartedMain] org.hibernate.jpa.internal.util.LogHelper: HHH000204: Processing PersistenceUnitInfo [name: default]
2022-11-23 11:21:36,336 INFO [restartedMain] com.zaxxer.hikari.HikariDataSource: HikariPool-10 - Starting...
2022-11-23 11:21:36,360 INFO [restartedMain] com.zaxxer.hikari.HikariDataSource: HikariPool-10 - Start completed.
2022-11-23 11:21:36,360 INFO [restartedMain] org.hibernate.dialect.Dialect: HHH000400: Using dialect: org.hibernate.dialect.MySQL8Dialect
2022-11-23 11:21:36,433 INFO [restartedMain] org.hibernate.engine.transaction.jta.platform.internal.JtaPlatformInitiator: HHH000490: Using JtaPlatform implementation: [org.hibernate.engine.transaction.jta.platform.internal.NoJtaPlatform]
2022-11-23 11:21:36,433 INFO [restartedMain] org.springframework.orm.jpa.LocalContainerEntityManagerFactoryBean: Initialized JPA EntityManagerFactory for persistence unit 'default'
