2022-11-21 11:35:49,734 INFO [restartedMain] com.exampleMainService.MainServiceApplication: Starting MainServiceApplication using Java 11.0.16 on Desktop-CDN-T480 with PID 4068 (D:\Tasks\MainService\target\classes started by T480 in D:\Tasks\MainService)
2022-11-21 11:35:49,738 INFO [restartedMain] com.exampleMainService.MainServiceApplication: No active profile set, falling back to 1 default profile: "default"
2022-11-21 11:35:49,778 INFO [restartedMain] org.springframework.boot.devtools.env.DevToolsPropertyDefaultsPostProcessor: Devtools property defaults active! Set 'spring.devtools.add-properties' to 'false' to disable
2022-11-21 11:35:49,778 INFO [restartedMain] org.springframework.boot.devtools.env.DevToolsPropertyDefaultsPostProcessor: For additional web related logging consider setting the 'logging.level.web' property to 'DEBUG'
2022-11-21 11:35:50,451 INFO [restartedMain] org.springframework.data.repository.config.RepositoryConfigurationDelegate: Bootstrapping Spring Data JPA repositories in DEFAULT mode.
2022-11-21 11:35:50,505 INFO [restartedMain] org.springframework.data.repository.config.RepositoryConfigurationDelegate: Finished Spring Data repository scanning in 48 ms. Found 4 JPA repository interfaces.
2022-11-21 11:35:51,162 INFO [restartedMain] org.springframework.boot.web.embedded.tomcat.TomcatWebServer: Tomcat initialized with port(s): 8080 (http)
2022-11-21 11:35:51,168 INFO [restartedMain] org.apache.coyote.http11.Http11NioProtocol: Initializing ProtocolHandler ["http-nio-8080"]
2022-11-21 11:35:51,169 INFO [restartedMain] org.apache.catalina.core.StandardService: Starting service [Tomcat]
2022-11-21 11:35:51,169 INFO [restartedMain] org.apache.catalina.core.StandardEngine: Starting Servlet engine: [Apache Tomcat/9.0.65]
2022-11-21 11:35:51,256 INFO [restartedMain] org.apache.catalina.core.ContainerBase.[Tomcat].[localhost].[/]: Initializing Spring embedded WebApplicationContext
2022-11-21 11:35:51,256 INFO [restartedMain] org.springframework.boot.web.servlet.context.ServletWebServerApplicationContext: Root WebApplicationContext: initialization completed in 1477 ms
2022-11-21 11:35:51,461 INFO [restartedMain] org.hibernate.jpa.internal.util.LogHelper: HHH000204: Processing PersistenceUnitInfo [name: default]
2022-11-21 11:35:51,498 INFO [restartedMain] org.hibernate.Version: HHH000412: Hibernate ORM core version 5.6.10.Final
2022-11-21 11:35:51,680 INFO [restartedMain] org.hibernate.annotations.common.Version: HCANN000001: Hibernate Commons Annotations {5.1.2.Final}
2022-11-21 11:35:51,757 INFO [restartedMain] com.zaxxer.hikari.HikariDataSource: HikariPool-1 - Starting...
2022-11-21 11:35:52,054 INFO [restartedMain] com.zaxxer.hikari.HikariDataSource: HikariPool-1 - Start completed.
2022-11-21 11:35:52,069 INFO [restartedMain] org.hibernate.dialect.Dialect: HHH000400: Using dialect: org.hibernate.dialect.MySQL8Dialect
2022-11-21 11:35:52,659 INFO [restartedMain] org.hibernate.engine.transaction.jta.platform.internal.JtaPlatformInitiator: HHH000490: Using JtaPlatform implementation: [org.hibernate.engine.transaction.jta.platform.internal.NoJtaPlatform]
2022-11-21 11:35:52,667 INFO [restartedMain] org.springframework.orm.jpa.LocalContainerEntityManagerFactoryBean: Initialized JPA EntityManagerFactory for persistence unit 'default'
2022-11-21 11:35:53,050 WARN [restartedMain] org.springframework.boot.autoconfigure.orm.jpa.JpaBaseConfiguration$JpaWebConfiguration: spring.jpa.open-in-view is enabled by default. Therefore, database queries may be performed during view rendering. Explicitly configure spring.jpa.open-in-view to disable this warning
2022-11-21 11:35:53,432 INFO [restartedMain] configurations.com.exampleMainService.SecurityConfiguration: Allowed Roles: ADMIN,USER,MANAGER,SALEPERSON,II,newrole
2022-11-21 11:35:53,728 INFO [restartedMain] org.springframework.security.web.DefaultSecurityFilterChain: Will secure any request with [org.springframework.security.web.session.DisableEncodeUrlFilter@63dc21a5, org.springframework.security.web.context.request.async.WebAsyncManagerIntegrationFilter@ee81141, org.springframework.security.web.context.SecurityContextPersistenceFilter@127b5fee, org.springframework.security.web.header.HeaderWriterFilter@761f8b29, org.springframework.web.filter.CorsFilter@57e8cd6f, org.springframework.security.web.authentication.logout.LogoutFilter@5c8e6d2a, org.springframework.security.oauth2.client.web.OAuth2AuthorizationRequestRedirectFilter@12f172d8, org.springframework.security.oauth2.client.web.OAuth2LoginAuthenticationFilter@6b6a5bc4, org.springframework.security.web.authentication.ui.DefaultLoginPageGeneratingFilter@2bfeb27d, org.springframework.security.web.authentication.ui.DefaultLogoutPageGeneratingFilter@59ce6b4a, org.springframework.security.web.authentication.www.BasicAuthenticationFilter@43f3f79c, org.springframework.security.web.savedrequest.RequestCacheAwareFilter@27757252, org.springframework.security.web.servletapi.SecurityContextHolderAwareRequestFilter@1b03663f, org.springframework.security.web.authentication.AnonymousAuthenticationFilter@5b9da8df, org.springframework.security.web.session.SessionManagementFilter@45f51783, org.springframework.security.web.access.ExceptionTranslationFilter@585325d0, org.springframework.security.web.access.intercept.FilterSecurityInterceptor@7d709c66]
2022-11-21 11:35:53,837 WARN [restartedMain] org.springframework.boot.autoconfigure.thymeleaf.ThymeleafAutoConfiguration$DefaultTemplateResolverConfiguration: Cannot find template location: classpath:/templates/ (please add some templates or check your Thymeleaf configuration)
2022-11-21 11:35:54,130 WARN [restartedMain] org.springframework.boot.devtools.autoconfigure.OptionalLiveReloadServer: Unable to start LiveReload server
2022-11-21 11:35:54,149 INFO [restartedMain] org.apache.coyote.http11.Http11NioProtocol: Starting ProtocolHandler ["http-nio-8080"]
2022-11-21 11:35:54,169 INFO [restartedMain] org.springframework.boot.web.embedded.tomcat.TomcatWebServer: Tomcat started on port(s): 8080 (http) with context path ''
2022-11-21 11:35:54,180 INFO [restartedMain] com.exampleMainService.MainServiceApplication: Started MainServiceApplication in 4.832 seconds (JVM running for 11.157)
2022-11-21 11:47:28,597 INFO [http-nio-8080-exec-1] org.apache.catalina.core.ContainerBase.[Tomcat].[localhost].[/]: Initializing Spring DispatcherServlet 'dispatcherServlet'
2022-11-21 11:47:28,600 INFO [http-nio-8080-exec-1] org.springframework.web.servlet.DispatcherServlet: Initializing Servlet 'dispatcherServlet'
2022-11-21 11:47:28,603 INFO [http-nio-8080-exec-1] org.springframework.web.servlet.DispatcherServlet: Completed initialization in 3 ms
2022-11-21 11:47:28,621 DEBUG [http-nio-8080-exec-1] org.springframework.security.web.FilterChainProxy: Securing GET /assets/vendors/css/vendor.bundle.base.css
2022-11-21 11:47:29,263 WARN [http-nio-8080-exec-1] org.apache.catalina.util.SessionIdGeneratorBase: Creation of SecureRandom instance for session ID generation using [SHA1PRNG] took [576] milliseconds.
2022-11-21 11:47:29,271 DEBUG [http-nio-8080-exec-1] org.springframework.security.web.FilterChainProxy: Securing GET /error
2022-11-21 11:47:29,271 DEBUG [http-nio-8080-exec-1] org.springframework.security.web.FilterChainProxy: Secured GET /error
2022-11-21 11:47:32,048 DEBUG [http-nio-8080-exec-2] org.springframework.security.web.FilterChainProxy: Securing GET /assets/vendors/css/vendor.bundle.base.css
2022-11-21 11:47:32,290 DEBUG [http-nio-8080-exec-2] org.springframework.security.web.FilterChainProxy: Secured GET /assets/vendors/css/vendor.bundle.base.css
2022-11-21 11:47:32,291 INFO [http-nio-8080-exec-2] filters.com.exampleMainService.PermissionFilter: Inside doFilter method.
2022-11-21 11:47:32,291 INFO [http-nio-8080-exec-2] filters.com.exampleMainService.PermissionFilter: Request method: GET
2022-11-21 11:47:32,292 INFO [http-nio-8080-exec-2] filters.com.exampleMainService.PermissionFilter: ROLE_ADMIN
2022-11-21 11:47:32,308 DEBUG [http-nio-8080-exec-2] org.springframework.security.web.FilterChainProxy: Securing GET /error
2022-11-21 11:47:32,309 DEBUG [http-nio-8080-exec-2] org.springframework.security.web.FilterChainProxy: Secured GET /error
2022-11-21 12:13:04,169 DEBUG [http-nio-8080-exec-3] org.springframework.security.web.FilterChainProxy: Securing OPTIONS /user/getUsers
2022-11-21 12:13:04,183 DEBUG [http-nio-8080-exec-4] org.springframework.security.web.FilterChainProxy: Securing GET /user/getUsers
2022-11-21 12:13:04,293 DEBUG [http-nio-8080-exec-4] org.springframework.security.web.FilterChainProxy: Secured GET /user/getUsers
2022-11-21 12:13:04,294 INFO [http-nio-8080-exec-4] filters.com.exampleMainService.PermissionFilter: Inside doFilter method.
2022-11-21 12:13:04,294 INFO [http-nio-8080-exec-4] filters.com.exampleMainService.PermissionFilter: Request method: GET
2022-11-21 12:13:04,294 INFO [http-nio-8080-exec-4] filters.com.exampleMainService.PermissionFilter: ROLE_ADMIN
2022-11-21 12:13:04,325 INFO [http-nio-8080-exec-4] controllers.com.exampleMainService.RoleController: [{'username':'2990099201282627', 'password':'$2a$10$9ytVIndPjSxYx/jf02nCh.V/dKHGiP0tpBQXriShiaEw906..RQoG', 'isEnabled':true, 'email':'no@gmail.com'}, {'username':'adil', 'password':'$2a$10$yf0oAAsJyQV8sUckmEj/FuYjA1KKqVxCHh2K2WfNKXkRGJSxr2D.2', 'isEnabled':true, 'email':'adil@h.com'}, {'username':'admin', 'password':'$2a$10$INYm8.ojdneZCPptupXHsunjde/2JbGR486L3qB2SPlQjS5r0Vsya', 'isEnabled':true, 'email':'null'}, {'username':'ammar', 'password':'$2a$10$xohRCSHQhx40DK8Or3QtKOS5DrjRGxEMmnolejOXbelD5SwMBTSFm', 'isEnabled':true, 'email':'ammar@gmail.com'}, {'username':'aneeskausar96@gmail.com', 'password':'$2a$10$2BKVdW7P0B0F6o/wEVmg7udVNjlHFO7Ltt.kiVXmWrdDNnIckgKHy', 'isEnabled':true, 'email':'aneeskausar96@gmail.com'}, {'username':'manager', 'password':'$2a$10$Y8/PggTOgkx/4yfOLpETDez4vDwCFF2evq34lxkFb9GvQAl9P4qeO', 'isEnabled':true, 'email':'manager@gmail.com'}, {'username':'muhammadmunir', 'password':'$2a$10$JtlPxCz9N9XQxZqHHic8He2OVlN36CgYfkjFfiG4hTyQN1OTXgCkG', 'isEnabled':true, 'email':'muhammadmunir646464@gmail.com'}, {'username':'muhammadmunir646464@gmail.com', 'password':'$2a$10$Ph.OdasnSJoySQyZcL3Xj.iUJnUz576jCr2Jr1BndtZIP8N2ZhIVG', 'isEnabled':true, 'email':'muhammadmunir646464@gmail.com'}, {'username':'munirsaad538@gmail.com', 'password':'$2a$10$7doE6rvLJBxiO/zpwu9fxeNOuBkKWxryru2RwfDRzfC7.EEtBn3Te', 'isEnabled':true, 'email':'munirsaad538@gmail.com'}, {'username':'new', 'password':'$2a$10$OcMFMZCfVXmSzX5z5N1rM.rxIJlZIDo3NmEwjyMwJA8pA2vsKyH7W', 'isEnabled':true, 'email':'new@gmail.com'}, {'username':'saadmunirmunir86@gmail.com', 'password':'$2a$10$o1itWC0IDXKCw4lmG9NlFuMUUIiRhP0AfGB3sOZgynyx3f8a0E/62', 'isEnabled':true, 'email':'saadmunirmunir86@gmail.com'}, {'username':'user', 'password':'$2a$10$sx.Yyv.gR9gRWFUR2kc1cOA2haZQOBH905co6NXC4BUUpcD1zjyei', 'isEnabled':true, 'email':'user@gmail.com'}]
2022-11-21 12:13:04,352 DEBUG [http-nio-8080-exec-5] org.springframework.security.web.FilterChainProxy: Securing OPTIONS /user/authority?username=%2FmWl64WVJ6FmFdQoOYOApg%3D%3D
2022-11-21 12:13:04,356 DEBUG [http-nio-8080-exec-6] org.springframework.security.web.FilterChainProxy: Securing OPTIONS /user/validate?encodedPassword=A76QuFfGf%2Bfb2iwlp8rJ%2BHiPNNKzpY7SuVOgKndKoy1dT0vsPNxyZ3M7DIIiBuLaBB0lN40Sedz7twUzsuZ4iQ%3D%3D&password=O4JIgWmSKo2gW78maUoLhg%3D%3D
2022-11-21 12:13:04,360 DEBUG [http-nio-8080-exec-7] org.springframework.security.web.FilterChainProxy: Securing GET /user/authority?username=%2FmWl64WVJ6FmFdQoOYOApg%3D%3D
2022-11-21 12:13:04,363 DEBUG [http-nio-8080-exec-8] org.springframework.security.web.FilterChainProxy: Securing GET /user/validate?encodedPassword=A76QuFfGf%2Bfb2iwlp8rJ%2BHiPNNKzpY7SuVOgKndKoy1dT0vsPNxyZ3M7DIIiBuLaBB0lN40Sedz7twUzsuZ4iQ%3D%3D&password=O4JIgWmSKo2gW78maUoLhg%3D%3D
2022-11-21 12:13:04,499 DEBUG [http-nio-8080-exec-7] org.springframework.security.web.FilterChainProxy: Secured GET /user/authority?username=%2FmWl64WVJ6FmFdQoOYOApg%3D%3D
2022-11-21 12:13:04,499 INFO [http-nio-8080-exec-7] filters.com.exampleMainService.PermissionFilter: Inside doFilter method.
2022-11-21 12:13:04,499 INFO [http-nio-8080-exec-7] filters.com.exampleMainService.PermissionFilter: Request method: GET
