2022-11-21 16:44:55,972 INFO [http-nio-8080-exec-1] filters.com.exampleMainService.PermissionFilter: Inside doFilter method.
2022-11-21 16:44:55,973 INFO [http-nio-8080-exec-1] filters.com.exampleMainService.PermissionFilter: Request method: GET
2022-11-21 16:44:55,973 INFO [http-nio-8080-exec-1] filters.com.exampleMainService.PermissionFilter: ROLE_ADMIN
2022-11-21 16:45:40,927 DEBUG [http-nio-8080-exec-6] org.springframework.security.web.FilterChainProxy: Securing GET /department/get
2022-11-21 16:45:40,943 DEBUG [http-nio-8080-exec-10] org.springframework.security.web.FilterChainProxy: Securing GET /role/roles
2022-11-21 16:45:40,948 DEBUG [http-nio-8080-exec-4] org.springframework.security.web.FilterChainProxy: Securing GET /department/get
2022-11-21 16:45:40,987 DEBUG [http-nio-8080-exec-3] org.springframework.security.web.FilterChainProxy: Securing OPTIONS /login
2022-11-21 16:45:40,989 DEBUG [http-nio-8080-exec-8] org.springframework.security.web.FilterChainProxy: Securing OPTIONS /login
2022-11-21 16:45:41,067 DEBUG [http-nio-8080-exec-10] org.springframework.security.web.FilterChainProxy: Secured GET /role/roles
2022-11-21 16:45:41,068 INFO [http-nio-8080-exec-10] filters.com.exampleMainService.PermissionFilter: Inside doFilter method.
2022-11-21 16:45:41,068 INFO [http-nio-8080-exec-10] filters.com.exampleMainService.PermissionFilter: Request method: GET
2022-11-21 16:45:41,068 INFO [http-nio-8080-exec-10] filters.com.exampleMainService.PermissionFilter: ROLE_ADMIN
2022-11-21 16:45:42,204 DEBUG [http-nio-8080-exec-7] org.springframework.security.web.FilterChainProxy: Securing GET /assets/vendors/css/vendor.bundle.base.css
2022-11-21 16:45:42,205 DEBUG [http-nio-8080-exec-7] org.springframework.security.web.FilterChainProxy: Secured GET /assets/vendors/css/vendor.bundle.base.css
2022-11-21 16:45:42,205 INFO [http-nio-8080-exec-7] filters.com.exampleMainService.PermissionFilter: Inside doFilter method.
2022-11-21 16:45:42,205 INFO [http-nio-8080-exec-7] filters.com.exampleMainService.PermissionFilter: Request method: GET
2022-11-21 16:45:42,205 INFO [http-nio-8080-exec-7] filters.com.exampleMainService.PermissionFilter: ROLE_ADMIN
2022-11-21 16:45:42,211 DEBUG [http-nio-8080-exec-7] org.springframework.security.web.FilterChainProxy: Securing GET /error
2022-11-21 16:45:42,212 DEBUG [http-nio-8080-exec-7] org.springframework.security.web.FilterChainProxy: Secured GET /error
2022-11-21 16:45:42,531 DEBUG [http-nio-8080-exec-5] org.springframework.security.web.FilterChainProxy: Securing GET /assets/vendors/css/vendor.bundle.base.css
2022-11-21 16:45:42,532 DEBUG [http-nio-8080-exec-5] org.springframework.security.web.FilterChainProxy: Secured GET /assets/vendors/css/vendor.bundle.base.css
2022-11-21 16:45:42,532 INFO [http-nio-8080-exec-5] filters.com.exampleMainService.PermissionFilter: Inside doFilter method.
2022-11-21 16:45:42,532 INFO [http-nio-8080-exec-5] filters.com.exampleMainService.PermissionFilter: Request method: GET
2022-11-21 16:45:42,532 INFO [http-nio-8080-exec-5] filters.com.exampleMainService.PermissionFilter: ROLE_ADMIN
2022-11-21 16:45:42,537 DEBUG [http-nio-8080-exec-5] org.springframework.security.web.FilterChainProxy: Securing GET /error
2022-11-21 16:45:42,537 DEBUG [http-nio-8080-exec-5] org.springframework.security.web.FilterChainProxy: Secured GET /error
2022-11-21 16:45:43,067 DEBUG [http-nio-8080-exec-9] org.springframework.security.web.FilterChainProxy: Securing GET /department/get
2022-11-21 16:45:43,092 DEBUG [http-nio-8080-exec-2] org.springframework.security.web.FilterChainProxy: Securing GET /role/roles
2022-11-21 16:45:43,096 DEBUG [http-nio-8080-exec-1] org.springframework.security.web.FilterChainProxy: Securing GET /department/get
2022-11-21 16:45:43,167 DEBUG [http-nio-8080-exec-6] org.springframework.security.web.FilterChainProxy: Securing OPTIONS /login
2022-11-21 16:45:43,167 DEBUG [http-nio-8080-exec-4] org.springframework.security.web.FilterChainProxy: Securing OPTIONS /login
2022-11-21 16:45:43,219 DEBUG [http-nio-8080-exec-2] org.springframework.security.web.FilterChainProxy: Secured GET /role/roles
2022-11-21 16:45:43,219 INFO [http-nio-8080-exec-2] filters.com.exampleMainService.PermissionFilter: Inside doFilter method.
2022-11-21 16:45:43,219 INFO [http-nio-8080-exec-2] filters.com.exampleMainService.PermissionFilter: Request method: GET
2022-11-21 16:45:43,219 INFO [http-nio-8080-exec-2] filters.com.exampleMainService.PermissionFilter: ROLE_ADMIN
2022-11-21 16:46:10,228 DEBUG [http-nio-8080-exec-3] org.springframework.security.web.FilterChainProxy: Securing GET /department/get
2022-11-21 16:46:10,246 DEBUG [http-nio-8080-exec-8] org.springframework.security.web.FilterChainProxy: Securing GET /role/roles
2022-11-21 16:46:10,250 DEBUG [http-nio-8080-exec-10] org.springframework.security.web.FilterChainProxy: Securing GET /department/get
2022-11-21 16:46:10,300 DEBUG [http-nio-8080-exec-7] org.springframework.security.web.FilterChainProxy: Securing OPTIONS /login
2022-11-21 16:46:10,307 DEBUG [http-nio-8080-exec-5] org.springframework.security.web.FilterChainProxy: Securing OPTIONS /login
2022-11-21 16:46:10,328 DEBUG [http-nio-8080-exec-9] org.springframework.security.web.FilterChainProxy: Securing GET /department/get
2022-11-21 16:46:10,347 DEBUG [http-nio-8080-exec-1] org.springframework.security.web.FilterChainProxy: Securing GET /department/get
2022-11-21 16:46:10,363 DEBUG [http-nio-8080-exec-4] org.springframework.security.web.FilterChainProxy: Securing OPTIONS /login
2022-11-21 16:46:10,363 DEBUG [http-nio-8080-exec-6] org.springframework.security.web.FilterChainProxy: Securing OPTIONS /login
2022-11-21 16:46:10,391 DEBUG [http-nio-8080-exec-2] org.springframework.security.web.FilterChainProxy: Securing GET /department/get
2022-11-21 16:46:10,392 DEBUG [http-nio-8080-exec-8] org.springframework.security.web.FilterChainProxy: Secured GET /role/roles
2022-11-21 16:46:10,392 INFO [http-nio-8080-exec-8] filters.com.exampleMainService.PermissionFilter: Inside doFilter method.
2022-11-21 16:46:10,392 INFO [http-nio-8080-exec-8] filters.com.exampleMainService.PermissionFilter: Request method: GET
2022-11-21 16:46:10,392 INFO [http-nio-8080-exec-8] filters.com.exampleMainService.PermissionFilter: ROLE_ADMIN
2022-11-21 16:46:10,400 DEBUG [http-nio-8080-exec-3] org.springframework.security.web.FilterChainProxy: Securing GET /role/roles
2022-11-21 16:46:10,409 DEBUG [http-nio-8080-exec-10] org.springframework.security.web.FilterChainProxy: Securing GET /department/get
2022-11-21 16:46:10,426 DEBUG [http-nio-8080-exec-7] org.springframework.security.web.FilterChainProxy: Securing OPTIONS /login
2022-11-21 16:46:10,430 DEBUG [http-nio-8080-exec-5] org.springframework.security.web.FilterChainProxy: Securing OPTIONS /login
2022-11-21 16:46:10,534 DEBUG [http-nio-8080-exec-3] org.springframework.security.web.FilterChainProxy: Secured GET /role/roles
2022-11-21 16:46:10,535 INFO [http-nio-8080-exec-3] filters.com.exampleMainService.PermissionFilter: Inside doFilter method.
2022-11-21 16:46:10,535 INFO [http-nio-8080-exec-3] filters.com.exampleMainService.PermissionFilter: Request method: GET
2022-11-21 16:46:10,535 INFO [http-nio-8080-exec-3] filters.com.exampleMainService.PermissionFilter: ROLE_ADMIN
2022-11-21 16:46:10,548 DEBUG [http-nio-8080-exec-9] org.springframework.security.web.FilterChainProxy: Securing GET /role/roles
2022-11-21 16:46:10,675 DEBUG [http-nio-8080-exec-9] org.springframework.security.web.FilterChainProxy: Secured GET /role/roles
2022-11-21 16:46:10,676 INFO [http-nio-8080-exec-9] filters.com.exampleMainService.PermissionFilter: Inside doFilter method.
2022-11-21 16:46:10,676 INFO [http-nio-8080-exec-9] filters.com.exampleMainService.PermissionFilter: Request method: GET
2022-11-21 16:46:10,676 INFO [http-nio-8080-exec-9] filters.com.exampleMainService.PermissionFilter: ROLE_ADMIN
2022-11-21 16:46:11,383 DEBUG [http-nio-8080-exec-1] org.springframework.security.web.FilterChainProxy: Securing GET /assets/vendors/css/vendor.bundle.base.css
2022-11-21 16:46:11,385 DEBUG [http-nio-8080-exec-1] org.springframework.security.web.FilterChainProxy: Secured GET /assets/vendors/css/vendor.bundle.base.css
2022-11-21 16:46:11,385 INFO [http-nio-8080-exec-1] filters.com.exampleMainService.PermissionFilter: Inside doFilter method.
2022-11-21 16:46:11,385 INFO [http-nio-8080-exec-1] filters.com.exampleMainService.PermissionFilter: Request method: GET
2022-11-21 16:46:11,386 INFO [http-nio-8080-exec-1] filters.com.exampleMainService.PermissionFilter: ROLE_ADMIN
2022-11-21 16:46:11,393 DEBUG [http-nio-8080-exec-1] org.springframework.security.web.FilterChainProxy: Securing GET /error
2022-11-21 16:46:11,394 DEBUG [http-nio-8080-exec-1] org.springframework.security.web.FilterChainProxy: Secured GET /error
2022-11-21 16:46:11,694 DEBUG [http-nio-8080-exec-4] org.springframework.security.web.FilterChainProxy: Securing GET /assets/vendors/css/vendor.bundle.base.css
2022-11-21 16:46:11,695 DEBUG [http-nio-8080-exec-4] org.springframework.security.web.FilterChainProxy: Secured GET /assets/vendors/css/vendor.bundle.base.css
2022-11-21 16:46:11,695 INFO [http-nio-8080-exec-4] filters.com.exampleMainService.PermissionFilter: Inside doFilter method.
2022-11-21 16:46:11,695 INFO [http-nio-8080-exec-4] filters.com.exampleMainService.PermissionFilter: Request method: GET
2022-11-21 16:46:11,695 INFO [http-nio-8080-exec-4] filters.com.exampleMainService.PermissionFilter: ROLE_ADMIN
2022-11-21 16:46:11,701 DEBUG [http-nio-8080-exec-4] org.springframework.security.web.FilterChainProxy: Securing GET /error
2022-11-21 16:46:11,702 DEBUG [http-nio-8080-exec-4] org.springframework.security.web.FilterChainProxy: Secured GET /error
2022-11-21 16:46:12,204 DEBUG [http-nio-8080-exec-6] org.springframework.security.web.FilterChainProxy: Securing GET /department/get
2022-11-21 16:46:12,226 DEBUG [http-nio-8080-exec-2] org.springframework.security.web.FilterChainProxy: Securing GET /role/roles
2022-11-21 16:46:12,229 DEBUG [http-nio-8080-exec-8] org.springframework.security.web.FilterChainProxy: Securing GET /department/get
2022-11-21 16:46:12,291 DEBUG [http-nio-8080-exec-10] org.springframework.security.web.FilterChainProxy: Securing OPTIONS /login
