2022-12-22 16:03:15,057 DEBUG [http-nio-8082-exec-5] org.springframework.security.web.FilterChainProxy: Securing POST /authenticator/validateOtp?username=saadmunirmunir86%40gmail.com&otp=550105
2022-12-22 16:03:15,147 DEBUG [http-nio-8082-exec-5] org.springframework.security.web.FilterChainProxy: Secured POST /authenticator/validateOtp?username=saadmunirmunir86%40gmail.com&otp=550105
2022-12-22 16:03:15,147 INFO [http-nio-8082-exec-5] com.exampleMainService.filters.PermissionFilter: Inside doFilter method.
2022-12-22 16:03:15,148 INFO [http-nio-8082-exec-5] com.exampleMainService.filters.PermissionFilter: Request method: POST
2022-12-22 16:03:15,148 INFO [http-nio-8082-exec-5] com.exampleMainService.filters.PermissionFilter: ROLE_USER
2022-12-22 16:03:15,199 INFO [http-nio-8082-exec-5] com.exampleMainService.controllers.AuthenticatorController: Trying to validate the OTP: 550105 against the username: saadmunirmunir86@gmail.com
2022-12-22 16:03:35,046 DEBUG [http-nio-8082-exec-3] org.springframework.security.web.FilterChainProxy: Securing OPTIONS /authenticator/validateOtp?username=saadmunirmunir86%40gmail.com&otp=109452
2022-12-22 16:03:35,051 DEBUG [http-nio-8082-exec-4] org.springframework.security.web.FilterChainProxy: Securing POST /authenticator/validateOtp?username=saadmunirmunir86%40gmail.com&otp=109452
2022-12-22 16:03:35,140 DEBUG [http-nio-8082-exec-4] org.springframework.security.web.FilterChainProxy: Secured POST /authenticator/validateOtp?username=saadmunirmunir86%40gmail.com&otp=109452
2022-12-22 16:03:35,140 INFO [http-nio-8082-exec-4] com.exampleMainService.filters.PermissionFilter: Inside doFilter method.
2022-12-22 16:03:35,140 INFO [http-nio-8082-exec-4] com.exampleMainService.filters.PermissionFilter: Request method: POST
2022-12-22 16:03:35,140 INFO [http-nio-8082-exec-4] com.exampleMainService.filters.PermissionFilter: ROLE_USER
2022-12-22 16:03:35,145 INFO [http-nio-8082-exec-4] com.exampleMainService.controllers.AuthenticatorController: Trying to validate the OTP: 109452 against the username: saadmunirmunir86@gmail.com
2022-12-22 16:03:35,155 DEBUG [http-nio-8082-exec-6] org.springframework.security.web.FilterChainProxy: Securing OPTIONS /user/security?username=saadmunirmunir86%40gmail.com&isEnable=true
2022-12-22 16:03:35,159 DEBUG [http-nio-8082-exec-8] org.springframework.security.web.FilterChainProxy: Securing POST /user/security?username=saadmunirmunir86%40gmail.com&isEnable=true
2022-12-22 16:03:35,248 DEBUG [http-nio-8082-exec-8] org.springframework.security.web.FilterChainProxy: Secured POST /user/security?username=saadmunirmunir86%40gmail.com&isEnable=true
2022-12-22 16:03:35,249 INFO [http-nio-8082-exec-8] com.exampleMainService.filters.PermissionFilter: Inside doFilter method.
2022-12-22 16:03:35,249 INFO [http-nio-8082-exec-8] com.exampleMainService.filters.PermissionFilter: Request method: POST
2022-12-22 16:03:35,249 INFO [http-nio-8082-exec-8] com.exampleMainService.filters.PermissionFilter: ROLE_USER
2022-12-22 16:03:35,253 INFO [http-nio-8082-exec-8] com.exampleMainService.controllers.AuthenticatorController: Trying to update the user's 2-factor with username: saadmunirmunir86@gmail.com
2022-12-22 16:03:48,635 DEBUG [http-nio-8082-exec-9] org.springframework.security.web.FilterChainProxy: Securing OPTIONS /user/save?username=dCPtg3RgmRyv29GHImDNDGmIrwA8zD1N6LQ19W5Ku%2FU%3D&enabled=VLJC3Sc3lp3ZvoQYpRWpjw%3D%3D&password=dCPtg3RgmRyv29GHImDNDGmIrwA8zD1N6LQ19W5Ku%2FU%3D&authority=%2BOp08E6JK%2F%2F34pPHnWYQ4w%3D%3D&email=dCPtg3RgmRyv29GHImDNDGmIrwA8zD1N6LQ19W5Ku%2FU%3D
2022-12-22 16:03:48,636 DEBUG [http-nio-8082-exec-7] org.springframework.security.web.FilterChainProxy: Securing GET /role/roles
2022-12-22 16:03:48,642 DEBUG [http-nio-8082-exec-10] org.springframework.security.web.FilterChainProxy: Securing PUT /user/save?username=dCPtg3RgmRyv29GHImDNDGmIrwA8zD1N6LQ19W5Ku%2FU%3D&enabled=VLJC3Sc3lp3ZvoQYpRWpjw%3D%3D&password=dCPtg3RgmRyv29GHImDNDGmIrwA8zD1N6LQ19W5Ku%2FU%3D&authority=%2BOp08E6JK%2F%2F34pPHnWYQ4w%3D%3D&email=dCPtg3RgmRyv29GHImDNDGmIrwA8zD1N6LQ19W5Ku%2FU%3D
2022-12-22 16:03:48,727 DEBUG [http-nio-8082-exec-7] org.springframework.security.web.FilterChainProxy: Secured GET /role/roles
2022-12-22 16:03:48,727 INFO [http-nio-8082-exec-7] com.exampleMainService.filters.PermissionFilter: Inside doFilter method.
2022-12-22 16:03:48,727 INFO [http-nio-8082-exec-7] com.exampleMainService.filters.PermissionFilter: Request method: GET
2022-12-22 16:03:48,727 INFO [http-nio-8082-exec-7] com.exampleMainService.filters.PermissionFilter: ROLE_USER
2022-12-22 16:03:48,732 DEBUG [http-nio-8082-exec-10] org.springframework.security.web.FilterChainProxy: Secured PUT /user/save?username=dCPtg3RgmRyv29GHImDNDGmIrwA8zD1N6LQ19W5Ku%2FU%3D&enabled=VLJC3Sc3lp3ZvoQYpRWpjw%3D%3D&password=dCPtg3RgmRyv29GHImDNDGmIrwA8zD1N6LQ19W5Ku%2FU%3D&authority=%2BOp08E6JK%2F%2F34pPHnWYQ4w%3D%3D&email=dCPtg3RgmRyv29GHImDNDGmIrwA8zD1N6LQ19W5Ku%2FU%3D
2022-12-22 16:03:48,733 INFO [http-nio-8082-exec-10] com.exampleMainService.filters.PermissionFilter: Inside doFilter method.
2022-12-22 16:03:48,733 INFO [http-nio-8082-exec-10] com.exampleMainService.filters.PermissionFilter: Request method: PUT
2022-12-22 16:03:48,733 INFO [http-nio-8082-exec-10] com.exampleMainService.filters.PermissionFilter: ROLE_ADMIN
2022-12-22 16:03:48,827 INFO [http-nio-8082-exec-10] com.exampleMainService.controllers.AuthenticatorController: {'username':'saadmunirmunir86@gmail.com', 'password':'$2a$10$6TI8XpEmGp8pZhaLZRZ58OT75r7nj0Bpkx.7hP1zEkzbx065gsgNy', 'isEnabled':true, 'email':'saadmunirmunir86@gmail.com', 'isTwoFactorEnabled':'false'}
2022-12-22 16:03:48,827 INFO [http-nio-8082-exec-10] com.exampleMainService.controllers.AuthenticatorController: {'username':'saadmunirmunir86@gmail.com', 'authority':'ROLE_USER'}
2022-12-22 16:03:48,834 DEBUG [http-nio-8082-exec-2] org.springframework.security.web.FilterChainProxy: Securing POST /mail
2022-12-22 16:03:48,835 DEBUG [http-nio-8082-exec-2] org.springframework.security.web.FilterChainProxy: Securing POST /error
2022-12-22 16:03:48,835 DEBUG [http-nio-8082-exec-2] org.springframework.security.web.FilterChainProxy: Secured POST /error
2022-12-22 16:03:48,836 ERROR [http-nio-8082-exec-10] com.exampleMainService.clients.EmailClient: Error: Unexpected response status: 401
2022-12-22 16:04:02,216 DEBUG [http-nio-8082-exec-1] org.springframework.security.web.FilterChainProxy: Securing PUT /user/save?username=dCPtg3RgmRyv29GHImDNDGmIrwA8zD1N6LQ19W5Ku%2FU%3D&enabled=VLJC3Sc3lp3ZvoQYpRWpjw%3D%3D&password=dCPtg3RgmRyv29GHImDNDGmIrwA8zD1N6LQ19W5Ku%2FU%3D&authority=%2BOp08E6JK%2F%2F34pPHnWYQ4w%3D%3D&email=dCPtg3RgmRyv29GHImDNDGmIrwA8zD1N6LQ19W5Ku%2FU%3D
2022-12-22 16:04:02,220 DEBUG [http-nio-8082-exec-5] org.springframework.security.web.FilterChainProxy: Securing GET /role/roles
2022-12-22 16:04:02,316 DEBUG [http-nio-8082-exec-1] org.springframework.security.web.FilterChainProxy: Secured PUT /user/save?username=dCPtg3RgmRyv29GHImDNDGmIrwA8zD1N6LQ19W5Ku%2FU%3D&enabled=VLJC3Sc3lp3ZvoQYpRWpjw%3D%3D&password=dCPtg3RgmRyv29GHImDNDGmIrwA8zD1N6LQ19W5Ku%2FU%3D&authority=%2BOp08E6JK%2F%2F34pPHnWYQ4w%3D%3D&email=dCPtg3RgmRyv29GHImDNDGmIrwA8zD1N6LQ19W5Ku%2FU%3D
2022-12-22 16:04:02,316 INFO [http-nio-8082-exec-1] com.exampleMainService.filters.PermissionFilter: Inside doFilter method.
2022-12-22 16:04:02,316 INFO [http-nio-8082-exec-1] com.exampleMainService.filters.PermissionFilter: Request method: PUT
2022-12-22 16:04:02,316 INFO [http-nio-8082-exec-1] com.exampleMainService.filters.PermissionFilter: ROLE_ADMIN
2022-12-22 16:04:02,319 DEBUG [http-nio-8082-exec-5] org.springframework.security.web.FilterChainProxy: Secured GET /role/roles
2022-12-22 16:04:02,319 INFO [http-nio-8082-exec-5] com.exampleMainService.filters.PermissionFilter: Inside doFilter method.
2022-12-22 16:04:02,319 INFO [http-nio-8082-exec-5] com.exampleMainService.filters.PermissionFilter: Request method: GET
2022-12-22 16:04:02,319 INFO [http-nio-8082-exec-5] com.exampleMainService.filters.PermissionFilter: ROLE_USER
2022-12-22 16:04:02,412 INFO [http-nio-8082-exec-1] com.exampleMainService.controllers.AuthenticatorController: {'username':'saadmunirmunir86@gmail.com', 'password':'$2a$10$d2ti00LUxpSZqU70AJvDG.L3o7YJPNw58lePi0n6.C5RY3ccuvJVS', 'isEnabled':true, 'email':'saadmunirmunir86@gmail.com', 'isTwoFactorEnabled':'false'}
2022-12-22 16:04:02,412 INFO [http-nio-8082-exec-1] com.exampleMainService.controllers.AuthenticatorController: {'username':'saadmunirmunir86@gmail.com', 'authority':'ROLE_USER'}
2022-12-22 16:04:02,418 DEBUG [http-nio-8082-exec-3] org.springframework.security.web.FilterChainProxy: Securing POST /mail
2022-12-22 16:04:02,419 DEBUG [http-nio-8082-exec-3] org.springframework.security.web.FilterChainProxy: Securing POST /error
2022-12-22 16:04:02,419 DEBUG [http-nio-8082-exec-3] org.springframework.security.web.FilterChainProxy: Secured POST /error
2022-12-22 16:04:02,420 ERROR [http-nio-8082-exec-1] com.exampleMainService.clients.EmailClient: Error: Unexpected response status: 401
2022-12-22 16:04:02,961 DEBUG [http-nio-8082-exec-4] org.springframework.security.web.FilterChainProxy: Securing POST /authenticator/authenticatorString?username=saadmunirmunir86%40gmail.com&email=saadmunirmunir86%40gmail.com
2022-12-22 16:04:03,052 DEBUG [http-nio-8082-exec-4] org.springframework.security.web.FilterChainProxy: Secured POST /authenticator/authenticatorString?username=saadmunirmunir86%40gmail.com&email=saadmunirmunir86%40gmail.com
2022-12-22 16:04:03,053 INFO [http-nio-8082-exec-4] com.exampleMainService.filters.PermissionFilter: Inside doFilter method.
2022-12-22 16:04:03,053 INFO [http-nio-8082-exec-4] com.exampleMainService.filters.PermissionFilter: Request method: POST
2022-12-22 16:04:03,053 INFO [http-nio-8082-exec-4] com.exampleMainService.filters.PermissionFilter: ROLE_USER
2022-12-22 16:04:03,057 INFO [http-nio-8082-exec-4] com.exampleMainService.controllers.AuthenticatorController: Trying to generate the Authenticator String for user with username: saadmunirmunir86@gmail.com
2022-12-22 16:05:07,903 DEBUG [http-nio-8082-exec-2] org.springframework.security.web.FilterChainProxy: Securing GET /user/getUsers
