2022-12-21 16:00:59,434 INFO [restartedMain] org.springframework.boot.web.embedded.tomcat.TomcatWebServer: Tomcat started on port(s): 8082 (http) with context path ''
2022-12-21 16:00:59,447 INFO [restartedMain] com.exampleMainService.MainServiceApplication: Started MainServiceApplication in 4.766 seconds (JVM running for 6.56)
2022-12-21 16:01:03,437 INFO [http-nio-8082-exec-2] org.apache.catalina.core.ContainerBase.[Tomcat].[localhost].[/]: Initializing Spring DispatcherServlet 'dispatcherServlet'
2022-12-21 16:01:03,437 INFO [http-nio-8082-exec-2] org.springframework.web.servlet.DispatcherServlet: Initializing Servlet 'dispatcherServlet'
2022-12-21 16:01:03,438 INFO [http-nio-8082-exec-2] org.springframework.web.servlet.DispatcherServlet: Completed initialization in 1 ms
2022-12-21 16:01:03,488 DEBUG [http-nio-8082-exec-2] org.springframework.security.web.FilterChainProxy: Securing POST /user/authenticatorString
2022-12-21 16:01:03,510 DEBUG [http-nio-8082-exec-2] org.springframework.security.web.FilterChainProxy: Secured POST /user/authenticatorString
2022-12-21 16:01:03,510 INFO [http-nio-8082-exec-2] com.exampleMainService.filters.PermissionFilter: Inside doFilter method.
2022-12-21 16:01:03,511 INFO [http-nio-8082-exec-2] com.exampleMainService.filters.PermissionFilter: Request method: POST
2022-12-21 16:01:03,512 INFO [http-nio-8082-exec-2] com.exampleMainService.filters.PermissionFilter: ROLE_ADMIN
2022-12-21 16:01:03,555 INFO [http-nio-8082-exec-2] com.exampleMainService.controllers.RoleController: Trying to generate the Authenticator String for user with username: admin
2022-12-21 16:01:18,602 DEBUG [http-nio-8082-exec-3] org.springframework.security.web.FilterChainProxy: Securing POST /user/authenticatorString
2022-12-21 16:01:18,603 DEBUG [http-nio-8082-exec-3] org.springframework.security.web.FilterChainProxy: Secured POST /user/authenticatorString
2022-12-21 16:01:18,603 INFO [http-nio-8082-exec-3] com.exampleMainService.filters.PermissionFilter: Inside doFilter method.
2022-12-21 16:01:18,604 INFO [http-nio-8082-exec-3] com.exampleMainService.filters.PermissionFilter: Request method: POST
2022-12-21 16:01:18,604 INFO [http-nio-8082-exec-3] com.exampleMainService.filters.PermissionFilter: ROLE_ADMIN
2022-12-21 16:01:18,616 INFO [http-nio-8082-exec-3] com.exampleMainService.controllers.RoleController: Trying to generate the Authenticator String for user with username: admin
2022-12-21 16:26:58,975 INFO [SpringApplicationShutdownHook] org.springframework.orm.jpa.LocalContainerEntityManagerFactoryBean: Closing JPA EntityManagerFactory for persistence unit 'default'
2022-12-21 16:26:58,978 INFO [SpringApplicationShutdownHook] com.zaxxer.hikari.HikariDataSource: HikariPool-1 - Shutdown initiated...
2022-12-21 16:26:58,992 INFO [SpringApplicationShutdownHook] com.zaxxer.hikari.HikariDataSource: HikariPool-1 - Shutdown completed.
2022-12-21 16:27:06,474 INFO [restartedMain] com.exampleMainService.MainServiceApplication: Starting MainServiceApplication using Java 11.0.16 on Desktop-CDN-T480 with PID 18968 (D:\Tasks\MainService\target\classes started by T480 in D:\Tasks\MainService)
2022-12-21 16:27:06,477 INFO [restartedMain] com.exampleMainService.MainServiceApplication: No active profile set, falling back to 1 default profile: "default"
2022-12-21 16:27:06,477 INFO [background-preinit] org.hibernate.validator.internal.util.Version: HV000001: Hibernate Validator 6.2.3.Final
2022-12-21 16:27:06,516 INFO [restartedMain] org.springframework.boot.devtools.env.DevToolsPropertyDefaultsPostProcessor: Devtools property defaults active! Set 'spring.devtools.add-properties' to 'false' to disable
2022-12-21 16:27:06,516 INFO [restartedMain] org.springframework.boot.devtools.env.DevToolsPropertyDefaultsPostProcessor: For additional web related logging consider setting the 'logging.level.web' property to 'DEBUG'
2022-12-21 16:27:07,268 INFO [restartedMain] org.springframework.data.repository.config.RepositoryConfigurationDelegate: Bootstrapping Spring Data JPA repositories in DEFAULT mode.
2022-12-21 16:27:07,328 INFO [restartedMain] org.springframework.data.repository.config.RepositoryConfigurationDelegate: Finished Spring Data repository scanning in 51 ms. Found 5 JPA repository interfaces.
2022-12-21 16:27:07,954 INFO [restartedMain] org.springframework.boot.web.embedded.tomcat.TomcatWebServer: Tomcat initialized with port(s): 8082 (http)
2022-12-21 16:27:07,962 INFO [restartedMain] org.apache.coyote.http11.Http11NioProtocol: Initializing ProtocolHandler ["http-nio-8082"]
2022-12-21 16:27:07,963 INFO [restartedMain] org.apache.catalina.core.StandardService: Starting service [Tomcat]
2022-12-21 16:27:07,963 INFO [restartedMain] org.apache.catalina.core.StandardEngine: Starting Servlet engine: [Apache Tomcat/9.0.65]
2022-12-21 16:27:08,053 INFO [restartedMain] org.apache.catalina.core.ContainerBase.[Tomcat].[localhost].[/]: Initializing Spring embedded WebApplicationContext
2022-12-21 16:27:08,054 INFO [restartedMain] org.springframework.boot.web.servlet.context.ServletWebServerApplicationContext: Root WebApplicationContext: initialization completed in 1537 ms
2022-12-21 16:27:08,220 INFO [restartedMain] org.hibernate.jpa.internal.util.LogHelper: HHH000204: Processing PersistenceUnitInfo [name: default]
2022-12-21 16:27:08,266 INFO [restartedMain] org.hibernate.Version: HHH000412: Hibernate ORM core version 5.6.10.Final
2022-12-21 16:27:08,406 INFO [restartedMain] org.hibernate.annotations.common.Version: HCANN000001: Hibernate Commons Annotations {5.1.2.Final}
2022-12-21 16:27:08,490 INFO [restartedMain] com.zaxxer.hikari.HikariDataSource: HikariPool-1 - Starting...
2022-12-21 16:27:08,739 INFO [restartedMain] com.zaxxer.hikari.HikariDataSource: HikariPool-1 - Start completed.
2022-12-21 16:27:08,757 INFO [restartedMain] org.hibernate.dialect.Dialect: HHH000400: Using dialect: org.hibernate.dialect.MySQL8Dialect
2022-12-21 16:27:09,533 INFO [restartedMain] org.hibernate.engine.transaction.jta.platform.internal.JtaPlatformInitiator: HHH000490: Using JtaPlatform implementation: [org.hibernate.engine.transaction.jta.platform.internal.NoJtaPlatform]
2022-12-21 16:27:09,541 INFO [restartedMain] org.springframework.orm.jpa.LocalContainerEntityManagerFactoryBean: Initialized JPA EntityManagerFactory for persistence unit 'default'
2022-12-21 16:27:09,905 WARN [restartedMain] org.springframework.boot.autoconfigure.orm.jpa.JpaBaseConfiguration$JpaWebConfiguration: spring.jpa.open-in-view is enabled by default. Therefore, database queries may be performed during view rendering. Explicitly configure spring.jpa.open-in-view to disable this warning
2022-12-21 16:27:10,253 INFO [restartedMain] com.exampleMainService.configurations.SecurityConfiguration: Allowed Roles: ADMIN,USER,MANAGER,SALEPERSON,II,newrole,newrole,newrole
2022-12-21 16:27:10,489 INFO [restartedMain] org.springframework.security.web.DefaultSecurityFilterChain: Will secure any request with [org.springframework.security.web.session.DisableEncodeUrlFilter@1b403516, org.springframework.security.web.context.request.async.WebAsyncManagerIntegrationFilter@76c98cfd, org.springframework.security.web.context.SecurityContextPersistenceFilter@209fe95, org.springframework.security.web.header.HeaderWriterFilter@797904f3, org.springframework.web.filter.CorsFilter@452de901, org.springframework.security.web.authentication.logout.LogoutFilter@5fc86576, org.springframework.security.oauth2.client.web.OAuth2AuthorizationRequestRedirectFilter@44b8d900, org.springframework.security.oauth2.client.web.OAuth2LoginAuthenticationFilter@3aab8ebd, org.springframework.security.web.authentication.ui.DefaultLoginPageGeneratingFilter@4103ce6, org.springframework.security.web.authentication.ui.DefaultLogoutPageGeneratingFilter@4750283b, org.springframework.security.web.authentication.www.BasicAuthenticationFilter@21fd84e9, org.springframework.security.web.savedrequest.RequestCacheAwareFilter@5dce2090, org.springframework.security.web.servletapi.SecurityContextHolderAwareRequestFilter@685bc429, org.springframework.security.web.authentication.AnonymousAuthenticationFilter@5da24d42, org.springframework.security.web.session.SessionManagementFilter@21a75f4a, org.springframework.security.web.access.ExceptionTranslationFilter@9dc6e79, org.springframework.security.web.access.intercept.FilterSecurityInterceptor@2429c9b1]
2022-12-21 16:27:10,614 WARN [restartedMain] org.springframework.boot.autoconfigure.thymeleaf.ThymeleafAutoConfiguration$DefaultTemplateResolverConfiguration: Cannot find template location: classpath:/templates/ (please add some templates or check your Thymeleaf configuration)
2022-12-21 16:27:10,808 WARN [restartedMain] org.springframework.boot.devtools.autoconfigure.OptionalLiveReloadServer: Unable to start LiveReload server
2022-12-21 16:27:10,869 INFO [restartedMain] org.apache.coyote.http11.Http11NioProtocol: Starting ProtocolHandler ["http-nio-8082"]
2022-12-21 16:27:10,884 INFO [restartedMain] org.springframework.boot.web.embedded.tomcat.TomcatWebServer: Tomcat started on port(s): 8082 (http) with context path ''
2022-12-21 16:27:10,894 INFO [restartedMain] com.exampleMainService.MainServiceApplication: Started MainServiceApplication in 4.855 seconds (JVM running for 6.458)
2022-12-21 16:37:11,647 INFO [SpringApplicationShutdownHook] org.springframework.orm.jpa.LocalContainerEntityManagerFactoryBean: Closing JPA EntityManagerFactory for persistence unit 'default'
2022-12-21 16:37:11,653 INFO [SpringApplicationShutdownHook] com.zaxxer.hikari.HikariDataSource: HikariPool-1 - Shutdown initiated...
2022-12-21 16:37:11,700 INFO [SpringApplicationShutdownHook] com.zaxxer.hikari.HikariDataSource: HikariPool-1 - Shutdown completed.
2022-12-21 16:37:21,782 INFO [background-preinit] org.hibernate.validator.internal.util.Version: HV000001: Hibernate Validator 6.2.3.Final
2022-12-21 16:37:21,781 INFO [restartedMain] com.exampleMainService.MainServiceApplication: Starting MainServiceApplication using Java 11.0.16 on Desktop-CDN-T480 with PID 24444 (D:\Tasks\MainService\target\classes started by T480 in D:\Tasks\MainService)
2022-12-21 16:37:21,788 INFO [restartedMain] com.exampleMainService.MainServiceApplication: No active profile set, falling back to 1 default profile: "default"
2022-12-21 16:37:21,840 INFO [restartedMain] org.springframework.boot.devtools.env.DevToolsPropertyDefaultsPostProcessor: Devtools property defaults active! Set 'spring.devtools.add-properties' to 'false' to disable
2022-12-21 16:37:21,841 INFO [restartedMain] org.springframework.boot.devtools.env.DevToolsPropertyDefaultsPostProcessor: For additional web related logging consider setting the 'logging.level.web' property to 'DEBUG'
