2022-11-21 17:48:53,830 DEBUG [http-nio-8080-exec-10] org.springframework.security.web.FilterChainProxy: Securing GET /role/role?role=oxUgusR8Q5E3MJawvOa2PA%3D%3D
2022-11-21 17:48:53,913 DEBUG [http-nio-8080-exec-10] org.springframework.security.web.FilterChainProxy: Secured GET /role/role?role=oxUgusR8Q5E3MJawvOa2PA%3D%3D
2022-11-21 17:48:53,913 INFO [http-nio-8080-exec-10] filters.com.exampleMainService.PermissionFilter: Inside doFilter method.
2022-11-21 17:48:53,913 INFO [http-nio-8080-exec-10] filters.com.exampleMainService.PermissionFilter: Request method: GET
2022-11-21 17:48:53,913 INFO [http-nio-8080-exec-10] filters.com.exampleMainService.PermissionFilter: ROLE_ADMIN
2022-11-21 17:48:53,919 DEBUG [http-nio-8080-exec-3] org.springframework.security.web.FilterChainProxy: Securing GET /role/role?role=oxUgusR8Q5E3MJawvOa2PA%3D%3D
2022-11-21 17:48:54,003 DEBUG [http-nio-8080-exec-3] org.springframework.security.web.FilterChainProxy: Secured GET /role/role?role=oxUgusR8Q5E3MJawvOa2PA%3D%3D
2022-11-21 17:48:54,003 INFO [http-nio-8080-exec-3] filters.com.exampleMainService.PermissionFilter: Inside doFilter method.
2022-11-21 17:48:54,003 INFO [http-nio-8080-exec-3] filters.com.exampleMainService.PermissionFilter: Request method: GET
2022-11-21 17:48:54,003 INFO [http-nio-8080-exec-3] filters.com.exampleMainService.PermissionFilter: ROLE_ADMIN
2022-11-21 17:48:54,009 DEBUG [http-nio-8080-exec-7] org.springframework.security.web.FilterChainProxy: Securing GET /role/role?role=oxUgusR8Q5E3MJawvOa2PA%3D%3D
2022-11-21 17:48:54,094 DEBUG [http-nio-8080-exec-7] org.springframework.security.web.FilterChainProxy: Secured GET /role/role?role=oxUgusR8Q5E3MJawvOa2PA%3D%3D
2022-11-21 17:48:54,094 INFO [http-nio-8080-exec-7] filters.com.exampleMainService.PermissionFilter: Inside doFilter method.
2022-11-21 17:48:54,094 INFO [http-nio-8080-exec-7] filters.com.exampleMainService.PermissionFilter: Request method: GET
2022-11-21 17:48:54,094 INFO [http-nio-8080-exec-7] filters.com.exampleMainService.PermissionFilter: ROLE_ADMIN
2022-11-21 17:48:59,063 DEBUG [http-nio-8080-exec-2] org.springframework.security.web.FilterChainProxy: Securing GET /department/get
2022-11-21 17:48:59,070 DEBUG [http-nio-8080-exec-9] org.springframework.security.web.FilterChainProxy: Securing GET /role/roles
2022-11-21 17:48:59,079 DEBUG [http-nio-8080-exec-1] org.springframework.security.web.FilterChainProxy: Securing GET /role/role?role=oxUgusR8Q5E3MJawvOa2PA%3D%3D
2022-11-21 17:48:59,206 DEBUG [http-nio-8080-exec-2] org.springframework.security.web.FilterChainProxy: Secured GET /department/get
2022-11-21 17:48:59,206 INFO [http-nio-8080-exec-2] filters.com.exampleMainService.PermissionFilter: Inside doFilter method.
2022-11-21 17:48:59,206 INFO [http-nio-8080-exec-2] filters.com.exampleMainService.PermissionFilter: Request method: GET
2022-11-21 17:48:59,206 INFO [http-nio-8080-exec-2] filters.com.exampleMainService.PermissionFilter: ROLE_ADMIN
2022-11-21 17:48:59,210 DEBUG [http-nio-8080-exec-1] org.springframework.security.web.FilterChainProxy: Secured GET /role/role?role=oxUgusR8Q5E3MJawvOa2PA%3D%3D
2022-11-21 17:48:59,210 INFO [http-nio-8080-exec-1] filters.com.exampleMainService.PermissionFilter: Inside doFilter method.
2022-11-21 17:48:59,210 INFO [http-nio-8080-exec-1] filters.com.exampleMainService.PermissionFilter: Request method: GET
2022-11-21 17:48:59,210 INFO [http-nio-8080-exec-1] filters.com.exampleMainService.PermissionFilter: ROLE_ADMIN
2022-11-21 17:48:59,213 DEBUG [http-nio-8080-exec-9] org.springframework.security.web.FilterChainProxy: Secured GET /role/roles
2022-11-21 17:48:59,213 INFO [http-nio-8080-exec-9] filters.com.exampleMainService.PermissionFilter: Inside doFilter method.
2022-11-21 17:48:59,214 INFO [http-nio-8080-exec-9] filters.com.exampleMainService.PermissionFilter: Request method: GET
2022-11-21 17:48:59,214 INFO [http-nio-8080-exec-9] filters.com.exampleMainService.PermissionFilter: ROLE_ADMIN
2022-11-21 17:48:59,216 INFO [http-nio-8080-exec-2] clients.com.exampleMainService.DepartmentClient: {"id":"0", "timestamp":"1669034939209", "username":"admin", "requestURL":"http://localhost:8081/department/get", "responseCode":"200", "message":"List of Departments received.", "status":"Success", "meta":}
2022-11-21 17:48:59,216 DEBUG [http-nio-8080-exec-5] org.springframework.security.web.FilterChainProxy: Securing GET /role/role?role=oxUgusR8Q5E3MJawvOa2PA%3D%3D
2022-11-21 17:48:59,264 DEBUG [http-nio-8080-exec-8] org.springframework.security.web.FilterChainProxy: Securing GET /department/get
2022-11-21 17:48:59,323 DEBUG [http-nio-8080-exec-5] org.springframework.security.web.FilterChainProxy: Secured GET /role/role?role=oxUgusR8Q5E3MJawvOa2PA%3D%3D
2022-11-21 17:48:59,323 INFO [http-nio-8080-exec-5] filters.com.exampleMainService.PermissionFilter: Inside doFilter method.
2022-11-21 17:48:59,323 INFO [http-nio-8080-exec-5] filters.com.exampleMainService.PermissionFilter: Request method: GET
2022-11-21 17:48:59,323 INFO [http-nio-8080-exec-5] filters.com.exampleMainService.PermissionFilter: ROLE_ADMIN
2022-11-21 17:48:59,330 DEBUG [http-nio-8080-exec-6] org.springframework.security.web.FilterChainProxy: Securing GET /role/role?role=oxUgusR8Q5E3MJawvOa2PA%3D%3D
2022-11-21 17:48:59,381 DEBUG [http-nio-8080-exec-8] org.springframework.security.web.FilterChainProxy: Secured GET /department/get
2022-11-21 17:48:59,381 INFO [http-nio-8080-exec-8] filters.com.exampleMainService.PermissionFilter: Inside doFilter method.
2022-11-21 17:48:59,381 INFO [http-nio-8080-exec-8] filters.com.exampleMainService.PermissionFilter: Request method: GET
2022-11-21 17:48:59,381 INFO [http-nio-8080-exec-8] filters.com.exampleMainService.PermissionFilter: ROLE_ADMIN
2022-11-21 17:48:59,389 INFO [http-nio-8080-exec-8] clients.com.exampleMainService.DepartmentClient: {"id":"0", "timestamp":"1669034939384", "username":"admin", "requestURL":"http://localhost:8081/department/get", "responseCode":"200", "message":"List of Departments received.", "status":"Success", "meta":}
2022-11-21 17:48:59,450 DEBUG [http-nio-8080-exec-6] org.springframework.security.web.FilterChainProxy: Secured GET /role/role?role=oxUgusR8Q5E3MJawvOa2PA%3D%3D
2022-11-21 17:48:59,450 INFO [http-nio-8080-exec-6] filters.com.exampleMainService.PermissionFilter: Inside doFilter method.
2022-11-21 17:48:59,450 INFO [http-nio-8080-exec-6] filters.com.exampleMainService.PermissionFilter: Request method: GET
2022-11-21 17:48:59,450 INFO [http-nio-8080-exec-6] filters.com.exampleMainService.PermissionFilter: ROLE_ADMIN
2022-11-21 17:48:59,456 DEBUG [http-nio-8080-exec-4] org.springframework.security.web.FilterChainProxy: Securing GET /role/role?role=oxUgusR8Q5E3MJawvOa2PA%3D%3D
2022-11-21 17:48:59,545 DEBUG [http-nio-8080-exec-4] org.springframework.security.web.FilterChainProxy: Secured GET /role/role?role=oxUgusR8Q5E3MJawvOa2PA%3D%3D
2022-11-21 17:48:59,546 INFO [http-nio-8080-exec-4] filters.com.exampleMainService.PermissionFilter: Inside doFilter method.
2022-11-21 17:48:59,546 INFO [http-nio-8080-exec-4] filters.com.exampleMainService.PermissionFilter: Request method: GET
2022-11-21 17:48:59,546 INFO [http-nio-8080-exec-4] filters.com.exampleMainService.PermissionFilter: ROLE_ADMIN
2022-11-21 17:48:59,552 DEBUG [http-nio-8080-exec-10] org.springframework.security.web.FilterChainProxy: Securing GET /role/role?role=oxUgusR8Q5E3MJawvOa2PA%3D%3D
2022-11-21 17:48:59,649 DEBUG [http-nio-8080-exec-10] org.springframework.security.web.FilterChainProxy: Secured GET /role/role?role=oxUgusR8Q5E3MJawvOa2PA%3D%3D
2022-11-21 17:48:59,649 INFO [http-nio-8080-exec-10] filters.com.exampleMainService.PermissionFilter: Inside doFilter method.
2022-11-21 17:48:59,649 INFO [http-nio-8080-exec-10] filters.com.exampleMainService.PermissionFilter: Request method: GET
2022-11-21 17:48:59,650 INFO [http-nio-8080-exec-10] filters.com.exampleMainService.PermissionFilter: ROLE_ADMIN
2022-11-21 17:50:22,904 DEBUG [http-nio-8080-exec-2] org.springframework.security.web.FilterChainProxy: Securing GET /department/get
2022-11-21 17:50:22,914 DEBUG [http-nio-8080-exec-5] org.springframework.security.web.FilterChainProxy: Securing GET /role/roles
2022-11-21 17:50:22,922 DEBUG [http-nio-8080-exec-8] org.springframework.security.web.FilterChainProxy: Securing GET /role/role?role=oxUgusR8Q5E3MJawvOa2PA%3D%3D
2022-11-21 17:50:23,043 DEBUG [http-nio-8080-exec-2] org.springframework.security.web.FilterChainProxy: Secured GET /department/get
2022-11-21 17:50:23,043 INFO [http-nio-8080-exec-2] filters.com.exampleMainService.PermissionFilter: Inside doFilter method.
2022-11-21 17:50:23,043 INFO [http-nio-8080-exec-2] filters.com.exampleMainService.PermissionFilter: Request method: GET
2022-11-21 17:50:23,043 INFO [http-nio-8080-exec-2] filters.com.exampleMainService.PermissionFilter: ROLE_ADMIN
2022-11-21 17:50:23,048 DEBUG [http-nio-8080-exec-5] org.springframework.security.web.FilterChainProxy: Secured GET /role/roles
2022-11-21 17:50:23,048 INFO [http-nio-8080-exec-5] filters.com.exampleMainService.PermissionFilter: Inside doFilter method.
2022-11-21 17:50:23,048 INFO [http-nio-8080-exec-5] filters.com.exampleMainService.PermissionFilter: Request method: GET
2022-11-21 17:50:23,048 INFO [http-nio-8080-exec-5] filters.com.exampleMainService.PermissionFilter: ROLE_ADMIN
2022-11-21 17:50:23,052 INFO [http-nio-8080-exec-2] clients.com.exampleMainService.DepartmentClient: {"id":"0", "timestamp":"1669035023046", "username":"admin", "requestURL":"http://localhost:8081/department/get", "responseCode":"200", "message":"List of Departments received.", "status":"Success", "meta":}
2022-11-21 17:50:23,062 DEBUG [http-nio-8080-exec-6] org.springframework.security.web.FilterChainProxy: Securing GET /department/get
2022-11-21 17:50:23,064 DEBUG [http-nio-8080-exec-8] org.springframework.security.web.FilterChainProxy: Secured GET /role/role?role=oxUgusR8Q5E3MJawvOa2PA%3D%3D
2022-11-21 17:50:23,064 INFO [http-nio-8080-exec-8] filters.com.exampleMainService.PermissionFilter: Inside doFilter method.
2022-11-21 17:50:23,064 INFO [http-nio-8080-exec-8] filters.com.exampleMainService.PermissionFilter: Request method: GET
2022-11-21 17:50:23,064 INFO [http-nio-8080-exec-8] filters.com.exampleMainService.PermissionFilter: ROLE_ADMIN
2022-11-21 17:50:23,069 DEBUG [http-nio-8080-exec-4] org.springframework.security.web.FilterChainProxy: Securing GET /role/role?role=oxUgusR8Q5E3MJawvOa2PA%3D%3D
2022-11-21 17:50:23,163 DEBUG [http-nio-8080-exec-6] org.springframework.security.web.FilterChainProxy: Secured GET /department/get
2022-11-21 17:50:23,163 INFO [http-nio-8080-exec-6] filters.com.exampleMainService.PermissionFilter: Inside doFilter method.
2022-11-21 17:50:23,163 INFO [http-nio-8080-exec-6] filters.com.exampleMainService.PermissionFilter: Request method: GET
2022-11-21 17:50:23,163 INFO [http-nio-8080-exec-6] filters.com.exampleMainService.PermissionFilter: ROLE_ADMIN
2022-11-21 17:50:23,169 INFO [http-nio-8080-exec-6] clients.com.exampleMainService.DepartmentClient: {"id":"0", "timestamp":"1669035023165", "username":"admin", "requestURL":"http://localhost:8081/department/get", "responseCode":"200", "message":"List of Departments received.", "status":"Success", "meta":}
