2022-11-21 18:13:14,945 DEBUG [http-nio-8080-exec-2] org.springframework.security.web.FilterChainProxy: Securing GET /role/roles
2022-11-21 18:13:15,037 DEBUG [http-nio-8080-exec-9] org.springframework.security.web.FilterChainProxy: Secured GET /user/getUsers
2022-11-21 18:13:15,037 INFO [http-nio-8080-exec-9] filters.com.exampleMainService.PermissionFilter: Inside doFilter method.
2022-11-21 18:13:15,037 INFO [http-nio-8080-exec-9] filters.com.exampleMainService.PermissionFilter: Request method: GET
2022-11-21 18:13:15,037 INFO [http-nio-8080-exec-9] filters.com.exampleMainService.PermissionFilter: ROLE_ADMIN
2022-11-21 18:13:15,042 INFO [http-nio-8080-exec-9] controllers.com.exampleMainService.RoleController: [{'username':'2990099201282627', 'password':'$2a$10$9ytVIndPjSxYx/jf02nCh.V/dKHGiP0tpBQXriShiaEw906..RQoG', 'isEnabled':true, 'email':'no@gmail.com'}, {'username':'adil', 'password':'$2a$10$yf0oAAsJyQV8sUckmEj/FuYjA1KKqVxCHh2K2WfNKXkRGJSxr2D.2', 'isEnabled':true, 'email':'adil@h.com'}, {'username':'admin', 'password':'$2a$10$INYm8.ojdneZCPptupXHsunjde/2JbGR486L3qB2SPlQjS5r0Vsya', 'isEnabled':true, 'email':'null'}, {'username':'ammar', 'password':'$2a$10$xohRCSHQhx40DK8Or3QtKOS5DrjRGxEMmnolejOXbelD5SwMBTSFm', 'isEnabled':true, 'email':'ammar@gmail.com'}, {'username':'aneeskausar96@gmail.com', 'password':'$2a$10$2BKVdW7P0B0F6o/wEVmg7udVNjlHFO7Ltt.kiVXmWrdDNnIckgKHy', 'isEnabled':true, 'email':'aneeskausar96@gmail.com'}, {'username':'manager', 'password':'$2a$10$Y8/PggTOgkx/4yfOLpETDez4vDwCFF2evq34lxkFb9GvQAl9P4qeO', 'isEnabled':true, 'email':'manager@gmail.com'}, {'username':'muhammadmunir', 'password':'$2a$10$JtlPxCz9N9XQxZqHHic8He2OVlN36CgYfkjFfiG4hTyQN1OTXgCkG', 'isEnabled':true, 'email':'muhammadmunir646464@gmail.com'}, {'username':'muhammadmunir646464@gmail.com', 'password':'$2a$10$Ph.OdasnSJoySQyZcL3Xj.iUJnUz576jCr2Jr1BndtZIP8N2ZhIVG', 'isEnabled':true, 'email':'muhammadmunir646464@gmail.com'}, {'username':'munirsaad538@gmail.com', 'password':'$2a$10$7doE6rvLJBxiO/zpwu9fxeNOuBkKWxryru2RwfDRzfC7.EEtBn3Te', 'isEnabled':true, 'email':'munirsaad538@gmail.com'}, {'username':'new', 'password':'$2a$10$OcMFMZCfVXmSzX5z5N1rM.rxIJlZIDo3NmEwjyMwJA8pA2vsKyH7W', 'isEnabled':true, 'email':'new@gmail.com'}, {'username':'saadmunirmunir86@gmail.com', 'password':'$2a$10$o1itWC0IDXKCw4lmG9NlFuMUUIiRhP0AfGB3sOZgynyx3f8a0E/62', 'isEnabled':true, 'email':'saadmunirmunir86@gmail.com'}, {'username':'user', 'password':'$2a$10$Qcph7cn1.2humytWmJ/39.CDcgGf3wN8CeVi3eWaC2aAYvWLRj9Ue', 'isEnabled':true, 'email':'user@gmail.com'}]
2022-11-21 18:13:15,052 DEBUG [http-nio-8080-exec-2] org.springframework.security.web.FilterChainProxy: Secured GET /role/roles
2022-11-21 18:13:15,080 INFO [http-nio-8080-exec-2] filters.com.exampleMainService.PermissionFilter: Inside doFilter method.
2022-11-21 18:13:15,080 INFO [http-nio-8080-exec-2] filters.com.exampleMainService.PermissionFilter: Request method: GET
2022-11-21 18:13:15,080 INFO [http-nio-8080-exec-2] filters.com.exampleMainService.PermissionFilter: ROLE_ADMIN
2022-11-21 18:13:15,083 DEBUG [http-nio-8080-exec-5] org.springframework.security.web.FilterChainProxy: Securing GET /user/getUsers
2022-11-21 18:13:15,087 DEBUG [http-nio-8080-exec-10] org.springframework.security.web.FilterChainProxy: Securing GET /role/roles
2022-11-21 18:13:15,215 DEBUG [http-nio-8080-exec-10] org.springframework.security.web.FilterChainProxy: Secured GET /role/roles
2022-11-21 18:13:15,215 INFO [http-nio-8080-exec-10] filters.com.exampleMainService.PermissionFilter: Inside doFilter method.
2022-11-21 18:13:15,215 INFO [http-nio-8080-exec-10] filters.com.exampleMainService.PermissionFilter: Request method: GET
2022-11-21 18:13:15,215 INFO [http-nio-8080-exec-10] filters.com.exampleMainService.PermissionFilter: ROLE_ADMIN
2022-11-21 18:13:15,219 DEBUG [http-nio-8080-exec-5] org.springframework.security.web.FilterChainProxy: Secured GET /user/getUsers
2022-11-21 18:13:15,219 INFO [http-nio-8080-exec-5] filters.com.exampleMainService.PermissionFilter: Inside doFilter method.
2022-11-21 18:13:15,220 INFO [http-nio-8080-exec-5] filters.com.exampleMainService.PermissionFilter: Request method: GET
2022-11-21 18:13:15,220 INFO [http-nio-8080-exec-5] filters.com.exampleMainService.PermissionFilter: ROLE_ADMIN
2022-11-21 18:13:15,227 INFO [http-nio-8080-exec-5] controllers.com.exampleMainService.RoleController: [{'username':'2990099201282627', 'password':'$2a$10$9ytVIndPjSxYx/jf02nCh.V/dKHGiP0tpBQXriShiaEw906..RQoG', 'isEnabled':true, 'email':'no@gmail.com'}, {'username':'adil', 'password':'$2a$10$yf0oAAsJyQV8sUckmEj/FuYjA1KKqVxCHh2K2WfNKXkRGJSxr2D.2', 'isEnabled':true, 'email':'adil@h.com'}, {'username':'admin', 'password':'$2a$10$INYm8.ojdneZCPptupXHsunjde/2JbGR486L3qB2SPlQjS5r0Vsya', 'isEnabled':true, 'email':'null'}, {'username':'ammar', 'password':'$2a$10$xohRCSHQhx40DK8Or3QtKOS5DrjRGxEMmnolejOXbelD5SwMBTSFm', 'isEnabled':true, 'email':'ammar@gmail.com'}, {'username':'aneeskausar96@gmail.com', 'password':'$2a$10$2BKVdW7P0B0F6o/wEVmg7udVNjlHFO7Ltt.kiVXmWrdDNnIckgKHy', 'isEnabled':true, 'email':'aneeskausar96@gmail.com'}, {'username':'manager', 'password':'$2a$10$Y8/PggTOgkx/4yfOLpETDez4vDwCFF2evq34lxkFb9GvQAl9P4qeO', 'isEnabled':true, 'email':'manager@gmail.com'}, {'username':'muhammadmunir', 'password':'$2a$10$JtlPxCz9N9XQxZqHHic8He2OVlN36CgYfkjFfiG4hTyQN1OTXgCkG', 'isEnabled':true, 'email':'muhammadmunir646464@gmail.com'}, {'username':'muhammadmunir646464@gmail.com', 'password':'$2a$10$Ph.OdasnSJoySQyZcL3Xj.iUJnUz576jCr2Jr1BndtZIP8N2ZhIVG', 'isEnabled':true, 'email':'muhammadmunir646464@gmail.com'}, {'username':'munirsaad538@gmail.com', 'password':'$2a$10$7doE6rvLJBxiO/zpwu9fxeNOuBkKWxryru2RwfDRzfC7.EEtBn3Te', 'isEnabled':true, 'email':'munirsaad538@gmail.com'}, {'username':'new', 'password':'$2a$10$OcMFMZCfVXmSzX5z5N1rM.rxIJlZIDo3NmEwjyMwJA8pA2vsKyH7W', 'isEnabled':true, 'email':'new@gmail.com'}, {'username':'saadmunirmunir86@gmail.com', 'password':'$2a$10$o1itWC0IDXKCw4lmG9NlFuMUUIiRhP0AfGB3sOZgynyx3f8a0E/62', 'isEnabled':true, 'email':'saadmunirmunir86@gmail.com'}, {'username':'user', 'password':'$2a$10$Qcph7cn1.2humytWmJ/39.CDcgGf3wN8CeVi3eWaC2aAYvWLRj9Ue', 'isEnabled':true, 'email':'user@gmail.com'}]
2022-11-21 18:13:18,589 DEBUG [http-nio-8080-exec-4] org.springframework.security.web.FilterChainProxy: Securing GET /role/roles
2022-11-21 18:13:18,689 DEBUG [http-nio-8080-exec-4] org.springframework.security.web.FilterChainProxy: Secured GET /role/roles
2022-11-21 18:13:18,689 INFO [http-nio-8080-exec-4] filters.com.exampleMainService.PermissionFilter: Inside doFilter method.
2022-11-21 18:13:18,690 INFO [http-nio-8080-exec-4] filters.com.exampleMainService.PermissionFilter: Request method: GET
2022-11-21 18:13:18,690 INFO [http-nio-8080-exec-4] filters.com.exampleMainService.PermissionFilter: ROLE_ADMIN
2022-11-21 18:13:18,695 DEBUG [http-nio-8080-exec-3] org.springframework.security.web.FilterChainProxy: Securing GET /role/roles
2022-11-21 18:13:18,793 DEBUG [http-nio-8080-exec-3] org.springframework.security.web.FilterChainProxy: Secured GET /role/roles
2022-11-21 18:13:18,793 INFO [http-nio-8080-exec-3] filters.com.exampleMainService.PermissionFilter: Inside doFilter method.
2022-11-21 18:13:18,793 INFO [http-nio-8080-exec-3] filters.com.exampleMainService.PermissionFilter: Request method: GET
2022-11-21 18:13:18,793 INFO [http-nio-8080-exec-3] filters.com.exampleMainService.PermissionFilter: ROLE_ADMIN
2022-11-21 18:13:18,799 DEBUG [http-nio-8080-exec-7] org.springframework.security.web.FilterChainProxy: Securing GET /role/roles
2022-11-21 18:13:18,896 DEBUG [http-nio-8080-exec-7] org.springframework.security.web.FilterChainProxy: Secured GET /role/roles
2022-11-21 18:13:18,896 INFO [http-nio-8080-exec-7] filters.com.exampleMainService.PermissionFilter: Inside doFilter method.
2022-11-21 18:13:18,896 INFO [http-nio-8080-exec-7] filters.com.exampleMainService.PermissionFilter: Request method: GET
2022-11-21 18:13:18,896 INFO [http-nio-8080-exec-7] filters.com.exampleMainService.PermissionFilter: ROLE_ADMIN
2022-11-21 18:13:23,117 DEBUG [http-nio-8080-exec-1] org.springframework.security.web.FilterChainProxy: Securing OPTIONS /role/update?id=aBd8FAzECkMTHdMw4TecsA%3D%3D&role=7p2hjuuB0xobcC%2FWSCKjOA%3D%3D&permissions=4p693UME2IJ8cnP%2FULzT2g%3D%3D
2022-11-21 18:13:23,120 DEBUG [http-nio-8080-exec-6] org.springframework.security.web.FilterChainProxy: Securing PUT /role/update?id=aBd8FAzECkMTHdMw4TecsA%3D%3D&role=7p2hjuuB0xobcC%2FWSCKjOA%3D%3D&permissions=4p693UME2IJ8cnP%2FULzT2g%3D%3D
2022-11-21 18:13:23,208 DEBUG [http-nio-8080-exec-6] org.springframework.security.web.FilterChainProxy: Secured PUT /role/update?id=aBd8FAzECkMTHdMw4TecsA%3D%3D&role=7p2hjuuB0xobcC%2FWSCKjOA%3D%3D&permissions=4p693UME2IJ8cnP%2FULzT2g%3D%3D
2022-11-21 18:13:23,208 INFO [http-nio-8080-exec-6] filters.com.exampleMainService.PermissionFilter: Inside doFilter method.
2022-11-21 18:13:23,209 INFO [http-nio-8080-exec-6] filters.com.exampleMainService.PermissionFilter: Request method: PUT
2022-11-21 18:13:23,209 INFO [http-nio-8080-exec-6] filters.com.exampleMainService.PermissionFilter: ROLE_ADMIN
2022-11-21 18:13:23,257 DEBUG [http-nio-8080-exec-8] org.springframework.security.web.FilterChainProxy: Securing GET /role/roles
2022-11-21 18:13:23,345 DEBUG [http-nio-8080-exec-8] org.springframework.security.web.FilterChainProxy: Secured GET /role/roles
2022-11-21 18:13:23,346 INFO [http-nio-8080-exec-8] filters.com.exampleMainService.PermissionFilter: Inside doFilter method.
2022-11-21 18:13:23,346 INFO [http-nio-8080-exec-8] filters.com.exampleMainService.PermissionFilter: Request method: GET
2022-11-21 18:13:23,346 INFO [http-nio-8080-exec-8] filters.com.exampleMainService.PermissionFilter: ROLE_ADMIN
2022-11-21 18:13:25,180 DEBUG [http-nio-8080-exec-9] org.springframework.security.web.FilterChainProxy: Securing GET /assets/vendors/css/vendor.bundle.base.css
2022-11-21 18:13:25,181 DEBUG [http-nio-8080-exec-9] org.springframework.security.web.FilterChainProxy: Secured GET /assets/vendors/css/vendor.bundle.base.css
2022-11-21 18:13:25,181 INFO [http-nio-8080-exec-9] filters.com.exampleMainService.PermissionFilter: Inside doFilter method.
2022-11-21 18:13:25,181 INFO [http-nio-8080-exec-9] filters.com.exampleMainService.PermissionFilter: Request method: GET
2022-11-21 18:13:25,181 INFO [http-nio-8080-exec-9] filters.com.exampleMainService.PermissionFilter: ROLE_ADMIN
