2022-12-21 17:29:34,018 DEBUG [http-nio-8082-exec-3] org.springframework.security.web.FilterChainProxy: Securing POST /authenticator/authenticatorString?username=admin&email=null
2022-12-21 17:29:34,151 DEBUG [http-nio-8082-exec-3] org.springframework.security.web.FilterChainProxy: Secured POST /authenticator/authenticatorString?username=admin&email=null
2022-12-21 17:29:34,151 INFO [http-nio-8082-exec-3] com.exampleMainService.filters.PermissionFilter: Inside doFilter method.
2022-12-21 17:29:34,151 INFO [http-nio-8082-exec-3] com.exampleMainService.filters.PermissionFilter: Request method: POST
2022-12-21 17:29:34,151 INFO [http-nio-8082-exec-3] com.exampleMainService.filters.PermissionFilter: ROLE_ADMIN
2022-12-21 17:29:34,157 INFO [http-nio-8082-exec-3] com.exampleMainService.controllers.AuthenticatorController: Trying to generate the Authenticator String for user with username: admin
2022-12-21 17:29:46,642 DEBUG [http-nio-8082-exec-4] org.springframework.security.web.FilterChainProxy: Securing OPTIONS /user/getUsers
2022-12-21 17:29:46,648 DEBUG [http-nio-8082-exec-5] org.springframework.security.web.FilterChainProxy: Securing GET /user/getUsers
2022-12-21 17:29:46,743 DEBUG [http-nio-8082-exec-5] org.springframework.security.web.FilterChainProxy: Secured GET /user/getUsers
2022-12-21 17:29:46,743 INFO [http-nio-8082-exec-5] com.exampleMainService.filters.PermissionFilter: Inside doFilter method.
2022-12-21 17:29:46,743 INFO [http-nio-8082-exec-5] com.exampleMainService.filters.PermissionFilter: Request method: GET
2022-12-21 17:29:46,743 INFO [http-nio-8082-exec-5] com.exampleMainService.filters.PermissionFilter: ROLE_ADMIN
2022-12-21 17:29:46,760 INFO [http-nio-8082-exec-5] com.exampleMainService.controllers.AuthenticatorController: [{'username':'admin', 'password':'$2a$10$INYm8.ojdneZCPptupXHsunjde/2JbGR486L3qB2SPlQjS5r0Vsya', 'isEnabled':true, 'email':'null', 'isTwoFactorEnabled':'true'}, {'username':'saadmunirmunir86@gmail.com', 'password':'$2a$10$WgqX.QhvEfigcrNcLdyjIOvuiLUQUFCNKsnVbetzi1Jkk6CGwLtmm', 'isEnabled':true, 'email':'saadmunirmunir86@gmail.com', 'isTwoFactorEnabled':'false'}]
2022-12-21 17:29:46,777 DEBUG [http-nio-8082-exec-6] org.springframework.security.web.FilterChainProxy: Securing OPTIONS /user/authority?username=f%2BRE%2BQs551ZAYxfg5GI30g%3D%3D
2022-12-21 17:29:46,780 DEBUG [http-nio-8082-exec-7] org.springframework.security.web.FilterChainProxy: Securing OPTIONS /user/validate?encodedPassword=H%2F2skjEl3j5cgjvzdIfJIgTasYqNADU10P%2FBFC9ik00RFfjWZKiXM5skibW1m05tjKa99P9t28CXuyxFSTvqkA%3D%3D&password=8zzRUtvOFfEroqP3N4hqGg%3D%3D
2022-12-21 17:29:46,784 DEBUG [http-nio-8082-exec-8] org.springframework.security.web.FilterChainProxy: Securing GET /user/authority?username=f%2BRE%2BQs551ZAYxfg5GI30g%3D%3D
2022-12-21 17:29:46,787 DEBUG [http-nio-8082-exec-9] org.springframework.security.web.FilterChainProxy: Securing GET /user/validate?encodedPassword=H%2F2skjEl3j5cgjvzdIfJIgTasYqNADU10P%2FBFC9ik00RFfjWZKiXM5skibW1m05tjKa99P9t28CXuyxFSTvqkA%3D%3D&password=8zzRUtvOFfEroqP3N4hqGg%3D%3D
2022-12-21 17:29:46,886 DEBUG [http-nio-8082-exec-8] org.springframework.security.web.FilterChainProxy: Secured GET /user/authority?username=f%2BRE%2BQs551ZAYxfg5GI30g%3D%3D
2022-12-21 17:29:46,886 INFO [http-nio-8082-exec-8] com.exampleMainService.filters.PermissionFilter: Inside doFilter method.
2022-12-21 17:29:46,886 INFO [http-nio-8082-exec-8] com.exampleMainService.filters.PermissionFilter: Request method: GET
2022-12-21 17:29:46,887 INFO [http-nio-8082-exec-8] com.exampleMainService.filters.PermissionFilter: ROLE_ADMIN
2022-12-21 17:29:46,888 DEBUG [http-nio-8082-exec-9] org.springframework.security.web.FilterChainProxy: Secured GET /user/validate?encodedPassword=H%2F2skjEl3j5cgjvzdIfJIgTasYqNADU10P%2FBFC9ik00RFfjWZKiXM5skibW1m05tjKa99P9t28CXuyxFSTvqkA%3D%3D&password=8zzRUtvOFfEroqP3N4hqGg%3D%3D
2022-12-21 17:29:46,889 INFO [http-nio-8082-exec-9] com.exampleMainService.filters.PermissionFilter: Inside doFilter method.
2022-12-21 17:29:46,889 INFO [http-nio-8082-exec-9] com.exampleMainService.filters.PermissionFilter: Request method: GET
2022-12-21 17:29:46,889 INFO [http-nio-8082-exec-9] com.exampleMainService.filters.PermissionFilter: ROLE_ADMIN
2022-12-21 17:29:47,046 DEBUG [http-nio-8082-exec-10] org.springframework.security.web.FilterChainProxy: Securing OPTIONS /role/roles
2022-12-21 17:29:47,055 DEBUG [http-nio-8082-exec-1] org.springframework.security.web.FilterChainProxy: Securing GET /role/roles
2022-12-21 17:29:47,195 DEBUG [http-nio-8082-exec-1] org.springframework.security.web.FilterChainProxy: Secured GET /role/roles
2022-12-21 17:29:47,195 INFO [http-nio-8082-exec-1] com.exampleMainService.filters.PermissionFilter: Inside doFilter method.
2022-12-21 17:29:47,195 INFO [http-nio-8082-exec-1] com.exampleMainService.filters.PermissionFilter: Request method: GET
2022-12-21 17:29:47,196 INFO [http-nio-8082-exec-1] com.exampleMainService.filters.PermissionFilter: ROLE_ADMIN
2022-12-21 17:29:49,000 DEBUG [http-nio-8082-exec-2] org.springframework.security.web.FilterChainProxy: Securing POST /authenticator/authenticatorString?username=admin&email=null
2022-12-21 17:29:49,101 DEBUG [http-nio-8082-exec-2] org.springframework.security.web.FilterChainProxy: Secured POST /authenticator/authenticatorString?username=admin&email=null
2022-12-21 17:29:49,101 INFO [http-nio-8082-exec-2] com.exampleMainService.filters.PermissionFilter: Inside doFilter method.
2022-12-21 17:29:49,101 INFO [http-nio-8082-exec-2] com.exampleMainService.filters.PermissionFilter: Request method: POST
2022-12-21 17:29:49,101 INFO [http-nio-8082-exec-2] com.exampleMainService.filters.PermissionFilter: ROLE_ADMIN
2022-12-21 17:29:49,105 INFO [http-nio-8082-exec-2] com.exampleMainService.controllers.AuthenticatorController: Trying to generate the Authenticator String for user with username: admin
2022-12-21 17:30:01,906 DEBUG [http-nio-8082-exec-3] org.springframework.security.web.FilterChainProxy: Securing GET /user/getUsers
2022-12-21 17:30:01,999 DEBUG [http-nio-8082-exec-3] org.springframework.security.web.FilterChainProxy: Secured GET /user/getUsers
2022-12-21 17:30:01,999 INFO [http-nio-8082-exec-3] com.exampleMainService.filters.PermissionFilter: Inside doFilter method.
2022-12-21 17:30:01,999 INFO [http-nio-8082-exec-3] com.exampleMainService.filters.PermissionFilter: Request method: GET
2022-12-21 17:30:01,999 INFO [http-nio-8082-exec-3] com.exampleMainService.filters.PermissionFilter: ROLE_ADMIN
2022-12-21 17:30:02,007 INFO [http-nio-8082-exec-3] com.exampleMainService.controllers.AuthenticatorController: [{'username':'admin', 'password':'$2a$10$INYm8.ojdneZCPptupXHsunjde/2JbGR486L3qB2SPlQjS5r0Vsya', 'isEnabled':true, 'email':'null', 'isTwoFactorEnabled':'false'}, {'username':'saadmunirmunir86@gmail.com', 'password':'$2a$10$WgqX.QhvEfigcrNcLdyjIOvuiLUQUFCNKsnVbetzi1Jkk6CGwLtmm', 'isEnabled':true, 'email':'saadmunirmunir86@gmail.com', 'isTwoFactorEnabled':'false'}]
2022-12-21 17:30:02,016 DEBUG [http-nio-8082-exec-4] org.springframework.security.web.FilterChainProxy: Securing GET /user/authority?username=f%2BRE%2BQs551ZAYxfg5GI30g%3D%3D
2022-12-21 17:30:02,018 DEBUG [http-nio-8082-exec-5] org.springframework.security.web.FilterChainProxy: Securing GET /user/validate?encodedPassword=H%2F2skjEl3j5cgjvzdIfJIgTasYqNADU10P%2FBFC9ik00RFfjWZKiXM5skibW1m05tjKa99P9t28CXuyxFSTvqkA%3D%3D&password=8zzRUtvOFfEroqP3N4hqGg%3D%3D
2022-12-21 17:30:02,129 DEBUG [http-nio-8082-exec-4] org.springframework.security.web.FilterChainProxy: Secured GET /user/authority?username=f%2BRE%2BQs551ZAYxfg5GI30g%3D%3D
2022-12-21 17:30:02,130 INFO [http-nio-8082-exec-4] com.exampleMainService.filters.PermissionFilter: Inside doFilter method.
2022-12-21 17:30:02,130 INFO [http-nio-8082-exec-4] com.exampleMainService.filters.PermissionFilter: Request method: GET
2022-12-21 17:30:02,130 INFO [http-nio-8082-exec-4] com.exampleMainService.filters.PermissionFilter: ROLE_ADMIN
2022-12-21 17:30:02,130 DEBUG [http-nio-8082-exec-5] org.springframework.security.web.FilterChainProxy: Secured GET /user/validate?encodedPassword=H%2F2skjEl3j5cgjvzdIfJIgTasYqNADU10P%2FBFC9ik00RFfjWZKiXM5skibW1m05tjKa99P9t28CXuyxFSTvqkA%3D%3D&password=8zzRUtvOFfEroqP3N4hqGg%3D%3D
2022-12-21 17:30:02,130 INFO [http-nio-8082-exec-5] com.exampleMainService.filters.PermissionFilter: Inside doFilter method.
2022-12-21 17:30:02,131 INFO [http-nio-8082-exec-5] com.exampleMainService.filters.PermissionFilter: Request method: GET
2022-12-21 17:30:02,131 INFO [http-nio-8082-exec-5] com.exampleMainService.filters.PermissionFilter: ROLE_ADMIN
2022-12-21 17:30:02,270 DEBUG [http-nio-8082-exec-6] org.springframework.security.web.FilterChainProxy: Securing GET /role/roles
2022-12-21 17:30:02,379 DEBUG [http-nio-8082-exec-6] org.springframework.security.web.FilterChainProxy: Secured GET /role/roles
2022-12-21 17:30:02,379 INFO [http-nio-8082-exec-6] com.exampleMainService.filters.PermissionFilter: Inside doFilter method.
2022-12-21 17:30:02,379 INFO [http-nio-8082-exec-6] com.exampleMainService.filters.PermissionFilter: Request method: GET
2022-12-21 17:30:02,379 INFO [http-nio-8082-exec-6] com.exampleMainService.filters.PermissionFilter: ROLE_ADMIN
2022-12-21 17:30:03,408 DEBUG [http-nio-8082-exec-7] org.springframework.security.web.FilterChainProxy: Securing POST /authenticator/authenticatorString?username=admin&email=null
2022-12-21 17:30:03,507 DEBUG [http-nio-8082-exec-7] org.springframework.security.web.FilterChainProxy: Secured POST /authenticator/authenticatorString?username=admin&email=null
2022-12-21 17:30:03,508 INFO [http-nio-8082-exec-7] com.exampleMainService.filters.PermissionFilter: Inside doFilter method.
2022-12-21 17:30:03,508 INFO [http-nio-8082-exec-7] com.exampleMainService.filters.PermissionFilter: Request method: POST
2022-12-21 17:30:03,508 INFO [http-nio-8082-exec-7] com.exampleMainService.filters.PermissionFilter: ROLE_ADMIN
2022-12-21 17:30:03,513 INFO [http-nio-8082-exec-7] com.exampleMainService.controllers.AuthenticatorController: Trying to generate the Authenticator String for user with username: admin
2022-12-21 17:30:37,551 DEBUG [http-nio-8082-exec-8] org.springframework.security.web.FilterChainProxy: Securing POST /authenticator/authenticatorString?username=admin&email=null
2022-12-21 17:30:37,650 DEBUG [http-nio-8082-exec-8] org.springframework.security.web.FilterChainProxy: Secured POST /authenticator/authenticatorString?username=admin&email=null
2022-12-21 17:30:37,651 INFO [http-nio-8082-exec-8] com.exampleMainService.filters.PermissionFilter: Inside doFilter method.
2022-12-21 17:30:37,651 INFO [http-nio-8082-exec-8] com.exampleMainService.filters.PermissionFilter: Request method: POST
