2022-11-22 11:04:41,689 INFO [restartedMain] com.exampleMainService.MainServiceApplication: Starting MainServiceApplication using Java 11.0.16 on Desktop-CDN-T480 with PID 4968 (D:\Tasks\MainService\target\classes started by T480 in D:\Tasks\MainService)
2022-11-22 11:04:41,695 INFO [restartedMain] com.exampleMainService.MainServiceApplication: No active profile set, falling back to 1 default profile: "default"
2022-11-22 11:04:41,751 INFO [restartedMain] org.springframework.boot.devtools.env.DevToolsPropertyDefaultsPostProcessor: Devtools property defaults active! Set 'spring.devtools.add-properties' to 'false' to disable
2022-11-22 11:04:41,751 INFO [restartedMain] org.springframework.boot.devtools.env.DevToolsPropertyDefaultsPostProcessor: For additional web related logging consider setting the 'logging.level.web' property to 'DEBUG'
2022-11-22 11:04:42,607 INFO [restartedMain] org.springframework.data.repository.config.RepositoryConfigurationDelegate: Bootstrapping Spring Data JPA repositories in DEFAULT mode.
2022-11-22 11:04:42,679 INFO [restartedMain] org.springframework.data.repository.config.RepositoryConfigurationDelegate: Finished Spring Data repository scanning in 64 ms. Found 4 JPA repository interfaces.
2022-11-22 11:04:43,409 INFO [restartedMain] org.springframework.boot.web.embedded.tomcat.TomcatWebServer: Tomcat initialized with port(s): 8080 (http)
2022-11-22 11:04:43,418 INFO [restartedMain] org.apache.coyote.http11.Http11NioProtocol: Initializing ProtocolHandler ["http-nio-8080"]
2022-11-22 11:04:43,418 INFO [restartedMain] org.apache.catalina.core.StandardService: Starting service [Tomcat]
2022-11-22 11:04:43,418 INFO [restartedMain] org.apache.catalina.core.StandardEngine: Starting Servlet engine: [Apache Tomcat/9.0.65]
2022-11-22 11:04:43,516 INFO [restartedMain] org.apache.catalina.core.ContainerBase.[Tomcat].[localhost].[/]: Initializing Spring embedded WebApplicationContext
2022-11-22 11:04:43,516 INFO [restartedMain] org.springframework.boot.web.servlet.context.ServletWebServerApplicationContext: Root WebApplicationContext: initialization completed in 1764 ms
2022-11-22 11:04:43,728 INFO [restartedMain] org.hibernate.jpa.internal.util.LogHelper: HHH000204: Processing PersistenceUnitInfo [name: default]
2022-11-22 11:04:43,773 INFO [restartedMain] org.hibernate.Version: HHH000412: Hibernate ORM core version 5.6.10.Final
2022-11-22 11:04:43,924 INFO [restartedMain] org.hibernate.annotations.common.Version: HCANN000001: Hibernate Commons Annotations {5.1.2.Final}
2022-11-22 11:04:44,036 INFO [restartedMain] com.zaxxer.hikari.HikariDataSource: HikariPool-1 - Starting...
2022-11-22 11:04:44,293 INFO [restartedMain] com.zaxxer.hikari.HikariDataSource: HikariPool-1 - Start completed.
2022-11-22 11:04:44,311 INFO [restartedMain] org.hibernate.dialect.Dialect: HHH000400: Using dialect: org.hibernate.dialect.MySQL8Dialect
2022-11-22 11:04:44,936 INFO [restartedMain] org.hibernate.engine.transaction.jta.platform.internal.JtaPlatformInitiator: HHH000490: Using JtaPlatform implementation: [org.hibernate.engine.transaction.jta.platform.internal.NoJtaPlatform]
2022-11-22 11:04:44,944 INFO [restartedMain] org.springframework.orm.jpa.LocalContainerEntityManagerFactoryBean: Initialized JPA EntityManagerFactory for persistence unit 'default'
2022-11-22 11:04:45,373 WARN [restartedMain] org.springframework.boot.autoconfigure.orm.jpa.JpaBaseConfiguration$JpaWebConfiguration: spring.jpa.open-in-view is enabled by default. Therefore, database queries may be performed during view rendering. Explicitly configure spring.jpa.open-in-view to disable this warning
2022-11-22 11:04:45,738 INFO [restartedMain] configurations.com.exampleMainService.SecurityConfiguration: Allowed Roles: ADMIN,USER,MANAGER,SALEPERSON,II,newrole
2022-11-22 11:04:46,037 INFO [restartedMain] org.springframework.security.web.DefaultSecurityFilterChain: Will secure any request with [org.springframework.security.web.session.DisableEncodeUrlFilter@587c4ab2, org.springframework.security.web.context.request.async.WebAsyncManagerIntegrationFilter@44aa07c, org.springframework.security.web.context.SecurityContextPersistenceFilter@311f8342, org.springframework.security.web.header.HeaderWriterFilter@752bc8c6, org.springframework.web.filter.CorsFilter@74a81dc2, org.springframework.security.web.authentication.logout.LogoutFilter@32c76746, org.springframework.security.oauth2.client.web.OAuth2AuthorizationRequestRedirectFilter@5d6906b1, org.springframework.security.oauth2.client.web.OAuth2LoginAuthenticationFilter@52b59f16, org.springframework.security.web.authentication.ui.DefaultLoginPageGeneratingFilter@5e81882, org.springframework.security.web.authentication.ui.DefaultLogoutPageGeneratingFilter@5cd3f3a5, org.springframework.security.web.authentication.www.BasicAuthenticationFilter@568fba02, org.springframework.security.web.savedrequest.RequestCacheAwareFilter@727be6dc, org.springframework.security.web.servletapi.SecurityContextHolderAwareRequestFilter@504bf197, org.springframework.security.web.authentication.AnonymousAuthenticationFilter@66c01b57, org.springframework.security.web.session.SessionManagementFilter@29f336ed, org.springframework.security.web.access.ExceptionTranslationFilter@2d7d9712, org.springframework.security.web.access.intercept.FilterSecurityInterceptor@77e7f47c]
2022-11-22 11:04:46,178 WARN [restartedMain] org.springframework.boot.autoconfigure.thymeleaf.ThymeleafAutoConfiguration$DefaultTemplateResolverConfiguration: Cannot find template location: classpath:/templates/ (please add some templates or check your Thymeleaf configuration)
2022-11-22 11:04:46,283 WARN [restartedMain] org.springframework.boot.devtools.autoconfigure.OptionalLiveReloadServer: Unable to start LiveReload server
2022-11-22 11:04:46,309 INFO [restartedMain] org.apache.coyote.http11.Http11NioProtocol: Starting ProtocolHandler ["http-nio-8080"]
2022-11-22 11:04:46,339 INFO [restartedMain] org.springframework.boot.web.embedded.tomcat.TomcatWebServer: Tomcat started on port(s): 8080 (http) with context path ''
2022-11-22 11:04:46,355 INFO [restartedMain] com.exampleMainService.MainServiceApplication: Started MainServiceApplication in 5.148 seconds (JVM running for 12.436)
2022-11-22 11:05:50,348 INFO [http-nio-8080-exec-1] org.apache.catalina.core.ContainerBase.[Tomcat].[localhost].[/]: Initializing Spring DispatcherServlet 'dispatcherServlet'
2022-11-22 11:05:50,349 INFO [http-nio-8080-exec-1] org.springframework.web.servlet.DispatcherServlet: Initializing Servlet 'dispatcherServlet'
2022-11-22 11:05:50,350 INFO [http-nio-8080-exec-1] org.springframework.web.servlet.DispatcherServlet: Completed initialization in 1 ms
2022-11-22 11:05:50,360 DEBUG [http-nio-8080-exec-1] org.springframework.security.web.FilterChainProxy: Securing OPTIONS /user/getUsers
2022-11-22 11:05:50,389 DEBUG [http-nio-8080-exec-2] org.springframework.security.web.FilterChainProxy: Securing GET /user/getUsers
2022-11-22 11:05:51,025 WARN [http-nio-8080-exec-2] org.apache.catalina.util.SessionIdGeneratorBase: Creation of SecureRandom instance for session ID generation using [SHA1PRNG] took [430] milliseconds.
2022-11-22 11:05:51,035 DEBUG [http-nio-8080-exec-2] org.springframework.security.web.FilterChainProxy: Secured GET /user/getUsers
2022-11-22 11:05:51,036 INFO [http-nio-8080-exec-2] filters.com.exampleMainService.PermissionFilter: Inside doFilter method.
2022-11-22 11:05:51,037 INFO [http-nio-8080-exec-2] filters.com.exampleMainService.PermissionFilter: Request method: GET
2022-11-22 11:05:51,037 INFO [http-nio-8080-exec-2] filters.com.exampleMainService.PermissionFilter: ROLE_ADMIN
2022-11-22 11:05:51,074 INFO [http-nio-8080-exec-2] controllers.com.exampleMainService.RoleController: [{'username':'2990099201282627', 'password':'$2a$10$9ytVIndPjSxYx/jf02nCh.V/dKHGiP0tpBQXriShiaEw906..RQoG', 'isEnabled':true, 'email':'no@gmail.com'}, {'username':'adil', 'password':'$2a$10$yf0oAAsJyQV8sUckmEj/FuYjA1KKqVxCHh2K2WfNKXkRGJSxr2D.2', 'isEnabled':true, 'email':'adil@h.com'}, {'username':'admin', 'password':'$2a$10$INYm8.ojdneZCPptupXHsunjde/2JbGR486L3qB2SPlQjS5r0Vsya', 'isEnabled':true, 'email':'null'}, {'username':'ammar', 'password':'$2a$10$xohRCSHQhx40DK8Or3QtKOS5DrjRGxEMmnolejOXbelD5SwMBTSFm', 'isEnabled':true, 'email':'ammar@gmail.com'}, {'username':'aneeskausar96@gmail.com', 'password':'$2a$10$2BKVdW7P0B0F6o/wEVmg7udVNjlHFO7Ltt.kiVXmWrdDNnIckgKHy', 'isEnabled':true, 'email':'aneeskausar96@gmail.com'}, {'username':'manager', 'password':'$2a$10$Y8/PggTOgkx/4yfOLpETDez4vDwCFF2evq34lxkFb9GvQAl9P4qeO', 'isEnabled':true, 'email':'manager@gmail.com'}, {'username':'muhammadmunir', 'password':'$2a$10$JtlPxCz9N9XQxZqHHic8He2OVlN36CgYfkjFfiG4hTyQN1OTXgCkG', 'isEnabled':true, 'email':'muhammadmunir646464@gmail.com'}, {'username':'muhammadmunir646464@gmail.com', 'password':'$2a$10$Ph.OdasnSJoySQyZcL3Xj.iUJnUz576jCr2Jr1BndtZIP8N2ZhIVG', 'isEnabled':true, 'email':'muhammadmunir646464@gmail.com'}, {'username':'munirsaad538@gmail.com', 'password':'$2a$10$7doE6rvLJBxiO/zpwu9fxeNOuBkKWxryru2RwfDRzfC7.EEtBn3Te', 'isEnabled':true, 'email':'munirsaad538@gmail.com'}, {'username':'new', 'password':'$2a$10$OcMFMZCfVXmSzX5z5N1rM.rxIJlZIDo3NmEwjyMwJA8pA2vsKyH7W', 'isEnabled':true, 'email':'new@gmail.com'}, {'username':'saadmunirmunir86@gmail.com', 'password':'$2a$10$o1itWC0IDXKCw4lmG9NlFuMUUIiRhP0AfGB3sOZgynyx3f8a0E/62', 'isEnabled':true, 'email':'saadmunirmunir86@gmail.com'}, {'username':'user', 'password':'$2a$10$GJGqwH6nWF1GfWfjPWZTL.t61ZcyKTAjPTpJlNMDKMSP7P67lbuGC', 'isEnabled':true, 'email':'user@gmail.com'}]
2022-11-22 11:05:51,109 DEBUG [http-nio-8080-exec-3] org.springframework.security.web.FilterChainProxy: Securing OPTIONS /user/authority?username=cDSewy6iB%2BmGbnL7FJ6Qyw%3D%3D
2022-11-22 11:05:51,112 DEBUG [http-nio-8080-exec-4] org.springframework.security.web.FilterChainProxy: Securing OPTIONS /user/validate?encodedPassword=VNTDmDrYVGTtA%2BVKttpTJYY8%2BoPHDOBMJ35NMc6S8vhcXdsPN3eW7h0SgDPaeeJ474nP%2F7y8KhFl220weSLi9w%3D%3D&password=O4JIgWmSKo2gW78maUoLhg%3D%3D
2022-11-22 11:05:51,117 DEBUG [http-nio-8080-exec-5] org.springframework.security.web.FilterChainProxy: Securing GET /user/authority?username=cDSewy6iB%2BmGbnL7FJ6Qyw%3D%3D
2022-11-22 11:05:51,120 DEBUG [http-nio-8080-exec-6] org.springframework.security.web.FilterChainProxy: Securing GET /user/validate?encodedPassword=VNTDmDrYVGTtA%2BVKttpTJYY8%2BoPHDOBMJ35NMc6S8vhcXdsPN3eW7h0SgDPaeeJ474nP%2F7y8KhFl220weSLi9w%3D%3D&password=O4JIgWmSKo2gW78maUoLhg%3D%3D
2022-11-22 11:05:51,233 DEBUG [http-nio-8080-exec-5] org.springframework.security.web.FilterChainProxy: Secured GET /user/authority?username=cDSewy6iB%2BmGbnL7FJ6Qyw%3D%3D
2022-11-22 11:05:51,234 INFO [http-nio-8080-exec-5] filters.com.exampleMainService.PermissionFilter: Inside doFilter method.
2022-11-22 11:05:51,234 INFO [http-nio-8080-exec-5] filters.com.exampleMainService.PermissionFilter: Request method: GET
2022-11-22 11:05:51,234 INFO [http-nio-8080-exec-5] filters.com.exampleMainService.PermissionFilter: ROLE_USER
2022-11-22 11:05:51,238 DEBUG [http-nio-8080-exec-6] org.springframework.security.web.FilterChainProxy: Secured GET /user/validate?encodedPassword=VNTDmDrYVGTtA%2BVKttpTJYY8%2BoPHDOBMJ35NMc6S8vhcXdsPN3eW7h0SgDPaeeJ474nP%2F7y8KhFl220weSLi9w%3D%3D&password=O4JIgWmSKo2gW78maUoLhg%3D%3D
