2022-11-23 11:12:13,004 INFO [restartedMain] org.springframework.orm.jpa.LocalContainerEntityManagerFactoryBean: Closing JPA EntityManagerFactory for persistence unit 'default'
2022-11-23 11:12:13,006 INFO [restartedMain] com.zaxxer.hikari.HikariDataSource: HikariPool-7 - Shutdown initiated...
2022-11-23 11:12:13,030 INFO [restartedMain] com.zaxxer.hikari.HikariDataSource: HikariPool-7 - Shutdown completed.
2022-11-23 11:12:13,031 INFO [restartedMain] org.apache.catalina.core.StandardService: Stopping service [Tomcat]
2022-11-23 11:12:13,042 INFO [restartedMain] org.springframework.boot.autoconfigure.logging.ConditionEvaluationReportLoggingListener: 

Error starting ApplicationContext. To display the conditions report re-run your application with 'debug' enabled.
2022-11-23 11:12:13,084 ERROR [restartedMain] org.springframework.boot.SpringApplication: Application run failed
org.springframework.beans.factory.BeanCreationException: Error creating bean with name 'springApplicationAdminRegistrar' defined in class path resource [org/springframework/boot/autoconfigure/admin/SpringApplicationAdminJmxAutoConfiguration.class]: Invocation of init method failed; nested exception is javax.management.InstanceAlreadyExistsException: org.springframework.boot:type=Admin,name=SpringApplication
	at org.springframework.beans.factory.support.AbstractAutowireCapableBeanFactory.initializeBean(AbstractAutowireCapableBeanFactory.java:1804)
	at org.springframework.beans.factory.support.AbstractAutowireCapableBeanFactory.doCreateBean(AbstractAutowireCapableBeanFactory.java:620)
	at org.springframework.beans.factory.support.AbstractAutowireCapableBeanFactory.createBean(AbstractAutowireCapableBeanFactory.java:542)
	at org.springframework.beans.factory.support.AbstractBeanFactory.lambda$doGetBean$0(AbstractBeanFactory.java:335)
	at org.springframework.beans.factory.support.DefaultSingletonBeanRegistry.getSingleton(DefaultSingletonBeanRegistry.java:234)
	at org.springframework.beans.factory.support.AbstractBeanFactory.doGetBean(AbstractBeanFactory.java:333)
	at org.springframework.beans.factory.support.AbstractBeanFactory.getBean(AbstractBeanFactory.java:208)
	at org.springframework.beans.factory.support.DefaultListableBeanFactory.preInstantiateSingletons(DefaultListableBeanFactory.java:955)
	at org.springframework.context.support.AbstractApplicationContext.finishBeanFactoryInitialization(AbstractApplicationContext.java:918)
	at org.springframework.context.support.AbstractApplicationContext.refresh(AbstractApplicationContext.java:583)
	at org.springframework.boot.web.servlet.context.ServletWebServerApplicationContext.refresh(ServletWebServerApplicationContext.java:147)
	at org.springframework.boot.SpringApplication.refresh(SpringApplication.java:734)
	at org.springframework.boot.SpringApplication.refreshContext(SpringApplication.java:408)
	at org.springframework.boot.SpringApplication.run(SpringApplication.java:308)
	at org.springframework.boot.SpringApplication.run(SpringApplication.java:1306)
	at org.springframework.boot.SpringApplication.run(SpringApplication.java:1295)
	at com.exampleMainService.MainServiceApplication.main(MainServiceApplication.java:12)
	at java.base/jdk.internal.reflect.NativeMethodAccessorImpl.invoke0(Native Method)
	at java.base/jdk.internal.reflect.NativeMethodAccessorImpl.invoke(NativeMethodAccessorImpl.java:62)
	at java.base/jdk.internal.reflect.DelegatingMethodAccessorImpl.invoke(DelegatingMethodAccessorImpl.java:43)
	at java.base/java.lang.reflect.Method.invoke(Method.java:566)
	at org.springframework.boot.devtools.restart.RestartLauncher.run(RestartLauncher.java:49)
Caused by: javax.management.InstanceAlreadyExistsException: org.springframework.boot:type=Admin,name=SpringApplication
	at java.management/com.sun.jmx.mbeanserver.Repository.addMBean(Repository.java:436)
	at java.management/com.sun.jmx.interceptor.DefaultMBeanServerInterceptor.registerWithRepository(DefaultMBeanServerInterceptor.java:1855)
	at java.management/com.sun.jmx.interceptor.DefaultMBeanServerInterceptor.registerDynamicMBean(DefaultMBeanServerInterceptor.java:955)
	at java.management/com.sun.jmx.interceptor.DefaultMBeanServerInterceptor.registerObject(DefaultMBeanServerInterceptor.java:890)
	at java.management/com.sun.jmx.interceptor.DefaultMBeanServerInterceptor.registerMBean(DefaultMBeanServerInterceptor.java:320)
	at java.management/com.sun.jmx.mbeanserver.JmxMBeanServer.registerMBean(JmxMBeanServer.java:522)
	at org.springframework.boot.admin.SpringApplicationAdminMXBeanRegistrar.afterPropertiesSet(SpringApplicationAdminMXBeanRegistrar.java:129)
	at org.springframework.beans.factory.support.AbstractAutowireCapableBeanFactory.invokeInitMethods(AbstractAutowireCapableBeanFactory.java:1863)
	at org.springframework.beans.factory.support.AbstractAutowireCapableBeanFactory.initializeBean(AbstractAutowireCapableBeanFactory.java:1800)
	... 21 common frames omitted
2022-11-23 11:12:16,803 INFO [main] org.springframework.boot.test.context.SpringBootTestContextBootstrapper: Neither @ContextConfiguration nor @ContextHierarchy found for test class [DepartmentClientTest], using SpringBootContextLoader
2022-11-23 11:12:16,854 INFO [main] org.springframework.test.context.support.AbstractContextLoader: Could not detect default resource locations for test class [DepartmentClientTest]: no resource found for suffixes {-context.xml, Context.groovy}.
2022-11-23 11:12:17,512 INFO [main] org.springframework.boot.test.context.SpringBootTestContextBootstrapper: Loaded default TestExecutionListener class names from location [META-INF/spring.factories]: [org.springframework.boot.test.mock.mockito.MockitoTestExecutionListener, org.springframework.boot.test.mock.mockito.ResetMocksTestExecutionListener, org.springframework.boot.test.autoconfigure.restdocs.RestDocsTestExecutionListener, org.springframework.boot.test.autoconfigure.web.client.MockRestServiceServerResetTestExecutionListener, org.springframework.boot.test.autoconfigure.web.servlet.MockMvcPrintOnlyOnFailureTestExecutionListener, org.springframework.boot.test.autoconfigure.web.servlet.WebDriverTestExecutionListener, org.springframework.boot.test.autoconfigure.webservices.client.MockWebServiceServerTestExecutionListener, org.springframework.test.context.web.ServletTestExecutionListener, org.springframework.test.context.support.DirtiesContextBeforeModesTestExecutionListener, org.springframework.test.context.event.ApplicationEventsTestExecutionListener, org.springframework.test.context.support.DependencyInjectionTestExecutionListener, org.springframework.test.context.support.DirtiesContextTestExecutionListener, org.springframework.test.context.transaction.TransactionalTestExecutionListener, org.springframework.test.context.jdbc.SqlScriptsTestExecutionListener, org.springframework.test.context.event.EventPublishingTestExecutionListener, org.springframework.security.test.context.support.WithSecurityContextTestExecutionListener, org.springframework.security.test.context.support.ReactorContextTestExecutionListener]
2022-11-23 11:12:17,563 INFO [main] org.springframework.boot.test.context.SpringBootTestContextBootstrapper: Using TestExecutionListeners: [org.springframework.test.context.web.ServletTestExecutionListener@5b6813df, org.springframework.test.context.support.DirtiesContextBeforeModesTestExecutionListener@5f2606b, org.springframework.test.context.event.ApplicationEventsTestExecutionListener@2b58f754, org.springframework.boot.test.mock.mockito.MockitoTestExecutionListener@3ebff828, org.springframework.boot.test.autoconfigure.SpringBootDependencyInjectionTestExecutionListener@2552f2cb, org.springframework.test.context.support.DirtiesContextTestExecutionListener@33352f32, org.springframework.test.context.transaction.TransactionalTestExecutionListener@5f3b9c57, org.springframework.test.context.jdbc.SqlScriptsTestExecutionListener@1e044120, org.springframework.test.context.event.EventPublishingTestExecutionListener@2cf23c81, org.springframework.security.test.context.support.WithSecurityContextTestExecutionListener@3624da92, org.springframework.security.test.context.support.ReactorContextTestExecutionListener@35fe2125, org.springframework.boot.test.mock.mockito.ResetMocksTestExecutionListener@94f6bfb, org.springframework.boot.test.autoconfigure.restdocs.RestDocsTestExecutionListener@34645867, org.springframework.boot.test.autoconfigure.web.client.MockRestServiceServerResetTestExecutionListener@2484f433, org.springframework.boot.test.autoconfigure.web.servlet.MockMvcPrintOnlyOnFailureTestExecutionListener@60b71e8f, org.springframework.boot.test.autoconfigure.web.servlet.WebDriverTestExecutionListener@1255b1d1, org.springframework.boot.test.autoconfigure.webservices.client.MockWebServiceServerTestExecutionListener@464649c]
2022-11-23 11:12:19,236 INFO [main] DepartmentClientTest: Starting DepartmentClientTest using Java 11.0.16 on Desktop-CDN-T480 with PID 25096 (started by T480 in D:\Tasks\MainService)
2022-11-23 11:12:19,239 INFO [main] DepartmentClientTest: No active profile set, falling back to 1 default profile: "default"
2022-11-23 11:12:19,400 INFO [background-preinit] org.hibernate.validator.internal.util.Version: HV000001: Hibernate Validator 6.2.3.Final
2022-11-23 11:12:20,943 INFO [main] org.springframework.data.repository.config.RepositoryConfigurationDelegate: Bootstrapping Spring Data JPA repositories in DEFAULT mode.
2022-11-23 11:12:21,070 INFO [main] org.springframework.data.repository.config.RepositoryConfigurationDelegate: Finished Spring Data repository scanning in 111 ms. Found 4 JPA repository interfaces.
2022-11-23 11:12:22,068 INFO [main] org.hibernate.jpa.internal.util.LogHelper: HHH000204: Processing PersistenceUnitInfo [name: default]
2022-11-23 11:12:22,147 INFO [main] org.hibernate.Version: HHH000412: Hibernate ORM core version 5.6.10.Final
2022-11-23 11:12:22,422 INFO [main] org.hibernate.annotations.common.Version: HCANN000001: Hibernate Commons Annotations {5.1.2.Final}
2022-11-23 11:12:23,214 INFO [main] com.zaxxer.hikari.HikariDataSource: HikariPool-1 - Starting...
2022-11-23 11:12:23,818 INFO [main] com.zaxxer.hikari.HikariDataSource: HikariPool-1 - Start completed.
2022-11-23 11:12:23,873 INFO [main] org.hibernate.dialect.Dialect: HHH000400: Using dialect: org.hibernate.dialect.MySQL8Dialect
2022-11-23 11:12:24,998 INFO [main] org.hibernate.engine.transaction.jta.platform.internal.JtaPlatformInitiator: HHH000490: Using JtaPlatform implementation: [org.hibernate.engine.transaction.jta.platform.internal.NoJtaPlatform]
2022-11-23 11:12:25,013 INFO [main] org.springframework.orm.jpa.LocalContainerEntityManagerFactoryBean: Initialized JPA EntityManagerFactory for persistence unit 'default'
2022-11-23 11:12:25,835 WARN [main] org.springframework.boot.autoconfigure.orm.jpa.JpaBaseConfiguration$JpaWebConfiguration: spring.jpa.open-in-view is enabled by default. Therefore, database queries may be performed during view rendering. Explicitly configure spring.jpa.open-in-view to disable this warning
2022-11-23 11:12:26,783 INFO [main] com.exampleMainService.configurations.SecurityConfiguration: Allowed Roles: ADMIN,USER,MANAGER,SALEPERSON,II,newrole,newrole,newrole
2022-11-23 11:12:27,762 INFO [main] org.springframework.security.web.DefaultSecurityFilterChain: Will secure any request with [org.springframework.security.web.session.DisableEncodeUrlFilter@7fe40b9f, org.springframework.security.web.context.request.async.WebAsyncManagerIntegrationFilter@1f41f259, org.springframework.security.web.context.SecurityContextPersistenceFilter@6f09cb98, org.springframework.security.web.header.HeaderWriterFilter@4cb87009, org.springframework.web.filter.CorsFilter@648c80cb, org.springframework.security.web.authentication.logout.LogoutFilter@7860a014, org.springframework.security.oauth2.client.web.OAuth2AuthorizationRequestRedirectFilter@309b6768, org.springframework.security.oauth2.client.web.OAuth2LoginAuthenticationFilter@18f1a81a, org.springframework.security.web.authentication.ui.DefaultLoginPageGeneratingFilter@5da41d02, org.springframework.security.web.authentication.ui.DefaultLogoutPageGeneratingFilter@4a9d6eb9, org.springframework.security.web.authentication.www.BasicAuthenticationFilter@5889e697, org.springframework.security.web.savedrequest.RequestCacheAwareFilter@4b20a8e4, org.springframework.security.web.servletapi.SecurityContextHolderAwareRequestFilter@7fb2645b, org.springframework.security.web.authentication.AnonymousAuthenticationFilter@157a2c86, org.springframework.security.web.session.SessionManagementFilter@1a4564a2, org.springframework.security.web.access.ExceptionTranslationFilter@69cc3370, org.springframework.security.web.access.intercept.FilterSecurityInterceptor@5f0bf0ed]
2022-11-23 11:12:28,396 WARN [main] org.springframework.boot.autoconfigure.thymeleaf.ThymeleafAutoConfiguration$DefaultTemplateResolverConfiguration: Cannot find template location: classpath:/templates/ (please add some templates or check your Thymeleaf configuration)
2022-11-23 11:12:28,959 INFO [main] DepartmentClientTest: Started DepartmentClientTest in 10.855 seconds (JVM running for 14.675)
2022-11-23 11:12:29,362 INFO [main] com.exampleMainService.clients.DepartmentClient: {"id":"0", "timestamp":"1669183949232", "username":"admin", "requestURL":"http://localhost:8081/department/save", "responseCode":"200", "message":"Department saved.", "status":"Success", "meta":{"id":0,"name":"newDep"}}
2022-11-23 11:12:29,444 INFO [main] DepartmentClientTest: Logging Response: {"id":178,"name":"newDep"}
2022-11-23 11:12:29,650 INFO [SpringApplicationShutdownHook] org.springframework.orm.jpa.LocalContainerEntityManagerFactoryBean: Closing JPA EntityManagerFactory for persistence unit 'default'
2022-11-23 11:12:29,658 INFO [SpringApplicationShutdownHook] com.zaxxer.hikari.HikariDataSource: HikariPool-1 - Shutdown initiated...
2022-11-23 11:12:29,698 INFO [SpringApplicationShutdownHook] com.zaxxer.hikari.HikariDataSource: HikariPool-1 - Shutdown completed.
2022-11-23 11:19:58,366 INFO [restartedMain] com.exampleMainService.MainServiceApplication: Starting MainServiceApplication using Java 11.0.16 on Desktop-CDN-T480 with PID 1584 (D:\Tasks\MainService\target\classes started by T480 in D:\Tasks\MainService)
2022-11-23 11:19:58,367 INFO [restartedMain] com.exampleMainService.MainServiceApplication: No active profile set, falling back to 1 default profile: "default"
2022-11-23 11:19:58,754 INFO [restartedMain] org.springframework.data.repository.config.RepositoryConfigurationDelegate: Bootstrapping Spring Data JPA repositories in DEFAULT mode.
2022-11-23 11:19:58,791 INFO [restartedMain] org.springframework.data.repository.config.RepositoryConfigurationDelegate: Finished Spring Data repository scanning in 36 ms. Found 4 JPA repository interfaces.
2022-11-23 11:19:59,097 INFO [restartedMain] org.springframework.boot.web.embedded.tomcat.TomcatWebServer: Tomcat initialized with port(s): 8080 (http)
2022-11-23 11:19:59,098 INFO [restartedMain] org.apache.coyote.http11.Http11NioProtocol: Initializing ProtocolHandler ["http-nio-8080"]
2022-11-23 11:19:59,099 INFO [restartedMain] org.apache.catalina.core.StandardService: Starting service [Tomcat]
2022-11-23 11:19:59,099 INFO [restartedMain] org.apache.catalina.core.StandardEngine: Starting Servlet engine: [Apache Tomcat/9.0.65]
