2022-11-21 18:25:13,334 DEBUG [http-nio-8080-exec-5] org.springframework.security.web.FilterChainProxy: Securing OPTIONS /user/updateUser?username=cDSewy6iB%2BmGbnL7FJ6Qyw%3D%3D&enabled=Epxl7ydPgzpmZ%2FjtnVDcIA%3D%3D&password=O4JIgWmSKo2gW78maUoLhg%3D%3D&authority=LTV9DUMG0JSg0Ty8QqHfEg%3D%3D&email=lQ5aMZ7SCAjZi3uxRfQDYQ%3D%3D
2022-11-21 18:25:13,339 DEBUG [http-nio-8080-exec-3] org.springframework.security.web.FilterChainProxy: Securing PUT /user/updateUser?username=cDSewy6iB%2BmGbnL7FJ6Qyw%3D%3D&enabled=Epxl7ydPgzpmZ%2FjtnVDcIA%3D%3D&password=O4JIgWmSKo2gW78maUoLhg%3D%3D&authority=LTV9DUMG0JSg0Ty8QqHfEg%3D%3D&email=lQ5aMZ7SCAjZi3uxRfQDYQ%3D%3D
2022-11-21 18:25:13,427 DEBUG [http-nio-8080-exec-3] org.springframework.security.web.FilterChainProxy: Secured PUT /user/updateUser?username=cDSewy6iB%2BmGbnL7FJ6Qyw%3D%3D&enabled=Epxl7ydPgzpmZ%2FjtnVDcIA%3D%3D&password=O4JIgWmSKo2gW78maUoLhg%3D%3D&authority=LTV9DUMG0JSg0Ty8QqHfEg%3D%3D&email=lQ5aMZ7SCAjZi3uxRfQDYQ%3D%3D
2022-11-21 18:25:13,465 INFO [http-nio-8080-exec-3] filters.com.exampleMainService.PermissionFilter: Inside doFilter method.
2022-11-21 18:25:13,465 INFO [http-nio-8080-exec-3] filters.com.exampleMainService.PermissionFilter: Request method: PUT
2022-11-21 18:25:13,465 INFO [http-nio-8080-exec-3] filters.com.exampleMainService.PermissionFilter: ROLE_ADMIN
2022-11-21 18:25:13,562 INFO [http-nio-8080-exec-3] controllers.com.exampleMainService.RoleController: {'username':'user', 'password':'$2a$10$pGBqZ0kdOf4VJbvEm04G9.f4aZRqYCeu61JTplHGZvgBUTWa9xmNS', 'isEnabled':true, 'email':'user@gmail.com'}
2022-11-21 18:25:13,562 INFO [http-nio-8080-exec-3] controllers.com.exampleMainService.RoleController: {'username':'user', 'authority':'ROLE_USER'}
2022-11-21 18:25:13,579 DEBUG [http-nio-8080-exec-1] org.springframework.security.web.FilterChainProxy: Securing GET /user/getUsers
2022-11-21 18:25:13,672 DEBUG [http-nio-8080-exec-1] org.springframework.security.web.FilterChainProxy: Secured GET /user/getUsers
2022-11-21 18:25:13,672 INFO [http-nio-8080-exec-1] filters.com.exampleMainService.PermissionFilter: Inside doFilter method.
2022-11-21 18:25:13,672 INFO [http-nio-8080-exec-1] filters.com.exampleMainService.PermissionFilter: Request method: GET
2022-11-21 18:25:13,672 INFO [http-nio-8080-exec-1] filters.com.exampleMainService.PermissionFilter: ROLE_ADMIN
2022-11-21 18:25:13,676 INFO [http-nio-8080-exec-1] controllers.com.exampleMainService.RoleController: [{'username':'2990099201282627', 'password':'$2a$10$9ytVIndPjSxYx/jf02nCh.V/dKHGiP0tpBQXriShiaEw906..RQoG', 'isEnabled':true, 'email':'no@gmail.com'}, {'username':'adil', 'password':'$2a$10$yf0oAAsJyQV8sUckmEj/FuYjA1KKqVxCHh2K2WfNKXkRGJSxr2D.2', 'isEnabled':true, 'email':'adil@h.com'}, {'username':'admin', 'password':'$2a$10$INYm8.ojdneZCPptupXHsunjde/2JbGR486L3qB2SPlQjS5r0Vsya', 'isEnabled':true, 'email':'null'}, {'username':'ammar', 'password':'$2a$10$xohRCSHQhx40DK8Or3QtKOS5DrjRGxEMmnolejOXbelD5SwMBTSFm', 'isEnabled':true, 'email':'ammar@gmail.com'}, {'username':'aneeskausar96@gmail.com', 'password':'$2a$10$2BKVdW7P0B0F6o/wEVmg7udVNjlHFO7Ltt.kiVXmWrdDNnIckgKHy', 'isEnabled':true, 'email':'aneeskausar96@gmail.com'}, {'username':'manager', 'password':'$2a$10$Y8/PggTOgkx/4yfOLpETDez4vDwCFF2evq34lxkFb9GvQAl9P4qeO', 'isEnabled':true, 'email':'manager@gmail.com'}, {'username':'muhammadmunir', 'password':'$2a$10$JtlPxCz9N9XQxZqHHic8He2OVlN36CgYfkjFfiG4hTyQN1OTXgCkG', 'isEnabled':true, 'email':'muhammadmunir646464@gmail.com'}, {'username':'muhammadmunir646464@gmail.com', 'password':'$2a$10$Ph.OdasnSJoySQyZcL3Xj.iUJnUz576jCr2Jr1BndtZIP8N2ZhIVG', 'isEnabled':true, 'email':'muhammadmunir646464@gmail.com'}, {'username':'munirsaad538@gmail.com', 'password':'$2a$10$7doE6rvLJBxiO/zpwu9fxeNOuBkKWxryru2RwfDRzfC7.EEtBn3Te', 'isEnabled':true, 'email':'munirsaad538@gmail.com'}, {'username':'new', 'password':'$2a$10$OcMFMZCfVXmSzX5z5N1rM.rxIJlZIDo3NmEwjyMwJA8pA2vsKyH7W', 'isEnabled':true, 'email':'new@gmail.com'}, {'username':'saadmunirmunir86@gmail.com', 'password':'$2a$10$o1itWC0IDXKCw4lmG9NlFuMUUIiRhP0AfGB3sOZgynyx3f8a0E/62', 'isEnabled':true, 'email':'saadmunirmunir86@gmail.com'}, {'username':'user', 'password':'$2a$10$pGBqZ0kdOf4VJbvEm04G9.f4aZRqYCeu61JTplHGZvgBUTWa9xmNS', 'isEnabled':true, 'email':'user@gmail.com'}]
2022-11-21 18:25:18,751 DEBUG [http-nio-8080-exec-6] org.springframework.security.web.FilterChainProxy: Securing GET /role/roles
2022-11-21 18:25:18,766 DEBUG [http-nio-8080-exec-9] org.springframework.security.web.FilterChainProxy: Securing OPTIONS /role/role?role=oxUgusR8Q5E3MJawvOa2PA%3D%3D
2022-11-21 18:25:18,768 DEBUG [http-nio-8080-exec-8] org.springframework.security.web.FilterChainProxy: Securing GET /role/role?role=oxUgusR8Q5E3MJawvOa2PA%3D%3D
2022-11-21 18:25:18,855 DEBUG [http-nio-8080-exec-6] org.springframework.security.web.FilterChainProxy: Secured GET /role/roles
2022-11-21 18:25:18,856 INFO [http-nio-8080-exec-6] filters.com.exampleMainService.PermissionFilter: Inside doFilter method.
2022-11-21 18:25:18,856 INFO [http-nio-8080-exec-6] filters.com.exampleMainService.PermissionFilter: Request method: GET
2022-11-21 18:25:18,856 INFO [http-nio-8080-exec-6] filters.com.exampleMainService.PermissionFilter: ROLE_ADMIN
2022-11-21 18:25:18,862 DEBUG [http-nio-8080-exec-7] org.springframework.security.web.FilterChainProxy: Securing GET /role/roles
2022-11-21 18:25:18,889 DEBUG [http-nio-8080-exec-8] org.springframework.security.web.FilterChainProxy: Secured GET /role/role?role=oxUgusR8Q5E3MJawvOa2PA%3D%3D
2022-11-21 18:25:18,889 INFO [http-nio-8080-exec-8] filters.com.exampleMainService.PermissionFilter: Inside doFilter method.
2022-11-21 18:25:18,889 INFO [http-nio-8080-exec-8] filters.com.exampleMainService.PermissionFilter: Request method: GET
2022-11-21 18:25:18,889 INFO [http-nio-8080-exec-8] filters.com.exampleMainService.PermissionFilter: ROLE_ADMIN
2022-11-21 18:25:18,978 DEBUG [http-nio-8080-exec-7] org.springframework.security.web.FilterChainProxy: Secured GET /role/roles
2022-11-21 18:25:18,978 INFO [http-nio-8080-exec-7] filters.com.exampleMainService.PermissionFilter: Inside doFilter method.
2022-11-21 18:25:18,978 INFO [http-nio-8080-exec-7] filters.com.exampleMainService.PermissionFilter: Request method: GET
2022-11-21 18:25:18,978 INFO [http-nio-8080-exec-7] filters.com.exampleMainService.PermissionFilter: ROLE_ADMIN
2022-11-21 18:25:18,987 DEBUG [http-nio-8080-exec-4] org.springframework.security.web.FilterChainProxy: Securing GET /role/roles
2022-11-21 18:25:19,088 DEBUG [http-nio-8080-exec-4] org.springframework.security.web.FilterChainProxy: Secured GET /role/roles
2022-11-21 18:25:19,088 INFO [http-nio-8080-exec-4] filters.com.exampleMainService.PermissionFilter: Inside doFilter method.
2022-11-21 18:25:19,088 INFO [http-nio-8080-exec-4] filters.com.exampleMainService.PermissionFilter: Request method: GET
2022-11-21 18:25:19,088 INFO [http-nio-8080-exec-4] filters.com.exampleMainService.PermissionFilter: ROLE_ADMIN
2022-11-21 18:25:30,183 DEBUG [http-nio-8080-exec-10] org.springframework.security.web.FilterChainProxy: Securing OPTIONS /user/getUsers
2022-11-21 18:25:30,187 DEBUG [http-nio-8080-exec-2] org.springframework.security.web.FilterChainProxy: Securing GET /user/getUsers
2022-11-21 18:25:30,274 DEBUG [http-nio-8080-exec-2] org.springframework.security.web.FilterChainProxy: Secured GET /user/getUsers
2022-11-21 18:25:30,275 INFO [http-nio-8080-exec-2] filters.com.exampleMainService.PermissionFilter: Inside doFilter method.
2022-11-21 18:25:30,275 INFO [http-nio-8080-exec-2] filters.com.exampleMainService.PermissionFilter: Request method: GET
2022-11-21 18:25:30,275 INFO [http-nio-8080-exec-2] filters.com.exampleMainService.PermissionFilter: ROLE_ADMIN
2022-11-21 18:25:30,279 INFO [http-nio-8080-exec-2] controllers.com.exampleMainService.RoleController: [{'username':'2990099201282627', 'password':'$2a$10$9ytVIndPjSxYx/jf02nCh.V/dKHGiP0tpBQXriShiaEw906..RQoG', 'isEnabled':true, 'email':'no@gmail.com'}, {'username':'adil', 'password':'$2a$10$yf0oAAsJyQV8sUckmEj/FuYjA1KKqVxCHh2K2WfNKXkRGJSxr2D.2', 'isEnabled':true, 'email':'adil@h.com'}, {'username':'admin', 'password':'$2a$10$INYm8.ojdneZCPptupXHsunjde/2JbGR486L3qB2SPlQjS5r0Vsya', 'isEnabled':true, 'email':'null'}, {'username':'ammar', 'password':'$2a$10$xohRCSHQhx40DK8Or3QtKOS5DrjRGxEMmnolejOXbelD5SwMBTSFm', 'isEnabled':true, 'email':'ammar@gmail.com'}, {'username':'aneeskausar96@gmail.com', 'password':'$2a$10$2BKVdW7P0B0F6o/wEVmg7udVNjlHFO7Ltt.kiVXmWrdDNnIckgKHy', 'isEnabled':true, 'email':'aneeskausar96@gmail.com'}, {'username':'manager', 'password':'$2a$10$Y8/PggTOgkx/4yfOLpETDez4vDwCFF2evq34lxkFb9GvQAl9P4qeO', 'isEnabled':true, 'email':'manager@gmail.com'}, {'username':'muhammadmunir', 'password':'$2a$10$JtlPxCz9N9XQxZqHHic8He2OVlN36CgYfkjFfiG4hTyQN1OTXgCkG', 'isEnabled':true, 'email':'muhammadmunir646464@gmail.com'}, {'username':'muhammadmunir646464@gmail.com', 'password':'$2a$10$Ph.OdasnSJoySQyZcL3Xj.iUJnUz576jCr2Jr1BndtZIP8N2ZhIVG', 'isEnabled':true, 'email':'muhammadmunir646464@gmail.com'}, {'username':'munirsaad538@gmail.com', 'password':'$2a$10$7doE6rvLJBxiO/zpwu9fxeNOuBkKWxryru2RwfDRzfC7.EEtBn3Te', 'isEnabled':true, 'email':'munirsaad538@gmail.com'}, {'username':'new', 'password':'$2a$10$OcMFMZCfVXmSzX5z5N1rM.rxIJlZIDo3NmEwjyMwJA8pA2vsKyH7W', 'isEnabled':true, 'email':'new@gmail.com'}, {'username':'saadmunirmunir86@gmail.com', 'password':'$2a$10$o1itWC0IDXKCw4lmG9NlFuMUUIiRhP0AfGB3sOZgynyx3f8a0E/62', 'isEnabled':true, 'email':'saadmunirmunir86@gmail.com'}, {'username':'user', 'password':'$2a$10$pGBqZ0kdOf4VJbvEm04G9.f4aZRqYCeu61JTplHGZvgBUTWa9xmNS', 'isEnabled':true, 'email':'user@gmail.com'}]
2022-11-21 18:25:30,292 DEBUG [http-nio-8080-exec-5] org.springframework.security.web.FilterChainProxy: Securing OPTIONS /user/authority?username=cDSewy6iB%2BmGbnL7FJ6Qyw%3D%3D
2022-11-21 18:25:30,293 DEBUG [http-nio-8080-exec-3] org.springframework.security.web.FilterChainProxy: Securing OPTIONS /user/validate?encodedPassword=EVn%2FYUfGSNccQGqqYBBAUvUVYbwf0GVWF7RTBYTP2j2LHDYaUGlfg2rTjr29SgBkKuHTcMYGiynY%2FsQXdSEf7Q%3D%3D&password=O4JIgWmSKo2gW78maUoLhg%3D%3D
2022-11-21 18:25:30,297 DEBUG [http-nio-8080-exec-1] org.springframework.security.web.FilterChainProxy: Securing GET /user/authority?username=cDSewy6iB%2BmGbnL7FJ6Qyw%3D%3D
2022-11-21 18:25:30,298 DEBUG [http-nio-8080-exec-9] org.springframework.security.web.FilterChainProxy: Securing GET /user/validate?encodedPassword=EVn%2FYUfGSNccQGqqYBBAUvUVYbwf0GVWF7RTBYTP2j2LHDYaUGlfg2rTjr29SgBkKuHTcMYGiynY%2FsQXdSEf7Q%3D%3D&password=O4JIgWmSKo2gW78maUoLhg%3D%3D
2022-11-21 18:25:30,381 DEBUG [http-nio-8080-exec-1] org.springframework.security.web.FilterChainProxy: Secured GET /user/authority?username=cDSewy6iB%2BmGbnL7FJ6Qyw%3D%3D
2022-11-21 18:25:30,382 INFO [http-nio-8080-exec-1] filters.com.exampleMainService.PermissionFilter: Inside doFilter method.
2022-11-21 18:25:30,382 INFO [http-nio-8080-exec-1] filters.com.exampleMainService.PermissionFilter: Request method: GET
