2022-12-21 15:59:06,248 WARN [restartedMain] org.springframework.boot.autoconfigure.orm.jpa.JpaBaseConfiguration$JpaWebConfiguration: spring.jpa.open-in-view is enabled by default. Therefore, database queries may be performed during view rendering. Explicitly configure spring.jpa.open-in-view to disable this warning
2022-12-21 15:59:06,591 INFO [restartedMain] com.exampleMainService.configurations.SecurityConfiguration: Allowed Roles: ADMIN,USER,MANAGER,SALEPERSON,II,newrole,newrole,newrole
2022-12-21 15:59:06,813 INFO [restartedMain] org.springframework.security.web.DefaultSecurityFilterChain: Will secure any request with [org.springframework.security.web.session.DisableEncodeUrlFilter@39e0dc98, org.springframework.security.web.context.request.async.WebAsyncManagerIntegrationFilter@10d05d9f, org.springframework.security.web.context.SecurityContextPersistenceFilter@50ce21d5, org.springframework.security.web.header.HeaderWriterFilter@447631eb, org.springframework.web.filter.CorsFilter@16097ae1, org.springframework.security.web.authentication.logout.LogoutFilter@6d8d44ed, org.springframework.security.oauth2.client.web.OAuth2AuthorizationRequestRedirectFilter@1258d5c8, org.springframework.security.oauth2.client.web.OAuth2LoginAuthenticationFilter@23cdf45f, org.springframework.security.web.authentication.ui.DefaultLoginPageGeneratingFilter@441c3fe0, org.springframework.security.web.authentication.ui.DefaultLogoutPageGeneratingFilter@101dbb8, org.springframework.security.web.authentication.www.BasicAuthenticationFilter@68fc80c6, org.springframework.security.web.savedrequest.RequestCacheAwareFilter@20e07322, org.springframework.security.web.servletapi.SecurityContextHolderAwareRequestFilter@1f6484fb, org.springframework.security.web.authentication.AnonymousAuthenticationFilter@3ebad31c, org.springframework.security.web.session.SessionManagementFilter@52d66d01, org.springframework.security.web.access.ExceptionTranslationFilter@392ee63e, org.springframework.security.web.access.intercept.FilterSecurityInterceptor@491f83b7]
2022-12-21 15:59:06,969 WARN [restartedMain] org.springframework.boot.autoconfigure.thymeleaf.ThymeleafAutoConfiguration$DefaultTemplateResolverConfiguration: Cannot find template location: classpath:/templates/ (please add some templates or check your Thymeleaf configuration)
2022-12-21 15:59:07,163 WARN [restartedMain] org.springframework.boot.devtools.autoconfigure.OptionalLiveReloadServer: Unable to start LiveReload server
2022-12-21 15:59:07,225 INFO [restartedMain] org.apache.coyote.http11.Http11NioProtocol: Starting ProtocolHandler ["http-nio-8082"]
2022-12-21 15:59:07,243 INFO [restartedMain] org.springframework.boot.web.embedded.tomcat.TomcatWebServer: Tomcat started on port(s): 8082 (http) with context path ''
2022-12-21 15:59:07,256 INFO [restartedMain] com.exampleMainService.MainServiceApplication: Started MainServiceApplication in 4.667 seconds (JVM running for 7.37)
2022-12-21 15:59:09,290 INFO [http-nio-8082-exec-1] org.apache.catalina.core.ContainerBase.[Tomcat].[localhost].[/]: Initializing Spring DispatcherServlet 'dispatcherServlet'
2022-12-21 15:59:09,291 INFO [http-nio-8082-exec-1] org.springframework.web.servlet.DispatcherServlet: Initializing Servlet 'dispatcherServlet'
2022-12-21 15:59:09,292 INFO [http-nio-8082-exec-1] org.springframework.web.servlet.DispatcherServlet: Completed initialization in 1 ms
2022-12-21 15:59:09,299 DEBUG [http-nio-8082-exec-1] org.springframework.security.web.FilterChainProxy: Securing POST /user/authenticatorString
2022-12-21 15:59:09,323 DEBUG [http-nio-8082-exec-1] org.springframework.security.web.FilterChainProxy: Secured POST /user/authenticatorString
2022-12-21 15:59:09,323 INFO [http-nio-8082-exec-1] com.exampleMainService.filters.PermissionFilter: Inside doFilter method.
2022-12-21 15:59:09,324 INFO [http-nio-8082-exec-1] com.exampleMainService.filters.PermissionFilter: Request method: POST
2022-12-21 15:59:09,324 INFO [http-nio-8082-exec-1] com.exampleMainService.filters.PermissionFilter: ROLE_ADMIN
2022-12-21 15:59:09,367 INFO [http-nio-8082-exec-1] com.exampleMainService.controllers.RoleController: Trying to generate the Authenticator String for user with username: admin
2022-12-21 16:00:47,592 INFO [SpringApplicationShutdownHook] org.springframework.orm.jpa.LocalContainerEntityManagerFactoryBean: Closing JPA EntityManagerFactory for persistence unit 'default'
2022-12-21 16:00:47,596 INFO [SpringApplicationShutdownHook] com.zaxxer.hikari.HikariDataSource: HikariPool-1 - Shutdown initiated...
2022-12-21 16:00:47,624 INFO [SpringApplicationShutdownHook] com.zaxxer.hikari.HikariDataSource: HikariPool-1 - Shutdown completed.
2022-12-21 16:00:55,059 INFO [background-preinit] org.hibernate.validator.internal.util.Version: HV000001: Hibernate Validator 6.2.3.Final
2022-12-21 16:00:55,058 INFO [restartedMain] com.exampleMainService.MainServiceApplication: Starting MainServiceApplication using Java 11.0.16 on Desktop-CDN-T480 with PID 17140 (D:\Tasks\MainService\target\classes started by T480 in D:\Tasks\MainService)
2022-12-21 16:00:55,063 INFO [restartedMain] com.exampleMainService.MainServiceApplication: No active profile set, falling back to 1 default profile: "default"
2022-12-21 16:00:55,105 INFO [restartedMain] org.springframework.boot.devtools.env.DevToolsPropertyDefaultsPostProcessor: Devtools property defaults active! Set 'spring.devtools.add-properties' to 'false' to disable
2022-12-21 16:00:55,105 INFO [restartedMain] org.springframework.boot.devtools.env.DevToolsPropertyDefaultsPostProcessor: For additional web related logging consider setting the 'logging.level.web' property to 'DEBUG'
2022-12-21 16:00:55,918 INFO [restartedMain] org.springframework.data.repository.config.RepositoryConfigurationDelegate: Bootstrapping Spring Data JPA repositories in DEFAULT mode.
2022-12-21 16:00:55,990 INFO [restartedMain] org.springframework.data.repository.config.RepositoryConfigurationDelegate: Finished Spring Data repository scanning in 63 ms. Found 4 JPA repository interfaces.
2022-12-21 16:00:56,632 INFO [restartedMain] org.springframework.boot.web.embedded.tomcat.TomcatWebServer: Tomcat initialized with port(s): 8082 (http)
2022-12-21 16:00:56,640 INFO [restartedMain] org.apache.coyote.http11.Http11NioProtocol: Initializing ProtocolHandler ["http-nio-8082"]
2022-12-21 16:00:56,640 INFO [restartedMain] org.apache.catalina.core.StandardService: Starting service [Tomcat]
2022-12-21 16:00:56,640 INFO [restartedMain] org.apache.catalina.core.StandardEngine: Starting Servlet engine: [Apache Tomcat/9.0.65]
2022-12-21 16:00:56,732 INFO [restartedMain] org.apache.catalina.core.ContainerBase.[Tomcat].[localhost].[/]: Initializing Spring embedded WebApplicationContext
2022-12-21 16:00:56,733 INFO [restartedMain] org.springframework.boot.web.servlet.context.ServletWebServerApplicationContext: Root WebApplicationContext: initialization completed in 1627 ms
2022-12-21 16:00:56,908 INFO [restartedMain] org.hibernate.jpa.internal.util.LogHelper: HHH000204: Processing PersistenceUnitInfo [name: default]
2022-12-21 16:00:56,955 INFO [restartedMain] org.hibernate.Version: HHH000412: Hibernate ORM core version 5.6.10.Final
2022-12-21 16:00:57,091 INFO [restartedMain] org.hibernate.annotations.common.Version: HCANN000001: Hibernate Commons Annotations {5.1.2.Final}
2022-12-21 16:00:57,182 INFO [restartedMain] com.zaxxer.hikari.HikariDataSource: HikariPool-1 - Starting...
2022-12-21 16:00:57,429 INFO [restartedMain] com.zaxxer.hikari.HikariDataSource: HikariPool-1 - Start completed.
2022-12-21 16:00:57,450 INFO [restartedMain] org.hibernate.dialect.Dialect: HHH000400: Using dialect: org.hibernate.dialect.MySQL8Dialect
2022-12-21 16:00:58,079 INFO [restartedMain] org.hibernate.engine.transaction.jta.platform.internal.JtaPlatformInitiator: HHH000490: Using JtaPlatform implementation: [org.hibernate.engine.transaction.jta.platform.internal.NoJtaPlatform]
2022-12-21 16:00:58,087 INFO [restartedMain] org.springframework.orm.jpa.LocalContainerEntityManagerFactoryBean: Initialized JPA EntityManagerFactory for persistence unit 'default'
2022-12-21 16:00:58,446 WARN [restartedMain] org.springframework.boot.autoconfigure.orm.jpa.JpaBaseConfiguration$JpaWebConfiguration: spring.jpa.open-in-view is enabled by default. Therefore, database queries may be performed during view rendering. Explicitly configure spring.jpa.open-in-view to disable this warning
2022-12-21 16:00:58,739 INFO [restartedMain] com.exampleMainService.configurations.SecurityConfiguration: Allowed Roles: ADMIN,USER,MANAGER,SALEPERSON,II,newrole,newrole,newrole
2022-12-21 16:00:58,984 INFO [restartedMain] org.springframework.security.web.DefaultSecurityFilterChain: Will secure any request with [org.springframework.security.web.session.DisableEncodeUrlFilter@432c3728, org.springframework.security.web.context.request.async.WebAsyncManagerIntegrationFilter@4e16fe21, org.springframework.security.web.context.SecurityContextPersistenceFilter@5b30937a, org.springframework.security.web.header.HeaderWriterFilter@33a74fba, org.springframework.web.filter.CorsFilter@68cfd3ad, org.springframework.security.web.authentication.logout.LogoutFilter@2b78462c, org.springframework.security.oauth2.client.web.OAuth2AuthorizationRequestRedirectFilter@6cbdace0, org.springframework.security.oauth2.client.web.OAuth2LoginAuthenticationFilter@13ebd63f, org.springframework.security.web.authentication.ui.DefaultLoginPageGeneratingFilter@29a28ef5, org.springframework.security.web.authentication.ui.DefaultLogoutPageGeneratingFilter@22cfc0e1, org.springframework.security.web.authentication.www.BasicAuthenticationFilter@ce556e5, org.springframework.security.web.savedrequest.RequestCacheAwareFilter@72fcc105, org.springframework.security.web.servletapi.SecurityContextHolderAwareRequestFilter@5fcf65d7, org.springframework.security.web.authentication.AnonymousAuthenticationFilter@f826e7, org.springframework.security.web.session.SessionManagementFilter@2421ef32, org.springframework.security.web.access.ExceptionTranslationFilter@4957fdf7, org.springframework.security.web.access.intercept.FilterSecurityInterceptor@25d0219f]
2022-12-21 16:00:59,141 WARN [restartedMain] org.springframework.boot.autoconfigure.thymeleaf.ThymeleafAutoConfiguration$DefaultTemplateResolverConfiguration: Cannot find template location: classpath:/templates/ (please add some templates or check your Thymeleaf configuration)
2022-12-21 16:00:59,344 WARN [restartedMain] org.springframework.boot.devtools.autoconfigure.OptionalLiveReloadServer: Unable to start LiveReload server
2022-12-21 16:00:59,416 INFO [restartedMain] org.apache.coyote.http11.Http11NioProtocol: Starting ProtocolHandler ["http-nio-8082"]
