2022-11-21 15:54:50,531 DEBUG [http-nio-8080-exec-8] org.springframework.security.web.FilterChainProxy: Secured GET /error
2022-11-21 15:54:50,990 DEBUG [http-nio-8080-exec-3] org.springframework.security.web.FilterChainProxy: Securing GET /role/roles
2022-11-21 15:54:50,998 DEBUG [http-nio-8080-exec-2] org.springframework.security.web.FilterChainProxy: Securing GET /department/get
2022-11-21 15:54:51,138 DEBUG [http-nio-8080-exec-3] org.springframework.security.web.FilterChainProxy: Secured GET /role/roles
2022-11-21 15:54:51,139 INFO [http-nio-8080-exec-3] filters.com.exampleMainService.PermissionFilter: Inside doFilter method.
2022-11-21 15:54:51,139 INFO [http-nio-8080-exec-3] filters.com.exampleMainService.PermissionFilter: Request method: GET
2022-11-21 15:54:51,144 DEBUG [http-nio-8080-exec-2] org.springframework.security.web.FilterChainProxy: Secured GET /department/get
2022-11-21 15:54:51,177 INFO [http-nio-8080-exec-3] filters.com.exampleMainService.PermissionFilter: ROLE_ADMIN
2022-11-21 15:54:51,177 INFO [http-nio-8080-exec-2] filters.com.exampleMainService.PermissionFilter: Inside doFilter method.
2022-11-21 15:54:51,178 INFO [http-nio-8080-exec-2] filters.com.exampleMainService.PermissionFilter: Request method: GET
2022-11-21 15:54:51,178 INFO [http-nio-8080-exec-2] filters.com.exampleMainService.PermissionFilter: ROLE_ADMIN
2022-11-21 15:54:51,190 INFO [http-nio-8080-exec-2] clients.com.exampleMainService.DepartmentClient: {"id":"0", "timestamp":"1669028091182", "username":"admin", "requestURL":"http://localhost:8081/department/get", "responseCode":"200", "message":"List of Departments received.", "status":"Success", "meta":}
2022-11-21 15:56:02,970 DEBUG [http-nio-8080-exec-4] org.springframework.security.web.FilterChainProxy: Securing GET /role/roles
2022-11-21 15:56:02,984 DEBUG [http-nio-8080-exec-10] org.springframework.security.web.FilterChainProxy: Securing GET /department/get
2022-11-21 15:56:03,046 DEBUG [http-nio-8080-exec-9] org.springframework.security.web.FilterChainProxy: Securing OPTIONS /login
2022-11-21 15:56:03,088 DEBUG [http-nio-8080-exec-6] org.springframework.security.web.FilterChainProxy: Securing GET /department/get
2022-11-21 15:56:03,105 DEBUG [http-nio-8080-exec-8] org.springframework.security.web.FilterChainProxy: Securing OPTIONS /login
2022-11-21 15:56:03,152 DEBUG [http-nio-8080-exec-4] org.springframework.security.web.FilterChainProxy: Secured GET /role/roles
2022-11-21 15:56:03,152 INFO [http-nio-8080-exec-4] filters.com.exampleMainService.PermissionFilter: Inside doFilter method.
2022-11-21 15:56:03,153 INFO [http-nio-8080-exec-4] filters.com.exampleMainService.PermissionFilter: Request method: GET
2022-11-21 15:56:03,153 INFO [http-nio-8080-exec-4] filters.com.exampleMainService.PermissionFilter: ROLE_ADMIN
2022-11-21 15:56:03,167 DEBUG [http-nio-8080-exec-3] org.springframework.security.web.FilterChainProxy: Securing GET /role/roles
2022-11-21 15:56:03,310 DEBUG [http-nio-8080-exec-3] org.springframework.security.web.FilterChainProxy: Secured GET /role/roles
2022-11-21 15:56:03,310 INFO [http-nio-8080-exec-3] filters.com.exampleMainService.PermissionFilter: Inside doFilter method.
2022-11-21 15:56:03,310 INFO [http-nio-8080-exec-3] filters.com.exampleMainService.PermissionFilter: Request method: GET
2022-11-21 15:56:03,310 INFO [http-nio-8080-exec-3] filters.com.exampleMainService.PermissionFilter: ROLE_ADMIN
2022-11-21 15:56:07,604 DEBUG [http-nio-8080-exec-2] org.springframework.security.web.FilterChainProxy: Securing GET /assets/vendors/css/vendor.bundle.base.css
2022-11-21 15:56:07,605 DEBUG [http-nio-8080-exec-2] org.springframework.security.web.FilterChainProxy: Secured GET /assets/vendors/css/vendor.bundle.base.css
2022-11-21 15:56:07,605 INFO [http-nio-8080-exec-2] filters.com.exampleMainService.PermissionFilter: Inside doFilter method.
2022-11-21 15:56:07,605 INFO [http-nio-8080-exec-2] filters.com.exampleMainService.PermissionFilter: Request method: GET
2022-11-21 15:56:07,605 INFO [http-nio-8080-exec-2] filters.com.exampleMainService.PermissionFilter: ROLE_ADMIN
2022-11-21 15:56:07,614 DEBUG [http-nio-8080-exec-2] org.springframework.security.web.FilterChainProxy: Securing GET /error
2022-11-21 15:56:07,614 DEBUG [http-nio-8080-exec-2] org.springframework.security.web.FilterChainProxy: Secured GET /error
2022-11-21 15:56:07,907 DEBUG [http-nio-8080-exec-7] org.springframework.security.web.FilterChainProxy: Securing GET /assets/vendors/css/vendor.bundle.base.css
2022-11-21 15:56:07,908 DEBUG [http-nio-8080-exec-7] org.springframework.security.web.FilterChainProxy: Secured GET /assets/vendors/css/vendor.bundle.base.css
2022-11-21 15:56:07,908 INFO [http-nio-8080-exec-7] filters.com.exampleMainService.PermissionFilter: Inside doFilter method.
2022-11-21 15:56:07,909 INFO [http-nio-8080-exec-7] filters.com.exampleMainService.PermissionFilter: Request method: GET
2022-11-21 15:56:07,909 INFO [http-nio-8080-exec-7] filters.com.exampleMainService.PermissionFilter: ROLE_ADMIN
2022-11-21 15:56:07,917 DEBUG [http-nio-8080-exec-7] org.springframework.security.web.FilterChainProxy: Securing GET /error
2022-11-21 15:56:07,917 DEBUG [http-nio-8080-exec-7] org.springframework.security.web.FilterChainProxy: Secured GET /error
2022-11-21 15:56:08,421 DEBUG [http-nio-8080-exec-5] org.springframework.security.web.FilterChainProxy: Securing GET /role/roles
2022-11-21 15:56:08,429 DEBUG [http-nio-8080-exec-1] org.springframework.security.web.FilterChainProxy: Securing GET /department/get
2022-11-21 15:56:08,500 DEBUG [http-nio-8080-exec-10] org.springframework.security.web.FilterChainProxy: Securing OPTIONS /login
2022-11-21 15:56:08,566 DEBUG [http-nio-8080-exec-5] org.springframework.security.web.FilterChainProxy: Secured GET /role/roles
2022-11-21 15:56:08,566 INFO [http-nio-8080-exec-5] filters.com.exampleMainService.PermissionFilter: Inside doFilter method.
2022-11-21 15:56:08,566 INFO [http-nio-8080-exec-5] filters.com.exampleMainService.PermissionFilter: Request method: GET
2022-11-21 15:56:08,566 INFO [http-nio-8080-exec-5] filters.com.exampleMainService.PermissionFilter: ROLE_ADMIN
2022-11-21 15:56:34,126 DEBUG [http-nio-8080-exec-9] org.springframework.security.web.FilterChainProxy: Securing GET /user/getUsers
2022-11-21 15:56:34,220 DEBUG [http-nio-8080-exec-9] org.springframework.security.web.FilterChainProxy: Secured GET /user/getUsers
2022-11-21 15:56:34,220 INFO [http-nio-8080-exec-9] filters.com.exampleMainService.PermissionFilter: Inside doFilter method.
2022-11-21 15:56:34,220 INFO [http-nio-8080-exec-9] filters.com.exampleMainService.PermissionFilter: Request method: GET
2022-11-21 15:56:34,220 INFO [http-nio-8080-exec-9] filters.com.exampleMainService.PermissionFilter: ROLE_ADMIN
2022-11-21 15:56:34,227 INFO [http-nio-8080-exec-9] controllers.com.exampleMainService.RoleController: [{'username':'2990099201282627', 'password':'$2a$10$9ytVIndPjSxYx/jf02nCh.V/dKHGiP0tpBQXriShiaEw906..RQoG', 'isEnabled':true, 'email':'no@gmail.com'}, {'username':'adil', 'password':'$2a$10$yf0oAAsJyQV8sUckmEj/FuYjA1KKqVxCHh2K2WfNKXkRGJSxr2D.2', 'isEnabled':true, 'email':'adil@h.com'}, {'username':'admin', 'password':'$2a$10$INYm8.ojdneZCPptupXHsunjde/2JbGR486L3qB2SPlQjS5r0Vsya', 'isEnabled':true, 'email':'null'}, {'username':'ammar', 'password':'$2a$10$xohRCSHQhx40DK8Or3QtKOS5DrjRGxEMmnolejOXbelD5SwMBTSFm', 'isEnabled':true, 'email':'ammar@gmail.com'}, {'username':'aneeskausar96@gmail.com', 'password':'$2a$10$2BKVdW7P0B0F6o/wEVmg7udVNjlHFO7Ltt.kiVXmWrdDNnIckgKHy', 'isEnabled':true, 'email':'aneeskausar96@gmail.com'}, {'username':'manager', 'password':'$2a$10$Y8/PggTOgkx/4yfOLpETDez4vDwCFF2evq34lxkFb9GvQAl9P4qeO', 'isEnabled':true, 'email':'manager@gmail.com'}, {'username':'muhammadmunir', 'password':'$2a$10$JtlPxCz9N9XQxZqHHic8He2OVlN36CgYfkjFfiG4hTyQN1OTXgCkG', 'isEnabled':true, 'email':'muhammadmunir646464@gmail.com'}, {'username':'muhammadmunir646464@gmail.com', 'password':'$2a$10$Ph.OdasnSJoySQyZcL3Xj.iUJnUz576jCr2Jr1BndtZIP8N2ZhIVG', 'isEnabled':true, 'email':'muhammadmunir646464@gmail.com'}, {'username':'munirsaad538@gmail.com', 'password':'$2a$10$7doE6rvLJBxiO/zpwu9fxeNOuBkKWxryru2RwfDRzfC7.EEtBn3Te', 'isEnabled':true, 'email':'munirsaad538@gmail.com'}, {'username':'new', 'password':'$2a$10$OcMFMZCfVXmSzX5z5N1rM.rxIJlZIDo3NmEwjyMwJA8pA2vsKyH7W', 'isEnabled':true, 'email':'new@gmail.com'}, {'username':'saadmunirmunir86@gmail.com', 'password':'$2a$10$o1itWC0IDXKCw4lmG9NlFuMUUIiRhP0AfGB3sOZgynyx3f8a0E/62', 'isEnabled':true, 'email':'saadmunirmunir86@gmail.com'}, {'username':'user', 'password':'$2a$10$Qcph7cn1.2humytWmJ/39.CDcgGf3wN8CeVi3eWaC2aAYvWLRj9Ue', 'isEnabled':true, 'email':'user@gmail.com'}]
2022-11-21 15:56:52,781 DEBUG [http-nio-8080-exec-6] org.springframework.security.web.FilterChainProxy: Securing GET /user/getUsers
2022-11-21 15:56:52,877 DEBUG [http-nio-8080-exec-6] org.springframework.security.web.FilterChainProxy: Secured GET /user/getUsers
2022-11-21 15:56:52,878 INFO [http-nio-8080-exec-6] filters.com.exampleMainService.PermissionFilter: Inside doFilter method.
2022-11-21 15:56:52,878 INFO [http-nio-8080-exec-6] filters.com.exampleMainService.PermissionFilter: Request method: GET
2022-11-21 15:56:52,878 INFO [http-nio-8080-exec-6] filters.com.exampleMainService.PermissionFilter: ROLE_ADMIN
2022-11-21 15:56:52,884 INFO [http-nio-8080-exec-6] controllers.com.exampleMainService.RoleController: [{'username':'2990099201282627', 'password':'$2a$10$9ytVIndPjSxYx/jf02nCh.V/dKHGiP0tpBQXriShiaEw906..RQoG', 'isEnabled':true, 'email':'no@gmail.com'}, {'username':'adil', 'password':'$2a$10$yf0oAAsJyQV8sUckmEj/FuYjA1KKqVxCHh2K2WfNKXkRGJSxr2D.2', 'isEnabled':true, 'email':'adil@h.com'}, {'username':'admin', 'password':'$2a$10$INYm8.ojdneZCPptupXHsunjde/2JbGR486L3qB2SPlQjS5r0Vsya', 'isEnabled':true, 'email':'null'}, {'username':'ammar', 'password':'$2a$10$xohRCSHQhx40DK8Or3QtKOS5DrjRGxEMmnolejOXbelD5SwMBTSFm', 'isEnabled':true, 'email':'ammar@gmail.com'}, {'username':'aneeskausar96@gmail.com', 'password':'$2a$10$2BKVdW7P0B0F6o/wEVmg7udVNjlHFO7Ltt.kiVXmWrdDNnIckgKHy', 'isEnabled':true, 'email':'aneeskausar96@gmail.com'}, {'username':'manager', 'password':'$2a$10$Y8/PggTOgkx/4yfOLpETDez4vDwCFF2evq34lxkFb9GvQAl9P4qeO', 'isEnabled':true, 'email':'manager@gmail.com'}, {'username':'muhammadmunir', 'password':'$2a$10$JtlPxCz9N9XQxZqHHic8He2OVlN36CgYfkjFfiG4hTyQN1OTXgCkG', 'isEnabled':true, 'email':'muhammadmunir646464@gmail.com'}, {'username':'muhammadmunir646464@gmail.com', 'password':'$2a$10$Ph.OdasnSJoySQyZcL3Xj.iUJnUz576jCr2Jr1BndtZIP8N2ZhIVG', 'isEnabled':true, 'email':'muhammadmunir646464@gmail.com'}, {'username':'munirsaad538@gmail.com', 'password':'$2a$10$7doE6rvLJBxiO/zpwu9fxeNOuBkKWxryru2RwfDRzfC7.EEtBn3Te', 'isEnabled':true, 'email':'munirsaad538@gmail.com'}, {'username':'new', 'password':'$2a$10$OcMFMZCfVXmSzX5z5N1rM.rxIJlZIDo3NmEwjyMwJA8pA2vsKyH7W', 'isEnabled':true, 'email':'new@gmail.com'}, {'username':'saadmunirmunir86@gmail.com', 'password':'$2a$10$o1itWC0IDXKCw4lmG9NlFuMUUIiRhP0AfGB3sOZgynyx3f8a0E/62', 'isEnabled':true, 'email':'saadmunirmunir86@gmail.com'}, {'username':'user', 'password':'$2a$10$Qcph7cn1.2humytWmJ/39.CDcgGf3wN8CeVi3eWaC2aAYvWLRj9Ue', 'isEnabled':true, 'email':'user@gmail.com'}]
